ARM GAS  C:\Users\LAB_ME~1\AppData\Local\Temp\cco9s1fe.s 			page 1


   1              		.syntax unified
   2              		.cpu cortex-m4
   3              		.fpu softvfp
   4              		.eabi_attribute 20, 1
   5              		.eabi_attribute 21, 1
   6              		.eabi_attribute 23, 3
   7              		.eabi_attribute 24, 1
   8              		.eabi_attribute 25, 1
   9              		.eabi_attribute 26, 1
  10              		.eabi_attribute 30, 2
  11              		.eabi_attribute 34, 1
  12              		.eabi_attribute 18, 4
  13              		.thumb
  14              		.file	"chmsg.c"
  15              		.text
  16              	.Ltext0:
  17              		.cfi_sections	.debug_frame
  18              		.section	.text.chMsgSend,"ax",%progbits
  19              		.align	2
  20              		.p2align 4,,15
  21              		.global	chMsgSend
  22              		.thumb
  23              		.thumb_func
  24              		.type	chMsgSend, %function
  25              	chMsgSend:
  26              	.LFB7:
  27              		.file 1 "../../os/kernel/src/chmsg.c"
  28              		.loc 1 68 0
  29              		.cfi_startproc
  30              		@ args = 0, pretend = 0, frame = 0
  31              		@ frame_needed = 0, uses_anonymous_args = 0
  32              	.LVL0:
  33 0000 70B5     		push	{r4, r5, r6, lr}
  34              	.LCFI0:
  35              		.cfi_def_cfa_offset 16
  36              		.cfi_offset 4, -16
  37              		.cfi_offset 5, -12
  38              		.cfi_offset 6, -8
  39              		.cfi_offset 14, -4
  40              		.loc 1 69 0
  41 0002 0E4B     		ldr	r3, .L5
  42 0004 9C69     		ldr	r4, [r3, #24]
  43              	.LVL1:
  44              	.LBB10:
  45              		.loc 1 73 0
  46 0006 2023     		movs	r3, #32
  47              	.LVL2:
  48              	@ 73 "../../os/kernel/src/chmsg.c" 1
  49 0008 83F31188 		msr     BASEPRI, r3
  50              	@ 0 "" 2
  51              	.LVL3:
  52              		.thumb
  53              	.LBE10:
  54              		.loc 1 75 0
  55 000c 00F12C05 		add	r5, r0, #44
  56 0010 6562     		str	r5, [r4, #36]
  57              	.LVL4:
ARM GAS  C:\Users\LAB_ME~1\AppData\Local\Temp\cco9s1fe.s 			page 2


  58              		.loc 1 77 0
  59 0012 067F     		ldrb	r6, [r0, #28]	@ zero_extendqisi2
  60              	.LBB11:
  61              	.LBB12:
  62              		.file 2 "../../os/kernel/include/chinline.h"
  63              		.loc 2 48 0
  64 0014 036B     		ldr	r3, [r0, #48]
  65              	.LVL5:
  66              		.loc 2 47 0
  67 0016 2560     		str	r5, [r4, #0]
  68              	.LBE12:
  69              	.LBE11:
  70              		.loc 1 77 0
  71 0018 0C2E     		cmp	r6, #12
  72              		.loc 1 74 0
  73 001a 6163     		str	r1, [r4, #52]
  74              	.LBB14:
  75              	.LBB13:
  76              		.loc 2 48 0
  77 001c 6360     		str	r3, [r4, #4]
  78              		.loc 2 49 0
  79 001e 0463     		str	r4, [r0, #48]
  80 0020 1C60     		str	r4, [r3, #0]
  81              	.LBE13:
  82              	.LBE14:
  83              		.loc 1 77 0
  84 0022 07D0     		beq	.L4
  85              	.LVL6:
  86              	.L2:
  87              		.loc 1 79 0
  88 0024 0A20     		movs	r0, #10
  89 0026 FFF7FEFF 		bl	chSchGoSleepS
  90              	.LVL7:
  91              		.loc 1 80 0
  92 002a 606A     		ldr	r0, [r4, #36]
  93              	.LVL8:
  94              	.LBB15:
  95              		.loc 1 81 0
  96 002c 0023     		movs	r3, #0
  97              	.LVL9:
  98              	@ 81 "../../os/kernel/src/chmsg.c" 1
  99 002e 83F31188 		msr     BASEPRI, r3
 100              	@ 0 "" 2
 101              	.LVL10:
 102              		.thumb
 103              	.LBE15:
 104              		.loc 1 83 0
 105 0032 70BD     		pop	{r4, r5, r6, pc}
 106              	.LVL11:
 107              	.L4:
 108              		.loc 1 78 0
 109 0034 FFF7FEFF 		bl	chSchReadyI
 110              	.LVL12:
 111 0038 F4E7     		b	.L2
 112              	.L6:
 113 003a 00BF     		.align	2
 114              	.L5:
ARM GAS  C:\Users\LAB_ME~1\AppData\Local\Temp\cco9s1fe.s 			page 3


 115 003c 00000000 		.word	rlist
 116              		.cfi_endproc
 117              	.LFE7:
 118              		.size	chMsgSend, .-chMsgSend
 119              		.section	.text.chMsgWait,"ax",%progbits
 120              		.align	2
 121              		.p2align 4,,15
 122              		.global	chMsgWait
 123              		.thumb
 124              		.thumb_func
 125              		.type	chMsgWait, %function
 126              	chMsgWait:
 127              	.LFB8:
 128              		.loc 1 99 0
 129              		.cfi_startproc
 130              		@ args = 0, pretend = 0, frame = 0
 131              		@ frame_needed = 0, uses_anonymous_args = 0
 132 0000 10B5     		push	{r4, lr}
 133              	.LCFI1:
 134              		.cfi_def_cfa_offset 8
 135              		.cfi_offset 4, -8
 136              		.cfi_offset 14, -4
 137              	.LBB16:
 138              		.loc 1 102 0
 139 0002 2023     		movs	r3, #32
 140              	.LVL13:
 141              	@ 102 "../../os/kernel/src/chmsg.c" 1
 142 0004 83F31188 		msr     BASEPRI, r3
 143              	@ 0 "" 2
 144              	.LVL14:
 145              		.thumb
 146              	.LBE16:
 147              		.loc 1 103 0
 148 0008 0B4C     		ldr	r4, .L10
 149 000a A369     		ldr	r3, [r4, #24]
 150              	.LVL15:
 151 000c 1A46     		mov	r2, r3
 152 000e 52F82C0F 		ldr	r0, [r2, #44]!
 153 0012 9042     		cmp	r0, r2
 154 0014 08D0     		beq	.L9
 155              	.L8:
 156              	.LVL16:
 157              	.LBB17:
 158              	.LBB18:
 159              		.loc 2 55 0
 160 0016 0168     		ldr	r1, [r0, #0]
 161 0018 D962     		str	r1, [r3, #44]
 162 001a 4A60     		str	r2, [r1, #4]
 163              	.LBE18:
 164              	.LBE17:
 165              		.loc 1 106 0
 166 001c 0B22     		movs	r2, #11
 167 001e 0277     		strb	r2, [r0, #28]
 168              	.LBB19:
 169              		.loc 1 107 0
 170 0020 0023     		movs	r3, #0
 171              	.LVL17:
ARM GAS  C:\Users\LAB_ME~1\AppData\Local\Temp\cco9s1fe.s 			page 4


 172              	@ 107 "../../os/kernel/src/chmsg.c" 1
 173 0022 83F31188 		msr     BASEPRI, r3
 174              	@ 0 "" 2
 175              	.LVL18:
 176              		.thumb
 177              	.LBE19:
 178              		.loc 1 109 0
 179 0026 10BD     		pop	{r4, pc}
 180              	.LVL19:
 181              	.L9:
 182              		.loc 1 104 0
 183 0028 0C20     		movs	r0, #12
 184 002a FFF7FEFF 		bl	chSchGoSleepS
 185              	.LVL20:
 186 002e A369     		ldr	r3, [r4, #24]
 187 0030 1A46     		mov	r2, r3
 188 0032 52F82C0F 		ldr	r0, [r2, #44]!
 189 0036 EEE7     		b	.L8
 190              	.L11:
 191              		.align	2
 192              	.L10:
 193 0038 00000000 		.word	rlist
 194              		.cfi_endproc
 195              	.LFE8:
 196              		.size	chMsgWait, .-chMsgWait
 197 003c AFF30080 		.section	.text.chMsgRelease,"ax",%progbits
 198              		.align	2
 199              		.p2align 4,,15
 200              		.global	chMsgRelease
 201              		.thumb
 202              		.thumb_func
 203              		.type	chMsgRelease, %function
 204              	chMsgRelease:
 205              	.LFB9:
 206              		.loc 1 121 0
 207              		.cfi_startproc
 208              		@ args = 0, pretend = 0, frame = 0
 209              		@ frame_needed = 0, uses_anonymous_args = 0
 210              	.LVL21:
 211 0000 08B5     		push	{r3, lr}
 212              	.LCFI2:
 213              		.cfi_def_cfa_offset 8
 214              		.cfi_offset 3, -8
 215              		.cfi_offset 14, -4
 216              	.LBB20:
 217              		.loc 1 123 0
 218 0002 2023     		movs	r3, #32
 219              	.LVL22:
 220              	@ 123 "../../os/kernel/src/chmsg.c" 1
 221 0004 83F31188 		msr     BASEPRI, r3
 222              	@ 0 "" 2
 223              	.LVL23:
 224              		.thumb
 225              	.LBE20:
 226              		.loc 1 126 0
 227 0008 FFF7FEFF 		bl	chSchWakeupS
 228              	.LVL24:
ARM GAS  C:\Users\LAB_ME~1\AppData\Local\Temp\cco9s1fe.s 			page 5


 229              	.LBB21:
 230              		.loc 1 127 0
 231 000c 0023     		movs	r3, #0
 232              	.LVL25:
 233              	@ 127 "../../os/kernel/src/chmsg.c" 1
 234 000e 83F31188 		msr     BASEPRI, r3
 235              	@ 0 "" 2
 236              	.LVL26:
 237              		.thumb
 238 0012 08BD     		pop	{r3, pc}
 239              	.LBE21:
 240              		.cfi_endproc
 241              	.LFE9:
 242              		.size	chMsgRelease, .-chMsgRelease
 243 0014 AFF30080 		.text
 243      AFF30080 
 243      AFF30080 
 244              	.Letext0:
 245              		.file 3 "c:\\program files (x86)\\codesourcery\\sourcery_codebench_lite_for_arm_eabi\\bin\\../lib/
 246              		.file 4 "../../os/ports/GCC/ARMCMx/chtypes.h"
 247              		.file 5 "../../os/kernel/include/chlists.h"
 248              		.file 6 "../../os/kernel/include/chthreads.h"
 249              		.file 7 "../../os/ports/GCC/ARMCMx/chcore_v7m.h"
 250              		.file 8 "../../os/kernel/include/chschd.h"
 251              		.file 9 "../../os/kernel/include/chmtx.h"
 252              		.section	.debug_info,"",%progbits
 253              	.Ldebug_info0:
 254 0000 BF060000 		.4byte	0x6bf
 255 0004 0200     		.2byte	0x2
 256 0006 00000000 		.4byte	.Ldebug_abbrev0
 257 000a 04       		.byte	0x4
 258 000b 01       		.uleb128 0x1
 259 000c 34010000 		.4byte	.LASF64
 260 0010 01       		.byte	0x1
 261 0011 96020000 		.4byte	.LASF65
 262 0015 BA020000 		.4byte	.LASF66
 263 0019 18000000 		.4byte	.Ldebug_ranges0+0x18
 264 001d 00000000 		.4byte	0
 265 0021 00000000 		.4byte	0
 266 0025 00000000 		.4byte	.Ldebug_line0
 267 0029 02       		.uleb128 0x2
 268 002a 04       		.byte	0x4
 269 002b 05       		.byte	0x5
 270 002c 696E7400 		.ascii	"int\000"
 271 0030 03       		.uleb128 0x3
 272 0031 04       		.byte	0x4
 273 0032 07       		.byte	0x7
 274 0033 AA000000 		.4byte	.LASF0
 275 0037 03       		.uleb128 0x3
 276 0038 01       		.byte	0x1
 277 0039 06       		.byte	0x6
 278 003a 4F000000 		.4byte	.LASF1
 279 003e 04       		.uleb128 0x4
 280 003f 80020000 		.4byte	.LASF5
 281 0043 03       		.byte	0x3
 282 0044 2A       		.byte	0x2a
 283 0045 49000000 		.4byte	0x49
ARM GAS  C:\Users\LAB_ME~1\AppData\Local\Temp\cco9s1fe.s 			page 6


 284 0049 03       		.uleb128 0x3
 285 004a 01       		.byte	0x1
 286 004b 08       		.byte	0x8
 287 004c 71010000 		.4byte	.LASF2
 288 0050 03       		.uleb128 0x3
 289 0051 02       		.byte	0x2
 290 0052 05       		.byte	0x5
 291 0053 89010000 		.4byte	.LASF3
 292 0057 03       		.uleb128 0x3
 293 0058 02       		.byte	0x2
 294 0059 07       		.byte	0x7
 295 005a D1000000 		.4byte	.LASF4
 296 005e 04       		.uleb128 0x4
 297 005f 69010000 		.4byte	.LASF6
 298 0063 03       		.byte	0x3
 299 0064 4F       		.byte	0x4f
 300 0065 69000000 		.4byte	0x69
 301 0069 03       		.uleb128 0x3
 302 006a 04       		.byte	0x4
 303 006b 05       		.byte	0x5
 304 006c 75000000 		.4byte	.LASF7
 305 0070 04       		.uleb128 0x4
 306 0071 EF010000 		.4byte	.LASF8
 307 0075 03       		.byte	0x3
 308 0076 50       		.byte	0x50
 309 0077 7B000000 		.4byte	0x7b
 310 007b 03       		.uleb128 0x3
 311 007c 04       		.byte	0x4
 312 007d 07       		.byte	0x7
 313 007e B7000000 		.4byte	.LASF9
 314 0082 03       		.uleb128 0x3
 315 0083 08       		.byte	0x8
 316 0084 05       		.byte	0x5
 317 0085 41000000 		.4byte	.LASF10
 318 0089 03       		.uleb128 0x3
 319 008a 08       		.byte	0x8
 320 008b 07       		.byte	0x7
 321 008c 1A000000 		.4byte	.LASF11
 322 0090 04       		.uleb128 0x4
 323 0091 EA000000 		.4byte	.LASF12
 324 0095 04       		.byte	0x4
 325 0096 28       		.byte	0x28
 326 0097 3E000000 		.4byte	0x3e
 327 009b 04       		.uleb128 0x4
 328 009c 88000000 		.4byte	.LASF13
 329 00a0 04       		.byte	0x4
 330 00a1 29       		.byte	0x29
 331 00a2 3E000000 		.4byte	0x3e
 332 00a6 04       		.uleb128 0x4
 333 00a7 52010000 		.4byte	.LASF14
 334 00ab 04       		.byte	0x4
 335 00ac 2A       		.byte	0x2a
 336 00ad 3E000000 		.4byte	0x3e
 337 00b1 04       		.uleb128 0x4
 338 00b2 6B000000 		.4byte	.LASF15
 339 00b6 04       		.byte	0x4
 340 00b7 2B       		.byte	0x2b
ARM GAS  C:\Users\LAB_ME~1\AppData\Local\Temp\cco9s1fe.s 			page 7


 341 00b8 3E000000 		.4byte	0x3e
 342 00bc 04       		.uleb128 0x4
 343 00bd 61010000 		.4byte	.LASF16
 344 00c1 04       		.byte	0x4
 345 00c2 2C       		.byte	0x2c
 346 00c3 70000000 		.4byte	0x70
 347 00c7 04       		.uleb128 0x4
 348 00c8 E4000000 		.4byte	.LASF17
 349 00cc 04       		.byte	0x4
 350 00cd 2D       		.byte	0x2d
 351 00ce 5E000000 		.4byte	0x5e
 352 00d2 04       		.uleb128 0x4
 353 00d3 FE000000 		.4byte	.LASF18
 354 00d7 04       		.byte	0x4
 355 00d8 2F       		.byte	0x2f
 356 00d9 70000000 		.4byte	0x70
 357 00dd 04       		.uleb128 0x4
 358 00de 24020000 		.4byte	.LASF19
 359 00e2 04       		.byte	0x4
 360 00e3 31       		.byte	0x31
 361 00e4 70000000 		.4byte	0x70
 362 00e8 04       		.uleb128 0x4
 363 00e9 C2010000 		.4byte	.LASF20
 364 00ed 05       		.byte	0x5
 365 00ee 23       		.byte	0x23
 366 00ef F3000000 		.4byte	0xf3
 367 00f3 05       		.uleb128 0x5
 368 00f4 C2010000 		.4byte	.LASF20
 369 00f8 48       		.byte	0x48
 370 00f9 06       		.byte	0x6
 371 00fa 57       		.byte	0x57
 372 00fb 18020000 		.4byte	0x218
 373 00ff 06       		.uleb128 0x6
 374 0100 B3010000 		.4byte	.LASF21
 375 0104 06       		.byte	0x6
 376 0105 58       		.byte	0x58
 377 0106 3D020000 		.4byte	0x23d
 378 010a 02       		.byte	0x2
 379 010b 23       		.byte	0x23
 380 010c 00       		.uleb128 0
 381 010d 06       		.uleb128 0x6
 382 010e 5A010000 		.4byte	.LASF22
 383 0112 06       		.byte	0x6
 384 0113 5A       		.byte	0x5a
 385 0114 3D020000 		.4byte	0x23d
 386 0118 02       		.byte	0x2
 387 0119 23       		.byte	0x23
 388 011a 04       		.uleb128 0x4
 389 011b 06       		.uleb128 0x6
 390 011c 3A000000 		.4byte	.LASF23
 391 0120 06       		.byte	0x6
 392 0121 5C       		.byte	0x5c
 393 0122 BC000000 		.4byte	0xbc
 394 0126 02       		.byte	0x2
 395 0127 23       		.byte	0x23
 396 0128 08       		.uleb128 0x8
 397 0129 06       		.uleb128 0x6
ARM GAS  C:\Users\LAB_ME~1\AppData\Local\Temp\cco9s1fe.s 			page 8


 398 012a D6020000 		.4byte	.LASF24
 399 012e 06       		.byte	0x6
 400 012f 5D       		.byte	0x5d
 401 0130 0B030000 		.4byte	0x30b
 402 0134 02       		.byte	0x2
 403 0135 23       		.byte	0x23
 404 0136 0C       		.uleb128 0xc
 405 0137 06       		.uleb128 0x6
 406 0138 91000000 		.4byte	.LASF25
 407 013c 06       		.byte	0x6
 408 013d 5F       		.byte	0x5f
 409 013e 3D020000 		.4byte	0x23d
 410 0142 02       		.byte	0x2
 411 0143 23       		.byte	0x23
 412 0144 10       		.uleb128 0x10
 413 0145 06       		.uleb128 0x6
 414 0146 19010000 		.4byte	.LASF26
 415 014a 06       		.byte	0x6
 416 014b 60       		.byte	0x60
 417 014c 3D020000 		.4byte	0x23d
 418 0150 02       		.byte	0x2
 419 0151 23       		.byte	0x23
 420 0152 14       		.uleb128 0x14
 421 0153 06       		.uleb128 0x6
 422 0154 8F020000 		.4byte	.LASF27
 423 0158 06       		.byte	0x6
 424 0159 67       		.byte	0x67
 425 015a 1F040000 		.4byte	0x41f
 426 015e 02       		.byte	0x2
 427 015f 23       		.byte	0x23
 428 0160 18       		.uleb128 0x18
 429 0161 06       		.uleb128 0x6
 430 0162 93010000 		.4byte	.LASF28
 431 0166 06       		.byte	0x6
 432 0167 72       		.byte	0x72
 433 0168 9B000000 		.4byte	0x9b
 434 016c 02       		.byte	0x2
 435 016d 23       		.byte	0x23
 436 016e 1C       		.uleb128 0x1c
 437 016f 06       		.uleb128 0x6
 438 0170 BA010000 		.4byte	.LASF29
 439 0174 06       		.byte	0x6
 440 0175 76       		.byte	0x76
 441 0176 90000000 		.4byte	0x90
 442 017a 02       		.byte	0x2
 443 017b 23       		.byte	0x23
 444 017c 1D       		.uleb128 0x1d
 445 017d 06       		.uleb128 0x6
 446 017e 69020000 		.4byte	.LASF30
 447 0182 06       		.byte	0x6
 448 0183 7B       		.byte	0x7b
 449 0184 A6000000 		.4byte	0xa6
 450 0188 02       		.byte	0x2
 451 0189 23       		.byte	0x23
 452 018a 1E       		.uleb128 0x1e
 453 018b 06       		.uleb128 0x6
 454 018c 9B010000 		.4byte	.LASF31
ARM GAS  C:\Users\LAB_ME~1\AppData\Local\Temp\cco9s1fe.s 			page 9


 455 0190 06       		.byte	0x6
 456 0191 81       		.byte	0x81
 457 0192 B1000000 		.4byte	0xb1
 458 0196 02       		.byte	0x2
 459 0197 23       		.byte	0x23
 460 0198 1F       		.uleb128 0x1f
 461 0199 06       		.uleb128 0x6
 462 019a 39020000 		.4byte	.LASF32
 463 019e 06       		.byte	0x6
 464 019f 88       		.byte	0x88
 465 01a0 35030000 		.4byte	0x335
 466 01a4 02       		.byte	0x2
 467 01a5 23       		.byte	0x23
 468 01a6 20       		.uleb128 0x20
 469 01a7 07       		.uleb128 0x7
 470 01a8 705F7500 		.ascii	"p_u\000"
 471 01ac 06       		.byte	0x6
 472 01ad AD       		.byte	0xad
 473 01ae EA030000 		.4byte	0x3ea
 474 01b2 02       		.byte	0x2
 475 01b3 23       		.byte	0x23
 476 01b4 24       		.uleb128 0x24
 477 01b5 06       		.uleb128 0x6
 478 01b6 DC020000 		.4byte	.LASF33
 479 01ba 06       		.byte	0x6
 480 01bb B2       		.byte	0xb2
 481 01bc 65020000 		.4byte	0x265
 482 01c0 02       		.byte	0x2
 483 01c1 23       		.byte	0x23
 484 01c2 28       		.uleb128 0x28
 485 01c3 06       		.uleb128 0x6
 486 01c4 47020000 		.4byte	.LASF34
 487 01c8 06       		.byte	0x6
 488 01c9 B8       		.byte	0xb8
 489 01ca 43020000 		.4byte	0x243
 490 01ce 02       		.byte	0x2
 491 01cf 23       		.byte	0x23
 492 01d0 2C       		.uleb128 0x2c
 493 01d1 06       		.uleb128 0x6
 494 01d2 00000000 		.4byte	.LASF35
 495 01d6 06       		.byte	0x6
 496 01d7 BC       		.byte	0xbc
 497 01d8 C7000000 		.4byte	0xc7
 498 01dc 02       		.byte	0x2
 499 01dd 23       		.byte	0x23
 500 01de 34       		.uleb128 0x34
 501 01df 06       		.uleb128 0x6
 502 01e0 E4010000 		.4byte	.LASF36
 503 01e4 06       		.byte	0x6
 504 01e5 C2       		.byte	0xc2
 505 01e6 D2000000 		.4byte	0xd2
 506 01ea 02       		.byte	0x2
 507 01eb 23       		.byte	0x23
 508 01ec 38       		.uleb128 0x38
 509 01ed 06       		.uleb128 0x6
 510 01ee 7F010000 		.4byte	.LASF37
 511 01f2 06       		.byte	0x6
ARM GAS  C:\Users\LAB_ME~1\AppData\Local\Temp\cco9s1fe.s 			page 10


 512 01f3 C9       		.byte	0xc9
 513 01f4 31040000 		.4byte	0x431
 514 01f8 02       		.byte	0x2
 515 01f9 23       		.byte	0x23
 516 01fa 3C       		.uleb128 0x3c
 517 01fb 06       		.uleb128 0x6
 518 01fc 2E020000 		.4byte	.LASF38
 519 0200 06       		.byte	0x6
 520 0201 CD       		.byte	0xcd
 521 0202 BC000000 		.4byte	0xbc
 522 0206 02       		.byte	0x2
 523 0207 23       		.byte	0x23
 524 0208 40       		.uleb128 0x40
 525 0209 06       		.uleb128 0x6
 526 020a 5B000000 		.4byte	.LASF39
 527 020e 06       		.byte	0x6
 528 020f D3       		.byte	0xd3
 529 0210 7B020000 		.4byte	0x27b
 530 0214 02       		.byte	0x2
 531 0215 23       		.byte	0x23
 532 0216 44       		.uleb128 0x44
 533 0217 00       		.byte	0
 534 0218 08       		.uleb128 0x8
 535 0219 08       		.byte	0x8
 536 021a 05       		.byte	0x5
 537 021b 5A       		.byte	0x5a
 538 021c 3D020000 		.4byte	0x23d
 539 0220 06       		.uleb128 0x6
 540 0221 B3010000 		.4byte	.LASF21
 541 0225 05       		.byte	0x5
 542 0226 5B       		.byte	0x5b
 543 0227 3D020000 		.4byte	0x23d
 544 022b 02       		.byte	0x2
 545 022c 23       		.byte	0x23
 546 022d 00       		.uleb128 0
 547 022e 06       		.uleb128 0x6
 548 022f 5A010000 		.4byte	.LASF22
 549 0233 05       		.byte	0x5
 550 0234 5D       		.byte	0x5d
 551 0235 3D020000 		.4byte	0x23d
 552 0239 02       		.byte	0x2
 553 023a 23       		.byte	0x23
 554 023b 04       		.uleb128 0x4
 555 023c 00       		.byte	0
 556 023d 09       		.uleb128 0x9
 557 023e 04       		.byte	0x4
 558 023f E8000000 		.4byte	0xe8
 559 0243 04       		.uleb128 0x4
 560 0244 27010000 		.4byte	.LASF40
 561 0248 05       		.byte	0x5
 562 0249 5F       		.byte	0x5f
 563 024a 18020000 		.4byte	0x218
 564 024e 08       		.uleb128 0x8
 565 024f 04       		.byte	0x4
 566 0250 05       		.byte	0x5
 567 0251 64       		.byte	0x64
 568 0252 65020000 		.4byte	0x265
ARM GAS  C:\Users\LAB_ME~1\AppData\Local\Temp\cco9s1fe.s 			page 11


 569 0256 06       		.uleb128 0x6
 570 0257 B3010000 		.4byte	.LASF21
 571 025b 05       		.byte	0x5
 572 025c 66       		.byte	0x66
 573 025d 3D020000 		.4byte	0x23d
 574 0261 02       		.byte	0x2
 575 0262 23       		.byte	0x23
 576 0263 00       		.uleb128 0
 577 0264 00       		.byte	0
 578 0265 04       		.uleb128 0x4
 579 0266 F2000000 		.4byte	.LASF41
 580 026a 05       		.byte	0x5
 581 026b 69       		.byte	0x69
 582 026c 4E020000 		.4byte	0x24e
 583 0270 04       		.uleb128 0x4
 584 0271 A1000000 		.4byte	.LASF42
 585 0275 07       		.byte	0x7
 586 0276 DE       		.byte	0xde
 587 0277 7B020000 		.4byte	0x27b
 588 027b 0A       		.uleb128 0xa
 589 027c 04       		.byte	0x4
 590 027d 0B       		.uleb128 0xb
 591 027e 40020000 		.4byte	.LASF43
 592 0282 24       		.byte	0x24
 593 0283 07       		.byte	0x7
 594 0284 0501     		.2byte	0x105
 595 0286 0B030000 		.4byte	0x30b
 596 028a 0C       		.uleb128 0xc
 597 028b 723400   		.ascii	"r4\000"
 598 028e 07       		.byte	0x7
 599 028f 1801     		.2byte	0x118
 600 0291 70020000 		.4byte	0x270
 601 0295 02       		.byte	0x2
 602 0296 23       		.byte	0x23
 603 0297 00       		.uleb128 0
 604 0298 0C       		.uleb128 0xc
 605 0299 723500   		.ascii	"r5\000"
 606 029c 07       		.byte	0x7
 607 029d 1901     		.2byte	0x119
 608 029f 70020000 		.4byte	0x270
 609 02a3 02       		.byte	0x2
 610 02a4 23       		.byte	0x23
 611 02a5 04       		.uleb128 0x4
 612 02a6 0C       		.uleb128 0xc
 613 02a7 723600   		.ascii	"r6\000"
 614 02aa 07       		.byte	0x7
 615 02ab 1A01     		.2byte	0x11a
 616 02ad 70020000 		.4byte	0x270
 617 02b1 02       		.byte	0x2
 618 02b2 23       		.byte	0x23
 619 02b3 08       		.uleb128 0x8
 620 02b4 0C       		.uleb128 0xc
 621 02b5 723700   		.ascii	"r7\000"
 622 02b8 07       		.byte	0x7
 623 02b9 1B01     		.2byte	0x11b
 624 02bb 70020000 		.4byte	0x270
 625 02bf 02       		.byte	0x2
ARM GAS  C:\Users\LAB_ME~1\AppData\Local\Temp\cco9s1fe.s 			page 12


 626 02c0 23       		.byte	0x23
 627 02c1 0C       		.uleb128 0xc
 628 02c2 0C       		.uleb128 0xc
 629 02c3 723800   		.ascii	"r8\000"
 630 02c6 07       		.byte	0x7
 631 02c7 1C01     		.2byte	0x11c
 632 02c9 70020000 		.4byte	0x270
 633 02cd 02       		.byte	0x2
 634 02ce 23       		.byte	0x23
 635 02cf 10       		.uleb128 0x10
 636 02d0 0C       		.uleb128 0xc
 637 02d1 723900   		.ascii	"r9\000"
 638 02d4 07       		.byte	0x7
 639 02d5 1D01     		.2byte	0x11d
 640 02d7 70020000 		.4byte	0x270
 641 02db 02       		.byte	0x2
 642 02dc 23       		.byte	0x23
 643 02dd 14       		.uleb128 0x14
 644 02de 0C       		.uleb128 0xc
 645 02df 72313000 		.ascii	"r10\000"
 646 02e3 07       		.byte	0x7
 647 02e4 1E01     		.2byte	0x11e
 648 02e6 70020000 		.4byte	0x270
 649 02ea 02       		.byte	0x2
 650 02eb 23       		.byte	0x23
 651 02ec 18       		.uleb128 0x18
 652 02ed 0C       		.uleb128 0xc
 653 02ee 72313100 		.ascii	"r11\000"
 654 02f2 07       		.byte	0x7
 655 02f3 1F01     		.2byte	0x11f
 656 02f5 70020000 		.4byte	0x270
 657 02f9 02       		.byte	0x2
 658 02fa 23       		.byte	0x23
 659 02fb 1C       		.uleb128 0x1c
 660 02fc 0C       		.uleb128 0xc
 661 02fd 6C7200   		.ascii	"lr\000"
 662 0300 07       		.byte	0x7
 663 0301 2001     		.2byte	0x120
 664 0303 70020000 		.4byte	0x270
 665 0307 02       		.byte	0x2
 666 0308 23       		.byte	0x23
 667 0309 20       		.uleb128 0x20
 668 030a 00       		.byte	0
 669 030b 0B       		.uleb128 0xb
 670 030c C9000000 		.4byte	.LASF44
 671 0310 04       		.byte	0x4
 672 0311 07       		.byte	0x7
 673 0312 2A01     		.2byte	0x12a
 674 0314 28030000 		.4byte	0x328
 675 0318 0C       		.uleb128 0xc
 676 0319 72313300 		.ascii	"r13\000"
 677 031d 07       		.byte	0x7
 678 031e 2B01     		.2byte	0x12b
 679 0320 28030000 		.4byte	0x328
 680 0324 02       		.byte	0x2
 681 0325 23       		.byte	0x23
 682 0326 00       		.uleb128 0
ARM GAS  C:\Users\LAB_ME~1\AppData\Local\Temp\cco9s1fe.s 			page 13


 683 0327 00       		.byte	0
 684 0328 09       		.uleb128 0x9
 685 0329 04       		.byte	0x4
 686 032a 7D020000 		.4byte	0x27d
 687 032e 03       		.uleb128 0x3
 688 032f 04       		.byte	0x4
 689 0330 07       		.byte	0x7
 690 0331 10010000 		.4byte	.LASF45
 691 0335 0D       		.uleb128 0xd
 692 0336 DD000000 		.4byte	0xdd
 693 033a 08       		.uleb128 0x8
 694 033b 1C       		.byte	0x1c
 695 033c 08       		.byte	0x8
 696 033d 57       		.byte	0x57
 697 033e 97030000 		.4byte	0x397
 698 0342 06       		.uleb128 0x6
 699 0343 F8010000 		.4byte	.LASF46
 700 0347 08       		.byte	0x8
 701 0348 58       		.byte	0x58
 702 0349 43020000 		.4byte	0x243
 703 034d 02       		.byte	0x2
 704 034e 23       		.byte	0x23
 705 034f 00       		.uleb128 0
 706 0350 06       		.uleb128 0x6
 707 0351 A5010000 		.4byte	.LASF47
 708 0355 08       		.byte	0x8
 709 0356 59       		.byte	0x59
 710 0357 BC000000 		.4byte	0xbc
 711 035b 02       		.byte	0x2
 712 035c 23       		.byte	0x23
 713 035d 08       		.uleb128 0x8
 714 035e 06       		.uleb128 0x6
 715 035f 21010000 		.4byte	.LASF48
 716 0363 08       		.byte	0x8
 717 0364 5B       		.byte	0x5b
 718 0365 0B030000 		.4byte	0x30b
 719 0369 02       		.byte	0x2
 720 036a 23       		.byte	0x23
 721 036b 0C       		.uleb128 0xc
 722 036c 06       		.uleb128 0x6
 723 036d 99000000 		.4byte	.LASF49
 724 0371 08       		.byte	0x8
 725 0372 5E       		.byte	0x5e
 726 0373 3D020000 		.4byte	0x23d
 727 0377 02       		.byte	0x2
 728 0378 23       		.byte	0x23
 729 0379 10       		.uleb128 0x10
 730 037a 06       		.uleb128 0x6
 731 037b 4A010000 		.4byte	.LASF50
 732 037f 08       		.byte	0x8
 733 0380 5F       		.byte	0x5f
 734 0381 3D020000 		.4byte	0x23d
 735 0385 02       		.byte	0x2
 736 0386 23       		.byte	0x23
 737 0387 14       		.uleb128 0x14
 738 0388 06       		.uleb128 0x6
 739 0389 40010000 		.4byte	.LASF51
ARM GAS  C:\Users\LAB_ME~1\AppData\Local\Temp\cco9s1fe.s 			page 14


 740 038d 08       		.byte	0x8
 741 038e 62       		.byte	0x62
 742 038f 3D020000 		.4byte	0x23d
 743 0393 02       		.byte	0x2
 744 0394 23       		.byte	0x23
 745 0395 18       		.uleb128 0x18
 746 0396 00       		.byte	0
 747 0397 04       		.uleb128 0x4
 748 0398 70020000 		.4byte	.LASF52
 749 039c 08       		.byte	0x8
 750 039d 64       		.byte	0x64
 751 039e 3A030000 		.4byte	0x33a
 752 03a2 05       		.uleb128 0x5
 753 03a3 0A010000 		.4byte	.LASF53
 754 03a7 10       		.byte	0x10
 755 03a8 09       		.byte	0x9
 756 03a9 25       		.byte	0x25
 757 03aa D9030000 		.4byte	0x3d9
 758 03ae 06       		.uleb128 0x6
 759 03af 63000000 		.4byte	.LASF54
 760 03b3 09       		.byte	0x9
 761 03b4 26       		.byte	0x26
 762 03b5 43020000 		.4byte	0x243
 763 03b9 02       		.byte	0x2
 764 03ba 23       		.byte	0x23
 765 03bb 00       		.uleb128 0
 766 03bc 06       		.uleb128 0x6
 767 03bd B2020000 		.4byte	.LASF55
 768 03c1 09       		.byte	0x9
 769 03c2 28       		.byte	0x28
 770 03c3 3D020000 		.4byte	0x23d
 771 03c7 02       		.byte	0x2
 772 03c8 23       		.byte	0x23
 773 03c9 08       		.uleb128 0x8
 774 03ca 06       		.uleb128 0x6
 775 03cb 1D020000 		.4byte	.LASF56
 776 03cf 09       		.byte	0x9
 777 03d0 2A       		.byte	0x2a
 778 03d1 D9030000 		.4byte	0x3d9
 779 03d5 02       		.byte	0x2
 780 03d6 23       		.byte	0x23
 781 03d7 0C       		.uleb128 0xc
 782 03d8 00       		.byte	0
 783 03d9 09       		.uleb128 0x9
 784 03da 04       		.byte	0x4
 785 03db A2030000 		.4byte	0x3a2
 786 03df 04       		.uleb128 0x4
 787 03e0 0A010000 		.4byte	.LASF53
 788 03e4 09       		.byte	0x9
 789 03e5 2C       		.byte	0x2c
 790 03e6 A2030000 		.4byte	0x3a2
 791 03ea 0E       		.uleb128 0xe
 792 03eb 04       		.byte	0x4
 793 03ec 06       		.byte	0x6
 794 03ed 8F       		.byte	0x8f
 795 03ee 1F040000 		.4byte	0x41f
 796 03f2 0F       		.uleb128 0xf
ARM GAS  C:\Users\LAB_ME~1\AppData\Local\Temp\cco9s1fe.s 			page 15


 797 03f3 13000000 		.4byte	.LASF57
 798 03f7 06       		.byte	0x6
 799 03f8 96       		.byte	0x96
 800 03f9 C7000000 		.4byte	0xc7
 801 03fd 0F       		.uleb128 0xf
 802 03fe 31000000 		.4byte	.LASF58
 803 0402 06       		.byte	0x6
 804 0403 9D       		.byte	0x9d
 805 0404 C7000000 		.4byte	0xc7
 806 0408 0F       		.uleb128 0xf
 807 0409 88020000 		.4byte	.LASF59
 808 040d 06       		.byte	0x6
 809 040e A4       		.byte	0xa4
 810 040f 7B020000 		.4byte	0x27b
 811 0413 0F       		.uleb128 0xf
 812 0414 AC010000 		.4byte	.LASF60
 813 0418 06       		.byte	0x6
 814 0419 AB       		.byte	0xab
 815 041a D2000000 		.4byte	0xd2
 816 041e 00       		.byte	0
 817 041f 09       		.uleb128 0x9
 818 0420 04       		.byte	0x4
 819 0421 25040000 		.4byte	0x425
 820 0425 10       		.uleb128 0x10
 821 0426 2A040000 		.4byte	0x42a
 822 042a 03       		.uleb128 0x3
 823 042b 01       		.byte	0x1
 824 042c 08       		.byte	0x8
 825 042d 0C020000 		.4byte	.LASF61
 826 0431 09       		.uleb128 0x9
 827 0432 04       		.byte	0x4
 828 0433 DF030000 		.4byte	0x3df
 829 0437 11       		.uleb128 0x11
 830 0438 06000000 		.4byte	.LASF67
 831 043c 02       		.byte	0x2
 832 043d 2D       		.byte	0x2d
 833 043e 01       		.byte	0x1
 834 043f 03       		.byte	0x3
 835 0440 5A040000 		.4byte	0x45a
 836 0444 12       		.uleb128 0x12
 837 0445 747000   		.ascii	"tp\000"
 838 0448 02       		.byte	0x2
 839 0449 2D       		.byte	0x2d
 840 044a 3D020000 		.4byte	0x23d
 841 044e 12       		.uleb128 0x12
 842 044f 74717000 		.ascii	"tqp\000"
 843 0453 02       		.byte	0x2
 844 0454 2D       		.byte	0x2d
 845 0455 5A040000 		.4byte	0x45a
 846 0459 00       		.byte	0
 847 045a 09       		.uleb128 0x9
 848 045b 04       		.byte	0x4
 849 045c 43020000 		.4byte	0x243
 850 0460 13       		.uleb128 0x13
 851 0461 11020000 		.4byte	.LASF68
 852 0465 02       		.byte	0x2
 853 0466 34       		.byte	0x34
ARM GAS  C:\Users\LAB_ME~1\AppData\Local\Temp\cco9s1fe.s 			page 16


 854 0467 01       		.byte	0x1
 855 0468 3D020000 		.4byte	0x23d
 856 046c 03       		.byte	0x3
 857 046d 87040000 		.4byte	0x487
 858 0471 12       		.uleb128 0x12
 859 0472 74717000 		.ascii	"tqp\000"
 860 0476 02       		.byte	0x2
 861 0477 34       		.byte	0x34
 862 0478 5A040000 		.4byte	0x45a
 863 047c 14       		.uleb128 0x14
 864 047d 747000   		.ascii	"tp\000"
 865 0480 02       		.byte	0x2
 866 0481 35       		.byte	0x35
 867 0482 3D020000 		.4byte	0x23d
 868 0486 00       		.byte	0
 869 0487 15       		.uleb128 0x15
 870 0488 01       		.byte	0x1
 871 0489 7E000000 		.4byte	.LASF62
 872 048d 01       		.byte	0x1
 873 048e 44       		.byte	0x44
 874 048f 01       		.byte	0x1
 875 0490 C7000000 		.4byte	0xc7
 876 0494 00000000 		.4byte	.LFB7
 877 0498 40000000 		.4byte	.LFE7
 878 049c 00000000 		.4byte	.LLST0
 879 04a0 01       		.byte	0x1
 880 04a1 48050000 		.4byte	0x548
 881 04a5 16       		.uleb128 0x16
 882 04a6 747000   		.ascii	"tp\000"
 883 04a9 01       		.byte	0x1
 884 04aa 44       		.byte	0x44
 885 04ab 3D020000 		.4byte	0x23d
 886 04af 20000000 		.4byte	.LLST1
 887 04b3 16       		.uleb128 0x16
 888 04b4 6D736700 		.ascii	"msg\000"
 889 04b8 01       		.byte	0x1
 890 04b9 44       		.byte	0x44
 891 04ba C7000000 		.4byte	0xc7
 892 04be 58000000 		.4byte	.LLST2
 893 04c2 17       		.uleb128 0x17
 894 04c3 63747000 		.ascii	"ctp\000"
 895 04c7 01       		.byte	0x1
 896 04c8 45       		.byte	0x45
 897 04c9 3D020000 		.4byte	0x23d
 898 04cd 01       		.byte	0x1
 899 04ce 54       		.byte	0x54
 900 04cf 18       		.uleb128 0x18
 901 04d0 06000000 		.4byte	.LBB10
 902 04d4 0C000000 		.4byte	.LBE10
 903 04d8 EC040000 		.4byte	0x4ec
 904 04dc 19       		.uleb128 0x19
 905 04dd 746D7000 		.ascii	"tmp\000"
 906 04e1 01       		.byte	0x1
 907 04e2 49       		.byte	0x49
 908 04e3 70000000 		.4byte	0x70
 909 04e7 9D000000 		.4byte	.LLST3
 910 04eb 00       		.byte	0
ARM GAS  C:\Users\LAB_ME~1\AppData\Local\Temp\cco9s1fe.s 			page 17


 911 04ec 1A       		.uleb128 0x1a
 912 04ed 37040000 		.4byte	0x437
 913 04f1 14000000 		.4byte	.LBB11
 914 04f5 00000000 		.4byte	.Ldebug_ranges0+0
 915 04f9 01       		.byte	0x1
 916 04fa 4C       		.byte	0x4c
 917 04fb 0E050000 		.4byte	0x50e
 918 04ff 1B       		.uleb128 0x1b
 919 0500 4E040000 		.4byte	0x44e
 920 0504 01       		.byte	0x1
 921 0505 55       		.byte	0x55
 922 0506 1B       		.uleb128 0x1b
 923 0507 44040000 		.4byte	0x444
 924 050b 01       		.byte	0x1
 925 050c 54       		.byte	0x54
 926 050d 00       		.byte	0
 927 050e 18       		.uleb128 0x18
 928 050f 2C000000 		.4byte	.LBB15
 929 0513 32000000 		.4byte	.LBE15
 930 0517 2B050000 		.4byte	0x52b
 931 051b 19       		.uleb128 0x19
 932 051c 746D7000 		.ascii	"tmp\000"
 933 0520 01       		.byte	0x1
 934 0521 51       		.byte	0x51
 935 0522 70000000 		.4byte	0x70
 936 0526 B0000000 		.4byte	.LLST4
 937 052a 00       		.byte	0
 938 052b 1C       		.uleb128 0x1c
 939 052c 2A000000 		.4byte	.LVL7
 940 0530 81060000 		.4byte	0x681
 941 0534 3E050000 		.4byte	0x53e
 942 0538 1D       		.uleb128 0x1d
 943 0539 01       		.byte	0x1
 944 053a 50       		.byte	0x50
 945 053b 01       		.byte	0x1
 946 053c 3A       		.byte	0x3a
 947 053d 00       		.byte	0
 948 053e 1E       		.uleb128 0x1e
 949 053f 38000000 		.4byte	.LVL12
 950 0543 95060000 		.4byte	0x695
 951 0547 00       		.byte	0
 952 0548 15       		.uleb128 0x15
 953 0549 01       		.byte	0x1
 954 054a 5F020000 		.4byte	.LASF63
 955 054e 01       		.byte	0x1
 956 054f 63       		.byte	0x63
 957 0550 01       		.byte	0x1
 958 0551 3D020000 		.4byte	0x23d
 959 0555 00000000 		.4byte	.LFB8
 960 0559 3C000000 		.4byte	.LFE8
 961 055d C3000000 		.4byte	.LLST5
 962 0561 01       		.byte	0x1
 963 0562 EA050000 		.4byte	0x5ea
 964 0566 14       		.uleb128 0x14
 965 0567 747000   		.ascii	"tp\000"
 966 056a 01       		.byte	0x1
 967 056b 64       		.byte	0x64
ARM GAS  C:\Users\LAB_ME~1\AppData\Local\Temp\cco9s1fe.s 			page 18


 968 056c 3D020000 		.4byte	0x23d
 969 0570 18       		.uleb128 0x18
 970 0571 02000000 		.4byte	.LBB16
 971 0575 08000000 		.4byte	.LBE16
 972 0579 8D050000 		.4byte	0x58d
 973 057d 19       		.uleb128 0x19
 974 057e 746D7000 		.ascii	"tmp\000"
 975 0582 01       		.byte	0x1
 976 0583 66       		.byte	0x66
 977 0584 70000000 		.4byte	0x70
 978 0588 E3000000 		.4byte	.LLST6
 979 058c 00       		.byte	0
 980 058d 1F       		.uleb128 0x1f
 981 058e 60040000 		.4byte	0x460
 982 0592 16000000 		.4byte	.LBB17
 983 0596 1C000000 		.4byte	.LBE17
 984 059a 01       		.byte	0x1
 985 059b 69       		.byte	0x69
 986 059c BD050000 		.4byte	0x5bd
 987 05a0 20       		.uleb128 0x20
 988 05a1 71040000 		.4byte	0x471
 989 05a5 F6000000 		.4byte	.LLST7
 990 05a9 21       		.uleb128 0x21
 991 05aa 16000000 		.4byte	.LBB18
 992 05ae 1C000000 		.4byte	.LBE18
 993 05b2 22       		.uleb128 0x22
 994 05b3 7C040000 		.4byte	0x47c
 995 05b7 0B010000 		.4byte	.LLST8
 996 05bb 00       		.byte	0
 997 05bc 00       		.byte	0
 998 05bd 18       		.uleb128 0x18
 999 05be 20000000 		.4byte	.LBB19
 1000 05c2 26000000 		.4byte	.LBE19
 1001 05c6 DA050000 		.4byte	0x5da
 1002 05ca 19       		.uleb128 0x19
 1003 05cb 746D7000 		.ascii	"tmp\000"
 1004 05cf 01       		.byte	0x1
 1005 05d0 6B       		.byte	0x6b
 1006 05d1 70000000 		.4byte	0x70
 1007 05d5 1E010000 		.4byte	.LLST9
 1008 05d9 00       		.byte	0
 1009 05da 23       		.uleb128 0x23
 1010 05db 2E000000 		.4byte	.LVL20
 1011 05df 81060000 		.4byte	0x681
 1012 05e3 1D       		.uleb128 0x1d
 1013 05e4 01       		.byte	0x1
 1014 05e5 50       		.byte	0x50
 1015 05e6 01       		.byte	0x1
 1016 05e7 3C       		.byte	0x3c
 1017 05e8 00       		.byte	0
 1018 05e9 00       		.byte	0
 1019 05ea 24       		.uleb128 0x24
 1020 05eb 01       		.byte	0x1
 1021 05ec C9010000 		.4byte	.LASF69
 1022 05f0 01       		.byte	0x1
 1023 05f1 79       		.byte	0x79
 1024 05f2 01       		.byte	0x1
ARM GAS  C:\Users\LAB_ME~1\AppData\Local\Temp\cco9s1fe.s 			page 19


 1025 05f3 00000000 		.4byte	.LFB9
 1026 05f7 14000000 		.4byte	.LFE9
 1027 05fb 31010000 		.4byte	.LLST10
 1028 05ff 01       		.byte	0x1
 1029 0600 74060000 		.4byte	0x674
 1030 0604 16       		.uleb128 0x16
 1031 0605 747000   		.ascii	"tp\000"
 1032 0608 01       		.byte	0x1
 1033 0609 79       		.byte	0x79
 1034 060a 3D020000 		.4byte	0x23d
 1035 060e 51010000 		.4byte	.LLST11
 1036 0612 16       		.uleb128 0x16
 1037 0613 6D736700 		.ascii	"msg\000"
 1038 0617 01       		.byte	0x1
 1039 0618 79       		.byte	0x79
 1040 0619 C7000000 		.4byte	0xc7
 1041 061d 72010000 		.4byte	.LLST12
 1042 0621 18       		.uleb128 0x18
 1043 0622 02000000 		.4byte	.LBB20
 1044 0626 08000000 		.4byte	.LBE20
 1045 062a 3E060000 		.4byte	0x63e
 1046 062e 19       		.uleb128 0x19
 1047 062f 746D7000 		.ascii	"tmp\000"
 1048 0633 01       		.byte	0x1
 1049 0634 7B       		.byte	0x7b
 1050 0635 70000000 		.4byte	0x70
 1051 0639 93010000 		.4byte	.LLST13
 1052 063d 00       		.byte	0
 1053 063e 18       		.uleb128 0x18
 1054 063f 0C000000 		.4byte	.LBB21
 1055 0643 14000000 		.4byte	.LBE21
 1056 0647 5B060000 		.4byte	0x65b
 1057 064b 19       		.uleb128 0x19
 1058 064c 746D7000 		.ascii	"tmp\000"
 1059 0650 01       		.byte	0x1
 1060 0651 7F       		.byte	0x7f
 1061 0652 70000000 		.4byte	0x70
 1062 0656 A6010000 		.4byte	.LLST14
 1063 065a 00       		.byte	0
 1064 065b 23       		.uleb128 0x23
 1065 065c 0C000000 		.4byte	.LVL24
 1066 0660 AD060000 		.4byte	0x6ad
 1067 0664 1D       		.uleb128 0x1d
 1068 0665 01       		.byte	0x1
 1069 0666 51       		.byte	0x51
 1070 0667 03       		.byte	0x3
 1071 0668 F3       		.byte	0xf3
 1072 0669 01       		.uleb128 0x1
 1073 066a 51       		.byte	0x51
 1074 066b 1D       		.uleb128 0x1d
 1075 066c 01       		.byte	0x1
 1076 066d 50       		.byte	0x50
 1077 066e 03       		.byte	0x3
 1078 066f F3       		.byte	0xf3
 1079 0670 01       		.uleb128 0x1
 1080 0671 50       		.byte	0x50
 1081 0672 00       		.byte	0
ARM GAS  C:\Users\LAB_ME~1\AppData\Local\Temp\cco9s1fe.s 			page 20


 1082 0673 00       		.byte	0
 1083 0674 25       		.uleb128 0x25
 1084 0675 7A020000 		.4byte	.LASF70
 1085 0679 08       		.byte	0x8
 1086 067a 68       		.byte	0x68
 1087 067b 97030000 		.4byte	0x397
 1088 067f 01       		.byte	0x1
 1089 0680 01       		.byte	0x1
 1090 0681 26       		.uleb128 0x26
 1091 0682 01       		.byte	0x1
 1092 0683 D6010000 		.4byte	.LASF71
 1093 0687 08       		.byte	0x8
 1094 0688 8C       		.byte	0x8c
 1095 0689 01       		.byte	0x1
 1096 068a 01       		.byte	0x1
 1097 068b 95060000 		.4byte	0x695
 1098 068f 27       		.uleb128 0x27
 1099 0690 9B000000 		.4byte	0x9b
 1100 0694 00       		.byte	0
 1101 0695 28       		.uleb128 0x28
 1102 0696 01       		.byte	0x1
 1103 0697 00020000 		.4byte	.LASF72
 1104 069b 08       		.byte	0x8
 1105 069c 89       		.byte	0x89
 1106 069d 01       		.byte	0x1
 1107 069e 3D020000 		.4byte	0x23d
 1108 06a2 01       		.byte	0x1
 1109 06a3 AD060000 		.4byte	0x6ad
 1110 06a7 27       		.uleb128 0x27
 1111 06a8 3D020000 		.4byte	0x23d
 1112 06ac 00       		.byte	0
 1113 06ad 29       		.uleb128 0x29
 1114 06ae 01       		.byte	0x1
 1115 06af 52020000 		.4byte	.LASF73
 1116 06b3 08       		.byte	0x8
 1117 06b4 92       		.byte	0x92
 1118 06b5 01       		.byte	0x1
 1119 06b6 01       		.byte	0x1
 1120 06b7 27       		.uleb128 0x27
 1121 06b8 3D020000 		.4byte	0x23d
 1122 06bc 27       		.uleb128 0x27
 1123 06bd C7000000 		.4byte	0xc7
 1124 06c1 00       		.byte	0
 1125 06c2 00       		.byte	0
 1126              		.section	.debug_abbrev,"",%progbits
 1127              	.Ldebug_abbrev0:
 1128 0000 01       		.uleb128 0x1
 1129 0001 11       		.uleb128 0x11
 1130 0002 01       		.byte	0x1
 1131 0003 25       		.uleb128 0x25
 1132 0004 0E       		.uleb128 0xe
 1133 0005 13       		.uleb128 0x13
 1134 0006 0B       		.uleb128 0xb
 1135 0007 03       		.uleb128 0x3
 1136 0008 0E       		.uleb128 0xe
 1137 0009 1B       		.uleb128 0x1b
 1138 000a 0E       		.uleb128 0xe
ARM GAS  C:\Users\LAB_ME~1\AppData\Local\Temp\cco9s1fe.s 			page 21


 1139 000b 55       		.uleb128 0x55
 1140 000c 06       		.uleb128 0x6
 1141 000d 11       		.uleb128 0x11
 1142 000e 01       		.uleb128 0x1
 1143 000f 52       		.uleb128 0x52
 1144 0010 01       		.uleb128 0x1
 1145 0011 10       		.uleb128 0x10
 1146 0012 06       		.uleb128 0x6
 1147 0013 00       		.byte	0
 1148 0014 00       		.byte	0
 1149 0015 02       		.uleb128 0x2
 1150 0016 24       		.uleb128 0x24
 1151 0017 00       		.byte	0
 1152 0018 0B       		.uleb128 0xb
 1153 0019 0B       		.uleb128 0xb
 1154 001a 3E       		.uleb128 0x3e
 1155 001b 0B       		.uleb128 0xb
 1156 001c 03       		.uleb128 0x3
 1157 001d 08       		.uleb128 0x8
 1158 001e 00       		.byte	0
 1159 001f 00       		.byte	0
 1160 0020 03       		.uleb128 0x3
 1161 0021 24       		.uleb128 0x24
 1162 0022 00       		.byte	0
 1163 0023 0B       		.uleb128 0xb
 1164 0024 0B       		.uleb128 0xb
 1165 0025 3E       		.uleb128 0x3e
 1166 0026 0B       		.uleb128 0xb
 1167 0027 03       		.uleb128 0x3
 1168 0028 0E       		.uleb128 0xe
 1169 0029 00       		.byte	0
 1170 002a 00       		.byte	0
 1171 002b 04       		.uleb128 0x4
 1172 002c 16       		.uleb128 0x16
 1173 002d 00       		.byte	0
 1174 002e 03       		.uleb128 0x3
 1175 002f 0E       		.uleb128 0xe
 1176 0030 3A       		.uleb128 0x3a
 1177 0031 0B       		.uleb128 0xb
 1178 0032 3B       		.uleb128 0x3b
 1179 0033 0B       		.uleb128 0xb
 1180 0034 49       		.uleb128 0x49
 1181 0035 13       		.uleb128 0x13
 1182 0036 00       		.byte	0
 1183 0037 00       		.byte	0
 1184 0038 05       		.uleb128 0x5
 1185 0039 13       		.uleb128 0x13
 1186 003a 01       		.byte	0x1
 1187 003b 03       		.uleb128 0x3
 1188 003c 0E       		.uleb128 0xe
 1189 003d 0B       		.uleb128 0xb
 1190 003e 0B       		.uleb128 0xb
 1191 003f 3A       		.uleb128 0x3a
 1192 0040 0B       		.uleb128 0xb
 1193 0041 3B       		.uleb128 0x3b
 1194 0042 0B       		.uleb128 0xb
 1195 0043 01       		.uleb128 0x1
ARM GAS  C:\Users\LAB_ME~1\AppData\Local\Temp\cco9s1fe.s 			page 22


 1196 0044 13       		.uleb128 0x13
 1197 0045 00       		.byte	0
 1198 0046 00       		.byte	0
 1199 0047 06       		.uleb128 0x6
 1200 0048 0D       		.uleb128 0xd
 1201 0049 00       		.byte	0
 1202 004a 03       		.uleb128 0x3
 1203 004b 0E       		.uleb128 0xe
 1204 004c 3A       		.uleb128 0x3a
 1205 004d 0B       		.uleb128 0xb
 1206 004e 3B       		.uleb128 0x3b
 1207 004f 0B       		.uleb128 0xb
 1208 0050 49       		.uleb128 0x49
 1209 0051 13       		.uleb128 0x13
 1210 0052 38       		.uleb128 0x38
 1211 0053 0A       		.uleb128 0xa
 1212 0054 00       		.byte	0
 1213 0055 00       		.byte	0
 1214 0056 07       		.uleb128 0x7
 1215 0057 0D       		.uleb128 0xd
 1216 0058 00       		.byte	0
 1217 0059 03       		.uleb128 0x3
 1218 005a 08       		.uleb128 0x8
 1219 005b 3A       		.uleb128 0x3a
 1220 005c 0B       		.uleb128 0xb
 1221 005d 3B       		.uleb128 0x3b
 1222 005e 0B       		.uleb128 0xb
 1223 005f 49       		.uleb128 0x49
 1224 0060 13       		.uleb128 0x13
 1225 0061 38       		.uleb128 0x38
 1226 0062 0A       		.uleb128 0xa
 1227 0063 00       		.byte	0
 1228 0064 00       		.byte	0
 1229 0065 08       		.uleb128 0x8
 1230 0066 13       		.uleb128 0x13
 1231 0067 01       		.byte	0x1
 1232 0068 0B       		.uleb128 0xb
 1233 0069 0B       		.uleb128 0xb
 1234 006a 3A       		.uleb128 0x3a
 1235 006b 0B       		.uleb128 0xb
 1236 006c 3B       		.uleb128 0x3b
 1237 006d 0B       		.uleb128 0xb
 1238 006e 01       		.uleb128 0x1
 1239 006f 13       		.uleb128 0x13
 1240 0070 00       		.byte	0
 1241 0071 00       		.byte	0
 1242 0072 09       		.uleb128 0x9
 1243 0073 0F       		.uleb128 0xf
 1244 0074 00       		.byte	0
 1245 0075 0B       		.uleb128 0xb
 1246 0076 0B       		.uleb128 0xb
 1247 0077 49       		.uleb128 0x49
 1248 0078 13       		.uleb128 0x13
 1249 0079 00       		.byte	0
 1250 007a 00       		.byte	0
 1251 007b 0A       		.uleb128 0xa
 1252 007c 0F       		.uleb128 0xf
ARM GAS  C:\Users\LAB_ME~1\AppData\Local\Temp\cco9s1fe.s 			page 23


 1253 007d 00       		.byte	0
 1254 007e 0B       		.uleb128 0xb
 1255 007f 0B       		.uleb128 0xb
 1256 0080 00       		.byte	0
 1257 0081 00       		.byte	0
 1258 0082 0B       		.uleb128 0xb
 1259 0083 13       		.uleb128 0x13
 1260 0084 01       		.byte	0x1
 1261 0085 03       		.uleb128 0x3
 1262 0086 0E       		.uleb128 0xe
 1263 0087 0B       		.uleb128 0xb
 1264 0088 0B       		.uleb128 0xb
 1265 0089 3A       		.uleb128 0x3a
 1266 008a 0B       		.uleb128 0xb
 1267 008b 3B       		.uleb128 0x3b
 1268 008c 05       		.uleb128 0x5
 1269 008d 01       		.uleb128 0x1
 1270 008e 13       		.uleb128 0x13
 1271 008f 00       		.byte	0
 1272 0090 00       		.byte	0
 1273 0091 0C       		.uleb128 0xc
 1274 0092 0D       		.uleb128 0xd
 1275 0093 00       		.byte	0
 1276 0094 03       		.uleb128 0x3
 1277 0095 08       		.uleb128 0x8
 1278 0096 3A       		.uleb128 0x3a
 1279 0097 0B       		.uleb128 0xb
 1280 0098 3B       		.uleb128 0x3b
 1281 0099 05       		.uleb128 0x5
 1282 009a 49       		.uleb128 0x49
 1283 009b 13       		.uleb128 0x13
 1284 009c 38       		.uleb128 0x38
 1285 009d 0A       		.uleb128 0xa
 1286 009e 00       		.byte	0
 1287 009f 00       		.byte	0
 1288 00a0 0D       		.uleb128 0xd
 1289 00a1 35       		.uleb128 0x35
 1290 00a2 00       		.byte	0
 1291 00a3 49       		.uleb128 0x49
 1292 00a4 13       		.uleb128 0x13
 1293 00a5 00       		.byte	0
 1294 00a6 00       		.byte	0
 1295 00a7 0E       		.uleb128 0xe
 1296 00a8 17       		.uleb128 0x17
 1297 00a9 01       		.byte	0x1
 1298 00aa 0B       		.uleb128 0xb
 1299 00ab 0B       		.uleb128 0xb
 1300 00ac 3A       		.uleb128 0x3a
 1301 00ad 0B       		.uleb128 0xb
 1302 00ae 3B       		.uleb128 0x3b
 1303 00af 0B       		.uleb128 0xb
 1304 00b0 01       		.uleb128 0x1
 1305 00b1 13       		.uleb128 0x13
 1306 00b2 00       		.byte	0
 1307 00b3 00       		.byte	0
 1308 00b4 0F       		.uleb128 0xf
 1309 00b5 0D       		.uleb128 0xd
ARM GAS  C:\Users\LAB_ME~1\AppData\Local\Temp\cco9s1fe.s 			page 24


 1310 00b6 00       		.byte	0
 1311 00b7 03       		.uleb128 0x3
 1312 00b8 0E       		.uleb128 0xe
 1313 00b9 3A       		.uleb128 0x3a
 1314 00ba 0B       		.uleb128 0xb
 1315 00bb 3B       		.uleb128 0x3b
 1316 00bc 0B       		.uleb128 0xb
 1317 00bd 49       		.uleb128 0x49
 1318 00be 13       		.uleb128 0x13
 1319 00bf 00       		.byte	0
 1320 00c0 00       		.byte	0
 1321 00c1 10       		.uleb128 0x10
 1322 00c2 26       		.uleb128 0x26
 1323 00c3 00       		.byte	0
 1324 00c4 49       		.uleb128 0x49
 1325 00c5 13       		.uleb128 0x13
 1326 00c6 00       		.byte	0
 1327 00c7 00       		.byte	0
 1328 00c8 11       		.uleb128 0x11
 1329 00c9 2E       		.uleb128 0x2e
 1330 00ca 01       		.byte	0x1
 1331 00cb 03       		.uleb128 0x3
 1332 00cc 0E       		.uleb128 0xe
 1333 00cd 3A       		.uleb128 0x3a
 1334 00ce 0B       		.uleb128 0xb
 1335 00cf 3B       		.uleb128 0x3b
 1336 00d0 0B       		.uleb128 0xb
 1337 00d1 27       		.uleb128 0x27
 1338 00d2 0C       		.uleb128 0xc
 1339 00d3 20       		.uleb128 0x20
 1340 00d4 0B       		.uleb128 0xb
 1341 00d5 01       		.uleb128 0x1
 1342 00d6 13       		.uleb128 0x13
 1343 00d7 00       		.byte	0
 1344 00d8 00       		.byte	0
 1345 00d9 12       		.uleb128 0x12
 1346 00da 05       		.uleb128 0x5
 1347 00db 00       		.byte	0
 1348 00dc 03       		.uleb128 0x3
 1349 00dd 08       		.uleb128 0x8
 1350 00de 3A       		.uleb128 0x3a
 1351 00df 0B       		.uleb128 0xb
 1352 00e0 3B       		.uleb128 0x3b
 1353 00e1 0B       		.uleb128 0xb
 1354 00e2 49       		.uleb128 0x49
 1355 00e3 13       		.uleb128 0x13
 1356 00e4 00       		.byte	0
 1357 00e5 00       		.byte	0
 1358 00e6 13       		.uleb128 0x13
 1359 00e7 2E       		.uleb128 0x2e
 1360 00e8 01       		.byte	0x1
 1361 00e9 03       		.uleb128 0x3
 1362 00ea 0E       		.uleb128 0xe
 1363 00eb 3A       		.uleb128 0x3a
 1364 00ec 0B       		.uleb128 0xb
 1365 00ed 3B       		.uleb128 0x3b
 1366 00ee 0B       		.uleb128 0xb
ARM GAS  C:\Users\LAB_ME~1\AppData\Local\Temp\cco9s1fe.s 			page 25


 1367 00ef 27       		.uleb128 0x27
 1368 00f0 0C       		.uleb128 0xc
 1369 00f1 49       		.uleb128 0x49
 1370 00f2 13       		.uleb128 0x13
 1371 00f3 20       		.uleb128 0x20
 1372 00f4 0B       		.uleb128 0xb
 1373 00f5 01       		.uleb128 0x1
 1374 00f6 13       		.uleb128 0x13
 1375 00f7 00       		.byte	0
 1376 00f8 00       		.byte	0
 1377 00f9 14       		.uleb128 0x14
 1378 00fa 34       		.uleb128 0x34
 1379 00fb 00       		.byte	0
 1380 00fc 03       		.uleb128 0x3
 1381 00fd 08       		.uleb128 0x8
 1382 00fe 3A       		.uleb128 0x3a
 1383 00ff 0B       		.uleb128 0xb
 1384 0100 3B       		.uleb128 0x3b
 1385 0101 0B       		.uleb128 0xb
 1386 0102 49       		.uleb128 0x49
 1387 0103 13       		.uleb128 0x13
 1388 0104 00       		.byte	0
 1389 0105 00       		.byte	0
 1390 0106 15       		.uleb128 0x15
 1391 0107 2E       		.uleb128 0x2e
 1392 0108 01       		.byte	0x1
 1393 0109 3F       		.uleb128 0x3f
 1394 010a 0C       		.uleb128 0xc
 1395 010b 03       		.uleb128 0x3
 1396 010c 0E       		.uleb128 0xe
 1397 010d 3A       		.uleb128 0x3a
 1398 010e 0B       		.uleb128 0xb
 1399 010f 3B       		.uleb128 0x3b
 1400 0110 0B       		.uleb128 0xb
 1401 0111 27       		.uleb128 0x27
 1402 0112 0C       		.uleb128 0xc
 1403 0113 49       		.uleb128 0x49
 1404 0114 13       		.uleb128 0x13
 1405 0115 11       		.uleb128 0x11
 1406 0116 01       		.uleb128 0x1
 1407 0117 12       		.uleb128 0x12
 1408 0118 01       		.uleb128 0x1
 1409 0119 40       		.uleb128 0x40
 1410 011a 06       		.uleb128 0x6
 1411 011b 9742     		.uleb128 0x2117
 1412 011d 0C       		.uleb128 0xc
 1413 011e 01       		.uleb128 0x1
 1414 011f 13       		.uleb128 0x13
 1415 0120 00       		.byte	0
 1416 0121 00       		.byte	0
 1417 0122 16       		.uleb128 0x16
 1418 0123 05       		.uleb128 0x5
 1419 0124 00       		.byte	0
 1420 0125 03       		.uleb128 0x3
 1421 0126 08       		.uleb128 0x8
 1422 0127 3A       		.uleb128 0x3a
 1423 0128 0B       		.uleb128 0xb
ARM GAS  C:\Users\LAB_ME~1\AppData\Local\Temp\cco9s1fe.s 			page 26


 1424 0129 3B       		.uleb128 0x3b
 1425 012a 0B       		.uleb128 0xb
 1426 012b 49       		.uleb128 0x49
 1427 012c 13       		.uleb128 0x13
 1428 012d 02       		.uleb128 0x2
 1429 012e 06       		.uleb128 0x6
 1430 012f 00       		.byte	0
 1431 0130 00       		.byte	0
 1432 0131 17       		.uleb128 0x17
 1433 0132 34       		.uleb128 0x34
 1434 0133 00       		.byte	0
 1435 0134 03       		.uleb128 0x3
 1436 0135 08       		.uleb128 0x8
 1437 0136 3A       		.uleb128 0x3a
 1438 0137 0B       		.uleb128 0xb
 1439 0138 3B       		.uleb128 0x3b
 1440 0139 0B       		.uleb128 0xb
 1441 013a 49       		.uleb128 0x49
 1442 013b 13       		.uleb128 0x13
 1443 013c 02       		.uleb128 0x2
 1444 013d 0A       		.uleb128 0xa
 1445 013e 00       		.byte	0
 1446 013f 00       		.byte	0
 1447 0140 18       		.uleb128 0x18
 1448 0141 0B       		.uleb128 0xb
 1449 0142 01       		.byte	0x1
 1450 0143 11       		.uleb128 0x11
 1451 0144 01       		.uleb128 0x1
 1452 0145 12       		.uleb128 0x12
 1453 0146 01       		.uleb128 0x1
 1454 0147 01       		.uleb128 0x1
 1455 0148 13       		.uleb128 0x13
 1456 0149 00       		.byte	0
 1457 014a 00       		.byte	0
 1458 014b 19       		.uleb128 0x19
 1459 014c 34       		.uleb128 0x34
 1460 014d 00       		.byte	0
 1461 014e 03       		.uleb128 0x3
 1462 014f 08       		.uleb128 0x8
 1463 0150 3A       		.uleb128 0x3a
 1464 0151 0B       		.uleb128 0xb
 1465 0152 3B       		.uleb128 0x3b
 1466 0153 0B       		.uleb128 0xb
 1467 0154 49       		.uleb128 0x49
 1468 0155 13       		.uleb128 0x13
 1469 0156 02       		.uleb128 0x2
 1470 0157 06       		.uleb128 0x6
 1471 0158 00       		.byte	0
 1472 0159 00       		.byte	0
 1473 015a 1A       		.uleb128 0x1a
 1474 015b 1D       		.uleb128 0x1d
 1475 015c 01       		.byte	0x1
 1476 015d 31       		.uleb128 0x31
 1477 015e 13       		.uleb128 0x13
 1478 015f 52       		.uleb128 0x52
 1479 0160 01       		.uleb128 0x1
 1480 0161 55       		.uleb128 0x55
ARM GAS  C:\Users\LAB_ME~1\AppData\Local\Temp\cco9s1fe.s 			page 27


 1481 0162 06       		.uleb128 0x6
 1482 0163 58       		.uleb128 0x58
 1483 0164 0B       		.uleb128 0xb
 1484 0165 59       		.uleb128 0x59
 1485 0166 0B       		.uleb128 0xb
 1486 0167 01       		.uleb128 0x1
 1487 0168 13       		.uleb128 0x13
 1488 0169 00       		.byte	0
 1489 016a 00       		.byte	0
 1490 016b 1B       		.uleb128 0x1b
 1491 016c 05       		.uleb128 0x5
 1492 016d 00       		.byte	0
 1493 016e 31       		.uleb128 0x31
 1494 016f 13       		.uleb128 0x13
 1495 0170 02       		.uleb128 0x2
 1496 0171 0A       		.uleb128 0xa
 1497 0172 00       		.byte	0
 1498 0173 00       		.byte	0
 1499 0174 1C       		.uleb128 0x1c
 1500 0175 898201   		.uleb128 0x4109
 1501 0178 01       		.byte	0x1
 1502 0179 11       		.uleb128 0x11
 1503 017a 01       		.uleb128 0x1
 1504 017b 31       		.uleb128 0x31
 1505 017c 13       		.uleb128 0x13
 1506 017d 01       		.uleb128 0x1
 1507 017e 13       		.uleb128 0x13
 1508 017f 00       		.byte	0
 1509 0180 00       		.byte	0
 1510 0181 1D       		.uleb128 0x1d
 1511 0182 8A8201   		.uleb128 0x410a
 1512 0185 00       		.byte	0
 1513 0186 02       		.uleb128 0x2
 1514 0187 0A       		.uleb128 0xa
 1515 0188 9142     		.uleb128 0x2111
 1516 018a 0A       		.uleb128 0xa
 1517 018b 00       		.byte	0
 1518 018c 00       		.byte	0
 1519 018d 1E       		.uleb128 0x1e
 1520 018e 898201   		.uleb128 0x4109
 1521 0191 00       		.byte	0
 1522 0192 11       		.uleb128 0x11
 1523 0193 01       		.uleb128 0x1
 1524 0194 31       		.uleb128 0x31
 1525 0195 13       		.uleb128 0x13
 1526 0196 00       		.byte	0
 1527 0197 00       		.byte	0
 1528 0198 1F       		.uleb128 0x1f
 1529 0199 1D       		.uleb128 0x1d
 1530 019a 01       		.byte	0x1
 1531 019b 31       		.uleb128 0x31
 1532 019c 13       		.uleb128 0x13
 1533 019d 11       		.uleb128 0x11
 1534 019e 01       		.uleb128 0x1
 1535 019f 12       		.uleb128 0x12
 1536 01a0 01       		.uleb128 0x1
 1537 01a1 58       		.uleb128 0x58
ARM GAS  C:\Users\LAB_ME~1\AppData\Local\Temp\cco9s1fe.s 			page 28


 1538 01a2 0B       		.uleb128 0xb
 1539 01a3 59       		.uleb128 0x59
 1540 01a4 0B       		.uleb128 0xb
 1541 01a5 01       		.uleb128 0x1
 1542 01a6 13       		.uleb128 0x13
 1543 01a7 00       		.byte	0
 1544 01a8 00       		.byte	0
 1545 01a9 20       		.uleb128 0x20
 1546 01aa 05       		.uleb128 0x5
 1547 01ab 00       		.byte	0
 1548 01ac 31       		.uleb128 0x31
 1549 01ad 13       		.uleb128 0x13
 1550 01ae 02       		.uleb128 0x2
 1551 01af 06       		.uleb128 0x6
 1552 01b0 00       		.byte	0
 1553 01b1 00       		.byte	0
 1554 01b2 21       		.uleb128 0x21
 1555 01b3 0B       		.uleb128 0xb
 1556 01b4 01       		.byte	0x1
 1557 01b5 11       		.uleb128 0x11
 1558 01b6 01       		.uleb128 0x1
 1559 01b7 12       		.uleb128 0x12
 1560 01b8 01       		.uleb128 0x1
 1561 01b9 00       		.byte	0
 1562 01ba 00       		.byte	0
 1563 01bb 22       		.uleb128 0x22
 1564 01bc 34       		.uleb128 0x34
 1565 01bd 00       		.byte	0
 1566 01be 31       		.uleb128 0x31
 1567 01bf 13       		.uleb128 0x13
 1568 01c0 02       		.uleb128 0x2
 1569 01c1 06       		.uleb128 0x6
 1570 01c2 00       		.byte	0
 1571 01c3 00       		.byte	0
 1572 01c4 23       		.uleb128 0x23
 1573 01c5 898201   		.uleb128 0x4109
 1574 01c8 01       		.byte	0x1
 1575 01c9 11       		.uleb128 0x11
 1576 01ca 01       		.uleb128 0x1
 1577 01cb 31       		.uleb128 0x31
 1578 01cc 13       		.uleb128 0x13
 1579 01cd 00       		.byte	0
 1580 01ce 00       		.byte	0
 1581 01cf 24       		.uleb128 0x24
 1582 01d0 2E       		.uleb128 0x2e
 1583 01d1 01       		.byte	0x1
 1584 01d2 3F       		.uleb128 0x3f
 1585 01d3 0C       		.uleb128 0xc
 1586 01d4 03       		.uleb128 0x3
 1587 01d5 0E       		.uleb128 0xe
 1588 01d6 3A       		.uleb128 0x3a
 1589 01d7 0B       		.uleb128 0xb
 1590 01d8 3B       		.uleb128 0x3b
 1591 01d9 0B       		.uleb128 0xb
 1592 01da 27       		.uleb128 0x27
 1593 01db 0C       		.uleb128 0xc
 1594 01dc 11       		.uleb128 0x11
ARM GAS  C:\Users\LAB_ME~1\AppData\Local\Temp\cco9s1fe.s 			page 29


 1595 01dd 01       		.uleb128 0x1
 1596 01de 12       		.uleb128 0x12
 1597 01df 01       		.uleb128 0x1
 1598 01e0 40       		.uleb128 0x40
 1599 01e1 06       		.uleb128 0x6
 1600 01e2 9742     		.uleb128 0x2117
 1601 01e4 0C       		.uleb128 0xc
 1602 01e5 01       		.uleb128 0x1
 1603 01e6 13       		.uleb128 0x13
 1604 01e7 00       		.byte	0
 1605 01e8 00       		.byte	0
 1606 01e9 25       		.uleb128 0x25
 1607 01ea 34       		.uleb128 0x34
 1608 01eb 00       		.byte	0
 1609 01ec 03       		.uleb128 0x3
 1610 01ed 0E       		.uleb128 0xe
 1611 01ee 3A       		.uleb128 0x3a
 1612 01ef 0B       		.uleb128 0xb
 1613 01f0 3B       		.uleb128 0x3b
 1614 01f1 0B       		.uleb128 0xb
 1615 01f2 49       		.uleb128 0x49
 1616 01f3 13       		.uleb128 0x13
 1617 01f4 3F       		.uleb128 0x3f
 1618 01f5 0C       		.uleb128 0xc
 1619 01f6 3C       		.uleb128 0x3c
 1620 01f7 0C       		.uleb128 0xc
 1621 01f8 00       		.byte	0
 1622 01f9 00       		.byte	0
 1623 01fa 26       		.uleb128 0x26
 1624 01fb 2E       		.uleb128 0x2e
 1625 01fc 01       		.byte	0x1
 1626 01fd 3F       		.uleb128 0x3f
 1627 01fe 0C       		.uleb128 0xc
 1628 01ff 03       		.uleb128 0x3
 1629 0200 0E       		.uleb128 0xe
 1630 0201 3A       		.uleb128 0x3a
 1631 0202 0B       		.uleb128 0xb
 1632 0203 3B       		.uleb128 0x3b
 1633 0204 0B       		.uleb128 0xb
 1634 0205 27       		.uleb128 0x27
 1635 0206 0C       		.uleb128 0xc
 1636 0207 3C       		.uleb128 0x3c
 1637 0208 0C       		.uleb128 0xc
 1638 0209 01       		.uleb128 0x1
 1639 020a 13       		.uleb128 0x13
 1640 020b 00       		.byte	0
 1641 020c 00       		.byte	0
 1642 020d 27       		.uleb128 0x27
 1643 020e 05       		.uleb128 0x5
 1644 020f 00       		.byte	0
 1645 0210 49       		.uleb128 0x49
 1646 0211 13       		.uleb128 0x13
 1647 0212 00       		.byte	0
 1648 0213 00       		.byte	0
 1649 0214 28       		.uleb128 0x28
 1650 0215 2E       		.uleb128 0x2e
 1651 0216 01       		.byte	0x1
ARM GAS  C:\Users\LAB_ME~1\AppData\Local\Temp\cco9s1fe.s 			page 30


 1652 0217 3F       		.uleb128 0x3f
 1653 0218 0C       		.uleb128 0xc
 1654 0219 03       		.uleb128 0x3
 1655 021a 0E       		.uleb128 0xe
 1656 021b 3A       		.uleb128 0x3a
 1657 021c 0B       		.uleb128 0xb
 1658 021d 3B       		.uleb128 0x3b
 1659 021e 0B       		.uleb128 0xb
 1660 021f 27       		.uleb128 0x27
 1661 0220 0C       		.uleb128 0xc
 1662 0221 49       		.uleb128 0x49
 1663 0222 13       		.uleb128 0x13
 1664 0223 3C       		.uleb128 0x3c
 1665 0224 0C       		.uleb128 0xc
 1666 0225 01       		.uleb128 0x1
 1667 0226 13       		.uleb128 0x13
 1668 0227 00       		.byte	0
 1669 0228 00       		.byte	0
 1670 0229 29       		.uleb128 0x29
 1671 022a 2E       		.uleb128 0x2e
 1672 022b 01       		.byte	0x1
 1673 022c 3F       		.uleb128 0x3f
 1674 022d 0C       		.uleb128 0xc
 1675 022e 03       		.uleb128 0x3
 1676 022f 0E       		.uleb128 0xe
 1677 0230 3A       		.uleb128 0x3a
 1678 0231 0B       		.uleb128 0xb
 1679 0232 3B       		.uleb128 0x3b
 1680 0233 0B       		.uleb128 0xb
 1681 0234 27       		.uleb128 0x27
 1682 0235 0C       		.uleb128 0xc
 1683 0236 3C       		.uleb128 0x3c
 1684 0237 0C       		.uleb128 0xc
 1685 0238 00       		.byte	0
 1686 0239 00       		.byte	0
 1687 023a 00       		.byte	0
 1688              		.section	.debug_loc,"",%progbits
 1689              	.Ldebug_loc0:
 1690              	.LLST0:
 1691 0000 00000000 		.4byte	.LFB7
 1692 0004 02000000 		.4byte	.LCFI0
 1693 0008 0200     		.2byte	0x2
 1694 000a 7D       		.byte	0x7d
 1695 000b 00       		.sleb128 0
 1696 000c 02000000 		.4byte	.LCFI0
 1697 0010 40000000 		.4byte	.LFE7
 1698 0014 0200     		.2byte	0x2
 1699 0016 7D       		.byte	0x7d
 1700 0017 10       		.sleb128 16
 1701 0018 00000000 		.4byte	0
 1702 001c 00000000 		.4byte	0
 1703              	.LLST1:
 1704 0020 00000000 		.4byte	.LVL0
 1705 0024 24000000 		.4byte	.LVL6
 1706 0028 0100     		.2byte	0x1
 1707 002a 50       		.byte	0x50
 1708 002b 24000000 		.4byte	.LVL6
ARM GAS  C:\Users\LAB_ME~1\AppData\Local\Temp\cco9s1fe.s 			page 31


 1709 002f 34000000 		.4byte	.LVL11
 1710 0033 0300     		.2byte	0x3
 1711 0035 75       		.byte	0x75
 1712 0036 54       		.sleb128 -44
 1713 0037 9F       		.byte	0x9f
 1714 0038 34000000 		.4byte	.LVL11
 1715 003c 37000000 		.4byte	.LVL12-1
 1716 0040 0100     		.2byte	0x1
 1717 0042 50       		.byte	0x50
 1718 0043 37000000 		.4byte	.LVL12-1
 1719 0047 40000000 		.4byte	.LFE7
 1720 004b 0300     		.2byte	0x3
 1721 004d 75       		.byte	0x75
 1722 004e 54       		.sleb128 -44
 1723 004f 9F       		.byte	0x9f
 1724 0050 00000000 		.4byte	0
 1725 0054 00000000 		.4byte	0
 1726              	.LLST2:
 1727 0058 00000000 		.4byte	.LVL0
 1728 005c 24000000 		.4byte	.LVL6
 1729 0060 0100     		.2byte	0x1
 1730 0062 51       		.byte	0x51
 1731 0063 24000000 		.4byte	.LVL6
 1732 0067 2C000000 		.4byte	.LVL8
 1733 006b 0400     		.2byte	0x4
 1734 006d F3       		.byte	0xf3
 1735 006e 01       		.uleb128 0x1
 1736 006f 51       		.byte	0x51
 1737 0070 9F       		.byte	0x9f
 1738 0071 2C000000 		.4byte	.LVL8
 1739 0075 34000000 		.4byte	.LVL11
 1740 0079 0100     		.2byte	0x1
 1741 007b 50       		.byte	0x50
 1742 007c 34000000 		.4byte	.LVL11
 1743 0080 37000000 		.4byte	.LVL12-1
 1744 0084 0100     		.2byte	0x1
 1745 0086 51       		.byte	0x51
 1746 0087 37000000 		.4byte	.LVL12-1
 1747 008b 40000000 		.4byte	.LFE7
 1748 008f 0400     		.2byte	0x4
 1749 0091 F3       		.byte	0xf3
 1750 0092 01       		.uleb128 0x1
 1751 0093 51       		.byte	0x51
 1752 0094 9F       		.byte	0x9f
 1753 0095 00000000 		.4byte	0
 1754 0099 00000000 		.4byte	0
 1755              	.LLST3:
 1756 009d 0C000000 		.4byte	.LVL3
 1757 00a1 16000000 		.4byte	.LVL5
 1758 00a5 0100     		.2byte	0x1
 1759 00a7 53       		.byte	0x53
 1760 00a8 00000000 		.4byte	0
 1761 00ac 00000000 		.4byte	0
 1762              	.LLST4:
 1763 00b0 32000000 		.4byte	.LVL10
 1764 00b4 34000000 		.4byte	.LVL11
 1765 00b8 0100     		.2byte	0x1
ARM GAS  C:\Users\LAB_ME~1\AppData\Local\Temp\cco9s1fe.s 			page 32


 1766 00ba 53       		.byte	0x53
 1767 00bb 00000000 		.4byte	0
 1768 00bf 00000000 		.4byte	0
 1769              	.LLST5:
 1770 00c3 00000000 		.4byte	.LFB8
 1771 00c7 02000000 		.4byte	.LCFI1
 1772 00cb 0200     		.2byte	0x2
 1773 00cd 7D       		.byte	0x7d
 1774 00ce 00       		.sleb128 0
 1775 00cf 02000000 		.4byte	.LCFI1
 1776 00d3 3C000000 		.4byte	.LFE8
 1777 00d7 0200     		.2byte	0x2
 1778 00d9 7D       		.byte	0x7d
 1779 00da 08       		.sleb128 8
 1780 00db 00000000 		.4byte	0
 1781 00df 00000000 		.4byte	0
 1782              	.LLST6:
 1783 00e3 08000000 		.4byte	.LVL14
 1784 00e7 0C000000 		.4byte	.LVL15
 1785 00eb 0100     		.2byte	0x1
 1786 00ed 53       		.byte	0x53
 1787 00ee 00000000 		.4byte	0
 1788 00f2 00000000 		.4byte	0
 1789              	.LLST7:
 1790 00f6 16000000 		.4byte	.LVL16
 1791 00fa 22000000 		.4byte	.LVL17
 1792 00fe 0300     		.2byte	0x3
 1793 0100 73       		.byte	0x73
 1794 0101 2C       		.sleb128 44
 1795 0102 9F       		.byte	0x9f
 1796 0103 00000000 		.4byte	0
 1797 0107 00000000 		.4byte	0
 1798              	.LLST8:
 1799 010b 16000000 		.4byte	.LVL16
 1800 010f 28000000 		.4byte	.LVL19
 1801 0113 0100     		.2byte	0x1
 1802 0115 50       		.byte	0x50
 1803 0116 00000000 		.4byte	0
 1804 011a 00000000 		.4byte	0
 1805              	.LLST9:
 1806 011e 26000000 		.4byte	.LVL18
 1807 0122 28000000 		.4byte	.LVL19
 1808 0126 0100     		.2byte	0x1
 1809 0128 53       		.byte	0x53
 1810 0129 00000000 		.4byte	0
 1811 012d 00000000 		.4byte	0
 1812              	.LLST10:
 1813 0131 00000000 		.4byte	.LFB9
 1814 0135 02000000 		.4byte	.LCFI2
 1815 0139 0200     		.2byte	0x2
 1816 013b 7D       		.byte	0x7d
 1817 013c 00       		.sleb128 0
 1818 013d 02000000 		.4byte	.LCFI2
 1819 0141 14000000 		.4byte	.LFE9
 1820 0145 0200     		.2byte	0x2
 1821 0147 7D       		.byte	0x7d
 1822 0148 08       		.sleb128 8
ARM GAS  C:\Users\LAB_ME~1\AppData\Local\Temp\cco9s1fe.s 			page 33


 1823 0149 00000000 		.4byte	0
 1824 014d 00000000 		.4byte	0
 1825              	.LLST11:
 1826 0151 00000000 		.4byte	.LVL21
 1827 0155 0B000000 		.4byte	.LVL24-1
 1828 0159 0100     		.2byte	0x1
 1829 015b 50       		.byte	0x50
 1830 015c 0B000000 		.4byte	.LVL24-1
 1831 0160 14000000 		.4byte	.LFE9
 1832 0164 0400     		.2byte	0x4
 1833 0166 F3       		.byte	0xf3
 1834 0167 01       		.uleb128 0x1
 1835 0168 50       		.byte	0x50
 1836 0169 9F       		.byte	0x9f
 1837 016a 00000000 		.4byte	0
 1838 016e 00000000 		.4byte	0
 1839              	.LLST12:
 1840 0172 00000000 		.4byte	.LVL21
 1841 0176 0B000000 		.4byte	.LVL24-1
 1842 017a 0100     		.2byte	0x1
 1843 017c 51       		.byte	0x51
 1844 017d 0B000000 		.4byte	.LVL24-1
 1845 0181 14000000 		.4byte	.LFE9
 1846 0185 0400     		.2byte	0x4
 1847 0187 F3       		.byte	0xf3
 1848 0188 01       		.uleb128 0x1
 1849 0189 51       		.byte	0x51
 1850 018a 9F       		.byte	0x9f
 1851 018b 00000000 		.4byte	0
 1852 018f 00000000 		.4byte	0
 1853              	.LLST13:
 1854 0193 08000000 		.4byte	.LVL23
 1855 0197 0B000000 		.4byte	.LVL24-1
 1856 019b 0100     		.2byte	0x1
 1857 019d 53       		.byte	0x53
 1858 019e 00000000 		.4byte	0
 1859 01a2 00000000 		.4byte	0
 1860              	.LLST14:
 1861 01a6 12000000 		.4byte	.LVL26
 1862 01aa 14000000 		.4byte	.LFE9
 1863 01ae 0100     		.2byte	0x1
 1864 01b0 53       		.byte	0x53
 1865 01b1 00000000 		.4byte	0
 1866 01b5 00000000 		.4byte	0
 1867              		.section	.debug_aranges,"",%progbits
 1868 0000 2C000000 		.4byte	0x2c
 1869 0004 0200     		.2byte	0x2
 1870 0006 00000000 		.4byte	.Ldebug_info0
 1871 000a 04       		.byte	0x4
 1872 000b 00       		.byte	0
 1873 000c 0000     		.2byte	0
 1874 000e 0000     		.2byte	0
 1875 0010 00000000 		.4byte	.LFB7
 1876 0014 40000000 		.4byte	.LFE7-.LFB7
 1877 0018 00000000 		.4byte	.LFB8
 1878 001c 3C000000 		.4byte	.LFE8-.LFB8
 1879 0020 00000000 		.4byte	.LFB9
ARM GAS  C:\Users\LAB_ME~1\AppData\Local\Temp\cco9s1fe.s 			page 34


 1880 0024 14000000 		.4byte	.LFE9-.LFB9
 1881 0028 00000000 		.4byte	0
 1882 002c 00000000 		.4byte	0
 1883              		.section	.debug_ranges,"",%progbits
 1884              	.Ldebug_ranges0:
 1885 0000 14000000 		.4byte	.LBB11
 1886 0004 18000000 		.4byte	.LBE11
 1887 0008 1C000000 		.4byte	.LBB14
 1888 000c 22000000 		.4byte	.LBE14
 1889 0010 00000000 		.4byte	0
 1890 0014 00000000 		.4byte	0
 1891 0018 00000000 		.4byte	.LFB7
 1892 001c 40000000 		.4byte	.LFE7
 1893 0020 00000000 		.4byte	.LFB8
 1894 0024 3C000000 		.4byte	.LFE8
 1895 0028 00000000 		.4byte	.LFB9
 1896 002c 14000000 		.4byte	.LFE9
 1897 0030 00000000 		.4byte	0
 1898 0034 00000000 		.4byte	0
 1899              		.section	.debug_line,"",%progbits
 1900              	.Ldebug_line0:
 1901 0000 C4010000 		.section	.debug_str,"MS",%progbits,1
 1901      02005C01 
 1901      00000201 
 1901      FB0E0D00 
 1901      01010101 
 1902              	.LASF35:
 1903 0000 705F6D73 		.ascii	"p_msg\000"
 1903      6700
 1904              	.LASF67:
 1905 0006 71756575 		.ascii	"queue_insert\000"
 1905      655F696E 
 1905      73657274 
 1905      00
 1906              	.LASF57:
 1907 0013 7264796D 		.ascii	"rdymsg\000"
 1907      736700
 1908              	.LASF11:
 1909 001a 6C6F6E67 		.ascii	"long long unsigned int\000"
 1909      206C6F6E 
 1909      6720756E 
 1909      7369676E 
 1909      65642069 
 1910              	.LASF58:
 1911 0031 65786974 		.ascii	"exitcode\000"
 1911      636F6465 
 1911      00
 1912              	.LASF23:
 1913 003a 705F7072 		.ascii	"p_prio\000"
 1913      696F00
 1914              	.LASF10:
 1915 0041 6C6F6E67 		.ascii	"long long int\000"
 1915      206C6F6E 
 1915      6720696E 
 1915      7400
 1916              	.LASF1:
 1917 004f 7369676E 		.ascii	"signed char\000"
ARM GAS  C:\Users\LAB_ME~1\AppData\Local\Temp\cco9s1fe.s 			page 35


 1917      65642063 
 1917      68617200 
 1918              	.LASF39:
 1919 005b 705F6D70 		.ascii	"p_mpool\000"
 1919      6F6F6C00 
 1920              	.LASF54:
 1921 0063 6D5F7175 		.ascii	"m_queue\000"
 1921      65756500 
 1922              	.LASF15:
 1923 006b 74736C69 		.ascii	"tslices_t\000"
 1923      6365735F 
 1923      7400
 1924              	.LASF7:
 1925 0075 6C6F6E67 		.ascii	"long int\000"
 1925      20696E74 
 1925      00
 1926              	.LASF62:
 1927 007e 63684D73 		.ascii	"chMsgSend\000"
 1927      6753656E 
 1927      6400
 1928              	.LASF13:
 1929 0088 74737461 		.ascii	"tstate_t\000"
 1929      74655F74 
 1929      00
 1930              	.LASF25:
 1931 0091 705F6E65 		.ascii	"p_newer\000"
 1931      77657200 
 1932              	.LASF49:
 1933 0099 725F6E65 		.ascii	"r_newer\000"
 1933      77657200 
 1934              	.LASF42:
 1935 00a1 72656761 		.ascii	"regarm_t\000"
 1935      726D5F74 
 1935      00
 1936              	.LASF0:
 1937 00aa 756E7369 		.ascii	"unsigned int\000"
 1937      676E6564 
 1937      20696E74 
 1937      00
 1938              	.LASF9:
 1939 00b7 6C6F6E67 		.ascii	"long unsigned int\000"
 1939      20756E73 
 1939      69676E65 
 1939      6420696E 
 1939      7400
 1940              	.LASF44:
 1941 00c9 636F6E74 		.ascii	"context\000"
 1941      65787400 
 1942              	.LASF4:
 1943 00d1 73686F72 		.ascii	"short unsigned int\000"
 1943      7420756E 
 1943      7369676E 
 1943      65642069 
 1943      6E7400
 1944              	.LASF17:
 1945 00e4 6D73675F 		.ascii	"msg_t\000"
 1945      7400
ARM GAS  C:\Users\LAB_ME~1\AppData\Local\Temp\cco9s1fe.s 			page 36


 1946              	.LASF12:
 1947 00ea 746D6F64 		.ascii	"tmode_t\000"
 1947      655F7400 
 1948              	.LASF41:
 1949 00f2 54687265 		.ascii	"ThreadsList\000"
 1949      6164734C 
 1949      69737400 
 1950              	.LASF18:
 1951 00fe 6576656E 		.ascii	"eventmask_t\000"
 1951      746D6173 
 1951      6B5F7400 
 1952              	.LASF53:
 1953 010a 4D757465 		.ascii	"Mutex\000"
 1953      7800
 1954              	.LASF45:
 1955 0110 73697A65 		.ascii	"sizetype\000"
 1955      74797065 
 1955      00
 1956              	.LASF26:
 1957 0119 705F6F6C 		.ascii	"p_older\000"
 1957      64657200 
 1958              	.LASF48:
 1959 0121 725F6374 		.ascii	"r_ctx\000"
 1959      7800
 1960              	.LASF40:
 1961 0127 54687265 		.ascii	"ThreadsQueue\000"
 1961      61647351 
 1961      75657565 
 1961      00
 1962              	.LASF64:
 1963 0134 474E5520 		.ascii	"GNU C 4.7.2\000"
 1963      4320342E 
 1963      372E3200 
 1964              	.LASF51:
 1965 0140 725F6375 		.ascii	"r_current\000"
 1965      7272656E 
 1965      7400
 1966              	.LASF50:
 1967 014a 725F6F6C 		.ascii	"r_older\000"
 1967      64657200 
 1968              	.LASF14:
 1969 0152 74726566 		.ascii	"trefs_t\000"
 1969      735F7400 
 1970              	.LASF22:
 1971 015a 705F7072 		.ascii	"p_prev\000"
 1971      657600
 1972              	.LASF16:
 1973 0161 74707269 		.ascii	"tprio_t\000"
 1973      6F5F7400 
 1974              	.LASF6:
 1975 0169 696E7433 		.ascii	"int32_t\000"
 1975      325F7400 
 1976              	.LASF2:
 1977 0171 756E7369 		.ascii	"unsigned char\000"
 1977      676E6564 
 1977      20636861 
 1977      7200
ARM GAS  C:\Users\LAB_ME~1\AppData\Local\Temp\cco9s1fe.s 			page 37


 1978              	.LASF37:
 1979 017f 705F6D74 		.ascii	"p_mtxlist\000"
 1979      786C6973 
 1979      7400
 1980              	.LASF3:
 1981 0189 73686F72 		.ascii	"short int\000"
 1981      7420696E 
 1981      7400
 1982              	.LASF28:
 1983 0193 705F7374 		.ascii	"p_state\000"
 1983      61746500 
 1984              	.LASF31:
 1985 019b 705F7072 		.ascii	"p_preempt\000"
 1985      65656D70 
 1985      7400
 1986              	.LASF47:
 1987 01a5 725F7072 		.ascii	"r_prio\000"
 1987      696F00
 1988              	.LASF60:
 1989 01ac 65776D61 		.ascii	"ewmask\000"
 1989      736B00
 1990              	.LASF21:
 1991 01b3 705F6E65 		.ascii	"p_next\000"
 1991      787400
 1992              	.LASF29:
 1993 01ba 705F666C 		.ascii	"p_flags\000"
 1993      61677300 
 1994              	.LASF20:
 1995 01c2 54687265 		.ascii	"Thread\000"
 1995      616400
 1996              	.LASF69:
 1997 01c9 63684D73 		.ascii	"chMsgRelease\000"
 1997      6752656C 
 1997      65617365 
 1997      00
 1998              	.LASF71:
 1999 01d6 63685363 		.ascii	"chSchGoSleepS\000"
 1999      68476F53 
 1999      6C656570 
 1999      5300
 2000              	.LASF36:
 2001 01e4 705F6570 		.ascii	"p_epending\000"
 2001      656E6469 
 2001      6E6700
 2002              	.LASF8:
 2003 01ef 75696E74 		.ascii	"uint32_t\000"
 2003      33325F74 
 2003      00
 2004              	.LASF46:
 2005 01f8 725F7175 		.ascii	"r_queue\000"
 2005      65756500 
 2006              	.LASF72:
 2007 0200 63685363 		.ascii	"chSchReadyI\000"
 2007      68526561 
 2007      64794900 
 2008              	.LASF61:
 2009 020c 63686172 		.ascii	"char\000"
ARM GAS  C:\Users\LAB_ME~1\AppData\Local\Temp\cco9s1fe.s 			page 38


 2009      00
 2010              	.LASF68:
 2011 0211 6669666F 		.ascii	"fifo_remove\000"
 2011      5F72656D 
 2011      6F766500 
 2012              	.LASF56:
 2013 021d 6D5F6E65 		.ascii	"m_next\000"
 2013      787400
 2014              	.LASF19:
 2015 0224 73797374 		.ascii	"systime_t\000"
 2015      696D655F 
 2015      7400
 2016              	.LASF38:
 2017 022e 705F7265 		.ascii	"p_realprio\000"
 2017      616C7072 
 2017      696F00
 2018              	.LASF32:
 2019 0239 705F7469 		.ascii	"p_time\000"
 2019      6D6500
 2020              	.LASF43:
 2021 0240 696E7463 		.ascii	"intctx\000"
 2021      747800
 2022              	.LASF34:
 2023 0247 705F6D73 		.ascii	"p_msgqueue\000"
 2023      67717565 
 2023      756500
 2024              	.LASF73:
 2025 0252 63685363 		.ascii	"chSchWakeupS\000"
 2025      6857616B 
 2025      65757053 
 2025      00
 2026              	.LASF63:
 2027 025f 63684D73 		.ascii	"chMsgWait\000"
 2027      67576169 
 2027      7400
 2028              	.LASF30:
 2029 0269 705F7265 		.ascii	"p_refs\000"
 2029      667300
 2030              	.LASF52:
 2031 0270 52656164 		.ascii	"ReadyList\000"
 2031      794C6973 
 2031      7400
 2032              	.LASF70:
 2033 027a 726C6973 		.ascii	"rlist\000"
 2033      7400
 2034              	.LASF5:
 2035 0280 75696E74 		.ascii	"uint8_t\000"
 2035      385F7400 
 2036              	.LASF59:
 2037 0288 77746F62 		.ascii	"wtobjp\000"
 2037      6A7000
 2038              	.LASF27:
 2039 028f 705F6E61 		.ascii	"p_name\000"
 2039      6D6500
 2040              	.LASF65:
 2041 0296 2E2E2F2E 		.ascii	"../../os/kernel/src/chmsg.c\000"
 2041      2E2F6F73 
ARM GAS  C:\Users\LAB_ME~1\AppData\Local\Temp\cco9s1fe.s 			page 39


 2041      2F6B6572 
 2041      6E656C2F 
 2041      7372632F 
 2042              	.LASF55:
 2043 02b2 6D5F6F77 		.ascii	"m_owner\000"
 2043      6E657200 
 2044              	.LASF66:
 2045 02ba 433A5C43 		.ascii	"C:\\Chibios\\demos\\FirmwareV2\000"
 2045      68696269 
 2045      6F735C64 
 2045      656D6F73 
 2045      5C466972 
 2046              	.LASF24:
 2047 02d6 705F6374 		.ascii	"p_ctx\000"
 2047      7800
 2048              	.LASF33:
 2049 02dc 705F7761 		.ascii	"p_waiting\000"
 2049      6974696E 
 2049      6700
 2050              		.ident	"GCC: (Sourcery CodeBench Lite 2012.09-63) 4.7.2"
ARM GAS  C:\Users\LAB_ME~1\AppData\Local\Temp\cco9s1fe.s 			page 40


DEFINED SYMBOLS
                            *ABS*:00000000 chmsg.c
C:\Users\LAB_ME~1\AppData\Local\Temp\cco9s1fe.s:19     .text.chMsgSend:00000000 $t
C:\Users\LAB_ME~1\AppData\Local\Temp\cco9s1fe.s:25     .text.chMsgSend:00000000 chMsgSend
C:\Users\LAB_ME~1\AppData\Local\Temp\cco9s1fe.s:115    .text.chMsgSend:0000003c $d
C:\Users\LAB_ME~1\AppData\Local\Temp\cco9s1fe.s:120    .text.chMsgWait:00000000 $t
C:\Users\LAB_ME~1\AppData\Local\Temp\cco9s1fe.s:126    .text.chMsgWait:00000000 chMsgWait
C:\Users\LAB_ME~1\AppData\Local\Temp\cco9s1fe.s:193    .text.chMsgWait:00000038 $d
C:\Users\LAB_ME~1\AppData\Local\Temp\cco9s1fe.s:198    .text.chMsgRelease:00000000 $t
C:\Users\LAB_ME~1\AppData\Local\Temp\cco9s1fe.s:204    .text.chMsgRelease:00000000 chMsgRelease
                     .debug_frame:00000010 $d
C:\Users\LAB_ME~1\AppData\Local\Temp\cco9s1fe.s:197    .text.chMsgWait:0000003c $t

UNDEFINED SYMBOLS
chSchGoSleepS
chSchReadyI
rlist
chSchWakeupS
