ARM GAS  C:\Users\LAB_ME~1\AppData\Local\Temp\cco00NFb.s 			page 1


   1              		.syntax unified
   2              		.cpu cortex-m4
   3              		.fpu softvfp
   4              		.eabi_attribute 20, 1
   5              		.eabi_attribute 21, 1
   6              		.eabi_attribute 23, 3
   7              		.eabi_attribute 24, 1
   8              		.eabi_attribute 25, 1
   9              		.eabi_attribute 26, 1
  10              		.eabi_attribute 30, 2
  11              		.eabi_attribute 34, 1
  12              		.eabi_attribute 18, 4
  13              		.thumb
  14              		.file	"crt0.c"
  15              		.text
  16              	.Ltext0:
  17              		.cfi_sections	.debug_frame
  18              		.section	.text.__early_init,"ax",%progbits
  19              		.align	2
  20              		.p2align 4,,15
  21              		.weak	__early_init
  22              		.thumb
  23              		.thumb_func
  24              		.type	__early_init, %function
  25              	__early_init:
  26              	.LFB7:
  27              		.file 1 "../../os/ports/GCC/ARMCMx/crt0.c"
  28              		.loc 1 213 0
  29              		.cfi_startproc
  30              		@ args = 0, pretend = 0, frame = 0
  31              		@ frame_needed = 0, uses_anonymous_args = 0
  32              		@ link register save eliminated.
  33 0000 7047     		bx	lr
  34              		.cfi_endproc
  35              	.LFE7:
  36              		.size	__early_init, .-__early_init
  37 0002 00BFAFF3 		.section	.text.__late_init,"ax",%progbits
  37      0080AFF3 
  37      0080AFF3 
  37      0080
  38              		.align	2
  39              		.p2align 4,,15
  40              		.weak	__late_init
  41              		.thumb
  42              		.thumb_func
  43              		.type	__late_init, %function
  44              	__late_init:
  45              	.LFB8:
  46              		.loc 1 225 0
  47              		.cfi_startproc
  48              		@ args = 0, pretend = 0, frame = 0
  49              		@ frame_needed = 0, uses_anonymous_args = 0
  50              		@ link register save eliminated.
  51 0000 7047     		bx	lr
  52              		.cfi_endproc
  53              	.LFE8:
  54              		.size	__late_init, .-__late_init
ARM GAS  C:\Users\LAB_ME~1\AppData\Local\Temp\cco00NFb.s 			page 2


  55 0002 00BFAFF3 		.section	.text._default_exit,"ax",%progbits
  55      0080AFF3 
  55      0080AFF3 
  55      0080
  56              		.align	2
  57              		.p2align 4,,15
  58              		.weak	_default_exit
  59              		.thumb
  60              		.thumb_func
  61              		.type	_default_exit, %function
  62              	_default_exit:
  63              	.LFB9:
  64              		.loc 1 236 0
  65              		.cfi_startproc
  66              		@ Naked Function: prologue and epilogue provided by programmer.
  67              		@ args = 0, pretend = 0, frame = 0
  68              		@ frame_needed = 0, uses_anonymous_args = 0
  69              	.L4:
  70 0000 FEE7     		b	.L4
  71              		.cfi_endproc
  72              	.LFE9:
  73              		.size	_default_exit, .-_default_exit
  74 0002 00BFAFF3 		.section	.text.ResetHandler,"ax",%progbits
  74      0080AFF3 
  74      0080AFF3 
  74      0080
  75              		.align	2
  76              		.p2align 4,,15
  77              		.global	ResetHandler
  78              		.thumb
  79              		.thumb_func
  80              		.type	ResetHandler, %function
  81              	ResetHandler:
  82              	.LFB10:
  83              		.loc 1 247 0
  84              		.cfi_startproc
  85              		@ Naked Function: prologue and epilogue provided by programmer.
  86              		@ args = 0, pretend = 0, frame = 0
  87              		@ frame_needed = 0, uses_anonymous_args = 0
  88              		.loc 1 253 0
  89              	@ 253 "../../os/ports/GCC/ARMCMx/crt0.c" 1
  90 0000 72B6     		cpsid   i
  91              	@ 0 "" 2
  92              		.loc 1 254 0
  93              		.thumb
  94 0002 3748     		ldr	r0, .L32
  95              	.LVL0:
  96              		.loc 1 255 0
  97              	@ 255 "../../os/ports/GCC/ARMCMx/crt0.c" 1
  98 0004 80F30988 		msr     PSP, r0
  99              	@ 0 "" 2
 100              	.LVL1:
 101              		.loc 1 275 0
 102              		.thumb
 103 0008 0223     		movs	r3, #2
 104              	@ 275 "../../os/ports/GCC/ARMCMx/crt0.c" 1
 105 000a 83F31488 		msr     CONTROL, r3
ARM GAS  C:\Users\LAB_ME~1\AppData\Local\Temp\cco00NFb.s 			page 3


 106              	@ 0 "" 2
 107              		.loc 1 276 0
 108              	@ 276 "../../os/ports/GCC/ARMCMx/crt0.c" 1
 109 000e BFF36F8F 		isb
 110              	@ 0 "" 2
 111              	.LVL2:
 112              		.thumb
 113              	.LBB2:
 114              		.loc 1 280 0
 115 0012 344A     		ldr	r2, .L32+4
 116 0014 344B     		ldr	r3, .L32+8
 117 0016 9A42     		cmp	r2, r3
 118 0018 0BD2     		bcs	.L10
 119              	.LBE2:
 120              	.LBB3:
 121              		.loc 1 247 0
 122 001a D143     		mvns	r1, r2
 123 001c C918     		adds	r1, r1, r3
 124 001e 21F00301 		bic	r1, r1, #3
 125 0022 131F     		subs	r3, r2, #4
 126 0024 8918     		adds	r1, r1, r2
 127              	.LBE3:
 128              	.LBB4:
 129              		.loc 1 280 0
 130 0026 4FF05532 		mov	r2, #1431655765
 131              	.LVL3:
 132              	.L9:
 133              		.loc 1 280 0 is_stmt 0 discriminator 2
 134 002a 43F8042F 		str	r2, [r3, #4]!
 135 002e 8B42     		cmp	r3, r1
 136 0030 FBD1     		bne	.L9
 137              	.L10:
 138              	.LVL4:
 139              	.LBE4:
 140              	.LBB5:
 141              		.loc 1 283 0 is_stmt 1
 142 0032 2E4A     		ldr	r2, .L32+12
 143 0034 8242     		cmp	r2, r0
 144 0036 0CD2     		bcs	.L8
 145              	.LBE5:
 146              	.LBB6:
 147              		.loc 1 247 0
 148 0038 2D49     		ldr	r1, .L32+16
 149 003a 131D     		adds	r3, r2, #4
 150 003c C91A     		subs	r1, r1, r3
 151 003e 21F00301 		bic	r1, r1, #3
 152 0042 131F     		subs	r3, r2, #4
 153 0044 8918     		adds	r1, r1, r2
 154              	.LBE6:
 155              	.LBB7:
 156              		.loc 1 283 0
 157 0046 4FF05532 		mov	r2, #1431655765
 158              	.LVL5:
 159              	.L13:
 160              		.loc 1 283 0 is_stmt 0 discriminator 2
 161 004a 43F8042F 		str	r2, [r3, #4]!
 162 004e 8B42     		cmp	r3, r1
ARM GAS  C:\Users\LAB_ME~1\AppData\Local\Temp\cco00NFb.s 			page 4


 163 0050 FBD1     		bne	.L13
 164              	.L8:
 165              	.LBE7:
 166              		.loc 1 289 0 is_stmt 1
 167 0052 FFF7FEFF 		bl	__early_init
 168              	.LVL6:
 169              	.LBB8:
 170              		.loc 1 298 0
 171 0056 2749     		ldr	r1, .L32+20
 172 0058 274B     		ldr	r3, .L32+24
 173 005a 9942     		cmp	r1, r3
 174 005c 0BD2     		bcs	.L12
 175              	.LBE8:
 176              	.LBB9:
 177              		.loc 1 247 0
 178 005e C843     		mvns	r0, r1
 179 0060 C018     		adds	r0, r0, r3
 180 0062 20F00300 		bic	r0, r0, #3
 181 0066 254C     		ldr	r4, .L32+28
 182 0068 0430     		adds	r0, r0, #4
 183              	.LBE9:
 184 006a 0023     		movs	r3, #0
 185              	.LVL7:
 186              	.L16:
 187              	.LBB10:
 188              		.loc 1 299 0
 189 006c E258     		ldr	r2, [r4, r3]
 190 006e CA50     		str	r2, [r1, r3]
 191 0070 0433     		adds	r3, r3, #4
 192              		.loc 1 298 0
 193 0072 8342     		cmp	r3, r0
 194 0074 FAD1     		bne	.L16
 195              	.L12:
 196              	.LVL8:
 197              	.LBE10:
 198              	.LBB11:
 199              		.loc 1 305 0
 200 0076 224A     		ldr	r2, .L32+32
 201 0078 224B     		ldr	r3, .L32+36
 202 007a 9A42     		cmp	r2, r3
 203 007c 0AD2     		bcs	.L15
 204              	.LBE11:
 205              	.LBB12:
 206              		.loc 1 247 0
 207 007e D143     		mvns	r1, r2
 208 0080 C918     		adds	r1, r1, r3
 209 0082 21F00301 		bic	r1, r1, #3
 210 0086 131F     		subs	r3, r2, #4
 211 0088 8918     		adds	r1, r1, r2
 212              	.LBE12:
 213              	.LBB13:
 214              		.loc 1 305 0
 215 008a 0022     		movs	r2, #0
 216              	.LVL9:
 217              	.L19:
 218              		.loc 1 305 0 is_stmt 0 discriminator 2
 219 008c 43F8042F 		str	r2, [r3, #4]!
ARM GAS  C:\Users\LAB_ME~1\AppData\Local\Temp\cco00NFb.s 			page 5


 220 0090 8B42     		cmp	r3, r1
 221 0092 FBD1     		bne	.L19
 222              	.L15:
 223              	.LBE13:
 224              		.loc 1 309 0 is_stmt 1
 225 0094 FFF7FEFF 		bl	__late_init
 226              	.LVL10:
 227              	.LBB14:
 228              		.loc 1 315 0
 229 0098 1B4D     		ldr	r5, .L32+40
 230 009a 1C4B     		ldr	r3, .L32+44
 231 009c 9D42     		cmp	r5, r3
 232 009e 0BD2     		bcs	.L18
 233              	.LBE14:
 234              	.LBB15:
 235              		.loc 1 247 0
 236 00a0 EE43     		mvns	r6, r5
 237 00a2 F618     		adds	r6, r6, r3
 238 00a4 B608     		lsrs	r6, r6, #2
 239 00a6 043D     		subs	r5, r5, #4
 240 00a8 0136     		adds	r6, r6, #1
 241              	.LBE15:
 242 00aa 0024     		movs	r4, #0
 243              	.LVL11:
 244              	.L22:
 245              	.LBB16:
 246              		.loc 1 316 0
 247 00ac 55F8043F 		ldr	r3, [r5, #4]!
 248 00b0 0134     		adds	r4, r4, #1
 249 00b2 9847     		blx	r3
 250              	.LVL12:
 251              		.loc 1 315 0
 252 00b4 B442     		cmp	r4, r6
 253 00b6 F9D1     		bne	.L22
 254              	.L18:
 255              	.LBE16:
 256              		.loc 1 323 0
 257 00b8 FFF7FEFF 		bl	main
 258              	.LVL13:
 259              	.LBB17:
 260              		.loc 1 329 0
 261 00bc 144D     		ldr	r5, .L32+48
 262 00be 154B     		ldr	r3, .L32+52
 263 00c0 9D42     		cmp	r5, r3
 264 00c2 0BD2     		bcs	.L21
 265              	.LBE17:
 266              		.loc 1 247 0
 267 00c4 EE43     		mvns	r6, r5
 268 00c6 F618     		adds	r6, r6, r3
 269 00c8 B608     		lsrs	r6, r6, #2
 270 00ca 043D     		subs	r5, r5, #4
 271 00cc 0136     		adds	r6, r6, #1
 272 00ce 0024     		movs	r4, #0
 273              	.LVL14:
 274              	.L23:
 275              	.LBB18:
 276              		.loc 1 330 0
ARM GAS  C:\Users\LAB_ME~1\AppData\Local\Temp\cco00NFb.s 			page 6


 277 00d0 55F8043F 		ldr	r3, [r5, #4]!
 278 00d4 0134     		adds	r4, r4, #1
 279 00d6 9847     		blx	r3
 280              	.LVL15:
 281              		.loc 1 329 0
 282 00d8 B442     		cmp	r4, r6
 283 00da F9D1     		bne	.L23
 284              	.L21:
 285              	.LBE18:
 286              		.loc 1 337 0
 287 00dc FFF7FEFF 		bl	_default_exit
 288              	.LVL16:
 289              		.loc 1 338 0
 290              	.L33:
 291              		.align	2
 292              	.L32:
 293 00e0 00000000 		.word	__process_stack_end__
 294 00e4 00000000 		.word	__main_stack_base__
 295 00e8 00000000 		.word	__main_stack_end__
 296 00ec 00000000 		.word	__process_stack_base__
 297 00f0 03000000 		.word	__process_stack_end__+3
 298 00f4 00000000 		.word	_data
 299 00f8 00000000 		.word	_edata
 300 00fc 00000000 		.word	_textdata
 301 0100 00000000 		.word	_bss_start
 302 0104 00000000 		.word	_bss_end
 303 0108 00000000 		.word	__init_array_start
 304 010c 00000000 		.word	__init_array_end
 305 0110 00000000 		.word	__fini_array_start
 306 0114 00000000 		.word	__fini_array_end
 307              		.cfi_endproc
 308              	.LFE10:
 309              		.size	ResetHandler, .-ResetHandler
 310 0118 AFF30080 		.text
 310      AFF30080 
 311              	.Letext0:
 312              		.file 2 "c:\\program files (x86)\\codesourcery\\sourcery_codebench_lite_for_arm_eabi\\bin\\../lib/
 313              		.section	.debug_info,"",%progbits
 314              	.Ldebug_info0:
 315 0000 AD020000 		.4byte	0x2ad
 316 0004 0200     		.2byte	0x2
 317 0006 00000000 		.4byte	.Ldebug_abbrev0
 318 000a 04       		.byte	0x4
 319 000b 01       		.uleb128 0x1
 320 000c 4F010000 		.4byte	.LASF31
 321 0010 01       		.byte	0x1
 322 0011 6B000000 		.4byte	.LASF32
 323 0015 99010000 		.4byte	.LASF33
 324 0019 B8000000 		.4byte	.Ldebug_ranges0+0xb8
 325 001d 00000000 		.4byte	0
 326 0021 00000000 		.4byte	0
 327 0025 00000000 		.4byte	.Ldebug_line0
 328 0029 02       		.uleb128 0x2
 329 002a 04       		.byte	0x4
 330 002b 05       		.byte	0x5
 331 002c 696E7400 		.ascii	"int\000"
 332 0030 03       		.uleb128 0x3
ARM GAS  C:\Users\LAB_ME~1\AppData\Local\Temp\cco00NFb.s 			page 7


 333 0031 04       		.byte	0x4
 334 0032 07       		.byte	0x7
 335 0033 E7000000 		.4byte	.LASF0
 336 0037 03       		.uleb128 0x3
 337 0038 01       		.byte	0x1
 338 0039 06       		.byte	0x6
 339 003a B5010000 		.4byte	.LASF1
 340 003e 04       		.uleb128 0x4
 341 003f 34010000 		.4byte	.LASF6
 342 0043 02       		.byte	0x2
 343 0044 2A       		.byte	0x2a
 344 0045 49000000 		.4byte	0x49
 345 0049 03       		.uleb128 0x3
 346 004a 01       		.byte	0x1
 347 004b 08       		.byte	0x8
 348 004c 51000000 		.4byte	.LASF2
 349 0050 03       		.uleb128 0x3
 350 0051 02       		.byte	0x2
 351 0052 05       		.byte	0x5
 352 0053 6F010000 		.4byte	.LASF3
 353 0057 03       		.uleb128 0x3
 354 0058 02       		.byte	0x2
 355 0059 07       		.byte	0x7
 356 005a 99000000 		.4byte	.LASF4
 357 005e 03       		.uleb128 0x3
 358 005f 04       		.byte	0x4
 359 0060 05       		.byte	0x5
 360 0061 8A010000 		.4byte	.LASF5
 361 0065 04       		.uleb128 0x4
 362 0066 81010000 		.4byte	.LASF7
 363 006a 02       		.byte	0x2
 364 006b 50       		.byte	0x50
 365 006c 70000000 		.4byte	0x70
 366 0070 03       		.uleb128 0x3
 367 0071 04       		.byte	0x4
 368 0072 07       		.byte	0x7
 369 0073 D0000000 		.4byte	.LASF8
 370 0077 03       		.uleb128 0x3
 371 0078 08       		.byte	0x8
 372 0079 05       		.byte	0x5
 373 007a 3C010000 		.4byte	.LASF9
 374 007e 03       		.uleb128 0x3
 375 007f 08       		.byte	0x8
 376 0080 07       		.byte	0x7
 377 0081 F4000000 		.4byte	.LASF10
 378 0085 03       		.uleb128 0x3
 379 0086 04       		.byte	0x4
 380 0087 07       		.byte	0x7
 381 0088 2B010000 		.4byte	.LASF11
 382 008c 03       		.uleb128 0x3
 383 008d 01       		.byte	0x1
 384 008e 08       		.byte	0x8
 385 008f 4A010000 		.4byte	.LASF12
 386 0093 04       		.uleb128 0x4
 387 0094 79010000 		.4byte	.LASF13
 388 0098 01       		.byte	0x1
 389 0099 1F       		.byte	0x1f
ARM GAS  C:\Users\LAB_ME~1\AppData\Local\Temp\cco00NFb.s 			page 8


 390 009a 9E000000 		.4byte	0x9e
 391 009e 05       		.uleb128 0x5
 392 009f 04       		.byte	0x4
 393 00a0 A4000000 		.4byte	0xa4
 394 00a4 06       		.uleb128 0x6
 395 00a5 01       		.byte	0x1
 396 00a6 04       		.uleb128 0x4
 397 00a7 3A000000 		.4byte	.LASF14
 398 00ab 01       		.byte	0x1
 399 00ac 20       		.byte	0x20
 400 00ad B1000000 		.4byte	0xb1
 401 00b1 05       		.uleb128 0x5
 402 00b2 04       		.byte	0x4
 403 00b3 93000000 		.4byte	0x93
 404 00b7 07       		.uleb128 0x7
 405 00b8 01       		.byte	0x1
 406 00b9 1E010000 		.4byte	.LASF15
 407 00bd 01       		.byte	0x1
 408 00be D5       		.byte	0xd5
 409 00bf 01       		.byte	0x1
 410 00c0 00000000 		.4byte	.LFB7
 411 00c4 02000000 		.4byte	.LFE7
 412 00c8 02       		.byte	0x2
 413 00c9 7D       		.byte	0x7d
 414 00ca 00       		.sleb128 0
 415 00cb 01       		.byte	0x1
 416 00cc 07       		.uleb128 0x7
 417 00cd 01       		.byte	0x1
 418 00ce 5F000000 		.4byte	.LASF16
 419 00d2 01       		.byte	0x1
 420 00d3 E1       		.byte	0xe1
 421 00d4 01       		.byte	0x1
 422 00d5 00000000 		.4byte	.LFB8
 423 00d9 02000000 		.4byte	.LFE8
 424 00dd 02       		.byte	0x2
 425 00de 7D       		.byte	0x7d
 426 00df 00       		.sleb128 0
 427 00e0 01       		.byte	0x1
 428 00e1 07       		.uleb128 0x7
 429 00e2 01       		.byte	0x1
 430 00e3 43000000 		.4byte	.LASF17
 431 00e7 01       		.byte	0x1
 432 00e8 EC       		.byte	0xec
 433 00e9 01       		.byte	0x1
 434 00ea 00000000 		.4byte	.LFB9
 435 00ee 02000000 		.4byte	.LFE9
 436 00f2 02       		.byte	0x2
 437 00f3 7D       		.byte	0x7d
 438 00f4 00       		.sleb128 0
 439 00f5 01       		.byte	0x1
 440 00f6 08       		.uleb128 0x8
 441 00f7 01       		.byte	0x1
 442 00f8 8C000000 		.4byte	.LASF34
 443 00fc 01       		.byte	0x1
 444 00fd F7       		.byte	0xf7
 445 00fe 01       		.byte	0x1
 446 00ff 00000000 		.4byte	.LFB10
ARM GAS  C:\Users\LAB_ME~1\AppData\Local\Temp\cco00NFb.s 			page 9


 447 0103 18010000 		.4byte	.LFE10
 448 0107 02       		.byte	0x2
 449 0108 7D       		.byte	0x7d
 450 0109 00       		.sleb128 0
 451 010a 01       		.byte	0x1
 452 010b F7010000 		.4byte	0x1f7
 453 010f 09       		.uleb128 0x9
 454 0110 70737000 		.ascii	"psp\000"
 455 0114 01       		.byte	0x1
 456 0115 F8       		.byte	0xf8
 457 0116 65000000 		.4byte	0x65
 458 011a 0A       		.uleb128 0xa
 459 011b 72656700 		.ascii	"reg\000"
 460 011f 01       		.byte	0x1
 461 0120 F8       		.byte	0xf8
 462 0121 65000000 		.4byte	0x65
 463 0125 02       		.byte	0x2
 464 0126 0B       		.uleb128 0xb
 465 0127 00000000 		.4byte	.Ldebug_ranges0+0
 466 012b 46010000 		.4byte	0x146
 467 012f 0C       		.uleb128 0xc
 468 0130 703100   		.ascii	"p1\000"
 469 0133 01       		.byte	0x1
 470 0134 1801     		.2byte	0x118
 471 0136 F7010000 		.4byte	0x1f7
 472 013a 0C       		.uleb128 0xc
 473 013b 703200   		.ascii	"p2\000"
 474 013e 01       		.byte	0x1
 475 013f 1801     		.2byte	0x118
 476 0141 F7010000 		.4byte	0x1f7
 477 0145 00       		.byte	0
 478 0146 0B       		.uleb128 0xb
 479 0147 18000000 		.4byte	.Ldebug_ranges0+0x18
 480 014b 66010000 		.4byte	0x166
 481 014f 0C       		.uleb128 0xc
 482 0150 703100   		.ascii	"p1\000"
 483 0153 01       		.byte	0x1
 484 0154 1B01     		.2byte	0x11b
 485 0156 F7010000 		.4byte	0x1f7
 486 015a 0C       		.uleb128 0xc
 487 015b 703200   		.ascii	"p2\000"
 488 015e 01       		.byte	0x1
 489 015f 1B01     		.2byte	0x11b
 490 0161 F7010000 		.4byte	0x1f7
 491 0165 00       		.byte	0
 492 0166 0B       		.uleb128 0xb
 493 0167 38000000 		.4byte	.Ldebug_ranges0+0x38
 494 016b 86010000 		.4byte	0x186
 495 016f 0C       		.uleb128 0xc
 496 0170 747000   		.ascii	"tp\000"
 497 0173 01       		.byte	0x1
 498 0174 2601     		.2byte	0x126
 499 0176 F7010000 		.4byte	0x1f7
 500 017a 0C       		.uleb128 0xc
 501 017b 647000   		.ascii	"dp\000"
 502 017e 01       		.byte	0x1
 503 017f 2601     		.2byte	0x126
ARM GAS  C:\Users\LAB_ME~1\AppData\Local\Temp\cco00NFb.s 			page 10


 504 0181 F7010000 		.4byte	0x1f7
 505 0185 00       		.byte	0
 506 0186 0B       		.uleb128 0xb
 507 0187 58000000 		.4byte	.Ldebug_ranges0+0x58
 508 018b A6010000 		.4byte	0x1a6
 509 018f 0C       		.uleb128 0xc
 510 0190 703100   		.ascii	"p1\000"
 511 0193 01       		.byte	0x1
 512 0194 3101     		.2byte	0x131
 513 0196 F7010000 		.4byte	0x1f7
 514 019a 0C       		.uleb128 0xc
 515 019b 703200   		.ascii	"p2\000"
 516 019e 01       		.byte	0x1
 517 019f 3101     		.2byte	0x131
 518 01a1 F7010000 		.4byte	0x1f7
 519 01a5 00       		.byte	0
 520 01a6 0B       		.uleb128 0xb
 521 01a7 78000000 		.4byte	.Ldebug_ranges0+0x78
 522 01ab BC010000 		.4byte	0x1bc
 523 01af 0C       		.uleb128 0xc
 524 01b0 66707000 		.ascii	"fpp\000"
 525 01b4 01       		.byte	0x1
 526 01b5 3A01     		.2byte	0x13a
 527 01b7 A6000000 		.4byte	0xa6
 528 01bb 00       		.byte	0
 529 01bc 0B       		.uleb128 0xb
 530 01bd 98000000 		.4byte	.Ldebug_ranges0+0x98
 531 01c1 D2010000 		.4byte	0x1d2
 532 01c5 0C       		.uleb128 0xc
 533 01c6 66707000 		.ascii	"fpp\000"
 534 01ca 01       		.byte	0x1
 535 01cb 4801     		.2byte	0x148
 536 01cd A6000000 		.4byte	0xa6
 537 01d1 00       		.byte	0
 538 01d2 0D       		.uleb128 0xd
 539 01d3 56000000 		.4byte	.LVL6
 540 01d7 B7000000 		.4byte	0xb7
 541 01db 0D       		.uleb128 0xd
 542 01dc 98000000 		.4byte	.LVL10
 543 01e0 CC000000 		.4byte	0xcc
 544 01e4 0D       		.uleb128 0xd
 545 01e5 BC000000 		.4byte	.LVL13
 546 01e9 A6020000 		.4byte	0x2a6
 547 01ed 0D       		.uleb128 0xd
 548 01ee E0000000 		.4byte	.LVL16
 549 01f2 E1000000 		.4byte	0xe1
 550 01f6 00       		.byte	0
 551 01f7 05       		.uleb128 0x5
 552 01f8 04       		.byte	0x4
 553 01f9 65000000 		.4byte	0x65
 554 01fd 0E       		.uleb128 0xe
 555 01fe 5B010000 		.4byte	.LASF18
 556 0202 01       		.byte	0x1
 557 0203 76       		.byte	0x76
 558 0204 65000000 		.4byte	0x65
 559 0208 01       		.byte	0x1
 560 0209 01       		.byte	0x1
ARM GAS  C:\Users\LAB_ME~1\AppData\Local\Temp\cco00NFb.s 			page 11


 561 020a 0E       		.uleb128 0xe
 562 020b EA010000 		.4byte	.LASF19
 563 020f 01       		.byte	0x1
 564 0210 7E       		.byte	0x7e
 565 0211 65000000 		.4byte	0x65
 566 0215 01       		.byte	0x1
 567 0216 01       		.byte	0x1
 568 0217 0E       		.uleb128 0xe
 569 0218 23000000 		.4byte	.LASF20
 570 021c 01       		.byte	0x1
 571 021d 85       		.byte	0x85
 572 021e 65000000 		.4byte	0x65
 573 0222 01       		.byte	0x1
 574 0223 01       		.byte	0x1
 575 0224 0E       		.uleb128 0xe
 576 0225 C1010000 		.4byte	.LASF21
 577 0229 01       		.byte	0x1
 578 022a 8C       		.byte	0x8c
 579 022b 65000000 		.4byte	0x65
 580 022f 01       		.byte	0x1
 581 0230 01       		.byte	0x1
 582 0231 0E       		.uleb128 0xe
 583 0232 14010000 		.4byte	.LASF22
 584 0236 01       		.byte	0x1
 585 0237 92       		.byte	0x92
 586 0238 65000000 		.4byte	0x65
 587 023c 01       		.byte	0x1
 588 023d 01       		.byte	0x1
 589 023e 0E       		.uleb128 0xe
 590 023f 93010000 		.4byte	.LASF23
 591 0243 01       		.byte	0x1
 592 0244 98       		.byte	0x98
 593 0245 65000000 		.4byte	0x65
 594 0249 01       		.byte	0x1
 595 024a 01       		.byte	0x1
 596 024b 0E       		.uleb128 0xe
 597 024c 0B000000 		.4byte	.LASF24
 598 0250 01       		.byte	0x1
 599 0251 9E       		.byte	0x9e
 600 0252 65000000 		.4byte	0x65
 601 0256 01       		.byte	0x1
 602 0257 01       		.byte	0x1
 603 0258 0E       		.uleb128 0xe
 604 0259 00000000 		.4byte	.LASF25
 605 025d 01       		.byte	0x1
 606 025e A4       		.byte	0xa4
 607 025f 65000000 		.4byte	0x65
 608 0263 01       		.byte	0x1
 609 0264 01       		.byte	0x1
 610 0265 0E       		.uleb128 0xe
 611 0266 0B010000 		.4byte	.LASF26
 612 026a 01       		.byte	0x1
 613 026b AA       		.byte	0xaa
 614 026c 65000000 		.4byte	0x65
 615 0270 01       		.byte	0x1
 616 0271 01       		.byte	0x1
 617 0272 0E       		.uleb128 0xe
ARM GAS  C:\Users\LAB_ME~1\AppData\Local\Temp\cco00NFb.s 			page 12


 618 0273 D7010000 		.4byte	.LASF27
 619 0277 01       		.byte	0x1
 620 0278 B0       		.byte	0xb0
 621 0279 93000000 		.4byte	0x93
 622 027d 01       		.byte	0x1
 623 027e 01       		.byte	0x1
 624 027f 0E       		.uleb128 0xe
 625 0280 BF000000 		.4byte	.LASF28
 626 0284 01       		.byte	0x1
 627 0285 B6       		.byte	0xb6
 628 0286 93000000 		.4byte	0x93
 629 028a 01       		.byte	0x1
 630 028b 01       		.byte	0x1
 631 028c 0E       		.uleb128 0xe
 632 028d AC000000 		.4byte	.LASF29
 633 0291 01       		.byte	0x1
 634 0292 BC       		.byte	0xbc
 635 0293 93000000 		.4byte	0x93
 636 0297 01       		.byte	0x1
 637 0298 01       		.byte	0x1
 638 0299 0E       		.uleb128 0xe
 639 029a 12000000 		.4byte	.LASF30
 640 029e 01       		.byte	0x1
 641 029f C2       		.byte	0xc2
 642 02a0 93000000 		.4byte	0x93
 643 02a4 01       		.byte	0x1
 644 02a5 01       		.byte	0x1
 645 02a6 0F       		.uleb128 0xf
 646 02a7 01       		.byte	0x1
 647 02a8 E2000000 		.4byte	.LASF35
 648 02ac 01       		.byte	0x1
 649 02ad C9       		.byte	0xc9
 650 02ae 01       		.byte	0x1
 651 02af 01       		.byte	0x1
 652 02b0 00       		.byte	0
 653              		.section	.debug_abbrev,"",%progbits
 654              	.Ldebug_abbrev0:
 655 0000 01       		.uleb128 0x1
 656 0001 11       		.uleb128 0x11
 657 0002 01       		.byte	0x1
 658 0003 25       		.uleb128 0x25
 659 0004 0E       		.uleb128 0xe
 660 0005 13       		.uleb128 0x13
 661 0006 0B       		.uleb128 0xb
 662 0007 03       		.uleb128 0x3
 663 0008 0E       		.uleb128 0xe
 664 0009 1B       		.uleb128 0x1b
 665 000a 0E       		.uleb128 0xe
 666 000b 55       		.uleb128 0x55
 667 000c 06       		.uleb128 0x6
 668 000d 11       		.uleb128 0x11
 669 000e 01       		.uleb128 0x1
 670 000f 52       		.uleb128 0x52
 671 0010 01       		.uleb128 0x1
 672 0011 10       		.uleb128 0x10
 673 0012 06       		.uleb128 0x6
 674 0013 00       		.byte	0
ARM GAS  C:\Users\LAB_ME~1\AppData\Local\Temp\cco00NFb.s 			page 13


 675 0014 00       		.byte	0
 676 0015 02       		.uleb128 0x2
 677 0016 24       		.uleb128 0x24
 678 0017 00       		.byte	0
 679 0018 0B       		.uleb128 0xb
 680 0019 0B       		.uleb128 0xb
 681 001a 3E       		.uleb128 0x3e
 682 001b 0B       		.uleb128 0xb
 683 001c 03       		.uleb128 0x3
 684 001d 08       		.uleb128 0x8
 685 001e 00       		.byte	0
 686 001f 00       		.byte	0
 687 0020 03       		.uleb128 0x3
 688 0021 24       		.uleb128 0x24
 689 0022 00       		.byte	0
 690 0023 0B       		.uleb128 0xb
 691 0024 0B       		.uleb128 0xb
 692 0025 3E       		.uleb128 0x3e
 693 0026 0B       		.uleb128 0xb
 694 0027 03       		.uleb128 0x3
 695 0028 0E       		.uleb128 0xe
 696 0029 00       		.byte	0
 697 002a 00       		.byte	0
 698 002b 04       		.uleb128 0x4
 699 002c 16       		.uleb128 0x16
 700 002d 00       		.byte	0
 701 002e 03       		.uleb128 0x3
 702 002f 0E       		.uleb128 0xe
 703 0030 3A       		.uleb128 0x3a
 704 0031 0B       		.uleb128 0xb
 705 0032 3B       		.uleb128 0x3b
 706 0033 0B       		.uleb128 0xb
 707 0034 49       		.uleb128 0x49
 708 0035 13       		.uleb128 0x13
 709 0036 00       		.byte	0
 710 0037 00       		.byte	0
 711 0038 05       		.uleb128 0x5
 712 0039 0F       		.uleb128 0xf
 713 003a 00       		.byte	0
 714 003b 0B       		.uleb128 0xb
 715 003c 0B       		.uleb128 0xb
 716 003d 49       		.uleb128 0x49
 717 003e 13       		.uleb128 0x13
 718 003f 00       		.byte	0
 719 0040 00       		.byte	0
 720 0041 06       		.uleb128 0x6
 721 0042 15       		.uleb128 0x15
 722 0043 00       		.byte	0
 723 0044 27       		.uleb128 0x27
 724 0045 0C       		.uleb128 0xc
 725 0046 00       		.byte	0
 726 0047 00       		.byte	0
 727 0048 07       		.uleb128 0x7
 728 0049 2E       		.uleb128 0x2e
 729 004a 00       		.byte	0
 730 004b 3F       		.uleb128 0x3f
 731 004c 0C       		.uleb128 0xc
ARM GAS  C:\Users\LAB_ME~1\AppData\Local\Temp\cco00NFb.s 			page 14


 732 004d 03       		.uleb128 0x3
 733 004e 0E       		.uleb128 0xe
 734 004f 3A       		.uleb128 0x3a
 735 0050 0B       		.uleb128 0xb
 736 0051 3B       		.uleb128 0x3b
 737 0052 0B       		.uleb128 0xb
 738 0053 27       		.uleb128 0x27
 739 0054 0C       		.uleb128 0xc
 740 0055 11       		.uleb128 0x11
 741 0056 01       		.uleb128 0x1
 742 0057 12       		.uleb128 0x12
 743 0058 01       		.uleb128 0x1
 744 0059 40       		.uleb128 0x40
 745 005a 0A       		.uleb128 0xa
 746 005b 9742     		.uleb128 0x2117
 747 005d 0C       		.uleb128 0xc
 748 005e 00       		.byte	0
 749 005f 00       		.byte	0
 750 0060 08       		.uleb128 0x8
 751 0061 2E       		.uleb128 0x2e
 752 0062 01       		.byte	0x1
 753 0063 3F       		.uleb128 0x3f
 754 0064 0C       		.uleb128 0xc
 755 0065 03       		.uleb128 0x3
 756 0066 0E       		.uleb128 0xe
 757 0067 3A       		.uleb128 0x3a
 758 0068 0B       		.uleb128 0xb
 759 0069 3B       		.uleb128 0x3b
 760 006a 0B       		.uleb128 0xb
 761 006b 27       		.uleb128 0x27
 762 006c 0C       		.uleb128 0xc
 763 006d 11       		.uleb128 0x11
 764 006e 01       		.uleb128 0x1
 765 006f 12       		.uleb128 0x12
 766 0070 01       		.uleb128 0x1
 767 0071 40       		.uleb128 0x40
 768 0072 0A       		.uleb128 0xa
 769 0073 9642     		.uleb128 0x2116
 770 0075 0C       		.uleb128 0xc
 771 0076 01       		.uleb128 0x1
 772 0077 13       		.uleb128 0x13
 773 0078 00       		.byte	0
 774 0079 00       		.byte	0
 775 007a 09       		.uleb128 0x9
 776 007b 34       		.uleb128 0x34
 777 007c 00       		.byte	0
 778 007d 03       		.uleb128 0x3
 779 007e 08       		.uleb128 0x8
 780 007f 3A       		.uleb128 0x3a
 781 0080 0B       		.uleb128 0xb
 782 0081 3B       		.uleb128 0x3b
 783 0082 0B       		.uleb128 0xb
 784 0083 49       		.uleb128 0x49
 785 0084 13       		.uleb128 0x13
 786 0085 00       		.byte	0
 787 0086 00       		.byte	0
 788 0087 0A       		.uleb128 0xa
ARM GAS  C:\Users\LAB_ME~1\AppData\Local\Temp\cco00NFb.s 			page 15


 789 0088 34       		.uleb128 0x34
 790 0089 00       		.byte	0
 791 008a 03       		.uleb128 0x3
 792 008b 08       		.uleb128 0x8
 793 008c 3A       		.uleb128 0x3a
 794 008d 0B       		.uleb128 0xb
 795 008e 3B       		.uleb128 0x3b
 796 008f 0B       		.uleb128 0xb
 797 0090 49       		.uleb128 0x49
 798 0091 13       		.uleb128 0x13
 799 0092 1C       		.uleb128 0x1c
 800 0093 0B       		.uleb128 0xb
 801 0094 00       		.byte	0
 802 0095 00       		.byte	0
 803 0096 0B       		.uleb128 0xb
 804 0097 0B       		.uleb128 0xb
 805 0098 01       		.byte	0x1
 806 0099 55       		.uleb128 0x55
 807 009a 06       		.uleb128 0x6
 808 009b 01       		.uleb128 0x1
 809 009c 13       		.uleb128 0x13
 810 009d 00       		.byte	0
 811 009e 00       		.byte	0
 812 009f 0C       		.uleb128 0xc
 813 00a0 34       		.uleb128 0x34
 814 00a1 00       		.byte	0
 815 00a2 03       		.uleb128 0x3
 816 00a3 08       		.uleb128 0x8
 817 00a4 3A       		.uleb128 0x3a
 818 00a5 0B       		.uleb128 0xb
 819 00a6 3B       		.uleb128 0x3b
 820 00a7 05       		.uleb128 0x5
 821 00a8 49       		.uleb128 0x49
 822 00a9 13       		.uleb128 0x13
 823 00aa 00       		.byte	0
 824 00ab 00       		.byte	0
 825 00ac 0D       		.uleb128 0xd
 826 00ad 898201   		.uleb128 0x4109
 827 00b0 00       		.byte	0
 828 00b1 11       		.uleb128 0x11
 829 00b2 01       		.uleb128 0x1
 830 00b3 31       		.uleb128 0x31
 831 00b4 13       		.uleb128 0x13
 832 00b5 00       		.byte	0
 833 00b6 00       		.byte	0
 834 00b7 0E       		.uleb128 0xe
 835 00b8 34       		.uleb128 0x34
 836 00b9 00       		.byte	0
 837 00ba 03       		.uleb128 0x3
 838 00bb 0E       		.uleb128 0xe
 839 00bc 3A       		.uleb128 0x3a
 840 00bd 0B       		.uleb128 0xb
 841 00be 3B       		.uleb128 0x3b
 842 00bf 0B       		.uleb128 0xb
 843 00c0 49       		.uleb128 0x49
 844 00c1 13       		.uleb128 0x13
 845 00c2 3F       		.uleb128 0x3f
ARM GAS  C:\Users\LAB_ME~1\AppData\Local\Temp\cco00NFb.s 			page 16


 846 00c3 0C       		.uleb128 0xc
 847 00c4 3C       		.uleb128 0x3c
 848 00c5 0C       		.uleb128 0xc
 849 00c6 00       		.byte	0
 850 00c7 00       		.byte	0
 851 00c8 0F       		.uleb128 0xf
 852 00c9 2E       		.uleb128 0x2e
 853 00ca 00       		.byte	0
 854 00cb 3F       		.uleb128 0x3f
 855 00cc 0C       		.uleb128 0xc
 856 00cd 03       		.uleb128 0x3
 857 00ce 0E       		.uleb128 0xe
 858 00cf 3A       		.uleb128 0x3a
 859 00d0 0B       		.uleb128 0xb
 860 00d1 3B       		.uleb128 0x3b
 861 00d2 0B       		.uleb128 0xb
 862 00d3 27       		.uleb128 0x27
 863 00d4 0C       		.uleb128 0xc
 864 00d5 3C       		.uleb128 0x3c
 865 00d6 0C       		.uleb128 0xc
 866 00d7 00       		.byte	0
 867 00d8 00       		.byte	0
 868 00d9 00       		.byte	0
 869              		.section	.debug_aranges,"",%progbits
 870 0000 34000000 		.4byte	0x34
 871 0004 0200     		.2byte	0x2
 872 0006 00000000 		.4byte	.Ldebug_info0
 873 000a 04       		.byte	0x4
 874 000b 00       		.byte	0
 875 000c 0000     		.2byte	0
 876 000e 0000     		.2byte	0
 877 0010 00000000 		.4byte	.LFB7
 878 0014 02000000 		.4byte	.LFE7-.LFB7
 879 0018 00000000 		.4byte	.LFB8
 880 001c 02000000 		.4byte	.LFE8-.LFB8
 881 0020 00000000 		.4byte	.LFB9
 882 0024 02000000 		.4byte	.LFE9-.LFB9
 883 0028 00000000 		.4byte	.LFB10
 884 002c 18010000 		.4byte	.LFE10-.LFB10
 885 0030 00000000 		.4byte	0
 886 0034 00000000 		.4byte	0
 887              		.section	.debug_ranges,"",%progbits
 888              	.Ldebug_ranges0:
 889 0000 12000000 		.4byte	.LBB2
 890 0004 1A000000 		.4byte	.LBE2
 891 0008 26000000 		.4byte	.LBB4
 892 000c 32000000 		.4byte	.LBE4
 893 0010 00000000 		.4byte	0
 894 0014 00000000 		.4byte	0
 895 0018 1A000000 		.4byte	.LBB3
 896 001c 26000000 		.4byte	.LBE3
 897 0020 32000000 		.4byte	.LBB5
 898 0024 38000000 		.4byte	.LBE5
 899 0028 46000000 		.4byte	.LBB7
 900 002c 52000000 		.4byte	.LBE7
 901 0030 00000000 		.4byte	0
 902 0034 00000000 		.4byte	0
ARM GAS  C:\Users\LAB_ME~1\AppData\Local\Temp\cco00NFb.s 			page 17


 903 0038 38000000 		.4byte	.LBB6
 904 003c 46000000 		.4byte	.LBE6
 905 0040 56000000 		.4byte	.LBB8
 906 0044 5E000000 		.4byte	.LBE8
 907 0048 6C000000 		.4byte	.LBB10
 908 004c 76000000 		.4byte	.LBE10
 909 0050 00000000 		.4byte	0
 910 0054 00000000 		.4byte	0
 911 0058 5E000000 		.4byte	.LBB9
 912 005c 6A000000 		.4byte	.LBE9
 913 0060 76000000 		.4byte	.LBB11
 914 0064 7E000000 		.4byte	.LBE11
 915 0068 8A000000 		.4byte	.LBB13
 916 006c 94000000 		.4byte	.LBE13
 917 0070 00000000 		.4byte	0
 918 0074 00000000 		.4byte	0
 919 0078 7E000000 		.4byte	.LBB12
 920 007c 8A000000 		.4byte	.LBE12
 921 0080 98000000 		.4byte	.LBB14
 922 0084 A0000000 		.4byte	.LBE14
 923 0088 AC000000 		.4byte	.LBB16
 924 008c B8000000 		.4byte	.LBE16
 925 0090 00000000 		.4byte	0
 926 0094 00000000 		.4byte	0
 927 0098 A0000000 		.4byte	.LBB15
 928 009c AA000000 		.4byte	.LBE15
 929 00a0 BC000000 		.4byte	.LBB17
 930 00a4 C4000000 		.4byte	.LBE17
 931 00a8 D0000000 		.4byte	.LBB18
 932 00ac DC000000 		.4byte	.LBE18
 933 00b0 00000000 		.4byte	0
 934 00b4 00000000 		.4byte	0
 935 00b8 00000000 		.4byte	.LFB7
 936 00bc 02000000 		.4byte	.LFE7
 937 00c0 00000000 		.4byte	.LFB8
 938 00c4 02000000 		.4byte	.LFE8
 939 00c8 00000000 		.4byte	.LFB9
 940 00cc 02000000 		.4byte	.LFE9
 941 00d0 00000000 		.4byte	.LFB10
 942 00d4 18010000 		.4byte	.LFE10
 943 00d8 00000000 		.4byte	0
 944 00dc 00000000 		.4byte	0
 945              		.section	.debug_line,"",%progbits
 946              	.Ldebug_line0:
 947 0000 6A010000 		.section	.debug_str,"MS",%progbits,1
 947      0200D100 
 947      00000201 
 947      FB0E0D00 
 947      01010101 
 948              	.LASF25:
 949 0000 5F627373 		.ascii	"_bss_start\000"
 949      5F737461 
 949      727400
 950              	.LASF24:
 951 000b 5F656461 		.ascii	"_edata\000"
 951      746100
 952              	.LASF30:
ARM GAS  C:\Users\LAB_ME~1\AppData\Local\Temp\cco00NFb.s 			page 18


 953 0012 5F5F6669 		.ascii	"__fini_array_end\000"
 953      6E695F61 
 953      72726179 
 953      5F656E64 
 953      00
 954              	.LASF20:
 955 0023 5F5F7072 		.ascii	"__process_stack_base__\000"
 955      6F636573 
 955      735F7374 
 955      61636B5F 
 955      62617365 
 956              	.LASF14:
 957 003a 66756E63 		.ascii	"funcpp_t\000"
 957      70705F74 
 957      00
 958              	.LASF17:
 959 0043 5F646566 		.ascii	"_default_exit\000"
 959      61756C74 
 959      5F657869 
 959      7400
 960              	.LASF2:
 961 0051 756E7369 		.ascii	"unsigned char\000"
 961      676E6564 
 961      20636861 
 961      7200
 962              	.LASF16:
 963 005f 5F5F6C61 		.ascii	"__late_init\000"
 963      74655F69 
 963      6E697400 
 964              	.LASF32:
 965 006b 2E2E2F2E 		.ascii	"../../os/ports/GCC/ARMCMx/crt0.c\000"
 965      2E2F6F73 
 965      2F706F72 
 965      74732F47 
 965      43432F41 
 966              	.LASF34:
 967 008c 52657365 		.ascii	"ResetHandler\000"
 967      7448616E 
 967      646C6572 
 967      00
 968              	.LASF4:
 969 0099 73686F72 		.ascii	"short unsigned int\000"
 969      7420756E 
 969      7369676E 
 969      65642069 
 969      6E7400
 970              	.LASF29:
 971 00ac 5F5F6669 		.ascii	"__fini_array_start\000"
 971      6E695F61 
 971      72726179 
 971      5F737461 
 971      727400
 972              	.LASF28:
 973 00bf 5F5F696E 		.ascii	"__init_array_end\000"
 973      69745F61 
 973      72726179 
 973      5F656E64 
ARM GAS  C:\Users\LAB_ME~1\AppData\Local\Temp\cco00NFb.s 			page 19


 973      00
 974              	.LASF8:
 975 00d0 6C6F6E67 		.ascii	"long unsigned int\000"
 975      20756E73 
 975      69676E65 
 975      6420696E 
 975      7400
 976              	.LASF35:
 977 00e2 6D61696E 		.ascii	"main\000"
 977      00
 978              	.LASF0:
 979 00e7 756E7369 		.ascii	"unsigned int\000"
 979      676E6564 
 979      20696E74 
 979      00
 980              	.LASF10:
 981 00f4 6C6F6E67 		.ascii	"long long unsigned int\000"
 981      206C6F6E 
 981      6720756E 
 981      7369676E 
 981      65642069 
 982              	.LASF26:
 983 010b 5F627373 		.ascii	"_bss_end\000"
 983      5F656E64 
 983      00
 984              	.LASF22:
 985 0114 5F746578 		.ascii	"_textdata\000"
 985      74646174 
 985      6100
 986              	.LASF15:
 987 011e 5F5F6561 		.ascii	"__early_init\000"
 987      726C795F 
 987      696E6974 
 987      00
 988              	.LASF11:
 989 012b 73697A65 		.ascii	"sizetype\000"
 989      74797065 
 989      00
 990              	.LASF6:
 991 0134 75696E74 		.ascii	"uint8_t\000"
 991      385F7400 
 992              	.LASF9:
 993 013c 6C6F6E67 		.ascii	"long long int\000"
 993      206C6F6E 
 993      6720696E 
 993      7400
 994              	.LASF12:
 995 014a 63686172 		.ascii	"char\000"
 995      00
 996              	.LASF31:
 997 014f 474E5520 		.ascii	"GNU C 4.7.2\000"
 997      4320342E 
 997      372E3200 
 998              	.LASF18:
 999 015b 5F5F6D61 		.ascii	"__main_stack_base__\000"
 999      696E5F73 
 999      7461636B 
ARM GAS  C:\Users\LAB_ME~1\AppData\Local\Temp\cco00NFb.s 			page 20


 999      5F626173 
 999      655F5F00 
 1000              	.LASF3:
 1001 016f 73686F72 		.ascii	"short int\000"
 1001      7420696E 
 1001      7400
 1002              	.LASF13:
 1003 0179 66756E63 		.ascii	"funcp_t\000"
 1003      705F7400 
 1004              	.LASF7:
 1005 0181 75696E74 		.ascii	"uint32_t\000"
 1005      33325F74 
 1005      00
 1006              	.LASF5:
 1007 018a 6C6F6E67 		.ascii	"long int\000"
 1007      20696E74 
 1007      00
 1008              	.LASF23:
 1009 0193 5F646174 		.ascii	"_data\000"
 1009      6100
 1010              	.LASF33:
 1011 0199 433A5C43 		.ascii	"C:\\Chibios\\demos\\FirmwareV2\000"
 1011      68696269 
 1011      6F735C64 
 1011      656D6F73 
 1011      5C466972 
 1012              	.LASF1:
 1013 01b5 7369676E 		.ascii	"signed char\000"
 1013      65642063 
 1013      68617200 
 1014              	.LASF21:
 1015 01c1 5F5F7072 		.ascii	"__process_stack_end__\000"
 1015      6F636573 
 1015      735F7374 
 1015      61636B5F 
 1015      656E645F 
 1016              	.LASF27:
 1017 01d7 5F5F696E 		.ascii	"__init_array_start\000"
 1017      69745F61 
 1017      72726179 
 1017      5F737461 
 1017      727400
 1018              	.LASF19:
 1019 01ea 5F5F6D61 		.ascii	"__main_stack_end__\000"
 1019      696E5F73 
 1019      7461636B 
 1019      5F656E64 
 1019      5F5F00
 1020              		.ident	"GCC: (Sourcery CodeBench Lite 2012.09-63) 4.7.2"
ARM GAS  C:\Users\LAB_ME~1\AppData\Local\Temp\cco00NFb.s 			page 21


DEFINED SYMBOLS
                            *ABS*:00000000 crt0.c
C:\Users\LAB_ME~1\AppData\Local\Temp\cco00NFb.s:19     .text.__early_init:00000000 $t
C:\Users\LAB_ME~1\AppData\Local\Temp\cco00NFb.s:25     .text.__early_init:00000000 __early_init
C:\Users\LAB_ME~1\AppData\Local\Temp\cco00NFb.s:38     .text.__late_init:00000000 $t
C:\Users\LAB_ME~1\AppData\Local\Temp\cco00NFb.s:44     .text.__late_init:00000000 __late_init
C:\Users\LAB_ME~1\AppData\Local\Temp\cco00NFb.s:56     .text._default_exit:00000000 $t
C:\Users\LAB_ME~1\AppData\Local\Temp\cco00NFb.s:62     .text._default_exit:00000000 _default_exit
C:\Users\LAB_ME~1\AppData\Local\Temp\cco00NFb.s:75     .text.ResetHandler:00000000 $t
C:\Users\LAB_ME~1\AppData\Local\Temp\cco00NFb.s:81     .text.ResetHandler:00000000 ResetHandler
C:\Users\LAB_ME~1\AppData\Local\Temp\cco00NFb.s:293    .text.ResetHandler:000000e0 $d
                     .debug_frame:00000010 $d
C:\Users\LAB_ME~1\AppData\Local\Temp\cco00NFb.s:310    .text.ResetHandler:00000118 $t

UNDEFINED SYMBOLS
main
__process_stack_end__
__main_stack_base__
__main_stack_end__
__process_stack_base__
_data
_edata
_textdata
_bss_start
_bss_end
__init_array_start
__init_array_end
__fini_array_start
__fini_array_end
