ARM GAS  C:\Users\LAB_ME~1\AppData\Local\Temp\cc4HByHD.s 			page 1


   1              		.syntax unified
   2              		.cpu cortex-m4
   3              		.fpu softvfp
   4              		.eabi_attribute 20, 1
   5              		.eabi_attribute 21, 1
   6              		.eabi_attribute 23, 3
   7              		.eabi_attribute 24, 1
   8              		.eabi_attribute 25, 1
   9              		.eabi_attribute 26, 1
  10              		.eabi_attribute 30, 2
  11              		.eabi_attribute 34, 1
  12              		.eabi_attribute 18, 4
  13              		.thumb
  14              		.file	"nvic.c"
  15              		.text
  16              	.Ltext0:
  17              		.cfi_sections	.debug_frame
  18              		.section	.text.nvicEnableVector,"ax",%progbits
  19              		.align	2
  20              		.p2align 4,,15
  21              		.global	nvicEnableVector
  22              		.thumb
  23              		.thumb_func
  24              		.type	nvicEnableVector, %function
  25              	nvicEnableVector:
  26              	.LFB7:
  27              		.file 1 "../../os/ports/common/ARMCMx/nvic.c"
  28              		.loc 1 39 0
  29              		.cfi_startproc
  30              		@ args = 0, pretend = 0, frame = 0
  31              		@ frame_needed = 0, uses_anonymous_args = 0
  32              		@ link register save eliminated.
  33              	.LVL0:
  34 0000 F0B4     		push	{r4, r5, r6, r7}
  35              	.LCFI0:
  36              		.cfi_def_cfa_offset 16
  37              		.cfi_offset 4, -16
  38              		.cfi_offset 5, -12
  39              		.cfi_offset 6, -8
  40              		.cfi_offset 7, -4
  41              		.loc 1 42 0
  42 0002 8408     		lsrs	r4, r0, #2
  43 0004 0F4B     		ldr	r3, .L2
  44 0006 C034     		adds	r4, r4, #192
  45              		.loc 1 40 0
  46 0008 00F00305 		and	r5, r0, #3
  47              		.loc 1 42 0
  48 000c 53F82470 		ldr	r7, [r3, r4, lsl #2]
  49              		.loc 1 40 0
  50 0010 ED00     		lsls	r5, r5, #3
  51              	.LVL1:
  52              		.loc 1 42 0
  53 0012 FF26     		movs	r6, #255
  54              		.loc 1 43 0
  55 0014 4209     		lsrs	r2, r0, #5
  56              		.loc 1 42 0
  57 0016 06FA05F6 		lsl	r6, r6, r5
ARM GAS  C:\Users\LAB_ME~1\AppData\Local\Temp\cc4HByHD.s 			page 2


  58 001a 27EA0606 		bic	r6, r7, r6
  59 001e 01FA05F5 		lsl	r5, r1, r5
  60              	.LVL2:
  61              		.loc 1 43 0
  62 0022 00F01F00 		and	r0, r0, #31
  63              	.LVL3:
  64 0026 02F16007 		add	r7, r2, #96
  65 002a 0121     		movs	r1, #1
  66              	.LVL4:
  67 002c 01FA00F0 		lsl	r0, r1, r0
  68              		.loc 1 42 0
  69 0030 2E43     		orrs	r6, r6, r5
  70 0032 43F82460 		str	r6, [r3, r4, lsl #2]
  71              		.loc 1 43 0
  72 0036 43F82700 		str	r0, [r3, r7, lsl #2]
  73              		.loc 1 44 0
  74 003a 43F82200 		str	r0, [r3, r2, lsl #2]
  75              		.loc 1 45 0
  76 003e F0BC     		pop	{r4, r5, r6, r7}
  77 0040 7047     		bx	lr
  78              	.L3:
  79 0042 00BF     		.align	2
  80              	.L2:
  81 0044 00E100E0 		.word	-536813312
  82              		.cfi_endproc
  83              	.LFE7:
  84              		.size	nvicEnableVector, .-nvicEnableVector
  85 0048 AFF30080 		.section	.text.nvicDisableVector,"ax",%progbits
  85      AFF30080 
  86              		.align	2
  87              		.p2align 4,,15
  88              		.global	nvicDisableVector
  89              		.thumb
  90              		.thumb_func
  91              		.type	nvicDisableVector, %function
  92              	nvicDisableVector:
  93              	.LFB8:
  94              		.loc 1 53 0
  95              		.cfi_startproc
  96              		@ args = 0, pretend = 0, frame = 0
  97              		@ frame_needed = 0, uses_anonymous_args = 0
  98              		@ link register save eliminated.
  99              	.LVL5:
 100              		.loc 1 56 0
 101 0000 4109     		lsrs	r1, r0, #5
 102              		.loc 1 53 0
 103 0002 10B4     		push	{r4}
 104              	.LCFI1:
 105              		.cfi_def_cfa_offset 4
 106              		.cfi_offset 4, -4
 107              		.loc 1 56 0
 108 0004 0C4B     		ldr	r3, .L5
 109 0006 00F01F02 		and	r2, r0, #31
 110 000a 2031     		adds	r1, r1, #32
 111 000c 0124     		movs	r4, #1
 112 000e 04FA02F4 		lsl	r4, r4, r2
 113              		.loc 1 57 0
ARM GAS  C:\Users\LAB_ME~1\AppData\Local\Temp\cc4HByHD.s 			page 3


 114 0012 8208     		lsrs	r2, r0, #2
 115              		.loc 1 56 0
 116 0014 43F82140 		str	r4, [r3, r1, lsl #2]
 117              		.loc 1 57 0
 118 0018 C032     		adds	r2, r2, #192
 119              		.loc 1 54 0
 120 001a 00F00300 		and	r0, r0, #3
 121              	.LVL6:
 122              		.loc 1 57 0
 123 001e 53F82210 		ldr	r1, [r3, r2, lsl #2]
 124              		.loc 1 54 0
 125 0022 C000     		lsls	r0, r0, #3
 126              	.LVL7:
 127              		.loc 1 57 0
 128 0024 FF24     		movs	r4, #255
 129 0026 04FA00F0 		lsl	r0, r4, r0
 130              	.LVL8:
 131 002a 21EA0000 		bic	r0, r1, r0
 132 002e 43F82200 		str	r0, [r3, r2, lsl #2]
 133              		.loc 1 58 0
 134 0032 10BC     		pop	{r4}
 135 0034 7047     		bx	lr
 136              	.L6:
 137 0036 00BF     		.align	2
 138              	.L5:
 139 0038 00E100E0 		.word	-536813312
 140              		.cfi_endproc
 141              	.LFE8:
 142              		.size	nvicDisableVector, .-nvicDisableVector
 143 003c AFF30080 		.section	.text.nvicSetSystemHandlerPriority,"ax",%progbits
 144              		.align	2
 145              		.p2align 4,,15
 146              		.global	nvicSetSystemHandlerPriority
 147              		.thumb
 148              		.thumb_func
 149              		.type	nvicSetSystemHandlerPriority, %function
 150              	nvicSetSystemHandlerPriority:
 151              	.LFB9:
 152              		.loc 1 67 0
 153              		.cfi_startproc
 154              		@ args = 0, pretend = 0, frame = 0
 155              		@ frame_needed = 0, uses_anonymous_args = 0
 156              		@ link register save eliminated.
 157              	.LVL9:
 158              		.loc 1 70 0
 159 0000 8208     		lsrs	r2, r0, #2
 160 0002 0A4B     		ldr	r3, .L8
 161 0004 0632     		adds	r2, r2, #6
 162              		.loc 1 68 0
 163 0006 00F00300 		and	r0, r0, #3
 164              	.LVL10:
 165              		.loc 1 67 0
 166 000a 30B4     		push	{r4, r5}
 167              	.LCFI2:
 168              		.cfi_def_cfa_offset 8
 169              		.cfi_offset 4, -8
 170              		.cfi_offset 5, -4
ARM GAS  C:\Users\LAB_ME~1\AppData\Local\Temp\cc4HByHD.s 			page 4


 171              		.loc 1 68 0
 172 000c C000     		lsls	r0, r0, #3
 173              	.LVL11:
 174              		.loc 1 70 0
 175 000e 53F82250 		ldr	r5, [r3, r2, lsl #2]
 176              		.loc 1 71 0
 177 0012 FF24     		movs	r4, #255
 178 0014 04FA00F4 		lsl	r4, r4, r0
 179              		.loc 1 70 0
 180 0018 25EA0404 		bic	r4, r5, r4
 181              		.loc 1 71 0
 182 001c 01FA00F1 		lsl	r1, r1, r0
 183              	.LVL12:
 184 0020 0C43     		orrs	r4, r4, r1
 185              		.loc 1 70 0
 186 0022 43F82240 		str	r4, [r3, r2, lsl #2]
 187              		.loc 1 72 0
 188 0026 30BC     		pop	{r4, r5}
 189 0028 7047     		bx	lr
 190              	.L9:
 191 002a 00BF     		.align	2
 192              	.L8:
 193 002c 00ED00E0 		.word	-536810240
 194              		.cfi_endproc
 195              	.LFE9:
 196              		.size	nvicSetSystemHandlerPriority, .-nvicSetSystemHandlerPriority
 197              		.text
 198              	.Letext0:
 199              		.file 2 "c:\\program files (x86)\\codesourcery\\sourcery_codebench_lite_for_arm_eabi\\bin\\../lib/
 200              		.file 3 "../../os/ports/common/ARMCMx/nvic.h"
 201              		.section	.debug_info,"",%progbits
 202              	.Ldebug_info0:
 203 0000 4A040000 		.4byte	0x44a
 204 0004 0200     		.2byte	0x2
 205 0006 00000000 		.4byte	.Ldebug_abbrev0
 206 000a 04       		.byte	0x4
 207 000b 01       		.uleb128 0x1
 208 000c 52010000 		.4byte	.LASF45
 209 0010 01       		.byte	0x1
 210 0011 0F000000 		.4byte	.LASF46
 211 0015 6E010000 		.4byte	.LASF47
 212 0019 00000000 		.4byte	.Ldebug_ranges0+0
 213 001d 00000000 		.4byte	0
 214 0021 00000000 		.4byte	0
 215 0025 00000000 		.4byte	.Ldebug_line0
 216 0029 02       		.uleb128 0x2
 217 002a 04       		.byte	0x4
 218 002b 05       		.byte	0x5
 219 002c 696E7400 		.ascii	"int\000"
 220 0030 03       		.uleb128 0x3
 221 0031 04       		.byte	0x4
 222 0032 07       		.byte	0x7
 223 0033 E2000000 		.4byte	.LASF0
 224 0037 03       		.uleb128 0x3
 225 0038 01       		.byte	0x1
 226 0039 06       		.byte	0x6
 227 003a A7010000 		.4byte	.LASF1
ARM GAS  C:\Users\LAB_ME~1\AppData\Local\Temp\cc4HByHD.s 			page 5


 228 003e 03       		.uleb128 0x3
 229 003f 01       		.byte	0x1
 230 0040 08       		.byte	0x8
 231 0041 60000000 		.4byte	.LASF2
 232 0045 03       		.uleb128 0x3
 233 0046 02       		.byte	0x2
 234 0047 05       		.byte	0x5
 235 0048 D8000000 		.4byte	.LASF3
 236 004c 03       		.uleb128 0x3
 237 004d 02       		.byte	0x2
 238 004e 07       		.byte	0x7
 239 004f 9E000000 		.4byte	.LASF4
 240 0053 03       		.uleb128 0x3
 241 0054 04       		.byte	0x4
 242 0055 05       		.byte	0x5
 243 0056 99010000 		.4byte	.LASF5
 244 005a 04       		.uleb128 0x4
 245 005b 90010000 		.4byte	.LASF9
 246 005f 02       		.byte	0x2
 247 0060 50       		.byte	0x50
 248 0061 65000000 		.4byte	0x65
 249 0065 03       		.uleb128 0x3
 250 0066 04       		.byte	0x4
 251 0067 07       		.byte	0x7
 252 0068 BB000000 		.4byte	.LASF6
 253 006c 03       		.uleb128 0x3
 254 006d 08       		.byte	0x8
 255 006e 05       		.byte	0x5
 256 006f 39010000 		.4byte	.LASF7
 257 0073 03       		.uleb128 0x3
 258 0074 08       		.byte	0x8
 259 0075 07       		.byte	0x7
 260 0076 F9000000 		.4byte	.LASF8
 261 007a 04       		.uleb128 0x4
 262 007b 58000000 		.4byte	.LASF10
 263 007f 03       		.byte	0x3
 264 0080 33       		.byte	0x33
 265 0081 85000000 		.4byte	0x85
 266 0085 05       		.uleb128 0x5
 267 0086 5A000000 		.4byte	0x5a
 268 008a 06       		.uleb128 0x6
 269 008b 040E     		.2byte	0xe04
 270 008d 03       		.byte	0x3
 271 008e 63       		.byte	0x63
 272 008f 55010000 		.4byte	0x155
 273 0093 07       		.uleb128 0x7
 274 0094 5E010000 		.4byte	.LASF11
 275 0098 03       		.byte	0x3
 276 0099 64       		.byte	0x64
 277 009a 6C010000 		.4byte	0x16c
 278 009e 02       		.byte	0x2
 279 009f 23       		.byte	0x23
 280 00a0 00       		.uleb128 0
 281 00a1 07       		.uleb128 0x7
 282 00a2 6E000000 		.4byte	.LASF12
 283 00a6 03       		.byte	0x3
 284 00a7 65       		.byte	0x65
ARM GAS  C:\Users\LAB_ME~1\AppData\Local\Temp\cc4HByHD.s 			page 6


 285 00a8 81010000 		.4byte	0x181
 286 00ac 02       		.byte	0x2
 287 00ad 23       		.byte	0x23
 288 00ae 20       		.uleb128 0x20
 289 00af 07       		.uleb128 0x7
 290 00b0 53000000 		.4byte	.LASF13
 291 00b4 03       		.byte	0x3
 292 00b5 66       		.byte	0x66
 293 00b6 86010000 		.4byte	0x186
 294 00ba 03       		.byte	0x3
 295 00bb 23       		.byte	0x23
 296 00bc 8001     		.uleb128 0x80
 297 00be 07       		.uleb128 0x7
 298 00bf 76000000 		.4byte	.LASF14
 299 00c3 03       		.byte	0x3
 300 00c4 67       		.byte	0x67
 301 00c5 8B010000 		.4byte	0x18b
 302 00c9 03       		.byte	0x3
 303 00ca 23       		.byte	0x23
 304 00cb A001     		.uleb128 0xa0
 305 00cd 07       		.uleb128 0x7
 306 00ce EF000000 		.4byte	.LASF15
 307 00d2 03       		.byte	0x3
 308 00d3 68       		.byte	0x68
 309 00d4 90010000 		.4byte	0x190
 310 00d8 03       		.byte	0x3
 311 00d9 23       		.byte	0x23
 312 00da 8002     		.uleb128 0x100
 313 00dc 07       		.uleb128 0x7
 314 00dd 7E000000 		.4byte	.LASF16
 315 00e1 03       		.byte	0x3
 316 00e2 69       		.byte	0x69
 317 00e3 95010000 		.4byte	0x195
 318 00e7 03       		.byte	0x3
 319 00e8 23       		.byte	0x23
 320 00e9 A002     		.uleb128 0x120
 321 00eb 07       		.uleb128 0x7
 322 00ec 05000000 		.4byte	.LASF17
 323 00f0 03       		.byte	0x3
 324 00f1 6A       		.byte	0x6a
 325 00f2 9A010000 		.4byte	0x19a
 326 00f6 03       		.byte	0x3
 327 00f7 23       		.byte	0x23
 328 00f8 8003     		.uleb128 0x180
 329 00fa 07       		.uleb128 0x7
 330 00fb 86000000 		.4byte	.LASF18
 331 00ff 03       		.byte	0x3
 332 0100 6B       		.byte	0x6b
 333 0101 9F010000 		.4byte	0x19f
 334 0105 03       		.byte	0x3
 335 0106 23       		.byte	0x23
 336 0107 A003     		.uleb128 0x1a0
 337 0109 07       		.uleb128 0x7
 338 010a D0010000 		.4byte	.LASF19
 339 010e 03       		.byte	0x3
 340 010f 6C       		.byte	0x6c
 341 0110 A4010000 		.4byte	0x1a4
ARM GAS  C:\Users\LAB_ME~1\AppData\Local\Temp\cc4HByHD.s 			page 7


 342 0114 03       		.byte	0x3
 343 0115 23       		.byte	0x23
 344 0116 8004     		.uleb128 0x200
 345 0118 07       		.uleb128 0x7
 346 0119 8E000000 		.4byte	.LASF20
 347 011d 03       		.byte	0x3
 348 011e 6D       		.byte	0x6d
 349 011f B9010000 		.4byte	0x1b9
 350 0123 03       		.byte	0x3
 351 0124 23       		.byte	0x23
 352 0125 A004     		.uleb128 0x220
 353 0127 08       		.uleb128 0x8
 354 0128 49505200 		.ascii	"IPR\000"
 355 012c 03       		.byte	0x3
 356 012d 6E       		.byte	0x6e
 357 012e CE010000 		.4byte	0x1ce
 358 0132 03       		.byte	0x3
 359 0133 23       		.byte	0x23
 360 0134 8006     		.uleb128 0x300
 361 0136 07       		.uleb128 0x7
 362 0137 96000000 		.4byte	.LASF21
 363 013b 03       		.byte	0x3
 364 013c 6F       		.byte	0x6f
 365 013d E4010000 		.4byte	0x1e4
 366 0141 03       		.byte	0x3
 367 0142 23       		.byte	0x23
 368 0143 F007     		.uleb128 0x3f0
 369 0145 07       		.uleb128 0x7
 370 0146 D3000000 		.4byte	.LASF22
 371 014a 03       		.byte	0x3
 372 014b 70       		.byte	0x70
 373 014c 7A000000 		.4byte	0x7a
 374 0150 03       		.byte	0x3
 375 0151 23       		.byte	0x23
 376 0152 801C     		.uleb128 0xe00
 377 0154 00       		.byte	0
 378 0155 09       		.uleb128 0x9
 379 0156 7A000000 		.4byte	0x7a
 380 015a 65010000 		.4byte	0x165
 381 015e 0A       		.uleb128 0xa
 382 015f 65010000 		.4byte	0x165
 383 0163 07       		.byte	0x7
 384 0164 00       		.byte	0
 385 0165 03       		.uleb128 0x3
 386 0166 04       		.byte	0x4
 387 0167 07       		.byte	0x7
 388 0168 30010000 		.4byte	.LASF23
 389 016c 05       		.uleb128 0x5
 390 016d 55010000 		.4byte	0x155
 391 0171 09       		.uleb128 0x9
 392 0172 7A000000 		.4byte	0x7a
 393 0176 81010000 		.4byte	0x181
 394 017a 0A       		.uleb128 0xa
 395 017b 65010000 		.4byte	0x165
 396 017f 17       		.byte	0x17
 397 0180 00       		.byte	0
 398 0181 05       		.uleb128 0x5
ARM GAS  C:\Users\LAB_ME~1\AppData\Local\Temp\cc4HByHD.s 			page 8


 399 0182 71010000 		.4byte	0x171
 400 0186 05       		.uleb128 0x5
 401 0187 55010000 		.4byte	0x155
 402 018b 05       		.uleb128 0x5
 403 018c 71010000 		.4byte	0x171
 404 0190 05       		.uleb128 0x5
 405 0191 55010000 		.4byte	0x155
 406 0195 05       		.uleb128 0x5
 407 0196 71010000 		.4byte	0x171
 408 019a 05       		.uleb128 0x5
 409 019b 55010000 		.4byte	0x155
 410 019f 05       		.uleb128 0x5
 411 01a0 71010000 		.4byte	0x171
 412 01a4 05       		.uleb128 0x5
 413 01a5 55010000 		.4byte	0x155
 414 01a9 09       		.uleb128 0x9
 415 01aa 7A000000 		.4byte	0x7a
 416 01ae B9010000 		.4byte	0x1b9
 417 01b2 0A       		.uleb128 0xa
 418 01b3 65010000 		.4byte	0x165
 419 01b7 37       		.byte	0x37
 420 01b8 00       		.byte	0
 421 01b9 05       		.uleb128 0x5
 422 01ba A9010000 		.4byte	0x1a9
 423 01be 09       		.uleb128 0x9
 424 01bf 7A000000 		.4byte	0x7a
 425 01c3 CE010000 		.4byte	0x1ce
 426 01c7 0A       		.uleb128 0xa
 427 01c8 65010000 		.4byte	0x165
 428 01cc 3B       		.byte	0x3b
 429 01cd 00       		.byte	0
 430 01ce 05       		.uleb128 0x5
 431 01cf BE010000 		.4byte	0x1be
 432 01d3 09       		.uleb128 0x9
 433 01d4 7A000000 		.4byte	0x7a
 434 01d8 E4010000 		.4byte	0x1e4
 435 01dc 0B       		.uleb128 0xb
 436 01dd 65010000 		.4byte	0x165
 437 01e1 8302     		.2byte	0x283
 438 01e3 00       		.byte	0
 439 01e4 05       		.uleb128 0x5
 440 01e5 D3010000 		.4byte	0x1d3
 441 01e9 04       		.uleb128 0x4
 442 01ea 45000000 		.4byte	.LASF24
 443 01ee 03       		.byte	0x3
 444 01ef 71       		.byte	0x71
 445 01f0 8A000000 		.4byte	0x8a
 446 01f4 0C       		.uleb128 0xc
 447 01f5 8C       		.byte	0x8c
 448 01f6 03       		.byte	0x3
 449 01f7 82       		.byte	0x82
 450 01f8 24030000 		.4byte	0x324
 451 01fc 07       		.uleb128 0x7
 452 01fd 47010000 		.4byte	.LASF25
 453 0201 03       		.byte	0x3
 454 0202 83       		.byte	0x83
 455 0203 7A000000 		.4byte	0x7a
ARM GAS  C:\Users\LAB_ME~1\AppData\Local\Temp\cc4HByHD.s 			page 9


 456 0207 02       		.byte	0x2
 457 0208 23       		.byte	0x23
 458 0209 00       		.uleb128 0
 459 020a 07       		.uleb128 0x7
 460 020b 10010000 		.4byte	.LASF26
 461 020f 03       		.byte	0x3
 462 0210 84       		.byte	0x84
 463 0211 7A000000 		.4byte	0x7a
 464 0215 02       		.byte	0x2
 465 0216 23       		.byte	0x23
 466 0217 04       		.uleb128 0x4
 467 0218 07       		.uleb128 0x7
 468 0219 4E000000 		.4byte	.LASF27
 469 021d 03       		.byte	0x3
 470 021e 85       		.byte	0x85
 471 021f 7A000000 		.4byte	0x7a
 472 0223 02       		.byte	0x2
 473 0224 23       		.byte	0x23
 474 0225 08       		.uleb128 0x8
 475 0226 07       		.uleb128 0x7
 476 0227 1D010000 		.4byte	.LASF28
 477 022b 03       		.byte	0x3
 478 022c 86       		.byte	0x86
 479 022d 7A000000 		.4byte	0x7a
 480 0231 02       		.byte	0x2
 481 0232 23       		.byte	0x23
 482 0233 0C       		.uleb128 0xc
 483 0234 08       		.uleb128 0x8
 484 0235 53435200 		.ascii	"SCR\000"
 485 0239 03       		.byte	0x3
 486 023a 87       		.byte	0x87
 487 023b 7A000000 		.4byte	0x7a
 488 023f 02       		.byte	0x2
 489 0240 23       		.byte	0x23
 490 0241 10       		.uleb128 0x10
 491 0242 08       		.uleb128 0x8
 492 0243 43435200 		.ascii	"CCR\000"
 493 0247 03       		.byte	0x3
 494 0248 88       		.byte	0x88
 495 0249 7A000000 		.4byte	0x7a
 496 024d 02       		.byte	0x2
 497 024e 23       		.byte	0x23
 498 024f 14       		.uleb128 0x14
 499 0250 07       		.uleb128 0x7
 500 0251 A2010000 		.4byte	.LASF29
 501 0255 03       		.byte	0x3
 502 0256 89       		.byte	0x89
 503 0257 34030000 		.4byte	0x334
 504 025b 02       		.byte	0x2
 505 025c 23       		.byte	0x23
 506 025d 18       		.uleb128 0x18
 507 025e 07       		.uleb128 0x7
 508 025f 8A010000 		.4byte	.LASF30
 509 0263 03       		.byte	0x3
 510 0264 8A       		.byte	0x8a
 511 0265 7A000000 		.4byte	0x7a
 512 0269 02       		.byte	0x2
ARM GAS  C:\Users\LAB_ME~1\AppData\Local\Temp\cc4HByHD.s 			page 10


 513 026a 23       		.byte	0x23
 514 026b 24       		.uleb128 0x24
 515 026c 07       		.uleb128 0x7
 516 026d B1000000 		.4byte	.LASF31
 517 0271 03       		.byte	0x3
 518 0272 8B       		.byte	0x8b
 519 0273 7A000000 		.4byte	0x7a
 520 0277 02       		.byte	0x2
 521 0278 23       		.byte	0x23
 522 0279 28       		.uleb128 0x28
 523 027a 07       		.uleb128 0x7
 524 027b B6000000 		.4byte	.LASF32
 525 027f 03       		.byte	0x3
 526 0280 8C       		.byte	0x8c
 527 0281 7A000000 		.4byte	0x7a
 528 0285 02       		.byte	0x2
 529 0286 23       		.byte	0x23
 530 0287 2C       		.uleb128 0x2c
 531 0288 07       		.uleb128 0x7
 532 0289 F4000000 		.4byte	.LASF33
 533 028d 03       		.byte	0x3
 534 028e 8D       		.byte	0x8d
 535 028f 7A000000 		.4byte	0x7a
 536 0293 02       		.byte	0x2
 537 0294 23       		.byte	0x23
 538 0295 30       		.uleb128 0x30
 539 0296 07       		.uleb128 0x7
 540 0297 68010000 		.4byte	.LASF34
 541 029b 03       		.byte	0x3
 542 029c 8E       		.byte	0x8e
 543 029d 7A000000 		.4byte	0x7a
 544 02a1 02       		.byte	0x2
 545 02a2 23       		.byte	0x23
 546 02a3 34       		.uleb128 0x34
 547 02a4 07       		.uleb128 0x7
 548 02a5 23010000 		.4byte	.LASF35
 549 02a9 03       		.byte	0x3
 550 02aa 8F       		.byte	0x8f
 551 02ab 7A000000 		.4byte	0x7a
 552 02af 02       		.byte	0x2
 553 02b0 23       		.byte	0x23
 554 02b1 38       		.uleb128 0x38
 555 02b2 07       		.uleb128 0x7
 556 02b3 63010000 		.4byte	.LASF36
 557 02b7 03       		.byte	0x3
 558 02b8 90       		.byte	0x90
 559 02b9 7A000000 		.4byte	0x7a
 560 02bd 02       		.byte	0x2
 561 02be 23       		.byte	0x23
 562 02bf 3C       		.uleb128 0x3c
 563 02c0 08       		.uleb128 0x8
 564 02c1 50465200 		.ascii	"PFR\000"
 565 02c5 03       		.byte	0x3
 566 02c6 91       		.byte	0x91
 567 02c7 49030000 		.4byte	0x349
 568 02cb 02       		.byte	0x2
 569 02cc 23       		.byte	0x23
ARM GAS  C:\Users\LAB_ME~1\AppData\Local\Temp\cc4HByHD.s 			page 11


 570 02cd 40       		.uleb128 0x40
 571 02ce 08       		.uleb128 0x8
 572 02cf 44465200 		.ascii	"DFR\000"
 573 02d3 03       		.byte	0x3
 574 02d4 92       		.byte	0x92
 575 02d5 7A000000 		.4byte	0x7a
 576 02d9 02       		.byte	0x2
 577 02da 23       		.byte	0x23
 578 02db 48       		.uleb128 0x48
 579 02dc 08       		.uleb128 0x8
 580 02dd 41445200 		.ascii	"ADR\000"
 581 02e1 03       		.byte	0x3
 582 02e2 93       		.byte	0x93
 583 02e3 7A000000 		.4byte	0x7a
 584 02e7 02       		.byte	0x2
 585 02e8 23       		.byte	0x23
 586 02e9 4C       		.uleb128 0x4c
 587 02ea 07       		.uleb128 0x7
 588 02eb 0A000000 		.4byte	.LASF37
 589 02ef 03       		.byte	0x3
 590 02f0 94       		.byte	0x94
 591 02f1 5E030000 		.4byte	0x35e
 592 02f5 02       		.byte	0x2
 593 02f6 23       		.byte	0x23
 594 02f7 50       		.uleb128 0x50
 595 02f8 08       		.uleb128 0x8
 596 02f9 53415200 		.ascii	"SAR\000"
 597 02fd 03       		.byte	0x3
 598 02fe 95       		.byte	0x95
 599 02ff 73030000 		.4byte	0x373
 600 0303 02       		.byte	0x2
 601 0304 23       		.byte	0x23
 602 0305 60       		.uleb128 0x60
 603 0306 07       		.uleb128 0x7
 604 0307 6E000000 		.4byte	.LASF12
 605 030b 03       		.byte	0x3
 606 030c 96       		.byte	0x96
 607 030d 78030000 		.4byte	0x378
 608 0311 02       		.byte	0x2
 609 0312 23       		.byte	0x23
 610 0313 74       		.uleb128 0x74
 611 0314 07       		.uleb128 0x7
 612 0315 CD000000 		.4byte	.LASF38
 613 0319 03       		.byte	0x3
 614 031a 97       		.byte	0x97
 615 031b 7A000000 		.4byte	0x7a
 616 031f 03       		.byte	0x3
 617 0320 23       		.byte	0x23
 618 0321 8801     		.uleb128 0x88
 619 0323 00       		.byte	0
 620 0324 09       		.uleb128 0x9
 621 0325 7A000000 		.4byte	0x7a
 622 0329 34030000 		.4byte	0x334
 623 032d 0A       		.uleb128 0xa
 624 032e 65010000 		.4byte	0x165
 625 0332 02       		.byte	0x2
 626 0333 00       		.byte	0
ARM GAS  C:\Users\LAB_ME~1\AppData\Local\Temp\cc4HByHD.s 			page 12


 627 0334 05       		.uleb128 0x5
 628 0335 24030000 		.4byte	0x324
 629 0339 09       		.uleb128 0x9
 630 033a 7A000000 		.4byte	0x7a
 631 033e 49030000 		.4byte	0x349
 632 0342 0A       		.uleb128 0xa
 633 0343 65010000 		.4byte	0x165
 634 0347 01       		.byte	0x1
 635 0348 00       		.byte	0
 636 0349 05       		.uleb128 0x5
 637 034a 39030000 		.4byte	0x339
 638 034e 09       		.uleb128 0x9
 639 034f 7A000000 		.4byte	0x7a
 640 0353 5E030000 		.4byte	0x35e
 641 0357 0A       		.uleb128 0xa
 642 0358 65010000 		.4byte	0x165
 643 035c 03       		.byte	0x3
 644 035d 00       		.byte	0
 645 035e 05       		.uleb128 0x5
 646 035f 4E030000 		.4byte	0x34e
 647 0363 09       		.uleb128 0x9
 648 0364 7A000000 		.4byte	0x7a
 649 0368 73030000 		.4byte	0x373
 650 036c 0A       		.uleb128 0xa
 651 036d 65010000 		.4byte	0x165
 652 0371 04       		.byte	0x4
 653 0372 00       		.byte	0
 654 0373 05       		.uleb128 0x5
 655 0374 63030000 		.4byte	0x363
 656 0378 05       		.uleb128 0x5
 657 0379 63030000 		.4byte	0x363
 658 037d 04       		.uleb128 0x4
 659 037e 15010000 		.4byte	.LASF39
 660 0382 03       		.byte	0x3
 661 0383 98       		.byte	0x98
 662 0384 F4010000 		.4byte	0x1f4
 663 0388 03       		.uleb128 0x3
 664 0389 01       		.byte	0x1
 665 038a 08       		.byte	0x8
 666 038b 4D010000 		.4byte	.LASF40
 667 038f 0D       		.uleb128 0xd
 668 0390 01       		.byte	0x1
 669 0391 D5010000 		.4byte	.LASF42
 670 0395 01       		.byte	0x1
 671 0396 27       		.byte	0x27
 672 0397 01       		.byte	0x1
 673 0398 00000000 		.4byte	.LFB7
 674 039c 48000000 		.4byte	.LFE7
 675 03a0 00000000 		.4byte	.LLST0
 676 03a4 01       		.byte	0x1
 677 03a5 D4030000 		.4byte	0x3d4
 678 03a9 0E       		.uleb128 0xe
 679 03aa 6E00     		.ascii	"n\000"
 680 03ac 01       		.byte	0x1
 681 03ad 27       		.byte	0x27
 682 03ae 5A000000 		.4byte	0x5a
 683 03b2 20000000 		.4byte	.LLST1
ARM GAS  C:\Users\LAB_ME~1\AppData\Local\Temp\cc4HByHD.s 			page 13


 684 03b6 0F       		.uleb128 0xf
 685 03b7 00000000 		.4byte	.LASF41
 686 03bb 01       		.byte	0x1
 687 03bc 27       		.byte	0x27
 688 03bd 5A000000 		.4byte	0x5a
 689 03c1 41000000 		.4byte	.LLST2
 690 03c5 10       		.uleb128 0x10
 691 03c6 736800   		.ascii	"sh\000"
 692 03c9 01       		.byte	0x1
 693 03ca 28       		.byte	0x28
 694 03cb 30000000 		.4byte	0x30
 695 03cf 62000000 		.4byte	.LLST3
 696 03d3 00       		.byte	0
 697 03d4 0D       		.uleb128 0xd
 698 03d5 01       		.byte	0x1
 699 03d6 33000000 		.4byte	.LASF43
 700 03da 01       		.byte	0x1
 701 03db 35       		.byte	0x35
 702 03dc 01       		.byte	0x1
 703 03dd 00000000 		.4byte	.LFB8
 704 03e1 3C000000 		.4byte	.LFE8
 705 03e5 A9000000 		.4byte	.LLST4
 706 03e9 01       		.byte	0x1
 707 03ea 0A040000 		.4byte	0x40a
 708 03ee 0E       		.uleb128 0xe
 709 03ef 6E00     		.ascii	"n\000"
 710 03f1 01       		.byte	0x1
 711 03f2 35       		.byte	0x35
 712 03f3 5A000000 		.4byte	0x5a
 713 03f7 C9000000 		.4byte	.LLST5
 714 03fb 10       		.uleb128 0x10
 715 03fc 736800   		.ascii	"sh\000"
 716 03ff 01       		.byte	0x1
 717 0400 36       		.byte	0x36
 718 0401 30000000 		.4byte	0x30
 719 0405 EA000000 		.4byte	.LLST6
 720 0409 00       		.byte	0
 721 040a 11       		.uleb128 0x11
 722 040b 01       		.byte	0x1
 723 040c B3010000 		.4byte	.LASF48
 724 0410 01       		.byte	0x1
 725 0411 43       		.byte	0x43
 726 0412 01       		.byte	0x1
 727 0413 00000000 		.4byte	.LFB9
 728 0417 30000000 		.4byte	.LFE9
 729 041b 32010000 		.4byte	.LLST7
 730 041f 01       		.byte	0x1
 731 0420 0F       		.uleb128 0xf
 732 0421 28010000 		.4byte	.LASF44
 733 0425 01       		.byte	0x1
 734 0426 43       		.byte	0x43
 735 0427 5A000000 		.4byte	0x5a
 736 042b 52010000 		.4byte	.LLST8
 737 042f 0F       		.uleb128 0xf
 738 0430 00000000 		.4byte	.LASF41
 739 0434 01       		.byte	0x1
 740 0435 43       		.byte	0x43
ARM GAS  C:\Users\LAB_ME~1\AppData\Local\Temp\cc4HByHD.s 			page 14


 741 0436 5A000000 		.4byte	0x5a
 742 043a 73010000 		.4byte	.LLST9
 743 043e 10       		.uleb128 0x10
 744 043f 736800   		.ascii	"sh\000"
 745 0442 01       		.byte	0x1
 746 0443 44       		.byte	0x44
 747 0444 30000000 		.4byte	0x30
 748 0448 94010000 		.4byte	.LLST10
 749 044c 00       		.byte	0
 750 044d 00       		.byte	0
 751              		.section	.debug_abbrev,"",%progbits
 752              	.Ldebug_abbrev0:
 753 0000 01       		.uleb128 0x1
 754 0001 11       		.uleb128 0x11
 755 0002 01       		.byte	0x1
 756 0003 25       		.uleb128 0x25
 757 0004 0E       		.uleb128 0xe
 758 0005 13       		.uleb128 0x13
 759 0006 0B       		.uleb128 0xb
 760 0007 03       		.uleb128 0x3
 761 0008 0E       		.uleb128 0xe
 762 0009 1B       		.uleb128 0x1b
 763 000a 0E       		.uleb128 0xe
 764 000b 55       		.uleb128 0x55
 765 000c 06       		.uleb128 0x6
 766 000d 11       		.uleb128 0x11
 767 000e 01       		.uleb128 0x1
 768 000f 52       		.uleb128 0x52
 769 0010 01       		.uleb128 0x1
 770 0011 10       		.uleb128 0x10
 771 0012 06       		.uleb128 0x6
 772 0013 00       		.byte	0
 773 0014 00       		.byte	0
 774 0015 02       		.uleb128 0x2
 775 0016 24       		.uleb128 0x24
 776 0017 00       		.byte	0
 777 0018 0B       		.uleb128 0xb
 778 0019 0B       		.uleb128 0xb
 779 001a 3E       		.uleb128 0x3e
 780 001b 0B       		.uleb128 0xb
 781 001c 03       		.uleb128 0x3
 782 001d 08       		.uleb128 0x8
 783 001e 00       		.byte	0
 784 001f 00       		.byte	0
 785 0020 03       		.uleb128 0x3
 786 0021 24       		.uleb128 0x24
 787 0022 00       		.byte	0
 788 0023 0B       		.uleb128 0xb
 789 0024 0B       		.uleb128 0xb
 790 0025 3E       		.uleb128 0x3e
 791 0026 0B       		.uleb128 0xb
 792 0027 03       		.uleb128 0x3
 793 0028 0E       		.uleb128 0xe
 794 0029 00       		.byte	0
 795 002a 00       		.byte	0
 796 002b 04       		.uleb128 0x4
 797 002c 16       		.uleb128 0x16
ARM GAS  C:\Users\LAB_ME~1\AppData\Local\Temp\cc4HByHD.s 			page 15


 798 002d 00       		.byte	0
 799 002e 03       		.uleb128 0x3
 800 002f 0E       		.uleb128 0xe
 801 0030 3A       		.uleb128 0x3a
 802 0031 0B       		.uleb128 0xb
 803 0032 3B       		.uleb128 0x3b
 804 0033 0B       		.uleb128 0xb
 805 0034 49       		.uleb128 0x49
 806 0035 13       		.uleb128 0x13
 807 0036 00       		.byte	0
 808 0037 00       		.byte	0
 809 0038 05       		.uleb128 0x5
 810 0039 35       		.uleb128 0x35
 811 003a 00       		.byte	0
 812 003b 49       		.uleb128 0x49
 813 003c 13       		.uleb128 0x13
 814 003d 00       		.byte	0
 815 003e 00       		.byte	0
 816 003f 06       		.uleb128 0x6
 817 0040 13       		.uleb128 0x13
 818 0041 01       		.byte	0x1
 819 0042 0B       		.uleb128 0xb
 820 0043 05       		.uleb128 0x5
 821 0044 3A       		.uleb128 0x3a
 822 0045 0B       		.uleb128 0xb
 823 0046 3B       		.uleb128 0x3b
 824 0047 0B       		.uleb128 0xb
 825 0048 01       		.uleb128 0x1
 826 0049 13       		.uleb128 0x13
 827 004a 00       		.byte	0
 828 004b 00       		.byte	0
 829 004c 07       		.uleb128 0x7
 830 004d 0D       		.uleb128 0xd
 831 004e 00       		.byte	0
 832 004f 03       		.uleb128 0x3
 833 0050 0E       		.uleb128 0xe
 834 0051 3A       		.uleb128 0x3a
 835 0052 0B       		.uleb128 0xb
 836 0053 3B       		.uleb128 0x3b
 837 0054 0B       		.uleb128 0xb
 838 0055 49       		.uleb128 0x49
 839 0056 13       		.uleb128 0x13
 840 0057 38       		.uleb128 0x38
 841 0058 0A       		.uleb128 0xa
 842 0059 00       		.byte	0
 843 005a 00       		.byte	0
 844 005b 08       		.uleb128 0x8
 845 005c 0D       		.uleb128 0xd
 846 005d 00       		.byte	0
 847 005e 03       		.uleb128 0x3
 848 005f 08       		.uleb128 0x8
 849 0060 3A       		.uleb128 0x3a
 850 0061 0B       		.uleb128 0xb
 851 0062 3B       		.uleb128 0x3b
 852 0063 0B       		.uleb128 0xb
 853 0064 49       		.uleb128 0x49
 854 0065 13       		.uleb128 0x13
ARM GAS  C:\Users\LAB_ME~1\AppData\Local\Temp\cc4HByHD.s 			page 16


 855 0066 38       		.uleb128 0x38
 856 0067 0A       		.uleb128 0xa
 857 0068 00       		.byte	0
 858 0069 00       		.byte	0
 859 006a 09       		.uleb128 0x9
 860 006b 01       		.uleb128 0x1
 861 006c 01       		.byte	0x1
 862 006d 49       		.uleb128 0x49
 863 006e 13       		.uleb128 0x13
 864 006f 01       		.uleb128 0x1
 865 0070 13       		.uleb128 0x13
 866 0071 00       		.byte	0
 867 0072 00       		.byte	0
 868 0073 0A       		.uleb128 0xa
 869 0074 21       		.uleb128 0x21
 870 0075 00       		.byte	0
 871 0076 49       		.uleb128 0x49
 872 0077 13       		.uleb128 0x13
 873 0078 2F       		.uleb128 0x2f
 874 0079 0B       		.uleb128 0xb
 875 007a 00       		.byte	0
 876 007b 00       		.byte	0
 877 007c 0B       		.uleb128 0xb
 878 007d 21       		.uleb128 0x21
 879 007e 00       		.byte	0
 880 007f 49       		.uleb128 0x49
 881 0080 13       		.uleb128 0x13
 882 0081 2F       		.uleb128 0x2f
 883 0082 05       		.uleb128 0x5
 884 0083 00       		.byte	0
 885 0084 00       		.byte	0
 886 0085 0C       		.uleb128 0xc
 887 0086 13       		.uleb128 0x13
 888 0087 01       		.byte	0x1
 889 0088 0B       		.uleb128 0xb
 890 0089 0B       		.uleb128 0xb
 891 008a 3A       		.uleb128 0x3a
 892 008b 0B       		.uleb128 0xb
 893 008c 3B       		.uleb128 0x3b
 894 008d 0B       		.uleb128 0xb
 895 008e 01       		.uleb128 0x1
 896 008f 13       		.uleb128 0x13
 897 0090 00       		.byte	0
 898 0091 00       		.byte	0
 899 0092 0D       		.uleb128 0xd
 900 0093 2E       		.uleb128 0x2e
 901 0094 01       		.byte	0x1
 902 0095 3F       		.uleb128 0x3f
 903 0096 0C       		.uleb128 0xc
 904 0097 03       		.uleb128 0x3
 905 0098 0E       		.uleb128 0xe
 906 0099 3A       		.uleb128 0x3a
 907 009a 0B       		.uleb128 0xb
 908 009b 3B       		.uleb128 0x3b
 909 009c 0B       		.uleb128 0xb
 910 009d 27       		.uleb128 0x27
 911 009e 0C       		.uleb128 0xc
ARM GAS  C:\Users\LAB_ME~1\AppData\Local\Temp\cc4HByHD.s 			page 17


 912 009f 11       		.uleb128 0x11
 913 00a0 01       		.uleb128 0x1
 914 00a1 12       		.uleb128 0x12
 915 00a2 01       		.uleb128 0x1
 916 00a3 40       		.uleb128 0x40
 917 00a4 06       		.uleb128 0x6
 918 00a5 9742     		.uleb128 0x2117
 919 00a7 0C       		.uleb128 0xc
 920 00a8 01       		.uleb128 0x1
 921 00a9 13       		.uleb128 0x13
 922 00aa 00       		.byte	0
 923 00ab 00       		.byte	0
 924 00ac 0E       		.uleb128 0xe
 925 00ad 05       		.uleb128 0x5
 926 00ae 00       		.byte	0
 927 00af 03       		.uleb128 0x3
 928 00b0 08       		.uleb128 0x8
 929 00b1 3A       		.uleb128 0x3a
 930 00b2 0B       		.uleb128 0xb
 931 00b3 3B       		.uleb128 0x3b
 932 00b4 0B       		.uleb128 0xb
 933 00b5 49       		.uleb128 0x49
 934 00b6 13       		.uleb128 0x13
 935 00b7 02       		.uleb128 0x2
 936 00b8 06       		.uleb128 0x6
 937 00b9 00       		.byte	0
 938 00ba 00       		.byte	0
 939 00bb 0F       		.uleb128 0xf
 940 00bc 05       		.uleb128 0x5
 941 00bd 00       		.byte	0
 942 00be 03       		.uleb128 0x3
 943 00bf 0E       		.uleb128 0xe
 944 00c0 3A       		.uleb128 0x3a
 945 00c1 0B       		.uleb128 0xb
 946 00c2 3B       		.uleb128 0x3b
 947 00c3 0B       		.uleb128 0xb
 948 00c4 49       		.uleb128 0x49
 949 00c5 13       		.uleb128 0x13
 950 00c6 02       		.uleb128 0x2
 951 00c7 06       		.uleb128 0x6
 952 00c8 00       		.byte	0
 953 00c9 00       		.byte	0
 954 00ca 10       		.uleb128 0x10
 955 00cb 34       		.uleb128 0x34
 956 00cc 00       		.byte	0
 957 00cd 03       		.uleb128 0x3
 958 00ce 08       		.uleb128 0x8
 959 00cf 3A       		.uleb128 0x3a
 960 00d0 0B       		.uleb128 0xb
 961 00d1 3B       		.uleb128 0x3b
 962 00d2 0B       		.uleb128 0xb
 963 00d3 49       		.uleb128 0x49
 964 00d4 13       		.uleb128 0x13
 965 00d5 02       		.uleb128 0x2
 966 00d6 06       		.uleb128 0x6
 967 00d7 00       		.byte	0
 968 00d8 00       		.byte	0
ARM GAS  C:\Users\LAB_ME~1\AppData\Local\Temp\cc4HByHD.s 			page 18


 969 00d9 11       		.uleb128 0x11
 970 00da 2E       		.uleb128 0x2e
 971 00db 01       		.byte	0x1
 972 00dc 3F       		.uleb128 0x3f
 973 00dd 0C       		.uleb128 0xc
 974 00de 03       		.uleb128 0x3
 975 00df 0E       		.uleb128 0xe
 976 00e0 3A       		.uleb128 0x3a
 977 00e1 0B       		.uleb128 0xb
 978 00e2 3B       		.uleb128 0x3b
 979 00e3 0B       		.uleb128 0xb
 980 00e4 27       		.uleb128 0x27
 981 00e5 0C       		.uleb128 0xc
 982 00e6 11       		.uleb128 0x11
 983 00e7 01       		.uleb128 0x1
 984 00e8 12       		.uleb128 0x12
 985 00e9 01       		.uleb128 0x1
 986 00ea 40       		.uleb128 0x40
 987 00eb 06       		.uleb128 0x6
 988 00ec 9742     		.uleb128 0x2117
 989 00ee 0C       		.uleb128 0xc
 990 00ef 00       		.byte	0
 991 00f0 00       		.byte	0
 992 00f1 00       		.byte	0
 993              		.section	.debug_loc,"",%progbits
 994              	.Ldebug_loc0:
 995              	.LLST0:
 996 0000 00000000 		.4byte	.LFB7
 997 0004 02000000 		.4byte	.LCFI0
 998 0008 0200     		.2byte	0x2
 999 000a 7D       		.byte	0x7d
 1000 000b 00       		.sleb128 0
 1001 000c 02000000 		.4byte	.LCFI0
 1002 0010 48000000 		.4byte	.LFE7
 1003 0014 0200     		.2byte	0x2
 1004 0016 7D       		.byte	0x7d
 1005 0017 10       		.sleb128 16
 1006 0018 00000000 		.4byte	0
 1007 001c 00000000 		.4byte	0
 1008              	.LLST1:
 1009 0020 00000000 		.4byte	.LVL0
 1010 0024 26000000 		.4byte	.LVL3
 1011 0028 0100     		.2byte	0x1
 1012 002a 50       		.byte	0x50
 1013 002b 26000000 		.4byte	.LVL3
 1014 002f 48000000 		.4byte	.LFE7
 1015 0033 0400     		.2byte	0x4
 1016 0035 F3       		.byte	0xf3
 1017 0036 01       		.uleb128 0x1
 1018 0037 50       		.byte	0x50
 1019 0038 9F       		.byte	0x9f
 1020 0039 00000000 		.4byte	0
 1021 003d 00000000 		.4byte	0
 1022              	.LLST2:
 1023 0041 00000000 		.4byte	.LVL0
 1024 0045 2C000000 		.4byte	.LVL4
 1025 0049 0100     		.2byte	0x1
ARM GAS  C:\Users\LAB_ME~1\AppData\Local\Temp\cc4HByHD.s 			page 19


 1026 004b 51       		.byte	0x51
 1027 004c 2C000000 		.4byte	.LVL4
 1028 0050 48000000 		.4byte	.LFE7
 1029 0054 0400     		.2byte	0x4
 1030 0056 F3       		.byte	0xf3
 1031 0057 01       		.uleb128 0x1
 1032 0058 51       		.byte	0x51
 1033 0059 9F       		.byte	0x9f
 1034 005a 00000000 		.4byte	0
 1035 005e 00000000 		.4byte	0
 1036              	.LLST3:
 1037 0062 00000000 		.4byte	.LVL0
 1038 0066 12000000 		.4byte	.LVL1
 1039 006a 0700     		.2byte	0x7
 1040 006c 70       		.byte	0x70
 1041 006d 00       		.sleb128 0
 1042 006e 33       		.byte	0x33
 1043 006f 1A       		.byte	0x1a
 1044 0070 33       		.byte	0x33
 1045 0071 24       		.byte	0x24
 1046 0072 9F       		.byte	0x9f
 1047 0073 12000000 		.4byte	.LVL1
 1048 0077 22000000 		.4byte	.LVL2
 1049 007b 0100     		.2byte	0x1
 1050 007d 55       		.byte	0x55
 1051 007e 22000000 		.4byte	.LVL2
 1052 0082 26000000 		.4byte	.LVL3
 1053 0086 0700     		.2byte	0x7
 1054 0088 70       		.byte	0x70
 1055 0089 00       		.sleb128 0
 1056 008a 33       		.byte	0x33
 1057 008b 1A       		.byte	0x1a
 1058 008c 33       		.byte	0x33
 1059 008d 24       		.byte	0x24
 1060 008e 9F       		.byte	0x9f
 1061 008f 26000000 		.4byte	.LVL3
 1062 0093 48000000 		.4byte	.LFE7
 1063 0097 0800     		.2byte	0x8
 1064 0099 F3       		.byte	0xf3
 1065 009a 01       		.uleb128 0x1
 1066 009b 50       		.byte	0x50
 1067 009c 33       		.byte	0x33
 1068 009d 1A       		.byte	0x1a
 1069 009e 33       		.byte	0x33
 1070 009f 24       		.byte	0x24
 1071 00a0 9F       		.byte	0x9f
 1072 00a1 00000000 		.4byte	0
 1073 00a5 00000000 		.4byte	0
 1074              	.LLST4:
 1075 00a9 00000000 		.4byte	.LFB8
 1076 00ad 04000000 		.4byte	.LCFI1
 1077 00b1 0200     		.2byte	0x2
 1078 00b3 7D       		.byte	0x7d
 1079 00b4 00       		.sleb128 0
 1080 00b5 04000000 		.4byte	.LCFI1
 1081 00b9 3C000000 		.4byte	.LFE8
 1082 00bd 0200     		.2byte	0x2
ARM GAS  C:\Users\LAB_ME~1\AppData\Local\Temp\cc4HByHD.s 			page 20


 1083 00bf 7D       		.byte	0x7d
 1084 00c0 04       		.sleb128 4
 1085 00c1 00000000 		.4byte	0
 1086 00c5 00000000 		.4byte	0
 1087              	.LLST5:
 1088 00c9 00000000 		.4byte	.LVL5
 1089 00cd 1E000000 		.4byte	.LVL6
 1090 00d1 0100     		.2byte	0x1
 1091 00d3 50       		.byte	0x50
 1092 00d4 1E000000 		.4byte	.LVL6
 1093 00d8 3C000000 		.4byte	.LFE8
 1094 00dc 0400     		.2byte	0x4
 1095 00de F3       		.byte	0xf3
 1096 00df 01       		.uleb128 0x1
 1097 00e0 50       		.byte	0x50
 1098 00e1 9F       		.byte	0x9f
 1099 00e2 00000000 		.4byte	0
 1100 00e6 00000000 		.4byte	0
 1101              	.LLST6:
 1102 00ea 00000000 		.4byte	.LVL5
 1103 00ee 1E000000 		.4byte	.LVL6
 1104 00f2 0700     		.2byte	0x7
 1105 00f4 70       		.byte	0x70
 1106 00f5 00       		.sleb128 0
 1107 00f6 33       		.byte	0x33
 1108 00f7 1A       		.byte	0x1a
 1109 00f8 33       		.byte	0x33
 1110 00f9 24       		.byte	0x24
 1111 00fa 9F       		.byte	0x9f
 1112 00fb 1E000000 		.4byte	.LVL6
 1113 00ff 24000000 		.4byte	.LVL7
 1114 0103 0800     		.2byte	0x8
 1115 0105 F3       		.byte	0xf3
 1116 0106 01       		.uleb128 0x1
 1117 0107 50       		.byte	0x50
 1118 0108 33       		.byte	0x33
 1119 0109 1A       		.byte	0x1a
 1120 010a 33       		.byte	0x33
 1121 010b 24       		.byte	0x24
 1122 010c 9F       		.byte	0x9f
 1123 010d 24000000 		.4byte	.LVL7
 1124 0111 2A000000 		.4byte	.LVL8
 1125 0115 0100     		.2byte	0x1
 1126 0117 50       		.byte	0x50
 1127 0118 2A000000 		.4byte	.LVL8
 1128 011c 3C000000 		.4byte	.LFE8
 1129 0120 0800     		.2byte	0x8
 1130 0122 F3       		.byte	0xf3
 1131 0123 01       		.uleb128 0x1
 1132 0124 50       		.byte	0x50
 1133 0125 33       		.byte	0x33
 1134 0126 1A       		.byte	0x1a
 1135 0127 33       		.byte	0x33
 1136 0128 24       		.byte	0x24
 1137 0129 9F       		.byte	0x9f
 1138 012a 00000000 		.4byte	0
 1139 012e 00000000 		.4byte	0
ARM GAS  C:\Users\LAB_ME~1\AppData\Local\Temp\cc4HByHD.s 			page 21


 1140              	.LLST7:
 1141 0132 00000000 		.4byte	.LFB9
 1142 0136 0C000000 		.4byte	.LCFI2
 1143 013a 0200     		.2byte	0x2
 1144 013c 7D       		.byte	0x7d
 1145 013d 00       		.sleb128 0
 1146 013e 0C000000 		.4byte	.LCFI2
 1147 0142 30000000 		.4byte	.LFE9
 1148 0146 0200     		.2byte	0x2
 1149 0148 7D       		.byte	0x7d
 1150 0149 08       		.sleb128 8
 1151 014a 00000000 		.4byte	0
 1152 014e 00000000 		.4byte	0
 1153              	.LLST8:
 1154 0152 00000000 		.4byte	.LVL9
 1155 0156 0A000000 		.4byte	.LVL10
 1156 015a 0100     		.2byte	0x1
 1157 015c 50       		.byte	0x50
 1158 015d 0A000000 		.4byte	.LVL10
 1159 0161 30000000 		.4byte	.LFE9
 1160 0165 0400     		.2byte	0x4
 1161 0167 F3       		.byte	0xf3
 1162 0168 01       		.uleb128 0x1
 1163 0169 50       		.byte	0x50
 1164 016a 9F       		.byte	0x9f
 1165 016b 00000000 		.4byte	0
 1166 016f 00000000 		.4byte	0
 1167              	.LLST9:
 1168 0173 00000000 		.4byte	.LVL9
 1169 0177 20000000 		.4byte	.LVL12
 1170 017b 0100     		.2byte	0x1
 1171 017d 51       		.byte	0x51
 1172 017e 20000000 		.4byte	.LVL12
 1173 0182 30000000 		.4byte	.LFE9
 1174 0186 0400     		.2byte	0x4
 1175 0188 F3       		.byte	0xf3
 1176 0189 01       		.uleb128 0x1
 1177 018a 51       		.byte	0x51
 1178 018b 9F       		.byte	0x9f
 1179 018c 00000000 		.4byte	0
 1180 0190 00000000 		.4byte	0
 1181              	.LLST10:
 1182 0194 00000000 		.4byte	.LVL9
 1183 0198 0A000000 		.4byte	.LVL10
 1184 019c 0700     		.2byte	0x7
 1185 019e 70       		.byte	0x70
 1186 019f 00       		.sleb128 0
 1187 01a0 33       		.byte	0x33
 1188 01a1 1A       		.byte	0x1a
 1189 01a2 33       		.byte	0x33
 1190 01a3 24       		.byte	0x24
 1191 01a4 9F       		.byte	0x9f
 1192 01a5 0A000000 		.4byte	.LVL10
 1193 01a9 0E000000 		.4byte	.LVL11
 1194 01ad 0800     		.2byte	0x8
 1195 01af F3       		.byte	0xf3
 1196 01b0 01       		.uleb128 0x1
ARM GAS  C:\Users\LAB_ME~1\AppData\Local\Temp\cc4HByHD.s 			page 22


 1197 01b1 50       		.byte	0x50
 1198 01b2 33       		.byte	0x33
 1199 01b3 1A       		.byte	0x1a
 1200 01b4 33       		.byte	0x33
 1201 01b5 24       		.byte	0x24
 1202 01b6 9F       		.byte	0x9f
 1203 01b7 0E000000 		.4byte	.LVL11
 1204 01bb 30000000 		.4byte	.LFE9
 1205 01bf 0100     		.2byte	0x1
 1206 01c1 50       		.byte	0x50
 1207 01c2 00000000 		.4byte	0
 1208 01c6 00000000 		.4byte	0
 1209              		.section	.debug_aranges,"",%progbits
 1210 0000 2C000000 		.4byte	0x2c
 1211 0004 0200     		.2byte	0x2
 1212 0006 00000000 		.4byte	.Ldebug_info0
 1213 000a 04       		.byte	0x4
 1214 000b 00       		.byte	0
 1215 000c 0000     		.2byte	0
 1216 000e 0000     		.2byte	0
 1217 0010 00000000 		.4byte	.LFB7
 1218 0014 48000000 		.4byte	.LFE7-.LFB7
 1219 0018 00000000 		.4byte	.LFB8
 1220 001c 3C000000 		.4byte	.LFE8-.LFB8
 1221 0020 00000000 		.4byte	.LFB9
 1222 0024 30000000 		.4byte	.LFE9-.LFB9
 1223 0028 00000000 		.4byte	0
 1224 002c 00000000 		.4byte	0
 1225              		.section	.debug_ranges,"",%progbits
 1226              	.Ldebug_ranges0:
 1227 0000 00000000 		.4byte	.LFB7
 1228 0004 48000000 		.4byte	.LFE7
 1229 0008 00000000 		.4byte	.LFB8
 1230 000c 3C000000 		.4byte	.LFE8
 1231 0010 00000000 		.4byte	.LFB9
 1232 0014 30000000 		.4byte	.LFE9
 1233 0018 00000000 		.4byte	0
 1234 001c 00000000 		.4byte	0
 1235              		.section	.debug_line,"",%progbits
 1236              	.Ldebug_line0:
 1237 0000 33010000 		.section	.debug_str,"MS",%progbits,1
 1237      0200DE00 
 1237      00000201 
 1237      FB0E0D00 
 1237      01010101 
 1238              	.LASF41:
 1239 0000 7072696F 		.ascii	"prio\000"
 1239      00
 1240              	.LASF17:
 1241 0005 49435052 		.ascii	"ICPR\000"
 1241      00
 1242              	.LASF37:
 1243 000a 4D4D4652 		.ascii	"MMFR\000"
 1243      00
 1244              	.LASF46:
 1245 000f 2E2E2F2E 		.ascii	"../../os/ports/common/ARMCMx/nvic.c\000"
 1245      2E2F6F73 
ARM GAS  C:\Users\LAB_ME~1\AppData\Local\Temp\cc4HByHD.s 			page 23


 1245      2F706F72 
 1245      74732F63 
 1245      6F6D6D6F 
 1246              	.LASF43:
 1247 0033 6E766963 		.ascii	"nvicDisableVector\000"
 1247      44697361 
 1247      626C6556 
 1247      6563746F 
 1247      7200
 1248              	.LASF24:
 1249 0045 434D785F 		.ascii	"CMx_NVIC\000"
 1249      4E564943 
 1249      00
 1250              	.LASF27:
 1251 004e 56544F52 		.ascii	"VTOR\000"
 1251      00
 1252              	.LASF13:
 1253 0053 49434552 		.ascii	"ICER\000"
 1253      00
 1254              	.LASF10:
 1255 0058 494F5245 		.ascii	"IOREG32\000"
 1255      47333200 
 1256              	.LASF2:
 1257 0060 756E7369 		.ascii	"unsigned char\000"
 1257      676E6564 
 1257      20636861 
 1257      7200
 1258              	.LASF12:
 1259 006e 756E7573 		.ascii	"unused1\000"
 1259      65643100 
 1260              	.LASF14:
 1261 0076 756E7573 		.ascii	"unused2\000"
 1261      65643200 
 1262              	.LASF16:
 1263 007e 756E7573 		.ascii	"unused3\000"
 1263      65643300 
 1264              	.LASF18:
 1265 0086 756E7573 		.ascii	"unused4\000"
 1265      65643400 
 1266              	.LASF20:
 1267 008e 756E7573 		.ascii	"unused5\000"
 1267      65643500 
 1268              	.LASF21:
 1269 0096 756E7573 		.ascii	"unused6\000"
 1269      65643600 
 1270              	.LASF4:
 1271 009e 73686F72 		.ascii	"short unsigned int\000"
 1271      7420756E 
 1271      7369676E 
 1271      65642069 
 1271      6E7400
 1272              	.LASF31:
 1273 00b1 43465352 		.ascii	"CFSR\000"
 1273      00
 1274              	.LASF32:
 1275 00b6 48465352 		.ascii	"HFSR\000"
 1275      00
ARM GAS  C:\Users\LAB_ME~1\AppData\Local\Temp\cc4HByHD.s 			page 24


 1276              	.LASF6:
 1277 00bb 6C6F6E67 		.ascii	"long unsigned int\000"
 1277      20756E73 
 1277      69676E65 
 1277      6420696E 
 1277      7400
 1278              	.LASF38:
 1279 00cd 43504143 		.ascii	"CPACR\000"
 1279      5200
 1280              	.LASF22:
 1281 00d3 53544952 		.ascii	"STIR\000"
 1281      00
 1282              	.LASF3:
 1283 00d8 73686F72 		.ascii	"short int\000"
 1283      7420696E 
 1283      7400
 1284              	.LASF0:
 1285 00e2 756E7369 		.ascii	"unsigned int\000"
 1285      676E6564 
 1285      20696E74 
 1285      00
 1286              	.LASF15:
 1287 00ef 49535052 		.ascii	"ISPR\000"
 1287      00
 1288              	.LASF33:
 1289 00f4 44465352 		.ascii	"DFSR\000"
 1289      00
 1290              	.LASF8:
 1291 00f9 6C6F6E67 		.ascii	"long long unsigned int\000"
 1291      206C6F6E 
 1291      6720756E 
 1291      7369676E 
 1291      65642069 
 1292              	.LASF26:
 1293 0110 49435352 		.ascii	"ICSR\000"
 1293      00
 1294              	.LASF39:
 1295 0115 434D785F 		.ascii	"CMx_SCB\000"
 1295      53434200 
 1296              	.LASF28:
 1297 011d 41495243 		.ascii	"AIRCR\000"
 1297      5200
 1298              	.LASF35:
 1299 0123 42464152 		.ascii	"BFAR\000"
 1299      00
 1300              	.LASF44:
 1301 0128 68616E64 		.ascii	"handler\000"
 1301      6C657200 
 1302              	.LASF23:
 1303 0130 73697A65 		.ascii	"sizetype\000"
 1303      74797065 
 1303      00
 1304              	.LASF7:
 1305 0139 6C6F6E67 		.ascii	"long long int\000"
 1305      206C6F6E 
 1305      6720696E 
 1305      7400
ARM GAS  C:\Users\LAB_ME~1\AppData\Local\Temp\cc4HByHD.s 			page 25


 1306              	.LASF25:
 1307 0147 43505549 		.ascii	"CPUID\000"
 1307      4400
 1308              	.LASF40:
 1309 014d 63686172 		.ascii	"char\000"
 1309      00
 1310              	.LASF45:
 1311 0152 474E5520 		.ascii	"GNU C 4.7.2\000"
 1311      4320342E 
 1311      372E3200 
 1312              	.LASF11:
 1313 015e 49534552 		.ascii	"ISER\000"
 1313      00
 1314              	.LASF36:
 1315 0163 41465352 		.ascii	"AFSR\000"
 1315      00
 1316              	.LASF34:
 1317 0168 4D4D4641 		.ascii	"MMFAR\000"
 1317      5200
 1318              	.LASF47:
 1319 016e 433A5C43 		.ascii	"C:\\Chibios\\demos\\FirmwareV2\000"
 1319      68696269 
 1319      6F735C64 
 1319      656D6F73 
 1319      5C466972 
 1320              	.LASF30:
 1321 018a 53484353 		.ascii	"SHCSR\000"
 1321      5200
 1322              	.LASF9:
 1323 0190 75696E74 		.ascii	"uint32_t\000"
 1323      33325F74 
 1323      00
 1324              	.LASF5:
 1325 0199 6C6F6E67 		.ascii	"long int\000"
 1325      20696E74 
 1325      00
 1326              	.LASF29:
 1327 01a2 53485052 		.ascii	"SHPR\000"
 1327      00
 1328              	.LASF1:
 1329 01a7 7369676E 		.ascii	"signed char\000"
 1329      65642063 
 1329      68617200 
 1330              	.LASF48:
 1331 01b3 6E766963 		.ascii	"nvicSetSystemHandlerPriority\000"
 1331      53657453 
 1331      79737465 
 1331      6D48616E 
 1331      646C6572 
 1332              	.LASF19:
 1333 01d0 49414252 		.ascii	"IABR\000"
 1333      00
 1334              	.LASF42:
 1335 01d5 6E766963 		.ascii	"nvicEnableVector\000"
 1335      456E6162 
 1335      6C655665 
 1335      63746F72 
ARM GAS  C:\Users\LAB_ME~1\AppData\Local\Temp\cc4HByHD.s 			page 26


 1335      00
 1336              		.ident	"GCC: (Sourcery CodeBench Lite 2012.09-63) 4.7.2"
ARM GAS  C:\Users\LAB_ME~1\AppData\Local\Temp\cc4HByHD.s 			page 27


DEFINED SYMBOLS
                            *ABS*:00000000 nvic.c
C:\Users\LAB_ME~1\AppData\Local\Temp\cc4HByHD.s:19     .text.nvicEnableVector:00000000 $t
C:\Users\LAB_ME~1\AppData\Local\Temp\cc4HByHD.s:25     .text.nvicEnableVector:00000000 nvicEnableVector
C:\Users\LAB_ME~1\AppData\Local\Temp\cc4HByHD.s:81     .text.nvicEnableVector:00000044 $d
C:\Users\LAB_ME~1\AppData\Local\Temp\cc4HByHD.s:86     .text.nvicDisableVector:00000000 $t
C:\Users\LAB_ME~1\AppData\Local\Temp\cc4HByHD.s:92     .text.nvicDisableVector:00000000 nvicDisableVector
C:\Users\LAB_ME~1\AppData\Local\Temp\cc4HByHD.s:139    .text.nvicDisableVector:00000038 $d
C:\Users\LAB_ME~1\AppData\Local\Temp\cc4HByHD.s:144    .text.nvicSetSystemHandlerPriority:00000000 $t
C:\Users\LAB_ME~1\AppData\Local\Temp\cc4HByHD.s:150    .text.nvicSetSystemHandlerPriority:00000000 nvicSetSystemHandlerPriority
C:\Users\LAB_ME~1\AppData\Local\Temp\cc4HByHD.s:193    .text.nvicSetSystemHandlerPriority:0000002c $d
                     .debug_frame:00000010 $d
C:\Users\LAB_ME~1\AppData\Local\Temp\cc4HByHD.s:85     .text.nvicEnableVector:00000048 $t
C:\Users\LAB_ME~1\AppData\Local\Temp\cc4HByHD.s:143    .text.nvicDisableVector:0000003c $t

NO UNDEFINED SYMBOLS
