ARM GAS  C:\Users\LAB_ME~1\AppData\Local\Temp\ccanqK4t.s 			page 1


   1              		.syntax unified
   2              		.cpu cortex-m4
   3              		.fpu softvfp
   4              		.eabi_attribute 20, 1
   5              		.eabi_attribute 21, 1
   6              		.eabi_attribute 23, 3
   7              		.eabi_attribute 24, 1
   8              		.eabi_attribute 25, 1
   9              		.eabi_attribute 26, 1
  10              		.eabi_attribute 30, 2
  11              		.eabi_attribute 34, 1
  12              		.eabi_attribute 18, 4
  13              		.thumb
  14              		.file	"chcore_v7m.c"
  15              		.text
  16              	.Ltext0:
  17              		.cfi_sections	.debug_frame
  18              		.section	.text._port_switch_from_isr,"ax",%progbits
  19              		.align	2
  20              		.p2align 4,,15
  21              		.global	_port_switch_from_isr
  22              		.thumb
  23              		.thumb_func
  24              		.type	_port_switch_from_isr, %function
  25              	_port_switch_from_isr:
  26              	.LFB11:
  27              		.file 1 "../../os/ports/GCC/ARMCMx/chcore_v7m.c"
  28              		.loc 1 200 0
  29              		.cfi_startproc
  30              		@ Naked Function: prologue and epilogue provided by programmer.
  31              		@ args = 0, pretend = 0, frame = 0
  32              		@ frame_needed = 0, uses_anonymous_args = 0
  33              		.loc 1 203 0
  34 0000 FFF7FEFF 		bl	chSchDoReschedule
  35              	.LVL0:
  36              		.loc 1 205 0
  37              	@ 205 "../../os/ports/GCC/ARMCMx/chcore_v7m.c" 1
  38              		_port_exit_from_isr:
  39              	@ 0 "" 2
  40              		.loc 1 207 0
  41              	@ 207 "../../os/ports/GCC/ARMCMx/chcore_v7m.c" 1
  42 0004 00DF     		svc     #0
  43              	@ 0 "" 2
  44              		.loc 1 214 0
  45              		.thumb
  46              		.cfi_endproc
  47              	.LFE11:
  48              		.size	_port_switch_from_isr, .-_port_switch_from_isr
  49 0006 00BFAFF3 		.section	.text.SVCallVector,"ax",%progbits
  49      0080AFF3 
  49      0080
  50              		.align	2
  51              		.p2align 4,,15
  52              		.global	SVCallVector
  53              		.thumb
  54              		.thumb_func
  55              		.type	SVCallVector, %function
ARM GAS  C:\Users\LAB_ME~1\AppData\Local\Temp\ccanqK4t.s 			page 2


  56              	SVCallVector:
  57              	.LFB8:
  58              		.loc 1 58 0
  59              		.cfi_startproc
  60              		@ args = 0, pretend = 0, frame = 0
  61              		@ frame_needed = 0, uses_anonymous_args = 0
  62              		@ link register save eliminated.
  63              		.loc 1 62 0
  64              	@ 62 "../../os/ports/GCC/ARMCMx/chcore_v7m.c" 1
  65 0000 EFF30983 		mrs     r3, PSP
  66              	@ 0 "" 2
  67              	.LVL1:
  68              		.loc 1 66 0
  69              		.thumb
  70 0004 2033     		adds	r3, r3, #32
  71              	.LVL2:
  72              		.loc 1 73 0
  73              	@ 73 "../../os/ports/GCC/ARMCMx/chcore_v7m.c" 1
  74 0006 83F30988 		msr     PSP, r3
  75              	@ 0 "" 2
  76              		.thumb
  77              	.LBB2:
  78              		.loc 1 74 0
  79 000a 0023     		movs	r3, #0
  80              	.LVL3:
  81              	@ 74 "../../os/ports/GCC/ARMCMx/chcore_v7m.c" 1
  82 000c 83F31188 		msr     BASEPRI, r3
  83              	@ 0 "" 2
  84              	.LVL4:
  85              		.thumb
  86 0010 7047     		bx	lr
  87              	.LBE2:
  88              		.cfi_endproc
  89              	.LFE8:
  90              		.size	SVCallVector, .-SVCallVector
  91 0012 00BFAFF3 		.section	.text._port_init,"ax",%progbits
  91      0080AFF3 
  91      0080AFF3 
  91      0080
  92              		.align	2
  93              		.p2align 4,,15
  94              		.global	_port_init
  95              		.thumb
  96              		.thumb_func
  97              		.type	_port_init, %function
  98              	_port_init:
  99              	.LFB9:
 100              		.loc 1 111 0
 101              		.cfi_startproc
 102              		@ args = 0, pretend = 0, frame = 0
 103              		@ frame_needed = 0, uses_anonymous_args = 0
 104 0000 08B5     		push	{r3, lr}
 105              	.LCFI0:
 106              		.cfi_def_cfa_offset 8
 107              		.cfi_offset 3, -8
 108              		.cfi_offset 14, -4
 109              		.loc 1 114 0
ARM GAS  C:\Users\LAB_ME~1\AppData\Local\Temp\ccanqK4t.s 			page 3


 110 0002 0A4B     		ldr	r3, .L4
 111 0004 0022     		movs	r2, #0
 112 0006 9A60     		str	r2, [r3, #8]
 113              		.loc 1 115 0
 114 0008 094A     		ldr	r2, .L4+4
 115              		.loc 1 118 0
 116 000a 0720     		movs	r0, #7
 117 000c 1021     		movs	r1, #16
 118              		.loc 1 115 0
 119 000e DA60     		str	r2, [r3, #12]
 120              		.loc 1 118 0
 121 0010 FFF7FEFF 		bl	nvicSetSystemHandlerPriority
 122              	.LVL5:
 123              		.loc 1 120 0
 124 0014 0A20     		movs	r0, #10
 125 0016 4FF40071 		mov	r1, #512
 126 001a FFF7FEFF 		bl	nvicSetSystemHandlerPriority
 127              	.LVL6:
 128              		.loc 1 122 0
 129 001e 0B20     		movs	r0, #11
 130 0020 8021     		movs	r1, #128
 131              		.loc 1 124 0
 132 0022 BDE80840 		pop	{r3, lr}
 133              		.loc 1 122 0
 134 0026 FFF7FEBF 		b	nvicSetSystemHandlerPriority
 135              	.LVL7:
 136              	.L5:
 137 002a 00BF     		.align	2
 138              	.L4:
 139 002c 00ED00E0 		.word	-536810240
 140 0030 0003FA05 		.word	100270848
 141              		.cfi_endproc
 142              	.LFE9:
 143              		.size	_port_init, .-_port_init
 144 0034 AFF30080 		.section	.text._port_irq_epilogue,"ax",%progbits
 144      AFF30080 
 144      AFF30080 
 145              		.align	2
 146              		.p2align 4,,15
 147              		.global	_port_irq_epilogue
 148              		.thumb
 149              		.thumb_func
 150              		.type	_port_irq_epilogue, %function
 151              	_port_irq_epilogue:
 152              	.LFB10:
 153              		.loc 1 141 0
 154              		.cfi_startproc
 155              		@ args = 0, pretend = 0, frame = 0
 156              		@ frame_needed = 0, uses_anonymous_args = 0
 157              		@ link register save eliminated.
 158              	.LBB3:
 159              		.loc 1 143 0
 160 0000 2023     		movs	r3, #32
 161              	.LVL8:
 162              	@ 143 "../../os/ports/GCC/ARMCMx/chcore_v7m.c" 1
 163 0002 83F31188 		msr     BASEPRI, r3
 164              	@ 0 "" 2
ARM GAS  C:\Users\LAB_ME~1\AppData\Local\Temp\ccanqK4t.s 			page 4


 165              	.LVL9:
 166              		.thumb
 167              	.LBE3:
 168              		.loc 1 144 0
 169 0006 164B     		ldr	r3, .L14
 170              	.LVL10:
 171 0008 5B68     		ldr	r3, [r3, #4]
 172 000a 13F40063 		ands	r3, r3, #2048
 173 000e 19D0     		beq	.L7
 174              	.LBB4:
 175              		.loc 1 148 0
 176              	@ 148 "../../os/ports/GCC/ARMCMx/chcore_v7m.c" 1
 177 0010 EFF30983 		mrs     r3, PSP
 178              	@ 0 "" 2
 179              	.LVL11:
 180              		.loc 1 152 0
 181              		.thumb
 182 0014 A3F12002 		sub	r2, r3, #32
 183              	.LVL12:
 184              		.loc 1 153 0
 185              	@ 153 "../../os/ports/GCC/ARMCMx/chcore_v7m.c" 1
 186 0018 82F30988 		msr     PSP, r2
 187              	@ 0 "" 2
 188              		.loc 1 158 0
 189              		.thumb
 190 001c 1149     		ldr	r1, .L14+4
 191              		.loc 1 154 0
 192 001e 4FF08070 		mov	r0, #16777216
 193              		.loc 1 158 0
 194 0022 8A69     		ldr	r2, [r1, #24]
 195              	.LVL13:
 196              		.loc 1 154 0
 197 0024 43F8040C 		str	r0, [r3, #-4]
 198              		.loc 1 158 0
 199 0028 D07F     		ldrb	r0, [r2, #31]	@ zero_extendqisi2
 200 002a 0968     		ldr	r1, [r1, #0]
 201 002c 9268     		ldr	r2, [r2, #8]
 202 002e 8968     		ldr	r1, [r1, #8]
 203 0030 58B1     		cbz	r0, .L8
 204              		.loc 1 158 0 is_stmt 0 discriminator 1
 205 0032 9142     		cmp	r1, r2
 206 0034 94BF     		ite	ls
 207 0036 0022     		movls	r2, #0
 208 0038 0122     		movhi	r2, #1
 209 003a 62B1     		cbz	r2, .L10
 210              	.L13:
 211              		.loc 1 160 0 is_stmt 1
 212 003c 0A4A     		ldr	r2, .L14+8
 213 003e 43F8082C 		str	r2, [r3, #-8]
 214 0042 7047     		bx	lr
 215              	.LVL14:
 216              	.L7:
 217              	.LBE4:
 218              	.LBB5:
 219              		.loc 1 190 0
 220              	@ 190 "../../os/ports/GCC/ARMCMx/chcore_v7m.c" 1
 221 0044 83F31188 		msr     BASEPRI, r3
ARM GAS  C:\Users\LAB_ME~1\AppData\Local\Temp\ccanqK4t.s 			page 5


 222              	@ 0 "" 2
 223              	.LVL15:
 224              		.thumb
 225 0048 7047     		bx	lr
 226              	.LVL16:
 227              	.L8:
 228              	.LBE5:
 229              	.LBB6:
 230              		.loc 1 158 0 discriminator 2
 231 004a 9142     		cmp	r1, r2
 232 004c 34BF     		ite	cc
 233 004e 0022     		movcc	r2, #0
 234 0050 0122     		movcs	r2, #1
 235 0052 002A     		cmp	r2, #0
 236 0054 F2D1     		bne	.L13
 237              	.L10:
 238              		.loc 1 169 0
 239 0056 054A     		ldr	r2, .L14+12
 240 0058 43F8082C 		str	r2, [r3, #-8]
 241 005c 7047     		bx	lr
 242              	.L15:
 243 005e 00BF     		.align	2
 244              	.L14:
 245 0060 00ED00E0 		.word	-536810240
 246 0064 00000000 		.word	rlist
 247 0068 00000000 		.word	_port_switch_from_isr
 248 006c 04000000 		.word	_port_exit_from_isr
 249              	.LBE6:
 250              		.cfi_endproc
 251              	.LFE10:
 252              		.size	_port_irq_epilogue, .-_port_irq_epilogue
 253              		.section	.text.SysTickVector,"ax",%progbits
 254              		.align	2
 255              		.p2align 4,,15
 256              		.global	SysTickVector
 257              		.thumb
 258              		.thumb_func
 259              		.type	SysTickVector, %function
 260              	SysTickVector:
 261              	.LFB7:
 262              		.loc 1 40 0
 263              		.cfi_startproc
 264              		@ args = 0, pretend = 0, frame = 0
 265              		@ frame_needed = 0, uses_anonymous_args = 0
 266 0000 08B5     		push	{r3, lr}
 267              	.LCFI1:
 268              		.cfi_def_cfa_offset 8
 269              		.cfi_offset 3, -8
 270              		.cfi_offset 14, -4
 271              	.LBB7:
 272              		.loc 1 44 0
 273 0002 2023     		movs	r3, #32
 274              	.LVL17:
 275              	@ 44 "../../os/ports/GCC/ARMCMx/chcore_v7m.c" 1
 276 0004 83F31188 		msr     BASEPRI, r3
 277              	@ 0 "" 2
 278              	.LVL18:
ARM GAS  C:\Users\LAB_ME~1\AppData\Local\Temp\ccanqK4t.s 			page 6


 279              		.thumb
 280              	.LBE7:
 281              		.loc 1 45 0
 282 0008 FFF7FEFF 		bl	chSysTimerHandlerI
 283              	.LVL19:
 284              	.LBB8:
 285              		.loc 1 46 0
 286 000c 0023     		movs	r3, #0
 287              	.LVL20:
 288              	@ 46 "../../os/ports/GCC/ARMCMx/chcore_v7m.c" 1
 289 000e 83F31188 		msr     BASEPRI, r3
 290              	@ 0 "" 2
 291              	.LVL21:
 292              		.thumb
 293              	.LBE8:
 294              		.loc 1 49 0
 295 0012 BDE80840 		pop	{r3, lr}
 296              		.loc 1 48 0
 297 0016 FFF7FEBF 		b	_port_irq_epilogue
 298              	.LVL22:
 299              		.cfi_endproc
 300              	.LFE7:
 301              		.size	SysTickVector, .-SysTickVector
 302              		.section	.text._port_switch,"ax",%progbits
 303              		.align	2
 304              		.p2align 4,,15
 305              		.global	_port_switch
 306              		.thumb
 307              		.thumb_func
 308              		.type	_port_switch, %function
 309              	_port_switch:
 310              	.LFB12:
 311              		.loc 1 229 0
 312              		.cfi_startproc
 313              		@ Naked Function: prologue and epilogue provided by programmer.
 314              		@ args = 0, pretend = 0, frame = 0
 315              		@ frame_needed = 0, uses_anonymous_args = 0
 316              	.LVL23:
 317              		.loc 1 231 0
 318              	@ 231 "../../os/ports/GCC/ARMCMx/chcore_v7m.c" 1
 319 0000 2DE9F04F 		push    {r4, r5, r6, r7, r8, r9, r10, r11, lr}
 320              	@ 0 "" 2
 321              		.loc 1 237 0
 322              	@ 237 "../../os/ports/GCC/ARMCMx/chcore_v7m.c" 1
 323 0004 C1F80CD0 		str     sp, [r1, #12]                          
 324 0008 D0F80CD0 		ldr     sp, [r0, #12]
 325              	@ 0 "" 2
 326              		.loc 1 243 0
 327              	@ 243 "../../os/ports/GCC/ARMCMx/chcore_v7m.c" 1
 328 000c BDE8F08F 		pop     {r4, r5, r6, r7, r8, r9, r10, r11, pc}
 329              	@ 0 "" 2
 330              		.loc 1 245 0
 331              		.thumb
 332              		.cfi_endproc
 333              	.LFE12:
 334              		.size	_port_switch, .-_port_switch
 335              		.section	.text._port_thread_start,"ax",%progbits
ARM GAS  C:\Users\LAB_ME~1\AppData\Local\Temp\ccanqK4t.s 			page 7


 336              		.align	2
 337              		.p2align 4,,15
 338              		.global	_port_thread_start
 339              		.thumb
 340              		.thumb_func
 341              		.type	_port_thread_start, %function
 342              	_port_thread_start:
 343              	.LFB13:
 344              		.loc 1 252 0
 345              		.cfi_startproc
 346              		@ args = 0, pretend = 0, frame = 0
 347              		@ frame_needed = 0, uses_anonymous_args = 0
 348              		@ link register save eliminated.
 349              	.LBB9:
 350              		.loc 1 254 0
 351 0000 0023     		movs	r3, #0
 352              	.LVL24:
 353              	@ 254 "../../os/ports/GCC/ARMCMx/chcore_v7m.c" 1
 354 0002 83F31188 		msr     BASEPRI, r3
 355              	@ 0 "" 2
 356              	.LVL25:
 357              		.thumb
 358              	.LBE9:
 359              		.loc 1 255 0
 360              	@ 255 "../../os/ports/GCC/ARMCMx/chcore_v7m.c" 1
 361 0006 2846     		mov     r0, r5                                 
 362 0008 A047     		blx     r4                                     
 363 000a FFF7FEFF 		bl      chThdExit
 364              	@ 0 "" 2
 365              		.thumb
 366 000e 7047     		bx	lr
 367              		.cfi_endproc
 368              	.LFE13:
 369              		.size	_port_thread_start, .-_port_thread_start
 370              		.text
 371              	.Letext0:
 372              		.file 2 "c:\\program files (x86)\\codesourcery\\sourcery_codebench_lite_for_arm_eabi\\bin\\../lib/
 373              		.file 3 "../../os/ports/GCC/ARMCMx/chtypes.h"
 374              		.file 4 "../../os/kernel/include/chlists.h"
 375              		.file 5 "../../os/kernel/include/chthreads.h"
 376              		.file 6 "../../os/ports/GCC/ARMCMx/chcore_v7m.h"
 377              		.file 7 "../../os/ports/common/ARMCMx/nvic.h"
 378              		.file 8 "../../os/kernel/include/chschd.h"
 379              		.file 9 "../../os/kernel/include/chmtx.h"
 380              		.file 10 "../../os/kernel/include/chsys.h"
 381              		.section	.debug_info,"",%progbits
 382              	.Ldebug_info0:
 383 0000 91080000 		.4byte	0x891
 384 0004 0200     		.2byte	0x2
 385 0006 00000000 		.4byte	.Ldebug_abbrev0
 386 000a 04       		.byte	0x4
 387 000b 01       		.uleb128 0x1
 388 000c F7010000 		.4byte	.LASF92
 389 0010 01       		.byte	0x1
 390 0011 D2020000 		.4byte	.LASF93
 391 0015 90030000 		.4byte	.LASF94
 392 0019 18000000 		.4byte	.Ldebug_ranges0+0x18
ARM GAS  C:\Users\LAB_ME~1\AppData\Local\Temp\ccanqK4t.s 			page 8


 393 001d 00000000 		.4byte	0
 394 0021 00000000 		.4byte	0
 395 0025 00000000 		.4byte	.Ldebug_line0
 396 0029 02       		.uleb128 0x2
 397 002a 04       		.byte	0x4
 398 002b 05       		.byte	0x5
 399 002c 696E7400 		.ascii	"int\000"
 400 0030 03       		.uleb128 0x3
 401 0031 04       		.byte	0x4
 402 0032 07       		.byte	0x7
 403 0033 09010000 		.4byte	.LASF0
 404 0037 03       		.uleb128 0x3
 405 0038 01       		.byte	0x1
 406 0039 06       		.byte	0x6
 407 003a 71000000 		.4byte	.LASF1
 408 003e 04       		.uleb128 0x4
 409 003f 5C030000 		.4byte	.LASF5
 410 0043 02       		.byte	0x2
 411 0044 2A       		.byte	0x2a
 412 0045 49000000 		.4byte	0x49
 413 0049 03       		.uleb128 0x3
 414 004a 01       		.byte	0x1
 415 004b 08       		.byte	0x8
 416 004c 39020000 		.4byte	.LASF2
 417 0050 03       		.uleb128 0x3
 418 0051 02       		.byte	0x2
 419 0052 05       		.byte	0x5
 420 0053 57020000 		.4byte	.LASF3
 421 0057 03       		.uleb128 0x3
 422 0058 02       		.byte	0x2
 423 0059 07       		.byte	0x7
 424 005a 66010000 		.4byte	.LASF4
 425 005e 04       		.uleb128 0x4
 426 005f 31020000 		.4byte	.LASF6
 427 0063 02       		.byte	0x2
 428 0064 4F       		.byte	0x4f
 429 0065 69000000 		.4byte	0x69
 430 0069 03       		.uleb128 0x3
 431 006a 04       		.byte	0x4
 432 006b 05       		.byte	0x5
 433 006c 97000000 		.4byte	.LASF7
 434 0070 04       		.uleb128 0x4
 435 0071 A7020000 		.4byte	.LASF8
 436 0075 02       		.byte	0x2
 437 0076 50       		.byte	0x50
 438 0077 7B000000 		.4byte	0x7b
 439 007b 03       		.uleb128 0x3
 440 007c 04       		.byte	0x4
 441 007d 07       		.byte	0x7
 442 007e 31010000 		.4byte	.LASF9
 443 0082 03       		.uleb128 0x3
 444 0083 08       		.byte	0x8
 445 0084 05       		.byte	0x5
 446 0085 63000000 		.4byte	.LASF10
 447 0089 03       		.uleb128 0x3
 448 008a 08       		.byte	0x8
 449 008b 07       		.byte	0x7
ARM GAS  C:\Users\LAB_ME~1\AppData\Local\Temp\ccanqK4t.s 			page 9


 450 008c 36000000 		.4byte	.LASF11
 451 0090 04       		.uleb128 0x4
 452 0091 A8010000 		.4byte	.LASF12
 453 0095 03       		.byte	0x3
 454 0096 28       		.byte	0x28
 455 0097 3E000000 		.4byte	0x3e
 456 009b 04       		.uleb128 0x4
 457 009c A0000000 		.4byte	.LASF13
 458 00a0 03       		.byte	0x3
 459 00a1 29       		.byte	0x29
 460 00a2 3E000000 		.4byte	0x3e
 461 00a6 04       		.uleb128 0x4
 462 00a7 15020000 		.4byte	.LASF14
 463 00ab 03       		.byte	0x3
 464 00ac 2A       		.byte	0x2a
 465 00ad 3E000000 		.4byte	0x3e
 466 00b1 04       		.uleb128 0x4
 467 00b2 8D000000 		.4byte	.LASF15
 468 00b6 03       		.byte	0x3
 469 00b7 2B       		.byte	0x2b
 470 00b8 3E000000 		.4byte	0x3e
 471 00bc 04       		.uleb128 0x4
 472 00bd 29020000 		.4byte	.LASF16
 473 00c1 03       		.byte	0x3
 474 00c2 2C       		.byte	0x2c
 475 00c3 70000000 		.4byte	0x70
 476 00c7 04       		.uleb128 0x4
 477 00c8 7E010000 		.4byte	.LASF17
 478 00cc 03       		.byte	0x3
 479 00cd 2D       		.byte	0x2d
 480 00ce 5E000000 		.4byte	0x5e
 481 00d2 04       		.uleb128 0x4
 482 00d3 BC010000 		.4byte	.LASF18
 483 00d7 03       		.byte	0x3
 484 00d8 2F       		.byte	0x2f
 485 00d9 70000000 		.4byte	0x70
 486 00dd 04       		.uleb128 0x4
 487 00de 00030000 		.4byte	.LASF19
 488 00e2 03       		.byte	0x3
 489 00e3 31       		.byte	0x31
 490 00e4 70000000 		.4byte	0x70
 491 00e8 04       		.uleb128 0x4
 492 00e9 95020000 		.4byte	.LASF20
 493 00ed 04       		.byte	0x4
 494 00ee 23       		.byte	0x23
 495 00ef F3000000 		.4byte	0xf3
 496 00f3 05       		.uleb128 0x5
 497 00f4 95020000 		.4byte	.LASF20
 498 00f8 48       		.byte	0x48
 499 00f9 05       		.byte	0x5
 500 00fa 57       		.byte	0x57
 501 00fb 18020000 		.4byte	0x218
 502 00ff 06       		.uleb128 0x6
 503 0100 86020000 		.4byte	.LASF21
 504 0104 05       		.byte	0x5
 505 0105 58       		.byte	0x58
 506 0106 3D020000 		.4byte	0x23d
ARM GAS  C:\Users\LAB_ME~1\AppData\Local\Temp\ccanqK4t.s 			page 10


 507 010a 02       		.byte	0x2
 508 010b 23       		.byte	0x23
 509 010c 00       		.uleb128 0
 510 010d 06       		.uleb128 0x6
 511 010e 22020000 		.4byte	.LASF22
 512 0112 05       		.byte	0x5
 513 0113 5A       		.byte	0x5a
 514 0114 3D020000 		.4byte	0x23d
 515 0118 02       		.byte	0x2
 516 0119 23       		.byte	0x23
 517 011a 04       		.uleb128 0x4
 518 011b 06       		.uleb128 0x6
 519 011c 5C000000 		.4byte	.LASF23
 520 0120 05       		.byte	0x5
 521 0121 5C       		.byte	0x5c
 522 0122 BC000000 		.4byte	0xbc
 523 0126 02       		.byte	0x2
 524 0127 23       		.byte	0x23
 525 0128 08       		.uleb128 0x8
 526 0129 06       		.uleb128 0x6
 527 012a AC030000 		.4byte	.LASF24
 528 012e 05       		.byte	0x5
 529 012f 5D       		.byte	0x5d
 530 0130 83030000 		.4byte	0x383
 531 0134 02       		.byte	0x2
 532 0135 23       		.byte	0x23
 533 0136 0C       		.uleb128 0xc
 534 0137 06       		.uleb128 0x6
 535 0138 BC000000 		.4byte	.LASF25
 536 013c 05       		.byte	0x5
 537 013d 5F       		.byte	0x5f
 538 013e 3D020000 		.4byte	0x23d
 539 0142 02       		.byte	0x2
 540 0143 23       		.byte	0x23
 541 0144 10       		.uleb128 0x10
 542 0145 06       		.uleb128 0x6
 543 0146 DC010000 		.4byte	.LASF26
 544 014a 05       		.byte	0x5
 545 014b 60       		.byte	0x60
 546 014c 3D020000 		.4byte	0x23d
 547 0150 02       		.byte	0x2
 548 0151 23       		.byte	0x23
 549 0152 14       		.uleb128 0x14
 550 0153 06       		.uleb128 0x6
 551 0154 76030000 		.4byte	.LASF27
 552 0158 05       		.byte	0x5
 553 0159 67       		.byte	0x67
 554 015a 3B060000 		.4byte	0x63b
 555 015e 02       		.byte	0x2
 556 015f 23       		.byte	0x23
 557 0160 18       		.uleb128 0x18
 558 0161 06       		.uleb128 0x6
 559 0162 61020000 		.4byte	.LASF28
 560 0166 05       		.byte	0x5
 561 0167 72       		.byte	0x72
 562 0168 9B000000 		.4byte	0x9b
 563 016c 02       		.byte	0x2
ARM GAS  C:\Users\LAB_ME~1\AppData\Local\Temp\ccanqK4t.s 			page 11


 564 016d 23       		.byte	0x23
 565 016e 1C       		.uleb128 0x1c
 566 016f 06       		.uleb128 0x6
 567 0170 8D020000 		.4byte	.LASF29
 568 0174 05       		.byte	0x5
 569 0175 76       		.byte	0x76
 570 0176 90000000 		.4byte	0x90
 571 017a 02       		.byte	0x2
 572 017b 23       		.byte	0x23
 573 017c 1D       		.uleb128 0x1d
 574 017d 06       		.uleb128 0x6
 575 017e 40030000 		.4byte	.LASF30
 576 0182 05       		.byte	0x5
 577 0183 7B       		.byte	0x7b
 578 0184 A6000000 		.4byte	0xa6
 579 0188 02       		.byte	0x2
 580 0189 23       		.byte	0x23
 581 018a 1E       		.uleb128 0x1e
 582 018b 06       		.uleb128 0x6
 583 018c 69020000 		.4byte	.LASF31
 584 0190 05       		.byte	0x5
 585 0191 81       		.byte	0x81
 586 0192 B1000000 		.4byte	0xb1
 587 0196 02       		.byte	0x2
 588 0197 23       		.byte	0x23
 589 0198 1F       		.uleb128 0x1f
 590 0199 06       		.uleb128 0x6
 591 019a 22030000 		.4byte	.LASF32
 592 019e 05       		.byte	0x5
 593 019f 88       		.byte	0x88
 594 01a0 51050000 		.4byte	0x551
 595 01a4 02       		.byte	0x2
 596 01a5 23       		.byte	0x23
 597 01a6 20       		.uleb128 0x20
 598 01a7 07       		.uleb128 0x7
 599 01a8 705F7500 		.ascii	"p_u\000"
 600 01ac 05       		.byte	0x5
 601 01ad AD       		.byte	0xad
 602 01ae 06060000 		.4byte	0x606
 603 01b2 02       		.byte	0x2
 604 01b3 23       		.byte	0x23
 605 01b4 24       		.uleb128 0x24
 606 01b5 06       		.uleb128 0x6
 607 01b6 B2030000 		.4byte	.LASF33
 608 01ba 05       		.byte	0x5
 609 01bb B2       		.byte	0xb2
 610 01bc 65020000 		.4byte	0x265
 611 01c0 02       		.byte	0x2
 612 01c1 23       		.byte	0x23
 613 01c2 28       		.uleb128 0x28
 614 01c3 06       		.uleb128 0x6
 615 01c4 35030000 		.4byte	.LASF34
 616 01c8 05       		.byte	0x5
 617 01c9 B8       		.byte	0xb8
 618 01ca 43020000 		.4byte	0x243
 619 01ce 02       		.byte	0x2
 620 01cf 23       		.byte	0x23
ARM GAS  C:\Users\LAB_ME~1\AppData\Local\Temp\ccanqK4t.s 			page 12


 621 01d0 2C       		.uleb128 0x2c
 622 01d1 06       		.uleb128 0x6
 623 01d2 00000000 		.4byte	.LASF35
 624 01d6 05       		.byte	0x5
 625 01d7 BC       		.byte	0xbc
 626 01d8 C7000000 		.4byte	0xc7
 627 01dc 02       		.byte	0x2
 628 01dd 23       		.byte	0x23
 629 01de 34       		.uleb128 0x34
 630 01df 06       		.uleb128 0x6
 631 01e0 9C020000 		.4byte	.LASF36
 632 01e4 05       		.byte	0x5
 633 01e5 C2       		.byte	0xc2
 634 01e6 D2000000 		.4byte	0xd2
 635 01ea 02       		.byte	0x2
 636 01eb 23       		.byte	0x23
 637 01ec 38       		.uleb128 0x38
 638 01ed 06       		.uleb128 0x6
 639 01ee 4D020000 		.4byte	.LASF37
 640 01f2 05       		.byte	0x5
 641 01f3 C9       		.byte	0xc9
 642 01f4 4D060000 		.4byte	0x64d
 643 01f8 02       		.byte	0x2
 644 01f9 23       		.byte	0x23
 645 01fa 3C       		.uleb128 0x3c
 646 01fb 06       		.uleb128 0x6
 647 01fc 0A030000 		.4byte	.LASF38
 648 0200 05       		.byte	0x5
 649 0201 CD       		.byte	0xcd
 650 0202 BC000000 		.4byte	0xbc
 651 0206 02       		.byte	0x2
 652 0207 23       		.byte	0x23
 653 0208 40       		.uleb128 0x40
 654 0209 06       		.uleb128 0x6
 655 020a 7D000000 		.4byte	.LASF39
 656 020e 05       		.byte	0x5
 657 020f D3       		.byte	0xd3
 658 0210 7B020000 		.4byte	0x27b
 659 0214 02       		.byte	0x2
 660 0215 23       		.byte	0x23
 661 0216 44       		.uleb128 0x44
 662 0217 00       		.byte	0
 663 0218 08       		.uleb128 0x8
 664 0219 08       		.byte	0x8
 665 021a 04       		.byte	0x4
 666 021b 5A       		.byte	0x5a
 667 021c 3D020000 		.4byte	0x23d
 668 0220 06       		.uleb128 0x6
 669 0221 86020000 		.4byte	.LASF21
 670 0225 04       		.byte	0x4
 671 0226 5B       		.byte	0x5b
 672 0227 3D020000 		.4byte	0x23d
 673 022b 02       		.byte	0x2
 674 022c 23       		.byte	0x23
 675 022d 00       		.uleb128 0
 676 022e 06       		.uleb128 0x6
 677 022f 22020000 		.4byte	.LASF22
ARM GAS  C:\Users\LAB_ME~1\AppData\Local\Temp\ccanqK4t.s 			page 13


 678 0233 04       		.byte	0x4
 679 0234 5D       		.byte	0x5d
 680 0235 3D020000 		.4byte	0x23d
 681 0239 02       		.byte	0x2
 682 023a 23       		.byte	0x23
 683 023b 04       		.uleb128 0x4
 684 023c 00       		.byte	0
 685 023d 09       		.uleb128 0x9
 686 023e 04       		.byte	0x4
 687 023f E8000000 		.4byte	0xe8
 688 0243 04       		.uleb128 0x4
 689 0244 EA010000 		.4byte	.LASF40
 690 0248 04       		.byte	0x4
 691 0249 5F       		.byte	0x5f
 692 024a 18020000 		.4byte	0x218
 693 024e 08       		.uleb128 0x8
 694 024f 04       		.byte	0x4
 695 0250 04       		.byte	0x4
 696 0251 64       		.byte	0x64
 697 0252 65020000 		.4byte	0x265
 698 0256 06       		.uleb128 0x6
 699 0257 86020000 		.4byte	.LASF21
 700 025b 04       		.byte	0x4
 701 025c 66       		.byte	0x66
 702 025d 3D020000 		.4byte	0x23d
 703 0261 02       		.byte	0x2
 704 0262 23       		.byte	0x23
 705 0263 00       		.uleb128 0
 706 0264 00       		.byte	0
 707 0265 04       		.uleb128 0x4
 708 0266 B0010000 		.4byte	.LASF41
 709 026a 04       		.byte	0x4
 710 026b 69       		.byte	0x69
 711 026c 4E020000 		.4byte	0x24e
 712 0270 04       		.uleb128 0x4
 713 0271 EE000000 		.4byte	.LASF42
 714 0275 06       		.byte	0x6
 715 0276 DE       		.byte	0xde
 716 0277 7B020000 		.4byte	0x27b
 717 027b 0A       		.uleb128 0xa
 718 027c 04       		.byte	0x4
 719 027d 05       		.uleb128 0x5
 720 027e 1D010000 		.4byte	.LASF43
 721 0282 20       		.byte	0x20
 722 0283 06       		.byte	0x6
 723 0284 E6       		.byte	0xe6
 724 0285 F5020000 		.4byte	0x2f5
 725 0289 07       		.uleb128 0x7
 726 028a 723000   		.ascii	"r0\000"
 727 028d 06       		.byte	0x6
 728 028e E7       		.byte	0xe7
 729 028f 70020000 		.4byte	0x270
 730 0293 02       		.byte	0x2
 731 0294 23       		.byte	0x23
 732 0295 00       		.uleb128 0
 733 0296 07       		.uleb128 0x7
 734 0297 723100   		.ascii	"r1\000"
ARM GAS  C:\Users\LAB_ME~1\AppData\Local\Temp\ccanqK4t.s 			page 14


 735 029a 06       		.byte	0x6
 736 029b E8       		.byte	0xe8
 737 029c 70020000 		.4byte	0x270
 738 02a0 02       		.byte	0x2
 739 02a1 23       		.byte	0x23
 740 02a2 04       		.uleb128 0x4
 741 02a3 07       		.uleb128 0x7
 742 02a4 723200   		.ascii	"r2\000"
 743 02a7 06       		.byte	0x6
 744 02a8 E9       		.byte	0xe9
 745 02a9 70020000 		.4byte	0x270
 746 02ad 02       		.byte	0x2
 747 02ae 23       		.byte	0x23
 748 02af 08       		.uleb128 0x8
 749 02b0 07       		.uleb128 0x7
 750 02b1 723300   		.ascii	"r3\000"
 751 02b4 06       		.byte	0x6
 752 02b5 EA       		.byte	0xea
 753 02b6 70020000 		.4byte	0x270
 754 02ba 02       		.byte	0x2
 755 02bb 23       		.byte	0x23
 756 02bc 0C       		.uleb128 0xc
 757 02bd 07       		.uleb128 0x7
 758 02be 72313200 		.ascii	"r12\000"
 759 02c2 06       		.byte	0x6
 760 02c3 EB       		.byte	0xeb
 761 02c4 70020000 		.4byte	0x270
 762 02c8 02       		.byte	0x2
 763 02c9 23       		.byte	0x23
 764 02ca 10       		.uleb128 0x10
 765 02cb 06       		.uleb128 0x6
 766 02cc 16010000 		.4byte	.LASF44
 767 02d0 06       		.byte	0x6
 768 02d1 EC       		.byte	0xec
 769 02d2 70020000 		.4byte	0x270
 770 02d6 02       		.byte	0x2
 771 02d7 23       		.byte	0x23
 772 02d8 14       		.uleb128 0x14
 773 02d9 07       		.uleb128 0x7
 774 02da 706300   		.ascii	"pc\000"
 775 02dd 06       		.byte	0x6
 776 02de ED       		.byte	0xed
 777 02df 70020000 		.4byte	0x270
 778 02e3 02       		.byte	0x2
 779 02e4 23       		.byte	0x23
 780 02e5 18       		.uleb128 0x18
 781 02e6 06       		.uleb128 0x6
 782 02e7 73020000 		.4byte	.LASF45
 783 02eb 06       		.byte	0x6
 784 02ec EE       		.byte	0xee
 785 02ed 70020000 		.4byte	0x270
 786 02f1 02       		.byte	0x2
 787 02f2 23       		.byte	0x23
 788 02f3 1C       		.uleb128 0x1c
 789 02f4 00       		.byte	0
 790 02f5 0B       		.uleb128 0xb
 791 02f6 2E030000 		.4byte	.LASF46
ARM GAS  C:\Users\LAB_ME~1\AppData\Local\Temp\ccanqK4t.s 			page 15


 792 02fa 24       		.byte	0x24
 793 02fb 06       		.byte	0x6
 794 02fc 0501     		.2byte	0x105
 795 02fe 83030000 		.4byte	0x383
 796 0302 0C       		.uleb128 0xc
 797 0303 723400   		.ascii	"r4\000"
 798 0306 06       		.byte	0x6
 799 0307 1801     		.2byte	0x118
 800 0309 70020000 		.4byte	0x270
 801 030d 02       		.byte	0x2
 802 030e 23       		.byte	0x23
 803 030f 00       		.uleb128 0
 804 0310 0C       		.uleb128 0xc
 805 0311 723500   		.ascii	"r5\000"
 806 0314 06       		.byte	0x6
 807 0315 1901     		.2byte	0x119
 808 0317 70020000 		.4byte	0x270
 809 031b 02       		.byte	0x2
 810 031c 23       		.byte	0x23
 811 031d 04       		.uleb128 0x4
 812 031e 0C       		.uleb128 0xc
 813 031f 723600   		.ascii	"r6\000"
 814 0322 06       		.byte	0x6
 815 0323 1A01     		.2byte	0x11a
 816 0325 70020000 		.4byte	0x270
 817 0329 02       		.byte	0x2
 818 032a 23       		.byte	0x23
 819 032b 08       		.uleb128 0x8
 820 032c 0C       		.uleb128 0xc
 821 032d 723700   		.ascii	"r7\000"
 822 0330 06       		.byte	0x6
 823 0331 1B01     		.2byte	0x11b
 824 0333 70020000 		.4byte	0x270
 825 0337 02       		.byte	0x2
 826 0338 23       		.byte	0x23
 827 0339 0C       		.uleb128 0xc
 828 033a 0C       		.uleb128 0xc
 829 033b 723800   		.ascii	"r8\000"
 830 033e 06       		.byte	0x6
 831 033f 1C01     		.2byte	0x11c
 832 0341 70020000 		.4byte	0x270
 833 0345 02       		.byte	0x2
 834 0346 23       		.byte	0x23
 835 0347 10       		.uleb128 0x10
 836 0348 0C       		.uleb128 0xc
 837 0349 723900   		.ascii	"r9\000"
 838 034c 06       		.byte	0x6
 839 034d 1D01     		.2byte	0x11d
 840 034f 70020000 		.4byte	0x270
 841 0353 02       		.byte	0x2
 842 0354 23       		.byte	0x23
 843 0355 14       		.uleb128 0x14
 844 0356 0C       		.uleb128 0xc
 845 0357 72313000 		.ascii	"r10\000"
 846 035b 06       		.byte	0x6
 847 035c 1E01     		.2byte	0x11e
 848 035e 70020000 		.4byte	0x270
ARM GAS  C:\Users\LAB_ME~1\AppData\Local\Temp\ccanqK4t.s 			page 16


 849 0362 02       		.byte	0x2
 850 0363 23       		.byte	0x23
 851 0364 18       		.uleb128 0x18
 852 0365 0C       		.uleb128 0xc
 853 0366 72313100 		.ascii	"r11\000"
 854 036a 06       		.byte	0x6
 855 036b 1F01     		.2byte	0x11f
 856 036d 70020000 		.4byte	0x270
 857 0371 02       		.byte	0x2
 858 0372 23       		.byte	0x23
 859 0373 1C       		.uleb128 0x1c
 860 0374 0C       		.uleb128 0xc
 861 0375 6C7200   		.ascii	"lr\000"
 862 0378 06       		.byte	0x6
 863 0379 2001     		.2byte	0x120
 864 037b 70020000 		.4byte	0x270
 865 037f 02       		.byte	0x2
 866 0380 23       		.byte	0x23
 867 0381 20       		.uleb128 0x20
 868 0382 00       		.byte	0
 869 0383 0B       		.uleb128 0xb
 870 0384 5E010000 		.4byte	.LASF47
 871 0388 04       		.byte	0x4
 872 0389 06       		.byte	0x6
 873 038a 2A01     		.2byte	0x12a
 874 038c A0030000 		.4byte	0x3a0
 875 0390 0C       		.uleb128 0xc
 876 0391 72313300 		.ascii	"r13\000"
 877 0395 06       		.byte	0x6
 878 0396 2B01     		.2byte	0x12b
 879 0398 A0030000 		.4byte	0x3a0
 880 039c 02       		.byte	0x2
 881 039d 23       		.byte	0x23
 882 039e 00       		.uleb128 0
 883 039f 00       		.byte	0
 884 03a0 09       		.uleb128 0x9
 885 03a1 04       		.byte	0x4
 886 03a2 F5020000 		.4byte	0x2f5
 887 03a6 04       		.uleb128 0x4
 888 03a7 CA020000 		.4byte	.LASF48
 889 03ab 07       		.byte	0x7
 890 03ac 33       		.byte	0x33
 891 03ad B1030000 		.4byte	0x3b1
 892 03b1 0D       		.uleb128 0xd
 893 03b2 70000000 		.4byte	0x70
 894 03b6 03       		.uleb128 0x3
 895 03b7 04       		.byte	0x4
 896 03b8 07       		.byte	0x7
 897 03b9 CE010000 		.4byte	.LASF49
 898 03bd 08       		.uleb128 0x8
 899 03be 8C       		.byte	0x8c
 900 03bf 07       		.byte	0x7
 901 03c0 82       		.byte	0x82
 902 03c1 ED040000 		.4byte	0x4ed
 903 03c5 06       		.uleb128 0x6
 904 03c6 56000000 		.4byte	.LASF50
 905 03ca 07       		.byte	0x7
ARM GAS  C:\Users\LAB_ME~1\AppData\Local\Temp\ccanqK4t.s 			page 17


 906 03cb 83       		.byte	0x83
 907 03cc A6030000 		.4byte	0x3a6
 908 03d0 02       		.byte	0x2
 909 03d1 23       		.byte	0x23
 910 03d2 00       		.uleb128 0
 911 03d3 06       		.uleb128 0x6
 912 03d4 79010000 		.4byte	.LASF51
 913 03d8 07       		.byte	0x7
 914 03d9 84       		.byte	0x84
 915 03da A6030000 		.4byte	0x3a6
 916 03de 02       		.byte	0x2
 917 03df 23       		.byte	0x23
 918 03e0 04       		.uleb128 0x4
 919 03e1 06       		.uleb128 0x6
 920 03e2 43010000 		.4byte	.LASF52
 921 03e6 07       		.byte	0x7
 922 03e7 85       		.byte	0x85
 923 03e8 A6030000 		.4byte	0x3a6
 924 03ec 02       		.byte	0x2
 925 03ed 23       		.byte	0x23
 926 03ee 08       		.uleb128 0x8
 927 03ef 06       		.uleb128 0x6
 928 03f0 84010000 		.4byte	.LASF53
 929 03f4 07       		.byte	0x7
 930 03f5 86       		.byte	0x86
 931 03f6 A6030000 		.4byte	0x3a6
 932 03fa 02       		.byte	0x2
 933 03fb 23       		.byte	0x23
 934 03fc 0C       		.uleb128 0xc
 935 03fd 07       		.uleb128 0x7
 936 03fe 53435200 		.ascii	"SCR\000"
 937 0402 07       		.byte	0x7
 938 0403 87       		.byte	0x87
 939 0404 A6030000 		.4byte	0x3a6
 940 0408 02       		.byte	0x2
 941 0409 23       		.byte	0x23
 942 040a 10       		.uleb128 0x10
 943 040b 07       		.uleb128 0x7
 944 040c 43435200 		.ascii	"CCR\000"
 945 0410 07       		.byte	0x7
 946 0411 88       		.byte	0x88
 947 0412 A6030000 		.4byte	0x3a6
 948 0416 02       		.byte	0x2
 949 0417 23       		.byte	0x23
 950 0418 14       		.uleb128 0x14
 951 0419 06       		.uleb128 0x6
 952 041a 29030000 		.4byte	.LASF54
 953 041e 07       		.byte	0x7
 954 041f 89       		.byte	0x89
 955 0420 FD040000 		.4byte	0x4fd
 956 0424 02       		.byte	0x2
 957 0425 23       		.byte	0x23
 958 0426 18       		.uleb128 0x18
 959 0427 06       		.uleb128 0x6
 960 0428 47020000 		.4byte	.LASF55
 961 042c 07       		.byte	0x7
 962 042d 8A       		.byte	0x8a
ARM GAS  C:\Users\LAB_ME~1\AppData\Local\Temp\ccanqK4t.s 			page 18


 963 042e A6030000 		.4byte	0x3a6
 964 0432 02       		.byte	0x2
 965 0433 23       		.byte	0x23
 966 0434 24       		.uleb128 0x24
 967 0435 06       		.uleb128 0x6
 968 0436 D7010000 		.4byte	.LASF56
 969 043a 07       		.byte	0x7
 970 043b 8B       		.byte	0x8b
 971 043c A6030000 		.4byte	0x3a6
 972 0440 02       		.byte	0x2
 973 0441 23       		.byte	0x23
 974 0442 28       		.uleb128 0x28
 975 0443 06       		.uleb128 0x6
 976 0444 83030000 		.4byte	.LASF57
 977 0448 07       		.byte	0x7
 978 0449 8C       		.byte	0x8c
 979 044a A6030000 		.4byte	0x3a6
 980 044e 02       		.byte	0x2
 981 044f 23       		.byte	0x23
 982 0450 2C       		.uleb128 0x2c
 983 0451 06       		.uleb128 0x6
 984 0452 8A010000 		.4byte	.LASF58
 985 0456 07       		.byte	0x7
 986 0457 8D       		.byte	0x8d
 987 0458 A6030000 		.4byte	0x3a6
 988 045c 02       		.byte	0x2
 989 045d 23       		.byte	0x23
 990 045e 30       		.uleb128 0x30
 991 045f 06       		.uleb128 0x6
 992 0460 8F010000 		.4byte	.LASF59
 993 0464 07       		.byte	0x7
 994 0465 8E       		.byte	0x8e
 995 0466 A6030000 		.4byte	0x3a6
 996 046a 02       		.byte	0x2
 997 046b 23       		.byte	0x23
 998 046c 34       		.uleb128 0x34
 999 046d 06       		.uleb128 0x6
 1000 046e C4000000 		.4byte	.LASF60
 1001 0472 07       		.byte	0x7
 1002 0473 8F       		.byte	0x8f
 1003 0474 A6030000 		.4byte	0x3a6
 1004 0478 02       		.byte	0x2
 1005 0479 23       		.byte	0x23
 1006 047a 38       		.uleb128 0x38
 1007 047b 06       		.uleb128 0x6
 1008 047c B8020000 		.4byte	.LASF61
 1009 0480 07       		.byte	0x7
 1010 0481 90       		.byte	0x90
 1011 0482 A6030000 		.4byte	0x3a6
 1012 0486 02       		.byte	0x2
 1013 0487 23       		.byte	0x23
 1014 0488 3C       		.uleb128 0x3c
 1015 0489 07       		.uleb128 0x7
 1016 048a 50465200 		.ascii	"PFR\000"
 1017 048e 07       		.byte	0x7
 1018 048f 91       		.byte	0x91
 1019 0490 12050000 		.4byte	0x512
ARM GAS  C:\Users\LAB_ME~1\AppData\Local\Temp\ccanqK4t.s 			page 19


 1020 0494 02       		.byte	0x2
 1021 0495 23       		.byte	0x23
 1022 0496 40       		.uleb128 0x40
 1023 0497 07       		.uleb128 0x7
 1024 0498 44465200 		.ascii	"DFR\000"
 1025 049c 07       		.byte	0x7
 1026 049d 92       		.byte	0x92
 1027 049e A6030000 		.4byte	0x3a6
 1028 04a2 02       		.byte	0x2
 1029 04a3 23       		.byte	0x23
 1030 04a4 48       		.uleb128 0x48
 1031 04a5 07       		.uleb128 0x7
 1032 04a6 41445200 		.ascii	"ADR\000"
 1033 04aa 07       		.byte	0x7
 1034 04ab 93       		.byte	0x93
 1035 04ac A6030000 		.4byte	0x3a6
 1036 04b0 02       		.byte	0x2
 1037 04b1 23       		.byte	0x23
 1038 04b2 4C       		.uleb128 0x4c
 1039 04b3 06       		.uleb128 0x6
 1040 04b4 51030000 		.4byte	.LASF62
 1041 04b8 07       		.byte	0x7
 1042 04b9 94       		.byte	0x94
 1043 04ba 27050000 		.4byte	0x527
 1044 04be 02       		.byte	0x2
 1045 04bf 23       		.byte	0x23
 1046 04c0 50       		.uleb128 0x50
 1047 04c1 07       		.uleb128 0x7
 1048 04c2 53415200 		.ascii	"SAR\000"
 1049 04c6 07       		.byte	0x7
 1050 04c7 95       		.byte	0x95
 1051 04c8 3C050000 		.4byte	0x53c
 1052 04cc 02       		.byte	0x2
 1053 04cd 23       		.byte	0x23
 1054 04ce 60       		.uleb128 0x60
 1055 04cf 06       		.uleb128 0x6
 1056 04d0 BD020000 		.4byte	.LASF63
 1057 04d4 07       		.byte	0x7
 1058 04d5 96       		.byte	0x96
 1059 04d6 41050000 		.4byte	0x541
 1060 04da 02       		.byte	0x2
 1061 04db 23       		.byte	0x23
 1062 04dc 74       		.uleb128 0x74
 1063 04dd 06       		.uleb128 0x6
 1064 04de 7D030000 		.4byte	.LASF64
 1065 04e2 07       		.byte	0x7
 1066 04e3 97       		.byte	0x97
 1067 04e4 A6030000 		.4byte	0x3a6
 1068 04e8 03       		.byte	0x3
 1069 04e9 23       		.byte	0x23
 1070 04ea 8801     		.uleb128 0x88
 1071 04ec 00       		.byte	0
 1072 04ed 0E       		.uleb128 0xe
 1073 04ee A6030000 		.4byte	0x3a6
 1074 04f2 FD040000 		.4byte	0x4fd
 1075 04f6 0F       		.uleb128 0xf
 1076 04f7 B6030000 		.4byte	0x3b6
ARM GAS  C:\Users\LAB_ME~1\AppData\Local\Temp\ccanqK4t.s 			page 20


 1077 04fb 02       		.byte	0x2
 1078 04fc 00       		.byte	0
 1079 04fd 0D       		.uleb128 0xd
 1080 04fe ED040000 		.4byte	0x4ed
 1081 0502 0E       		.uleb128 0xe
 1082 0503 A6030000 		.4byte	0x3a6
 1083 0507 12050000 		.4byte	0x512
 1084 050b 0F       		.uleb128 0xf
 1085 050c B6030000 		.4byte	0x3b6
 1086 0510 01       		.byte	0x1
 1087 0511 00       		.byte	0
 1088 0512 0D       		.uleb128 0xd
 1089 0513 02050000 		.4byte	0x502
 1090 0517 0E       		.uleb128 0xe
 1091 0518 A6030000 		.4byte	0x3a6
 1092 051c 27050000 		.4byte	0x527
 1093 0520 0F       		.uleb128 0xf
 1094 0521 B6030000 		.4byte	0x3b6
 1095 0525 03       		.byte	0x3
 1096 0526 00       		.byte	0
 1097 0527 0D       		.uleb128 0xd
 1098 0528 17050000 		.4byte	0x517
 1099 052c 0E       		.uleb128 0xe
 1100 052d A6030000 		.4byte	0x3a6
 1101 0531 3C050000 		.4byte	0x53c
 1102 0535 0F       		.uleb128 0xf
 1103 0536 B6030000 		.4byte	0x3b6
 1104 053a 04       		.byte	0x4
 1105 053b 00       		.byte	0
 1106 053c 0D       		.uleb128 0xd
 1107 053d 2C050000 		.4byte	0x52c
 1108 0541 0D       		.uleb128 0xd
 1109 0542 2C050000 		.4byte	0x52c
 1110 0546 04       		.uleb128 0x4
 1111 0547 0D000000 		.4byte	.LASF65
 1112 054b 07       		.byte	0x7
 1113 054c 98       		.byte	0x98
 1114 054d BD030000 		.4byte	0x3bd
 1115 0551 0D       		.uleb128 0xd
 1116 0552 DD000000 		.4byte	0xdd
 1117 0556 08       		.uleb128 0x8
 1118 0557 1C       		.byte	0x1c
 1119 0558 08       		.byte	0x8
 1120 0559 57       		.byte	0x57
 1121 055a B3050000 		.4byte	0x5b3
 1122 055e 06       		.uleb128 0x6
 1123 055f B0020000 		.4byte	.LASF66
 1124 0563 08       		.byte	0x8
 1125 0564 58       		.byte	0x58
 1126 0565 43020000 		.4byte	0x243
 1127 0569 02       		.byte	0x2
 1128 056a 23       		.byte	0x23
 1129 056b 00       		.uleb128 0
 1130 056c 06       		.uleb128 0x6
 1131 056d 78020000 		.4byte	.LASF67
 1132 0571 08       		.byte	0x8
 1133 0572 59       		.byte	0x59
ARM GAS  C:\Users\LAB_ME~1\AppData\Local\Temp\ccanqK4t.s 			page 21


 1134 0573 BC000000 		.4byte	0xbc
 1135 0577 02       		.byte	0x2
 1136 0578 23       		.byte	0x23
 1137 0579 08       		.uleb128 0x8
 1138 057a 06       		.uleb128 0x6
 1139 057b E4010000 		.4byte	.LASF68
 1140 057f 08       		.byte	0x8
 1141 0580 5B       		.byte	0x5b
 1142 0581 83030000 		.4byte	0x383
 1143 0585 02       		.byte	0x2
 1144 0586 23       		.byte	0x23
 1145 0587 0C       		.uleb128 0xc
 1146 0588 06       		.uleb128 0x6
 1147 0589 C9000000 		.4byte	.LASF69
 1148 058d 08       		.byte	0x8
 1149 058e 5E       		.byte	0x5e
 1150 058f 3D020000 		.4byte	0x23d
 1151 0593 02       		.byte	0x2
 1152 0594 23       		.byte	0x23
 1153 0595 10       		.uleb128 0x10
 1154 0596 06       		.uleb128 0x6
 1155 0597 0D020000 		.4byte	.LASF70
 1156 059b 08       		.byte	0x8
 1157 059c 5F       		.byte	0x5f
 1158 059d 3D020000 		.4byte	0x23d
 1159 05a1 02       		.byte	0x2
 1160 05a2 23       		.byte	0x23
 1161 05a3 14       		.uleb128 0x14
 1162 05a4 06       		.uleb128 0x6
 1163 05a5 03020000 		.4byte	.LASF71
 1164 05a9 08       		.byte	0x8
 1165 05aa 62       		.byte	0x62
 1166 05ab 3D020000 		.4byte	0x23d
 1167 05af 02       		.byte	0x2
 1168 05b0 23       		.byte	0x23
 1169 05b1 18       		.uleb128 0x18
 1170 05b2 00       		.byte	0
 1171 05b3 04       		.uleb128 0x4
 1172 05b4 47030000 		.4byte	.LASF72
 1173 05b8 08       		.byte	0x8
 1174 05b9 64       		.byte	0x64
 1175 05ba 56050000 		.4byte	0x556
 1176 05be 05       		.uleb128 0x5
 1177 05bf C8010000 		.4byte	.LASF73
 1178 05c3 10       		.byte	0x10
 1179 05c4 09       		.byte	0x9
 1180 05c5 25       		.byte	0x25
 1181 05c6 F5050000 		.4byte	0x5f5
 1182 05ca 06       		.uleb128 0x6
 1183 05cb 85000000 		.4byte	.LASF74
 1184 05cf 09       		.byte	0x9
 1185 05d0 26       		.byte	0x26
 1186 05d1 43020000 		.4byte	0x243
 1187 05d5 02       		.byte	0x2
 1188 05d6 23       		.byte	0x23
 1189 05d7 00       		.uleb128 0
 1190 05d8 06       		.uleb128 0x6
ARM GAS  C:\Users\LAB_ME~1\AppData\Local\Temp\ccanqK4t.s 			page 22


 1191 05d9 88030000 		.4byte	.LASF75
 1192 05dd 09       		.byte	0x9
 1193 05de 28       		.byte	0x28
 1194 05df 3D020000 		.4byte	0x23d
 1195 05e3 02       		.byte	0x2
 1196 05e4 23       		.byte	0x23
 1197 05e5 08       		.uleb128 0x8
 1198 05e6 06       		.uleb128 0x6
 1199 05e7 F9020000 		.4byte	.LASF76
 1200 05eb 09       		.byte	0x9
 1201 05ec 2A       		.byte	0x2a
 1202 05ed F5050000 		.4byte	0x5f5
 1203 05f1 02       		.byte	0x2
 1204 05f2 23       		.byte	0x23
 1205 05f3 0C       		.uleb128 0xc
 1206 05f4 00       		.byte	0
 1207 05f5 09       		.uleb128 0x9
 1208 05f6 04       		.byte	0x4
 1209 05f7 BE050000 		.4byte	0x5be
 1210 05fb 04       		.uleb128 0x4
 1211 05fc C8010000 		.4byte	.LASF73
 1212 0600 09       		.byte	0x9
 1213 0601 2C       		.byte	0x2c
 1214 0602 BE050000 		.4byte	0x5be
 1215 0606 10       		.uleb128 0x10
 1216 0607 04       		.byte	0x4
 1217 0608 05       		.byte	0x5
 1218 0609 8F       		.byte	0x8f
 1219 060a 3B060000 		.4byte	0x63b
 1220 060e 11       		.uleb128 0x11
 1221 060f 06000000 		.4byte	.LASF77
 1222 0613 05       		.byte	0x5
 1223 0614 96       		.byte	0x96
 1224 0615 C7000000 		.4byte	0xc7
 1225 0619 11       		.uleb128 0x11
 1226 061a 4D000000 		.4byte	.LASF78
 1227 061e 05       		.byte	0x5
 1228 061f 9D       		.byte	0x9d
 1229 0620 C7000000 		.4byte	0xc7
 1230 0624 11       		.uleb128 0x11
 1231 0625 6F030000 		.4byte	.LASF79
 1232 0629 05       		.byte	0x5
 1233 062a A4       		.byte	0xa4
 1234 062b 7B020000 		.4byte	0x27b
 1235 062f 11       		.uleb128 0x11
 1236 0630 7F020000 		.4byte	.LASF80
 1237 0634 05       		.byte	0x5
 1238 0635 AB       		.byte	0xab
 1239 0636 D2000000 		.4byte	0xd2
 1240 063a 00       		.byte	0
 1241 063b 09       		.uleb128 0x9
 1242 063c 04       		.byte	0x4
 1243 063d 41060000 		.4byte	0x641
 1244 0641 12       		.uleb128 0x12
 1245 0642 46060000 		.4byte	0x646
 1246 0646 03       		.uleb128 0x3
 1247 0647 01       		.byte	0x1
ARM GAS  C:\Users\LAB_ME~1\AppData\Local\Temp\ccanqK4t.s 			page 23


 1248 0648 08       		.byte	0x8
 1249 0649 C5020000 		.4byte	.LASF81
 1250 064d 09       		.uleb128 0x9
 1251 064e 04       		.byte	0x4
 1252 064f FB050000 		.4byte	0x5fb
 1253 0653 13       		.uleb128 0x13
 1254 0654 01       		.byte	0x1
 1255 0655 48010000 		.4byte	.LASF82
 1256 0659 01       		.byte	0x1
 1257 065a C8       		.byte	0xc8
 1258 065b 01       		.byte	0x1
 1259 065c 00000000 		.4byte	.LFB11
 1260 0660 06000000 		.4byte	.LFE11
 1261 0664 02       		.byte	0x2
 1262 0665 7D       		.byte	0x7d
 1263 0666 00       		.sleb128 0
 1264 0667 01       		.byte	0x1
 1265 0668 76060000 		.4byte	0x676
 1266 066c 14       		.uleb128 0x14
 1267 066d 04000000 		.4byte	.LVL0
 1268 0671 66080000 		.4byte	0x866
 1269 0675 00       		.byte	0
 1270 0676 13       		.uleb128 0x13
 1271 0677 01       		.byte	0x1
 1272 0678 15030000 		.4byte	.LASF83
 1273 067c 01       		.byte	0x1
 1274 067d 3A       		.byte	0x3a
 1275 067e 01       		.byte	0x1
 1276 067f 00000000 		.4byte	.LFB8
 1277 0683 12000000 		.4byte	.LFE8
 1278 0687 02       		.byte	0x2
 1279 0688 7D       		.byte	0x7d
 1280 0689 00       		.sleb128 0
 1281 068a 01       		.byte	0x1
 1282 068b B8060000 		.4byte	0x6b8
 1283 068f 15       		.uleb128 0x15
 1284 0690 1D020000 		.4byte	.LASF84
 1285 0694 01       		.byte	0x1
 1286 0695 3B       		.byte	0x3b
 1287 0696 B8060000 		.4byte	0x6b8
 1288 069a 00000000 		.4byte	.LLST0
 1289 069e 16       		.uleb128 0x16
 1290 069f 0A000000 		.4byte	.LBB2
 1291 06a3 12000000 		.4byte	.LBE2
 1292 06a7 17       		.uleb128 0x17
 1293 06a8 746D7000 		.ascii	"tmp\000"
 1294 06ac 01       		.byte	0x1
 1295 06ad 4A       		.byte	0x4a
 1296 06ae 70000000 		.4byte	0x70
 1297 06b2 20000000 		.4byte	.LLST1
 1298 06b6 00       		.byte	0
 1299 06b7 00       		.byte	0
 1300 06b8 09       		.uleb128 0x9
 1301 06b9 04       		.byte	0x4
 1302 06ba 7D020000 		.4byte	0x27d
 1303 06be 18       		.uleb128 0x18
 1304 06bf 01       		.byte	0x1
ARM GAS  C:\Users\LAB_ME~1\AppData\Local\Temp\ccanqK4t.s 			page 24


 1305 06c0 64030000 		.4byte	.LASF85
 1306 06c4 01       		.byte	0x1
 1307 06c5 6F       		.byte	0x6f
 1308 06c6 01       		.byte	0x1
 1309 06c7 00000000 		.4byte	.LFB9
 1310 06cb 34000000 		.4byte	.LFE9
 1311 06cf 33000000 		.4byte	.LLST2
 1312 06d3 01       		.byte	0x1
 1313 06d4 21070000 		.4byte	0x721
 1314 06d8 19       		.uleb128 0x19
 1315 06d9 14000000 		.4byte	.LVL5
 1316 06dd 70080000 		.4byte	0x870
 1317 06e1 F0060000 		.4byte	0x6f0
 1318 06e5 1A       		.uleb128 0x1a
 1319 06e6 01       		.byte	0x1
 1320 06e7 51       		.byte	0x51
 1321 06e8 01       		.byte	0x1
 1322 06e9 40       		.byte	0x40
 1323 06ea 1A       		.uleb128 0x1a
 1324 06eb 01       		.byte	0x1
 1325 06ec 50       		.byte	0x50
 1326 06ed 01       		.byte	0x1
 1327 06ee 37       		.byte	0x37
 1328 06ef 00       		.byte	0
 1329 06f0 19       		.uleb128 0x19
 1330 06f1 1E000000 		.4byte	.LVL6
 1331 06f5 70080000 		.4byte	0x870
 1332 06f9 0A070000 		.4byte	0x70a
 1333 06fd 1A       		.uleb128 0x1a
 1334 06fe 01       		.byte	0x1
 1335 06ff 51       		.byte	0x51
 1336 0700 03       		.byte	0x3
 1337 0701 0A       		.byte	0xa
 1338 0702 0002     		.2byte	0x200
 1339 0704 1A       		.uleb128 0x1a
 1340 0705 01       		.byte	0x1
 1341 0706 50       		.byte	0x50
 1342 0707 01       		.byte	0x1
 1343 0708 3A       		.byte	0x3a
 1344 0709 00       		.byte	0
 1345 070a 1B       		.uleb128 0x1b
 1346 070b 2A000000 		.4byte	.LVL7
 1347 070f 01       		.byte	0x1
 1348 0710 70080000 		.4byte	0x870
 1349 0714 1A       		.uleb128 0x1a
 1350 0715 01       		.byte	0x1
 1351 0716 51       		.byte	0x51
 1352 0717 02       		.byte	0x2
 1353 0718 08       		.byte	0x8
 1354 0719 80       		.byte	0x80
 1355 071a 1A       		.uleb128 0x1a
 1356 071b 01       		.byte	0x1
 1357 071c 50       		.byte	0x50
 1358 071d 01       		.byte	0x1
 1359 071e 3B       		.byte	0x3b
 1360 071f 00       		.byte	0
 1361 0720 00       		.byte	0
ARM GAS  C:\Users\LAB_ME~1\AppData\Local\Temp\ccanqK4t.s 			page 25


 1362 0721 13       		.uleb128 0x13
 1363 0722 01       		.byte	0x1
 1364 0723 95010000 		.4byte	.LASF86
 1365 0727 01       		.byte	0x1
 1366 0728 8D       		.byte	0x8d
 1367 0729 01       		.byte	0x1
 1368 072a 00000000 		.4byte	.LFB10
 1369 072e 70000000 		.4byte	.LFE10
 1370 0732 02       		.byte	0x2
 1371 0733 7D       		.byte	0x7d
 1372 0734 00       		.sleb128 0
 1373 0735 01       		.byte	0x1
 1374 0736 8A070000 		.4byte	0x78a
 1375 073a 1C       		.uleb128 0x1c
 1376 073b 00000000 		.4byte	.LBB3
 1377 073f 06000000 		.4byte	.LBE3
 1378 0743 57070000 		.4byte	0x757
 1379 0747 17       		.uleb128 0x17
 1380 0748 746D7000 		.ascii	"tmp\000"
 1381 074c 01       		.byte	0x1
 1382 074d 8F       		.byte	0x8f
 1383 074e 70000000 		.4byte	0x70
 1384 0752 53000000 		.4byte	.LLST3
 1385 0756 00       		.byte	0
 1386 0757 1D       		.uleb128 0x1d
 1387 0758 00000000 		.4byte	.Ldebug_ranges0+0
 1388 075c 70070000 		.4byte	0x770
 1389 0760 15       		.uleb128 0x15
 1390 0761 1D020000 		.4byte	.LASF84
 1391 0765 01       		.byte	0x1
 1392 0766 91       		.byte	0x91
 1393 0767 B8060000 		.4byte	0x6b8
 1394 076b 66000000 		.4byte	.LLST4
 1395 076f 00       		.byte	0
 1396 0770 16       		.uleb128 0x16
 1397 0771 44000000 		.4byte	.LBB5
 1398 0775 4A000000 		.4byte	.LBE5
 1399 0779 17       		.uleb128 0x17
 1400 077a 746D7000 		.ascii	"tmp\000"
 1401 077e 01       		.byte	0x1
 1402 077f BE       		.byte	0xbe
 1403 0780 70000000 		.4byte	0x70
 1404 0784 A0000000 		.4byte	.LLST5
 1405 0788 00       		.byte	0
 1406 0789 00       		.byte	0
 1407 078a 18       		.uleb128 0x18
 1408 078b 01       		.byte	0x1
 1409 078c 28000000 		.4byte	.LASF87
 1410 0790 01       		.byte	0x1
 1411 0791 28       		.byte	0x28
 1412 0792 01       		.byte	0x1
 1413 0793 00000000 		.4byte	.LFB7
 1414 0797 1A000000 		.4byte	.LFE7
 1415 079b B3000000 		.4byte	.LLST6
 1416 079f 01       		.byte	0x1
 1417 07a0 F2070000 		.4byte	0x7f2
 1418 07a4 1C       		.uleb128 0x1c
ARM GAS  C:\Users\LAB_ME~1\AppData\Local\Temp\ccanqK4t.s 			page 26


 1419 07a5 02000000 		.4byte	.LBB7
 1420 07a9 08000000 		.4byte	.LBE7
 1421 07ad C1070000 		.4byte	0x7c1
 1422 07b1 17       		.uleb128 0x17
 1423 07b2 746D7000 		.ascii	"tmp\000"
 1424 07b6 01       		.byte	0x1
 1425 07b7 2C       		.byte	0x2c
 1426 07b8 70000000 		.4byte	0x70
 1427 07bc D3000000 		.4byte	.LLST7
 1428 07c0 00       		.byte	0
 1429 07c1 1C       		.uleb128 0x1c
 1430 07c2 0C000000 		.4byte	.LBB8
 1431 07c6 12000000 		.4byte	.LBE8
 1432 07ca DE070000 		.4byte	0x7de
 1433 07ce 17       		.uleb128 0x17
 1434 07cf 746D7000 		.ascii	"tmp\000"
 1435 07d3 01       		.byte	0x1
 1436 07d4 2E       		.byte	0x2e
 1437 07d5 70000000 		.4byte	0x70
 1438 07d9 E6000000 		.4byte	.LLST8
 1439 07dd 00       		.byte	0
 1440 07de 14       		.uleb128 0x14
 1441 07df 0C000000 		.4byte	.LVL19
 1442 07e3 8A080000 		.4byte	0x88a
 1443 07e7 1E       		.uleb128 0x1e
 1444 07e8 1A000000 		.4byte	.LVL22
 1445 07ec 01       		.byte	0x1
 1446 07ed 21070000 		.4byte	0x721
 1447 07f1 00       		.byte	0
 1448 07f2 13       		.uleb128 0x13
 1449 07f3 01       		.byte	0x1
 1450 07f4 24010000 		.4byte	.LASF88
 1451 07f8 01       		.byte	0x1
 1452 07f9 E5       		.byte	0xe5
 1453 07fa 01       		.byte	0x1
 1454 07fb 00000000 		.4byte	.LFB12
 1455 07ff 10000000 		.4byte	.LFE12
 1456 0803 02       		.byte	0x2
 1457 0804 7D       		.byte	0x7d
 1458 0805 00       		.sleb128 0
 1459 0806 01       		.byte	0x1
 1460 0807 26080000 		.4byte	0x826
 1461 080b 1F       		.uleb128 0x1f
 1462 080c 6E747000 		.ascii	"ntp\000"
 1463 0810 01       		.byte	0x1
 1464 0811 E5       		.byte	0xe5
 1465 0812 3D020000 		.4byte	0x23d
 1466 0816 01       		.byte	0x1
 1467 0817 50       		.byte	0x50
 1468 0818 1F       		.uleb128 0x1f
 1469 0819 6F747000 		.ascii	"otp\000"
 1470 081d 01       		.byte	0x1
 1471 081e E5       		.byte	0xe5
 1472 081f 3D020000 		.4byte	0x23d
 1473 0823 01       		.byte	0x1
 1474 0824 51       		.byte	0x51
 1475 0825 00       		.byte	0
ARM GAS  C:\Users\LAB_ME~1\AppData\Local\Temp\ccanqK4t.s 			page 27


 1476 0826 13       		.uleb128 0x13
 1477 0827 01       		.byte	0x1
 1478 0828 A9000000 		.4byte	.LASF89
 1479 082c 01       		.byte	0x1
 1480 082d FC       		.byte	0xfc
 1481 082e 01       		.byte	0x1
 1482 082f 00000000 		.4byte	.LFB13
 1483 0833 10000000 		.4byte	.LFE13
 1484 0837 02       		.byte	0x2
 1485 0838 7D       		.byte	0x7d
 1486 0839 00       		.sleb128 0
 1487 083a 01       		.byte	0x1
 1488 083b 59080000 		.4byte	0x859
 1489 083f 16       		.uleb128 0x16
 1490 0840 00000000 		.4byte	.LBB9
 1491 0844 06000000 		.4byte	.LBE9
 1492 0848 17       		.uleb128 0x17
 1493 0849 746D7000 		.ascii	"tmp\000"
 1494 084d 01       		.byte	0x1
 1495 084e FE       		.byte	0xfe
 1496 084f 70000000 		.4byte	0x70
 1497 0853 F9000000 		.4byte	.LLST9
 1498 0857 00       		.byte	0
 1499 0858 00       		.byte	0
 1500 0859 20       		.uleb128 0x20
 1501 085a 56030000 		.4byte	.LASF95
 1502 085e 08       		.byte	0x8
 1503 085f 68       		.byte	0x68
 1504 0860 B3050000 		.4byte	0x5b3
 1505 0864 01       		.byte	0x1
 1506 0865 01       		.byte	0x1
 1507 0866 21       		.uleb128 0x21
 1508 0867 01       		.byte	0x1
 1509 0868 F7000000 		.4byte	.LASF90
 1510 086c 08       		.byte	0x8
 1511 086d A1       		.byte	0xa1
 1512 086e 01       		.byte	0x1
 1513 086f 01       		.byte	0x1
 1514 0870 22       		.uleb128 0x22
 1515 0871 01       		.byte	0x1
 1516 0872 D1000000 		.4byte	.LASF96
 1517 0876 07       		.byte	0x7
 1518 0877 1E01     		.2byte	0x11e
 1519 0879 01       		.byte	0x1
 1520 087a 01       		.byte	0x1
 1521 087b 8A080000 		.4byte	0x88a
 1522 087f 23       		.uleb128 0x23
 1523 0880 70000000 		.4byte	0x70
 1524 0884 23       		.uleb128 0x23
 1525 0885 70000000 		.4byte	0x70
 1526 0889 00       		.byte	0
 1527 088a 21       		.uleb128 0x21
 1528 088b 01       		.byte	0x1
 1529 088c 15000000 		.4byte	.LASF91
 1530 0890 0A       		.byte	0xa
 1531 0891 F0       		.byte	0xf0
 1532 0892 01       		.byte	0x1
ARM GAS  C:\Users\LAB_ME~1\AppData\Local\Temp\ccanqK4t.s 			page 28


 1533 0893 01       		.byte	0x1
 1534 0894 00       		.byte	0
 1535              		.section	.debug_abbrev,"",%progbits
 1536              	.Ldebug_abbrev0:
 1537 0000 01       		.uleb128 0x1
 1538 0001 11       		.uleb128 0x11
 1539 0002 01       		.byte	0x1
 1540 0003 25       		.uleb128 0x25
 1541 0004 0E       		.uleb128 0xe
 1542 0005 13       		.uleb128 0x13
 1543 0006 0B       		.uleb128 0xb
 1544 0007 03       		.uleb128 0x3
 1545 0008 0E       		.uleb128 0xe
 1546 0009 1B       		.uleb128 0x1b
 1547 000a 0E       		.uleb128 0xe
 1548 000b 55       		.uleb128 0x55
 1549 000c 06       		.uleb128 0x6
 1550 000d 11       		.uleb128 0x11
 1551 000e 01       		.uleb128 0x1
 1552 000f 52       		.uleb128 0x52
 1553 0010 01       		.uleb128 0x1
 1554 0011 10       		.uleb128 0x10
 1555 0012 06       		.uleb128 0x6
 1556 0013 00       		.byte	0
 1557 0014 00       		.byte	0
 1558 0015 02       		.uleb128 0x2
 1559 0016 24       		.uleb128 0x24
 1560 0017 00       		.byte	0
 1561 0018 0B       		.uleb128 0xb
 1562 0019 0B       		.uleb128 0xb
 1563 001a 3E       		.uleb128 0x3e
 1564 001b 0B       		.uleb128 0xb
 1565 001c 03       		.uleb128 0x3
 1566 001d 08       		.uleb128 0x8
 1567 001e 00       		.byte	0
 1568 001f 00       		.byte	0
 1569 0020 03       		.uleb128 0x3
 1570 0021 24       		.uleb128 0x24
 1571 0022 00       		.byte	0
 1572 0023 0B       		.uleb128 0xb
 1573 0024 0B       		.uleb128 0xb
 1574 0025 3E       		.uleb128 0x3e
 1575 0026 0B       		.uleb128 0xb
 1576 0027 03       		.uleb128 0x3
 1577 0028 0E       		.uleb128 0xe
 1578 0029 00       		.byte	0
 1579 002a 00       		.byte	0
 1580 002b 04       		.uleb128 0x4
 1581 002c 16       		.uleb128 0x16
 1582 002d 00       		.byte	0
 1583 002e 03       		.uleb128 0x3
 1584 002f 0E       		.uleb128 0xe
 1585 0030 3A       		.uleb128 0x3a
 1586 0031 0B       		.uleb128 0xb
 1587 0032 3B       		.uleb128 0x3b
 1588 0033 0B       		.uleb128 0xb
 1589 0034 49       		.uleb128 0x49
ARM GAS  C:\Users\LAB_ME~1\AppData\Local\Temp\ccanqK4t.s 			page 29


 1590 0035 13       		.uleb128 0x13
 1591 0036 00       		.byte	0
 1592 0037 00       		.byte	0
 1593 0038 05       		.uleb128 0x5
 1594 0039 13       		.uleb128 0x13
 1595 003a 01       		.byte	0x1
 1596 003b 03       		.uleb128 0x3
 1597 003c 0E       		.uleb128 0xe
 1598 003d 0B       		.uleb128 0xb
 1599 003e 0B       		.uleb128 0xb
 1600 003f 3A       		.uleb128 0x3a
 1601 0040 0B       		.uleb128 0xb
 1602 0041 3B       		.uleb128 0x3b
 1603 0042 0B       		.uleb128 0xb
 1604 0043 01       		.uleb128 0x1
 1605 0044 13       		.uleb128 0x13
 1606 0045 00       		.byte	0
 1607 0046 00       		.byte	0
 1608 0047 06       		.uleb128 0x6
 1609 0048 0D       		.uleb128 0xd
 1610 0049 00       		.byte	0
 1611 004a 03       		.uleb128 0x3
 1612 004b 0E       		.uleb128 0xe
 1613 004c 3A       		.uleb128 0x3a
 1614 004d 0B       		.uleb128 0xb
 1615 004e 3B       		.uleb128 0x3b
 1616 004f 0B       		.uleb128 0xb
 1617 0050 49       		.uleb128 0x49
 1618 0051 13       		.uleb128 0x13
 1619 0052 38       		.uleb128 0x38
 1620 0053 0A       		.uleb128 0xa
 1621 0054 00       		.byte	0
 1622 0055 00       		.byte	0
 1623 0056 07       		.uleb128 0x7
 1624 0057 0D       		.uleb128 0xd
 1625 0058 00       		.byte	0
 1626 0059 03       		.uleb128 0x3
 1627 005a 08       		.uleb128 0x8
 1628 005b 3A       		.uleb128 0x3a
 1629 005c 0B       		.uleb128 0xb
 1630 005d 3B       		.uleb128 0x3b
 1631 005e 0B       		.uleb128 0xb
 1632 005f 49       		.uleb128 0x49
 1633 0060 13       		.uleb128 0x13
 1634 0061 38       		.uleb128 0x38
 1635 0062 0A       		.uleb128 0xa
 1636 0063 00       		.byte	0
 1637 0064 00       		.byte	0
 1638 0065 08       		.uleb128 0x8
 1639 0066 13       		.uleb128 0x13
 1640 0067 01       		.byte	0x1
 1641 0068 0B       		.uleb128 0xb
 1642 0069 0B       		.uleb128 0xb
 1643 006a 3A       		.uleb128 0x3a
 1644 006b 0B       		.uleb128 0xb
 1645 006c 3B       		.uleb128 0x3b
 1646 006d 0B       		.uleb128 0xb
ARM GAS  C:\Users\LAB_ME~1\AppData\Local\Temp\ccanqK4t.s 			page 30


 1647 006e 01       		.uleb128 0x1
 1648 006f 13       		.uleb128 0x13
 1649 0070 00       		.byte	0
 1650 0071 00       		.byte	0
 1651 0072 09       		.uleb128 0x9
 1652 0073 0F       		.uleb128 0xf
 1653 0074 00       		.byte	0
 1654 0075 0B       		.uleb128 0xb
 1655 0076 0B       		.uleb128 0xb
 1656 0077 49       		.uleb128 0x49
 1657 0078 13       		.uleb128 0x13
 1658 0079 00       		.byte	0
 1659 007a 00       		.byte	0
 1660 007b 0A       		.uleb128 0xa
 1661 007c 0F       		.uleb128 0xf
 1662 007d 00       		.byte	0
 1663 007e 0B       		.uleb128 0xb
 1664 007f 0B       		.uleb128 0xb
 1665 0080 00       		.byte	0
 1666 0081 00       		.byte	0
 1667 0082 0B       		.uleb128 0xb
 1668 0083 13       		.uleb128 0x13
 1669 0084 01       		.byte	0x1
 1670 0085 03       		.uleb128 0x3
 1671 0086 0E       		.uleb128 0xe
 1672 0087 0B       		.uleb128 0xb
 1673 0088 0B       		.uleb128 0xb
 1674 0089 3A       		.uleb128 0x3a
 1675 008a 0B       		.uleb128 0xb
 1676 008b 3B       		.uleb128 0x3b
 1677 008c 05       		.uleb128 0x5
 1678 008d 01       		.uleb128 0x1
 1679 008e 13       		.uleb128 0x13
 1680 008f 00       		.byte	0
 1681 0090 00       		.byte	0
 1682 0091 0C       		.uleb128 0xc
 1683 0092 0D       		.uleb128 0xd
 1684 0093 00       		.byte	0
 1685 0094 03       		.uleb128 0x3
 1686 0095 08       		.uleb128 0x8
 1687 0096 3A       		.uleb128 0x3a
 1688 0097 0B       		.uleb128 0xb
 1689 0098 3B       		.uleb128 0x3b
 1690 0099 05       		.uleb128 0x5
 1691 009a 49       		.uleb128 0x49
 1692 009b 13       		.uleb128 0x13
 1693 009c 38       		.uleb128 0x38
 1694 009d 0A       		.uleb128 0xa
 1695 009e 00       		.byte	0
 1696 009f 00       		.byte	0
 1697 00a0 0D       		.uleb128 0xd
 1698 00a1 35       		.uleb128 0x35
 1699 00a2 00       		.byte	0
 1700 00a3 49       		.uleb128 0x49
 1701 00a4 13       		.uleb128 0x13
 1702 00a5 00       		.byte	0
 1703 00a6 00       		.byte	0
ARM GAS  C:\Users\LAB_ME~1\AppData\Local\Temp\ccanqK4t.s 			page 31


 1704 00a7 0E       		.uleb128 0xe
 1705 00a8 01       		.uleb128 0x1
 1706 00a9 01       		.byte	0x1
 1707 00aa 49       		.uleb128 0x49
 1708 00ab 13       		.uleb128 0x13
 1709 00ac 01       		.uleb128 0x1
 1710 00ad 13       		.uleb128 0x13
 1711 00ae 00       		.byte	0
 1712 00af 00       		.byte	0
 1713 00b0 0F       		.uleb128 0xf
 1714 00b1 21       		.uleb128 0x21
 1715 00b2 00       		.byte	0
 1716 00b3 49       		.uleb128 0x49
 1717 00b4 13       		.uleb128 0x13
 1718 00b5 2F       		.uleb128 0x2f
 1719 00b6 0B       		.uleb128 0xb
 1720 00b7 00       		.byte	0
 1721 00b8 00       		.byte	0
 1722 00b9 10       		.uleb128 0x10
 1723 00ba 17       		.uleb128 0x17
 1724 00bb 01       		.byte	0x1
 1725 00bc 0B       		.uleb128 0xb
 1726 00bd 0B       		.uleb128 0xb
 1727 00be 3A       		.uleb128 0x3a
 1728 00bf 0B       		.uleb128 0xb
 1729 00c0 3B       		.uleb128 0x3b
 1730 00c1 0B       		.uleb128 0xb
 1731 00c2 01       		.uleb128 0x1
 1732 00c3 13       		.uleb128 0x13
 1733 00c4 00       		.byte	0
 1734 00c5 00       		.byte	0
 1735 00c6 11       		.uleb128 0x11
 1736 00c7 0D       		.uleb128 0xd
 1737 00c8 00       		.byte	0
 1738 00c9 03       		.uleb128 0x3
 1739 00ca 0E       		.uleb128 0xe
 1740 00cb 3A       		.uleb128 0x3a
 1741 00cc 0B       		.uleb128 0xb
 1742 00cd 3B       		.uleb128 0x3b
 1743 00ce 0B       		.uleb128 0xb
 1744 00cf 49       		.uleb128 0x49
 1745 00d0 13       		.uleb128 0x13
 1746 00d1 00       		.byte	0
 1747 00d2 00       		.byte	0
 1748 00d3 12       		.uleb128 0x12
 1749 00d4 26       		.uleb128 0x26
 1750 00d5 00       		.byte	0
 1751 00d6 49       		.uleb128 0x49
 1752 00d7 13       		.uleb128 0x13
 1753 00d8 00       		.byte	0
 1754 00d9 00       		.byte	0
 1755 00da 13       		.uleb128 0x13
 1756 00db 2E       		.uleb128 0x2e
 1757 00dc 01       		.byte	0x1
 1758 00dd 3F       		.uleb128 0x3f
 1759 00de 0C       		.uleb128 0xc
 1760 00df 03       		.uleb128 0x3
ARM GAS  C:\Users\LAB_ME~1\AppData\Local\Temp\ccanqK4t.s 			page 32


 1761 00e0 0E       		.uleb128 0xe
 1762 00e1 3A       		.uleb128 0x3a
 1763 00e2 0B       		.uleb128 0xb
 1764 00e3 3B       		.uleb128 0x3b
 1765 00e4 0B       		.uleb128 0xb
 1766 00e5 27       		.uleb128 0x27
 1767 00e6 0C       		.uleb128 0xc
 1768 00e7 11       		.uleb128 0x11
 1769 00e8 01       		.uleb128 0x1
 1770 00e9 12       		.uleb128 0x12
 1771 00ea 01       		.uleb128 0x1
 1772 00eb 40       		.uleb128 0x40
 1773 00ec 0A       		.uleb128 0xa
 1774 00ed 9742     		.uleb128 0x2117
 1775 00ef 0C       		.uleb128 0xc
 1776 00f0 01       		.uleb128 0x1
 1777 00f1 13       		.uleb128 0x13
 1778 00f2 00       		.byte	0
 1779 00f3 00       		.byte	0
 1780 00f4 14       		.uleb128 0x14
 1781 00f5 898201   		.uleb128 0x4109
 1782 00f8 00       		.byte	0
 1783 00f9 11       		.uleb128 0x11
 1784 00fa 01       		.uleb128 0x1
 1785 00fb 31       		.uleb128 0x31
 1786 00fc 13       		.uleb128 0x13
 1787 00fd 00       		.byte	0
 1788 00fe 00       		.byte	0
 1789 00ff 15       		.uleb128 0x15
 1790 0100 34       		.uleb128 0x34
 1791 0101 00       		.byte	0
 1792 0102 03       		.uleb128 0x3
 1793 0103 0E       		.uleb128 0xe
 1794 0104 3A       		.uleb128 0x3a
 1795 0105 0B       		.uleb128 0xb
 1796 0106 3B       		.uleb128 0x3b
 1797 0107 0B       		.uleb128 0xb
 1798 0108 49       		.uleb128 0x49
 1799 0109 13       		.uleb128 0x13
 1800 010a 02       		.uleb128 0x2
 1801 010b 06       		.uleb128 0x6
 1802 010c 00       		.byte	0
 1803 010d 00       		.byte	0
 1804 010e 16       		.uleb128 0x16
 1805 010f 0B       		.uleb128 0xb
 1806 0110 01       		.byte	0x1
 1807 0111 11       		.uleb128 0x11
 1808 0112 01       		.uleb128 0x1
 1809 0113 12       		.uleb128 0x12
 1810 0114 01       		.uleb128 0x1
 1811 0115 00       		.byte	0
 1812 0116 00       		.byte	0
 1813 0117 17       		.uleb128 0x17
 1814 0118 34       		.uleb128 0x34
 1815 0119 00       		.byte	0
 1816 011a 03       		.uleb128 0x3
 1817 011b 08       		.uleb128 0x8
ARM GAS  C:\Users\LAB_ME~1\AppData\Local\Temp\ccanqK4t.s 			page 33


 1818 011c 3A       		.uleb128 0x3a
 1819 011d 0B       		.uleb128 0xb
 1820 011e 3B       		.uleb128 0x3b
 1821 011f 0B       		.uleb128 0xb
 1822 0120 49       		.uleb128 0x49
 1823 0121 13       		.uleb128 0x13
 1824 0122 02       		.uleb128 0x2
 1825 0123 06       		.uleb128 0x6
 1826 0124 00       		.byte	0
 1827 0125 00       		.byte	0
 1828 0126 18       		.uleb128 0x18
 1829 0127 2E       		.uleb128 0x2e
 1830 0128 01       		.byte	0x1
 1831 0129 3F       		.uleb128 0x3f
 1832 012a 0C       		.uleb128 0xc
 1833 012b 03       		.uleb128 0x3
 1834 012c 0E       		.uleb128 0xe
 1835 012d 3A       		.uleb128 0x3a
 1836 012e 0B       		.uleb128 0xb
 1837 012f 3B       		.uleb128 0x3b
 1838 0130 0B       		.uleb128 0xb
 1839 0131 27       		.uleb128 0x27
 1840 0132 0C       		.uleb128 0xc
 1841 0133 11       		.uleb128 0x11
 1842 0134 01       		.uleb128 0x1
 1843 0135 12       		.uleb128 0x12
 1844 0136 01       		.uleb128 0x1
 1845 0137 40       		.uleb128 0x40
 1846 0138 06       		.uleb128 0x6
 1847 0139 9742     		.uleb128 0x2117
 1848 013b 0C       		.uleb128 0xc
 1849 013c 01       		.uleb128 0x1
 1850 013d 13       		.uleb128 0x13
 1851 013e 00       		.byte	0
 1852 013f 00       		.byte	0
 1853 0140 19       		.uleb128 0x19
 1854 0141 898201   		.uleb128 0x4109
 1855 0144 01       		.byte	0x1
 1856 0145 11       		.uleb128 0x11
 1857 0146 01       		.uleb128 0x1
 1858 0147 31       		.uleb128 0x31
 1859 0148 13       		.uleb128 0x13
 1860 0149 01       		.uleb128 0x1
 1861 014a 13       		.uleb128 0x13
 1862 014b 00       		.byte	0
 1863 014c 00       		.byte	0
 1864 014d 1A       		.uleb128 0x1a
 1865 014e 8A8201   		.uleb128 0x410a
 1866 0151 00       		.byte	0
 1867 0152 02       		.uleb128 0x2
 1868 0153 0A       		.uleb128 0xa
 1869 0154 9142     		.uleb128 0x2111
 1870 0156 0A       		.uleb128 0xa
 1871 0157 00       		.byte	0
 1872 0158 00       		.byte	0
 1873 0159 1B       		.uleb128 0x1b
 1874 015a 898201   		.uleb128 0x4109
ARM GAS  C:\Users\LAB_ME~1\AppData\Local\Temp\ccanqK4t.s 			page 34


 1875 015d 01       		.byte	0x1
 1876 015e 11       		.uleb128 0x11
 1877 015f 01       		.uleb128 0x1
 1878 0160 9542     		.uleb128 0x2115
 1879 0162 0C       		.uleb128 0xc
 1880 0163 31       		.uleb128 0x31
 1881 0164 13       		.uleb128 0x13
 1882 0165 00       		.byte	0
 1883 0166 00       		.byte	0
 1884 0167 1C       		.uleb128 0x1c
 1885 0168 0B       		.uleb128 0xb
 1886 0169 01       		.byte	0x1
 1887 016a 11       		.uleb128 0x11
 1888 016b 01       		.uleb128 0x1
 1889 016c 12       		.uleb128 0x12
 1890 016d 01       		.uleb128 0x1
 1891 016e 01       		.uleb128 0x1
 1892 016f 13       		.uleb128 0x13
 1893 0170 00       		.byte	0
 1894 0171 00       		.byte	0
 1895 0172 1D       		.uleb128 0x1d
 1896 0173 0B       		.uleb128 0xb
 1897 0174 01       		.byte	0x1
 1898 0175 55       		.uleb128 0x55
 1899 0176 06       		.uleb128 0x6
 1900 0177 01       		.uleb128 0x1
 1901 0178 13       		.uleb128 0x13
 1902 0179 00       		.byte	0
 1903 017a 00       		.byte	0
 1904 017b 1E       		.uleb128 0x1e
 1905 017c 898201   		.uleb128 0x4109
 1906 017f 00       		.byte	0
 1907 0180 11       		.uleb128 0x11
 1908 0181 01       		.uleb128 0x1
 1909 0182 9542     		.uleb128 0x2115
 1910 0184 0C       		.uleb128 0xc
 1911 0185 31       		.uleb128 0x31
 1912 0186 13       		.uleb128 0x13
 1913 0187 00       		.byte	0
 1914 0188 00       		.byte	0
 1915 0189 1F       		.uleb128 0x1f
 1916 018a 05       		.uleb128 0x5
 1917 018b 00       		.byte	0
 1918 018c 03       		.uleb128 0x3
 1919 018d 08       		.uleb128 0x8
 1920 018e 3A       		.uleb128 0x3a
 1921 018f 0B       		.uleb128 0xb
 1922 0190 3B       		.uleb128 0x3b
 1923 0191 0B       		.uleb128 0xb
 1924 0192 49       		.uleb128 0x49
 1925 0193 13       		.uleb128 0x13
 1926 0194 02       		.uleb128 0x2
 1927 0195 0A       		.uleb128 0xa
 1928 0196 00       		.byte	0
 1929 0197 00       		.byte	0
 1930 0198 20       		.uleb128 0x20
 1931 0199 34       		.uleb128 0x34
ARM GAS  C:\Users\LAB_ME~1\AppData\Local\Temp\ccanqK4t.s 			page 35


 1932 019a 00       		.byte	0
 1933 019b 03       		.uleb128 0x3
 1934 019c 0E       		.uleb128 0xe
 1935 019d 3A       		.uleb128 0x3a
 1936 019e 0B       		.uleb128 0xb
 1937 019f 3B       		.uleb128 0x3b
 1938 01a0 0B       		.uleb128 0xb
 1939 01a1 49       		.uleb128 0x49
 1940 01a2 13       		.uleb128 0x13
 1941 01a3 3F       		.uleb128 0x3f
 1942 01a4 0C       		.uleb128 0xc
 1943 01a5 3C       		.uleb128 0x3c
 1944 01a6 0C       		.uleb128 0xc
 1945 01a7 00       		.byte	0
 1946 01a8 00       		.byte	0
 1947 01a9 21       		.uleb128 0x21
 1948 01aa 2E       		.uleb128 0x2e
 1949 01ab 00       		.byte	0
 1950 01ac 3F       		.uleb128 0x3f
 1951 01ad 0C       		.uleb128 0xc
 1952 01ae 03       		.uleb128 0x3
 1953 01af 0E       		.uleb128 0xe
 1954 01b0 3A       		.uleb128 0x3a
 1955 01b1 0B       		.uleb128 0xb
 1956 01b2 3B       		.uleb128 0x3b
 1957 01b3 0B       		.uleb128 0xb
 1958 01b4 27       		.uleb128 0x27
 1959 01b5 0C       		.uleb128 0xc
 1960 01b6 3C       		.uleb128 0x3c
 1961 01b7 0C       		.uleb128 0xc
 1962 01b8 00       		.byte	0
 1963 01b9 00       		.byte	0
 1964 01ba 22       		.uleb128 0x22
 1965 01bb 2E       		.uleb128 0x2e
 1966 01bc 01       		.byte	0x1
 1967 01bd 3F       		.uleb128 0x3f
 1968 01be 0C       		.uleb128 0xc
 1969 01bf 03       		.uleb128 0x3
 1970 01c0 0E       		.uleb128 0xe
 1971 01c1 3A       		.uleb128 0x3a
 1972 01c2 0B       		.uleb128 0xb
 1973 01c3 3B       		.uleb128 0x3b
 1974 01c4 05       		.uleb128 0x5
 1975 01c5 27       		.uleb128 0x27
 1976 01c6 0C       		.uleb128 0xc
 1977 01c7 3C       		.uleb128 0x3c
 1978 01c8 0C       		.uleb128 0xc
 1979 01c9 01       		.uleb128 0x1
 1980 01ca 13       		.uleb128 0x13
 1981 01cb 00       		.byte	0
 1982 01cc 00       		.byte	0
 1983 01cd 23       		.uleb128 0x23
 1984 01ce 05       		.uleb128 0x5
 1985 01cf 00       		.byte	0
 1986 01d0 49       		.uleb128 0x49
 1987 01d1 13       		.uleb128 0x13
 1988 01d2 00       		.byte	0
ARM GAS  C:\Users\LAB_ME~1\AppData\Local\Temp\ccanqK4t.s 			page 36


 1989 01d3 00       		.byte	0
 1990 01d4 00       		.byte	0
 1991              		.section	.debug_loc,"",%progbits
 1992              	.Ldebug_loc0:
 1993              	.LLST0:
 1994 0000 04000000 		.4byte	.LVL1
 1995 0004 06000000 		.4byte	.LVL2
 1996 0008 0300     		.2byte	0x3
 1997 000a 73       		.byte	0x73
 1998 000b 20       		.sleb128 32
 1999 000c 9F       		.byte	0x9f
 2000 000d 06000000 		.4byte	.LVL2
 2001 0011 0C000000 		.4byte	.LVL3
 2002 0015 0100     		.2byte	0x1
 2003 0017 53       		.byte	0x53
 2004 0018 00000000 		.4byte	0
 2005 001c 00000000 		.4byte	0
 2006              	.LLST1:
 2007 0020 10000000 		.4byte	.LVL4
 2008 0024 12000000 		.4byte	.LFE8
 2009 0028 0100     		.2byte	0x1
 2010 002a 53       		.byte	0x53
 2011 002b 00000000 		.4byte	0
 2012 002f 00000000 		.4byte	0
 2013              	.LLST2:
 2014 0033 00000000 		.4byte	.LFB9
 2015 0037 02000000 		.4byte	.LCFI0
 2016 003b 0200     		.2byte	0x2
 2017 003d 7D       		.byte	0x7d
 2018 003e 00       		.sleb128 0
 2019 003f 02000000 		.4byte	.LCFI0
 2020 0043 34000000 		.4byte	.LFE9
 2021 0047 0200     		.2byte	0x2
 2022 0049 7D       		.byte	0x7d
 2023 004a 08       		.sleb128 8
 2024 004b 00000000 		.4byte	0
 2025 004f 00000000 		.4byte	0
 2026              	.LLST3:
 2027 0053 06000000 		.4byte	.LVL9
 2028 0057 08000000 		.4byte	.LVL10
 2029 005b 0100     		.2byte	0x1
 2030 005d 53       		.byte	0x53
 2031 005e 00000000 		.4byte	0
 2032 0062 00000000 		.4byte	0
 2033              	.LLST4:
 2034 0066 14000000 		.4byte	.LVL11
 2035 006a 18000000 		.4byte	.LVL12
 2036 006e 0300     		.2byte	0x3
 2037 0070 73       		.byte	0x73
 2038 0071 60       		.sleb128 -32
 2039 0072 9F       		.byte	0x9f
 2040 0073 18000000 		.4byte	.LVL12
 2041 0077 24000000 		.4byte	.LVL13
 2042 007b 0100     		.2byte	0x1
 2043 007d 52       		.byte	0x52
 2044 007e 24000000 		.4byte	.LVL13
 2045 0082 44000000 		.4byte	.LVL14
ARM GAS  C:\Users\LAB_ME~1\AppData\Local\Temp\ccanqK4t.s 			page 37


 2046 0086 0300     		.2byte	0x3
 2047 0088 73       		.byte	0x73
 2048 0089 60       		.sleb128 -32
 2049 008a 9F       		.byte	0x9f
 2050 008b 4A000000 		.4byte	.LVL16
 2051 008f 70000000 		.4byte	.LFE10
 2052 0093 0300     		.2byte	0x3
 2053 0095 73       		.byte	0x73
 2054 0096 60       		.sleb128 -32
 2055 0097 9F       		.byte	0x9f
 2056 0098 00000000 		.4byte	0
 2057 009c 00000000 		.4byte	0
 2058              	.LLST5:
 2059 00a0 48000000 		.4byte	.LVL15
 2060 00a4 4A000000 		.4byte	.LVL16
 2061 00a8 0100     		.2byte	0x1
 2062 00aa 53       		.byte	0x53
 2063 00ab 00000000 		.4byte	0
 2064 00af 00000000 		.4byte	0
 2065              	.LLST6:
 2066 00b3 00000000 		.4byte	.LFB7
 2067 00b7 02000000 		.4byte	.LCFI1
 2068 00bb 0200     		.2byte	0x2
 2069 00bd 7D       		.byte	0x7d
 2070 00be 00       		.sleb128 0
 2071 00bf 02000000 		.4byte	.LCFI1
 2072 00c3 1A000000 		.4byte	.LFE7
 2073 00c7 0200     		.2byte	0x2
 2074 00c9 7D       		.byte	0x7d
 2075 00ca 08       		.sleb128 8
 2076 00cb 00000000 		.4byte	0
 2077 00cf 00000000 		.4byte	0
 2078              	.LLST7:
 2079 00d3 08000000 		.4byte	.LVL18
 2080 00d7 0B000000 		.4byte	.LVL19-1
 2081 00db 0100     		.2byte	0x1
 2082 00dd 53       		.byte	0x53
 2083 00de 00000000 		.4byte	0
 2084 00e2 00000000 		.4byte	0
 2085              	.LLST8:
 2086 00e6 12000000 		.4byte	.LVL21
 2087 00ea 19000000 		.4byte	.LVL22-1
 2088 00ee 0100     		.2byte	0x1
 2089 00f0 53       		.byte	0x53
 2090 00f1 00000000 		.4byte	0
 2091 00f5 00000000 		.4byte	0
 2092              	.LLST9:
 2093 00f9 06000000 		.4byte	.LVL25
 2094 00fd 10000000 		.4byte	.LFE13
 2095 0101 0100     		.2byte	0x1
 2096 0103 53       		.byte	0x53
 2097 0104 00000000 		.4byte	0
 2098 0108 00000000 		.4byte	0
 2099              		.section	.debug_aranges,"",%progbits
 2100 0000 4C000000 		.4byte	0x4c
 2101 0004 0200     		.2byte	0x2
 2102 0006 00000000 		.4byte	.Ldebug_info0
ARM GAS  C:\Users\LAB_ME~1\AppData\Local\Temp\ccanqK4t.s 			page 38


 2103 000a 04       		.byte	0x4
 2104 000b 00       		.byte	0
 2105 000c 0000     		.2byte	0
 2106 000e 0000     		.2byte	0
 2107 0010 00000000 		.4byte	.LFB11
 2108 0014 06000000 		.4byte	.LFE11-.LFB11
 2109 0018 00000000 		.4byte	.LFB8
 2110 001c 12000000 		.4byte	.LFE8-.LFB8
 2111 0020 00000000 		.4byte	.LFB9
 2112 0024 34000000 		.4byte	.LFE9-.LFB9
 2113 0028 00000000 		.4byte	.LFB10
 2114 002c 70000000 		.4byte	.LFE10-.LFB10
 2115 0030 00000000 		.4byte	.LFB7
 2116 0034 1A000000 		.4byte	.LFE7-.LFB7
 2117 0038 00000000 		.4byte	.LFB12
 2118 003c 10000000 		.4byte	.LFE12-.LFB12
 2119 0040 00000000 		.4byte	.LFB13
 2120 0044 10000000 		.4byte	.LFE13-.LFB13
 2121 0048 00000000 		.4byte	0
 2122 004c 00000000 		.4byte	0
 2123              		.section	.debug_ranges,"",%progbits
 2124              	.Ldebug_ranges0:
 2125 0000 10000000 		.4byte	.LBB4
 2126 0004 44000000 		.4byte	.LBE4
 2127 0008 4A000000 		.4byte	.LBB6
 2128 000c 70000000 		.4byte	.LBE6
 2129 0010 00000000 		.4byte	0
 2130 0014 00000000 		.4byte	0
 2131 0018 00000000 		.4byte	.LFB11
 2132 001c 06000000 		.4byte	.LFE11
 2133 0020 00000000 		.4byte	.LFB8
 2134 0024 12000000 		.4byte	.LFE8
 2135 0028 00000000 		.4byte	.LFB9
 2136 002c 34000000 		.4byte	.LFE9
 2137 0030 00000000 		.4byte	.LFB10
 2138 0034 70000000 		.4byte	.LFE10
 2139 0038 00000000 		.4byte	.LFB7
 2140 003c 1A000000 		.4byte	.LFE7
 2141 0040 00000000 		.4byte	.LFB12
 2142 0044 10000000 		.4byte	.LFE12
 2143 0048 00000000 		.4byte	.LFB13
 2144 004c 10000000 		.4byte	.LFE13
 2145 0050 00000000 		.4byte	0
 2146 0054 00000000 		.4byte	0
 2147              		.section	.debug_line,"",%progbits
 2148              	.Ldebug_line0:
 2149 0000 24020000 		.section	.debug_str,"MS",%progbits,1
 2149      02007101 
 2149      00000201 
 2149      FB0E0D00 
 2149      01010101 
 2150              	.LASF35:
 2151 0000 705F6D73 		.ascii	"p_msg\000"
 2151      6700
 2152              	.LASF77:
 2153 0006 7264796D 		.ascii	"rdymsg\000"
 2153      736700
ARM GAS  C:\Users\LAB_ME~1\AppData\Local\Temp\ccanqK4t.s 			page 39


 2154              	.LASF65:
 2155 000d 434D785F 		.ascii	"CMx_SCB\000"
 2155      53434200 
 2156              	.LASF91:
 2157 0015 63685379 		.ascii	"chSysTimerHandlerI\000"
 2157      7354696D 
 2157      65724861 
 2157      6E646C65 
 2157      724900
 2158              	.LASF87:
 2159 0028 53797354 		.ascii	"SysTickVector\000"
 2159      69636B56 
 2159      6563746F 
 2159      7200
 2160              	.LASF11:
 2161 0036 6C6F6E67 		.ascii	"long long unsigned int\000"
 2161      206C6F6E 
 2161      6720756E 
 2161      7369676E 
 2161      65642069 
 2162              	.LASF78:
 2163 004d 65786974 		.ascii	"exitcode\000"
 2163      636F6465 
 2163      00
 2164              	.LASF50:
 2165 0056 43505549 		.ascii	"CPUID\000"
 2165      4400
 2166              	.LASF23:
 2167 005c 705F7072 		.ascii	"p_prio\000"
 2167      696F00
 2168              	.LASF10:
 2169 0063 6C6F6E67 		.ascii	"long long int\000"
 2169      206C6F6E 
 2169      6720696E 
 2169      7400
 2170              	.LASF1:
 2171 0071 7369676E 		.ascii	"signed char\000"
 2171      65642063 
 2171      68617200 
 2172              	.LASF39:
 2173 007d 705F6D70 		.ascii	"p_mpool\000"
 2173      6F6F6C00 
 2174              	.LASF74:
 2175 0085 6D5F7175 		.ascii	"m_queue\000"
 2175      65756500 
 2176              	.LASF15:
 2177 008d 74736C69 		.ascii	"tslices_t\000"
 2177      6365735F 
 2177      7400
 2178              	.LASF7:
 2179 0097 6C6F6E67 		.ascii	"long int\000"
 2179      20696E74 
 2179      00
 2180              	.LASF13:
 2181 00a0 74737461 		.ascii	"tstate_t\000"
 2181      74655F74 
 2181      00
ARM GAS  C:\Users\LAB_ME~1\AppData\Local\Temp\ccanqK4t.s 			page 40


 2182              	.LASF89:
 2183 00a9 5F706F72 		.ascii	"_port_thread_start\000"
 2183      745F7468 
 2183      72656164 
 2183      5F737461 
 2183      727400
 2184              	.LASF25:
 2185 00bc 705F6E65 		.ascii	"p_newer\000"
 2185      77657200 
 2186              	.LASF60:
 2187 00c4 42464152 		.ascii	"BFAR\000"
 2187      00
 2188              	.LASF69:
 2189 00c9 725F6E65 		.ascii	"r_newer\000"
 2189      77657200 
 2190              	.LASF96:
 2191 00d1 6E766963 		.ascii	"nvicSetSystemHandlerPriority\000"
 2191      53657453 
 2191      79737465 
 2191      6D48616E 
 2191      646C6572 
 2192              	.LASF42:
 2193 00ee 72656761 		.ascii	"regarm_t\000"
 2193      726D5F74 
 2193      00
 2194              	.LASF90:
 2195 00f7 63685363 		.ascii	"chSchDoReschedule\000"
 2195      68446F52 
 2195      65736368 
 2195      6564756C 
 2195      6500
 2196              	.LASF0:
 2197 0109 756E7369 		.ascii	"unsigned int\000"
 2197      676E6564 
 2197      20696E74 
 2197      00
 2198              	.LASF44:
 2199 0116 6C725F74 		.ascii	"lr_thd\000"
 2199      686400
 2200              	.LASF43:
 2201 011d 65787463 		.ascii	"extctx\000"
 2201      747800
 2202              	.LASF88:
 2203 0124 5F706F72 		.ascii	"_port_switch\000"
 2203      745F7377 
 2203      69746368 
 2203      00
 2204              	.LASF9:
 2205 0131 6C6F6E67 		.ascii	"long unsigned int\000"
 2205      20756E73 
 2205      69676E65 
 2205      6420696E 
 2205      7400
 2206              	.LASF52:
 2207 0143 56544F52 		.ascii	"VTOR\000"
 2207      00
 2208              	.LASF82:
ARM GAS  C:\Users\LAB_ME~1\AppData\Local\Temp\ccanqK4t.s 			page 41


 2209 0148 5F706F72 		.ascii	"_port_switch_from_isr\000"
 2209      745F7377 
 2209      69746368 
 2209      5F66726F 
 2209      6D5F6973 
 2210              	.LASF47:
 2211 015e 636F6E74 		.ascii	"context\000"
 2211      65787400 
 2212              	.LASF4:
 2213 0166 73686F72 		.ascii	"short unsigned int\000"
 2213      7420756E 
 2213      7369676E 
 2213      65642069 
 2213      6E7400
 2214              	.LASF51:
 2215 0179 49435352 		.ascii	"ICSR\000"
 2215      00
 2216              	.LASF17:
 2217 017e 6D73675F 		.ascii	"msg_t\000"
 2217      7400
 2218              	.LASF53:
 2219 0184 41495243 		.ascii	"AIRCR\000"
 2219      5200
 2220              	.LASF58:
 2221 018a 44465352 		.ascii	"DFSR\000"
 2221      00
 2222              	.LASF59:
 2223 018f 4D4D4641 		.ascii	"MMFAR\000"
 2223      5200
 2224              	.LASF86:
 2225 0195 5F706F72 		.ascii	"_port_irq_epilogue\000"
 2225      745F6972 
 2225      715F6570 
 2225      696C6F67 
 2225      756500
 2226              	.LASF12:
 2227 01a8 746D6F64 		.ascii	"tmode_t\000"
 2227      655F7400 
 2228              	.LASF41:
 2229 01b0 54687265 		.ascii	"ThreadsList\000"
 2229      6164734C 
 2229      69737400 
 2230              	.LASF18:
 2231 01bc 6576656E 		.ascii	"eventmask_t\000"
 2231      746D6173 
 2231      6B5F7400 
 2232              	.LASF73:
 2233 01c8 4D757465 		.ascii	"Mutex\000"
 2233      7800
 2234              	.LASF49:
 2235 01ce 73697A65 		.ascii	"sizetype\000"
 2235      74797065 
 2235      00
 2236              	.LASF56:
 2237 01d7 43465352 		.ascii	"CFSR\000"
 2237      00
 2238              	.LASF26:
ARM GAS  C:\Users\LAB_ME~1\AppData\Local\Temp\ccanqK4t.s 			page 42


 2239 01dc 705F6F6C 		.ascii	"p_older\000"
 2239      64657200 
 2240              	.LASF68:
 2241 01e4 725F6374 		.ascii	"r_ctx\000"
 2241      7800
 2242              	.LASF40:
 2243 01ea 54687265 		.ascii	"ThreadsQueue\000"
 2243      61647351 
 2243      75657565 
 2243      00
 2244              	.LASF92:
 2245 01f7 474E5520 		.ascii	"GNU C 4.7.2\000"
 2245      4320342E 
 2245      372E3200 
 2246              	.LASF71:
 2247 0203 725F6375 		.ascii	"r_current\000"
 2247      7272656E 
 2247      7400
 2248              	.LASF70:
 2249 020d 725F6F6C 		.ascii	"r_older\000"
 2249      64657200 
 2250              	.LASF14:
 2251 0215 74726566 		.ascii	"trefs_t\000"
 2251      735F7400 
 2252              	.LASF84:
 2253 021d 63747870 		.ascii	"ctxp\000"
 2253      00
 2254              	.LASF22:
 2255 0222 705F7072 		.ascii	"p_prev\000"
 2255      657600
 2256              	.LASF16:
 2257 0229 74707269 		.ascii	"tprio_t\000"
 2257      6F5F7400 
 2258              	.LASF6:
 2259 0231 696E7433 		.ascii	"int32_t\000"
 2259      325F7400 
 2260              	.LASF2:
 2261 0239 756E7369 		.ascii	"unsigned char\000"
 2261      676E6564 
 2261      20636861 
 2261      7200
 2262              	.LASF55:
 2263 0247 53484353 		.ascii	"SHCSR\000"
 2263      5200
 2264              	.LASF37:
 2265 024d 705F6D74 		.ascii	"p_mtxlist\000"
 2265      786C6973 
 2265      7400
 2266              	.LASF3:
 2267 0257 73686F72 		.ascii	"short int\000"
 2267      7420696E 
 2267      7400
 2268              	.LASF28:
 2269 0261 705F7374 		.ascii	"p_state\000"
 2269      61746500 
 2270              	.LASF31:
 2271 0269 705F7072 		.ascii	"p_preempt\000"
ARM GAS  C:\Users\LAB_ME~1\AppData\Local\Temp\ccanqK4t.s 			page 43


 2271      65656D70 
 2271      7400
 2272              	.LASF45:
 2273 0273 78707372 		.ascii	"xpsr\000"
 2273      00
 2274              	.LASF67:
 2275 0278 725F7072 		.ascii	"r_prio\000"
 2275      696F00
 2276              	.LASF80:
 2277 027f 65776D61 		.ascii	"ewmask\000"
 2277      736B00
 2278              	.LASF21:
 2279 0286 705F6E65 		.ascii	"p_next\000"
 2279      787400
 2280              	.LASF29:
 2281 028d 705F666C 		.ascii	"p_flags\000"
 2281      61677300 
 2282              	.LASF20:
 2283 0295 54687265 		.ascii	"Thread\000"
 2283      616400
 2284              	.LASF36:
 2285 029c 705F6570 		.ascii	"p_epending\000"
 2285      656E6469 
 2285      6E6700
 2286              	.LASF8:
 2287 02a7 75696E74 		.ascii	"uint32_t\000"
 2287      33325F74 
 2287      00
 2288              	.LASF66:
 2289 02b0 725F7175 		.ascii	"r_queue\000"
 2289      65756500 
 2290              	.LASF61:
 2291 02b8 41465352 		.ascii	"AFSR\000"
 2291      00
 2292              	.LASF63:
 2293 02bd 756E7573 		.ascii	"unused1\000"
 2293      65643100 
 2294              	.LASF81:
 2295 02c5 63686172 		.ascii	"char\000"
 2295      00
 2296              	.LASF48:
 2297 02ca 494F5245 		.ascii	"IOREG32\000"
 2297      47333200 
 2298              	.LASF93:
 2299 02d2 2E2E2F2E 		.ascii	"../../os/ports/GCC/ARMCMx/chcore_v7m.c\000"
 2299      2E2F6F73 
 2299      2F706F72 
 2299      74732F47 
 2299      43432F41 
 2300              	.LASF76:
 2301 02f9 6D5F6E65 		.ascii	"m_next\000"
 2301      787400
 2302              	.LASF19:
 2303 0300 73797374 		.ascii	"systime_t\000"
 2303      696D655F 
 2303      7400
 2304              	.LASF38:
ARM GAS  C:\Users\LAB_ME~1\AppData\Local\Temp\ccanqK4t.s 			page 44


 2305 030a 705F7265 		.ascii	"p_realprio\000"
 2305      616C7072 
 2305      696F00
 2306              	.LASF83:
 2307 0315 53564361 		.ascii	"SVCallVector\000"
 2307      6C6C5665 
 2307      63746F72 
 2307      00
 2308              	.LASF32:
 2309 0322 705F7469 		.ascii	"p_time\000"
 2309      6D6500
 2310              	.LASF54:
 2311 0329 53485052 		.ascii	"SHPR\000"
 2311      00
 2312              	.LASF46:
 2313 032e 696E7463 		.ascii	"intctx\000"
 2313      747800
 2314              	.LASF34:
 2315 0335 705F6D73 		.ascii	"p_msgqueue\000"
 2315      67717565 
 2315      756500
 2316              	.LASF30:
 2317 0340 705F7265 		.ascii	"p_refs\000"
 2317      667300
 2318              	.LASF72:
 2319 0347 52656164 		.ascii	"ReadyList\000"
 2319      794C6973 
 2319      7400
 2320              	.LASF62:
 2321 0351 4D4D4652 		.ascii	"MMFR\000"
 2321      00
 2322              	.LASF95:
 2323 0356 726C6973 		.ascii	"rlist\000"
 2323      7400
 2324              	.LASF5:
 2325 035c 75696E74 		.ascii	"uint8_t\000"
 2325      385F7400 
 2326              	.LASF85:
 2327 0364 5F706F72 		.ascii	"_port_init\000"
 2327      745F696E 
 2327      697400
 2328              	.LASF79:
 2329 036f 77746F62 		.ascii	"wtobjp\000"
 2329      6A7000
 2330              	.LASF27:
 2331 0376 705F6E61 		.ascii	"p_name\000"
 2331      6D6500
 2332              	.LASF64:
 2333 037d 43504143 		.ascii	"CPACR\000"
 2333      5200
 2334              	.LASF57:
 2335 0383 48465352 		.ascii	"HFSR\000"
 2335      00
 2336              	.LASF75:
 2337 0388 6D5F6F77 		.ascii	"m_owner\000"
 2337      6E657200 
 2338              	.LASF94:
ARM GAS  C:\Users\LAB_ME~1\AppData\Local\Temp\ccanqK4t.s 			page 45


 2339 0390 433A5C43 		.ascii	"C:\\Chibios\\demos\\FirmwareV2\000"
 2339      68696269 
 2339      6F735C64 
 2339      656D6F73 
 2339      5C466972 
 2340              	.LASF24:
 2341 03ac 705F6374 		.ascii	"p_ctx\000"
 2341      7800
 2342              	.LASF33:
 2343 03b2 705F7761 		.ascii	"p_waiting\000"
 2343      6974696E 
 2343      6700
 2344              		.ident	"GCC: (Sourcery CodeBench Lite 2012.09-63) 4.7.2"
ARM GAS  C:\Users\LAB_ME~1\AppData\Local\Temp\ccanqK4t.s 			page 46


DEFINED SYMBOLS
                            *ABS*:00000000 chcore_v7m.c
C:\Users\LAB_ME~1\AppData\Local\Temp\ccanqK4t.s:19     .text._port_switch_from_isr:00000000 $t
C:\Users\LAB_ME~1\AppData\Local\Temp\ccanqK4t.s:25     .text._port_switch_from_isr:00000000 _port_switch_from_isr
C:\Users\LAB_ME~1\AppData\Local\Temp\ccanqK4t.s:38     .text._port_switch_from_isr:00000004 _port_exit_from_isr
C:\Users\LAB_ME~1\AppData\Local\Temp\ccanqK4t.s:50     .text.SVCallVector:00000000 $t
C:\Users\LAB_ME~1\AppData\Local\Temp\ccanqK4t.s:56     .text.SVCallVector:00000000 SVCallVector
C:\Users\LAB_ME~1\AppData\Local\Temp\ccanqK4t.s:92     .text._port_init:00000000 $t
C:\Users\LAB_ME~1\AppData\Local\Temp\ccanqK4t.s:98     .text._port_init:00000000 _port_init
C:\Users\LAB_ME~1\AppData\Local\Temp\ccanqK4t.s:139    .text._port_init:0000002c $d
C:\Users\LAB_ME~1\AppData\Local\Temp\ccanqK4t.s:145    .text._port_irq_epilogue:00000000 $t
C:\Users\LAB_ME~1\AppData\Local\Temp\ccanqK4t.s:151    .text._port_irq_epilogue:00000000 _port_irq_epilogue
C:\Users\LAB_ME~1\AppData\Local\Temp\ccanqK4t.s:245    .text._port_irq_epilogue:00000060 $d
C:\Users\LAB_ME~1\AppData\Local\Temp\ccanqK4t.s:254    .text.SysTickVector:00000000 $t
C:\Users\LAB_ME~1\AppData\Local\Temp\ccanqK4t.s:260    .text.SysTickVector:00000000 SysTickVector
C:\Users\LAB_ME~1\AppData\Local\Temp\ccanqK4t.s:303    .text._port_switch:00000000 $t
C:\Users\LAB_ME~1\AppData\Local\Temp\ccanqK4t.s:309    .text._port_switch:00000000 _port_switch
C:\Users\LAB_ME~1\AppData\Local\Temp\ccanqK4t.s:336    .text._port_thread_start:00000000 $t
C:\Users\LAB_ME~1\AppData\Local\Temp\ccanqK4t.s:342    .text._port_thread_start:00000000 _port_thread_start
                     .debug_frame:00000010 $d
C:\Users\LAB_ME~1\AppData\Local\Temp\ccanqK4t.s:144    .text._port_init:00000034 $t

UNDEFINED SYMBOLS
chSchDoReschedule
nvicSetSystemHandlerPriority
rlist
chSysTimerHandlerI
chThdExit
