ARM GAS  C:\Users\LAB_ME~1\AppData\Local\Temp\ccyCO8eO.s 			page 1


   1              		.syntax unified
   2              		.cpu cortex-m4
   3              		.fpu softvfp
   4              		.eabi_attribute 20, 1
   5              		.eabi_attribute 21, 1
   6              		.eabi_attribute 23, 3
   7              		.eabi_attribute 24, 1
   8              		.eabi_attribute 25, 1
   9              		.eabi_attribute 26, 1
  10              		.eabi_attribute 30, 2
  11              		.eabi_attribute 34, 1
  12              		.eabi_attribute 18, 4
  13              		.thumb
  14              		.file	"chheap.c"
  15              		.text
  16              	.Ltext0:
  17              		.cfi_sections	.debug_frame
  18              		.section	.text._heap_init,"ax",%progbits
  19              		.align	2
  20              		.p2align 4,,15
  21              		.global	_heap_init
  22              		.thumb
  23              		.thumb_func
  24              		.type	_heap_init, %function
  25              	_heap_init:
  26              	.LFB7:
  27              		.file 1 "../../os/kernel/src/chheap.c"
  28              		.loc 1 68 0
  29              		.cfi_startproc
  30              		@ args = 0, pretend = 0, frame = 0
  31              		@ frame_needed = 0, uses_anonymous_args = 0
  32              		@ link register save eliminated.
  33              		.loc 1 69 0
  34 0000 044B     		ldr	r3, .L2
  35 0002 0549     		ldr	r1, .L2+4
  36              		.loc 1 70 0
  37 0004 0022     		movs	r2, #0
  38              		.loc 1 73 0
  39 0006 03F11000 		add	r0, r3, #16
  40              		.loc 1 69 0
  41 000a 1960     		str	r1, [r3, #0]
  42              		.loc 1 70 0
  43 000c 9A60     		str	r2, [r3, #8]
  44              		.loc 1 71 0
  45 000e DA60     		str	r2, [r3, #12]
  46              		.loc 1 77 0
  47              		.loc 1 73 0
  48 0010 FFF7FEBF 		b	chMtxInit
  49              	.LVL0:
  50              	.L3:
  51              		.align	2
  52              	.L2:
  53 0014 00000000 		.word	.LANCHOR0
  54 0018 00000000 		.word	chCoreAlloc
  55              		.cfi_endproc
  56              	.LFE7:
  57              		.size	_heap_init, .-_heap_init
ARM GAS  C:\Users\LAB_ME~1\AppData\Local\Temp\ccyCO8eO.s 			page 2


  58 001c AFF30080 		.section	.text.chHeapInit,"ax",%progbits
  59              		.align	2
  60              		.p2align 4,,15
  61              		.global	chHeapInit
  62              		.thumb
  63              		.thumb_func
  64              		.type	chHeapInit, %function
  65              	chHeapInit:
  66              	.LFB8:
  67              		.loc 1 92 0
  68              		.cfi_startproc
  69              		@ args = 0, pretend = 0, frame = 0
  70              		@ frame_needed = 0, uses_anonymous_args = 0
  71              		@ link register save eliminated.
  72              	.LVL1:
  73              		.loc 1 97 0
  74 0000 0023     		movs	r3, #0
  75 0002 0360     		str	r3, [r0, #0]
  76              	.LVL2:
  77              		.loc 1 98 0
  78 0004 8160     		str	r1, [r0, #8]
  79              		.loc 1 99 0
  80 0006 C360     		str	r3, [r0, #12]
  81              		.loc 1 101 0
  82 0008 083A     		subs	r2, r2, #8
  83              	.LVL3:
  84              		.loc 1 103 0
  85 000a 1030     		adds	r0, r0, #16
  86              	.LVL4:
  87              		.loc 1 100 0
  88 000c 0B60     		str	r3, [r1, #0]
  89              		.loc 1 101 0
  90 000e 4A60     		str	r2, [r1, #4]
  91              		.loc 1 107 0
  92              		.loc 1 103 0
  93 0010 FFF7FEBF 		b	chMtxInit
  94              	.LVL5:
  95              		.cfi_endproc
  96              	.LFE8:
  97              		.size	chHeapInit, .-chHeapInit
  98 0014 AFF30080 		.section	.text.chHeapAlloc,"ax",%progbits
  98      AFF30080 
  98      AFF30080 
  99              		.align	2
 100              		.p2align 4,,15
 101              		.global	chHeapAlloc
 102              		.thumb
 103              		.thumb_func
 104              		.type	chHeapAlloc, %function
 105              	chHeapAlloc:
 106              	.LFB9:
 107              		.loc 1 125 0
 108              		.cfi_startproc
 109              		@ args = 0, pretend = 0, frame = 0
 110              		@ frame_needed = 0, uses_anonymous_args = 0
 111              	.LVL6:
 112 0000 F8B5     		push	{r3, r4, r5, r6, r7, lr}
ARM GAS  C:\Users\LAB_ME~1\AppData\Local\Temp\ccyCO8eO.s 			page 3


 113              	.LCFI0:
 114              		.cfi_def_cfa_offset 24
 115              		.cfi_offset 3, -24
 116              		.cfi_offset 4, -20
 117              		.cfi_offset 5, -16
 118              		.cfi_offset 6, -12
 119              		.cfi_offset 7, -8
 120              		.cfi_offset 14, -4
 121              		.loc 1 129 0
 122 0002 1F4E     		ldr	r6, .L22
 123 0004 0028     		cmp	r0, #0
 124 0006 18BF     		it	ne
 125 0008 0646     		movne	r6, r0
 126              	.LVL7:
 127              		.loc 1 131 0
 128 000a 0731     		adds	r1, r1, #7
 129              	.LVL8:
 130              		.loc 1 133 0
 131 000c 06F11000 		add	r0, r6, #16
 132              		.loc 1 131 0
 133 0010 21F00705 		bic	r5, r1, #7
 134              	.LVL9:
 135              		.loc 1 132 0
 136 0014 06F10804 		add	r4, r6, #8
 137              	.LVL10:
 138              		.loc 1 133 0
 139 0018 FFF7FEFF 		bl	chMtxLock
 140              	.LVL11:
 141              		.loc 1 135 0
 142 001c 00E0     		b	.L7
 143              	.LVL12:
 144              	.L15:
 145              		.loc 1 137 0
 146 001e 1C46     		mov	r4, r3
 147              	.LVL13:
 148              	.L7:
 149              		.loc 1 135 0 discriminator 1
 150 0020 2368     		ldr	r3, [r4, #0]
 151              	.LVL14:
 152 0022 EBB1     		cbz	r3, .L20
 153              		.loc 1 137 0
 154 0024 5A68     		ldr	r2, [r3, #4]
 155 0026 9542     		cmp	r5, r2
 156 0028 F9D8     		bhi	.L15
 157              		.loc 1 138 0
 158 002a 05F10801 		add	r1, r5, #8
 159 002e 9142     		cmp	r1, r2
 160 0030 13D8     		bhi	.L21
 161              		.loc 1 148 0
 162 0032 6FF00700 		mvn	r0, #7
 163 0036 401B     		subs	r0, r0, r5
 164              		.loc 1 146 0
 165 0038 03EB010E 		add	lr, r3, r1
 166              	.LVL15:
 167              		.loc 1 148 0
 168 003c 8218     		adds	r2, r0, r2
 169              		.loc 1 147 0
ARM GAS  C:\Users\LAB_ME~1\AppData\Local\Temp\ccyCO8eO.s 			page 4


 170 003e 1868     		ldr	r0, [r3, #0]
 171              		.loc 1 148 0
 172 0040 CEF80420 		str	r2, [lr, #4]
 173              		.loc 1 147 0
 174 0044 5850     		str	r0, [r3, r1]
 175              		.loc 1 150 0
 176 0046 5D60     		str	r5, [r3, #4]
 177              		.loc 1 149 0
 178 0048 C4F800E0 		str	lr, [r4, #0]
 179              	.LVL16:
 180              	.L9:
 181              		.loc 1 152 0
 182 004c 1C46     		mov	r4, r3
 183              	.LVL17:
 184 004e 44F8086B 		str	r6, [r4], #8
 185              		.loc 1 154 0
 186 0052 FFF7FEFF 		bl	chMtxUnlock
 187              	.LVL18:
 188              	.L10:
 189              		.loc 1 174 0
 190 0056 2046     		mov	r0, r4
 191 0058 F8BD     		pop	{r3, r4, r5, r6, r7, pc}
 192              	.LVL19:
 193              	.L21:
 194              		.loc 1 142 0
 195 005a 1A68     		ldr	r2, [r3, #0]
 196 005c 2260     		str	r2, [r4, #0]
 197 005e F5E7     		b	.L9
 198              	.L20:
 199              		.loc 1 160 0
 200 0060 FFF7FEFF 		bl	chMtxUnlock
 201              	.LVL20:
 202              		.loc 1 164 0
 203 0064 3368     		ldr	r3, [r6, #0]
 204 0066 4BB1     		cbz	r3, .L13
 205              		.loc 1 165 0
 206 0068 05F10800 		add	r0, r5, #8
 207 006c 9847     		blx	r3
 208              	.LVL21:
 209              		.loc 1 166 0
 210 006e 28B1     		cbz	r0, .L13
 211              		.loc 1 170 0
 212 0070 00F10804 		add	r4, r0, #8
 213              	.LVL22:
 214              		.loc 1 167 0
 215 0074 0660     		str	r6, [r0, #0]
 216              		.loc 1 168 0
 217 0076 4560     		str	r5, [r0, #4]
 218              	.LVL23:
 219              		.loc 1 174 0
 220 0078 2046     		mov	r0, r4
 221              	.LVL24:
 222 007a F8BD     		pop	{r3, r4, r5, r6, r7, pc}
 223              	.LVL25:
 224              	.L13:
 225              		.loc 1 173 0
 226 007c 0024     		movs	r4, #0
ARM GAS  C:\Users\LAB_ME~1\AppData\Local\Temp\ccyCO8eO.s 			page 5


 227              	.LVL26:
 228 007e EAE7     		b	.L10
 229              	.L23:
 230              		.align	2
 231              	.L22:
 232 0080 00000000 		.word	.LANCHOR0
 233              		.cfi_endproc
 234              	.LFE9:
 235              		.size	chHeapAlloc, .-chHeapAlloc
 236 0084 AFF30080 		.section	.text.chHeapFree,"ax",%progbits
 236      AFF30080 
 236      AFF30080 
 237              		.align	2
 238              		.p2align 4,,15
 239              		.global	chHeapFree
 240              		.thumb
 241              		.thumb_func
 242              		.type	chHeapFree, %function
 243              	chHeapFree:
 244              	.LFB10:
 245              		.loc 1 187 0
 246              		.cfi_startproc
 247              		@ args = 0, pretend = 0, frame = 0
 248              		@ frame_needed = 0, uses_anonymous_args = 0
 249              	.LVL27:
 250 0000 70B5     		push	{r4, r5, r6, lr}
 251              	.LCFI1:
 252              		.cfi_def_cfa_offset 16
 253              		.cfi_offset 4, -16
 254              		.cfi_offset 5, -12
 255              		.cfi_offset 6, -8
 256              		.cfi_offset 14, -4
 257              		.loc 1 187 0
 258 0002 0646     		mov	r6, r0
 259              		.loc 1 193 0
 260 0004 A0F10804 		sub	r4, r0, #8
 261              	.LVL28:
 262              		.loc 1 194 0
 263 0008 50F8080C 		ldr	r0, [r0, #-8]
 264              	.LVL29:
 265              		.loc 1 195 0
 266 000c 00F10805 		add	r5, r0, #8
 267              	.LVL30:
 268              		.loc 1 196 0
 269 0010 1030     		adds	r0, r0, #16
 270              	.LVL31:
 271 0012 FFF7FEFF 		bl	chMtxLock
 272              	.LVL32:
 273              		.loc 1 195 0
 274 0016 2B46     		mov	r3, r5
 275              	.LVL33:
 276              	.L31:
 277              		.loc 1 203 0
 278 0018 AB42     		cmp	r3, r5
 279              		.loc 1 204 0
 280 001a 1A68     		ldr	r2, [r3, #0]
 281              		.loc 1 203 0
ARM GAS  C:\Users\LAB_ME~1\AppData\Local\Temp\ccyCO8eO.s 			page 6


 282 001c 01D0     		beq	.L25
 283              		.loc 1 203 0 is_stmt 0 discriminator 2
 284 001e A342     		cmp	r3, r4
 285 0020 02D2     		bcs	.L28
 286              	.L25:
 287              		.loc 1 203 0 discriminator 1
 288 0022 1AB1     		cbz	r2, .L27
 289              		.loc 1 204 0 is_stmt 1
 290 0024 9442     		cmp	r4, r2
 291 0026 01D3     		bcc	.L27
 292              	.L28:
 293              	.LVL34:
 294              		.loc 1 221 0
 295 0028 1346     		mov	r3, r2
 296              		.loc 1 222 0
 297 002a F5E7     		b	.L31
 298              	.LVL35:
 299              	.L27:
 300              		.loc 1 209 0
 301 002c 56F8041C 		ldr	r1, [r6, #-4]
 302              		.loc 1 206 0
 303 0030 46F8082C 		str	r2, [r6, #-8]
 304              		.loc 1 207 0
 305 0034 1C60     		str	r4, [r3, #0]
 306              		.loc 1 209 0
 307 0036 01F10802 		add	r2, r1, #8
 308 003a 56F8085C 		ldr	r5, [r6, #-8]
 309              	.LVL36:
 310 003e A018     		adds	r0, r4, r2
 311 0040 A842     		cmp	r0, r5
 312 0042 09D0     		beq	.L35
 313              		.loc 1 214 0
 314 0044 5A68     		ldr	r2, [r3, #4]
 315 0046 02F10801 		add	r1, r2, #8
 316 004a 5918     		adds	r1, r3, r1
 317 004c 8C42     		cmp	r4, r1
 318 004e 11D0     		beq	.L36
 319              	.L30:
 320              		.loc 1 226 0
 321 0050 BDE87040 		pop	{r4, r5, r6, lr}
 322              		.loc 1 224 0
 323 0054 FFF7FEBF 		b	chMtxUnlock
 324              	.LVL37:
 325              	.L35:
 326              		.loc 1 211 0
 327 0058 4068     		ldr	r0, [r0, #4]
 328              		.loc 1 212 0
 329 005a A258     		ldr	r2, [r4, r2]
 330              		.loc 1 211 0
 331 005c 0918     		adds	r1, r1, r0
 332 005e 0831     		adds	r1, r1, #8
 333 0060 46F8041C 		str	r1, [r6, #-4]
 334              		.loc 1 212 0
 335 0064 46F8082C 		str	r2, [r6, #-8]
 336              		.loc 1 214 0
 337 0068 5A68     		ldr	r2, [r3, #4]
 338 006a 02F10801 		add	r1, r2, #8
ARM GAS  C:\Users\LAB_ME~1\AppData\Local\Temp\ccyCO8eO.s 			page 7


 339 006e 5918     		adds	r1, r3, r1
 340 0070 8C42     		cmp	r4, r1
 341 0072 EDD1     		bne	.L30
 342              	.L36:
 343              		.loc 1 216 0
 344 0074 56F8040C 		ldr	r0, [r6, #-4]
 345              		.loc 1 217 0
 346 0078 56F8081C 		ldr	r1, [r6, #-8]
 347              		.loc 1 216 0
 348 007c 1218     		adds	r2, r2, r0
 349 007e 0832     		adds	r2, r2, #8
 350              		.loc 1 217 0
 351 0080 83E80600 		stmia	r3, {r1, r2}
 352 0084 E4E7     		b	.L30
 353              		.cfi_endproc
 354              	.LFE10:
 355              		.size	chHeapFree, .-chHeapFree
 356 0086 00BFAFF3 		.section	.text.chHeapStatus,"ax",%progbits
 356      0080AFF3 
 356      0080
 357              		.align	2
 358              		.p2align 4,,15
 359              		.global	chHeapStatus
 360              		.thumb
 361              		.thumb_func
 362              		.type	chHeapStatus, %function
 363              	chHeapStatus:
 364              	.LFB11:
 365              		.loc 1 243 0
 366              		.cfi_startproc
 367              		@ args = 0, pretend = 0, frame = 0
 368              		@ frame_needed = 0, uses_anonymous_args = 0
 369              	.LVL38:
 370 0000 38B5     		push	{r3, r4, r5, lr}
 371              	.LCFI2:
 372              		.cfi_def_cfa_offset 16
 373              		.cfi_offset 3, -16
 374              		.cfi_offset 4, -12
 375              		.cfi_offset 5, -8
 376              		.cfi_offset 14, -4
 377              		.loc 1 248 0
 378 0002 0E4C     		ldr	r4, .L48
 379 0004 0028     		cmp	r0, #0
 380 0006 18BF     		it	ne
 381 0008 0446     		movne	r4, r0
 382              	.LVL39:
 383              		.loc 1 250 0
 384 000a 04F11000 		add	r0, r4, #16
 385              		.loc 1 243 0
 386 000e 0D46     		mov	r5, r1
 387              		.loc 1 250 0
 388 0010 FFF7FEFF 		bl	chMtxLock
 389              	.LVL40:
 390              		.loc 1 253 0
 391 0014 A368     		ldr	r3, [r4, #8]
 392 0016 6BB1     		cbz	r3, .L43
 393 0018 0022     		movs	r2, #0
ARM GAS  C:\Users\LAB_ME~1\AppData\Local\Temp\ccyCO8eO.s 			page 8


 394 001a 1446     		mov	r4, r2
 395              	.LVL41:
 396              	.L40:
 397              		.loc 1 254 0 discriminator 2
 398 001c 5868     		ldr	r0, [r3, #4]
 399              		.loc 1 253 0 discriminator 2
 400 001e 1B68     		ldr	r3, [r3, #0]
 401              		.loc 1 254 0 discriminator 2
 402 0020 1218     		adds	r2, r2, r0
 403              	.LVL42:
 404              		.loc 1 253 0 discriminator 2
 405 0022 0134     		adds	r4, r4, #1
 406              	.LVL43:
 407 0024 002B     		cmp	r3, #0
 408 0026 F9D1     		bne	.L40
 409              	.LVL44:
 410              	.L39:
 411              		.loc 1 255 0
 412 0028 05B1     		cbz	r5, .L41
 413              		.loc 1 256 0
 414 002a 2A60     		str	r2, [r5, #0]
 415              	.L41:
 416              		.loc 1 258 0
 417 002c FFF7FEFF 		bl	chMtxUnlock
 418              	.LVL45:
 419              		.loc 1 260 0
 420 0030 2046     		mov	r0, r4
 421 0032 38BD     		pop	{r3, r4, r5, pc}
 422              	.LVL46:
 423              	.L43:
 424              		.loc 1 252 0
 425 0034 1A46     		mov	r2, r3
 426              		.loc 1 253 0
 427 0036 1C46     		mov	r4, r3
 428              	.LVL47:
 429 0038 F6E7     		b	.L39
 430              	.L49:
 431 003a 00BF     		.align	2
 432              	.L48:
 433 003c 00000000 		.word	.LANCHOR0
 434              		.cfi_endproc
 435              	.LFE11:
 436              		.size	chHeapStatus, .-chHeapStatus
 437              		.section	.bss.default_heap,"aw",%nobits
 438              		.align	3
 439              		.set	.LANCHOR0,. + 0
 440              		.type	default_heap, %object
 441              		.size	default_heap, 32
 442              	default_heap:
 443 0000 00000000 		.space	32
 443      00000000 
 443      00000000 
 443      00000000 
 443      00000000 
 444              		.text
 445              	.Letext0:
 446              		.file 2 "c:\\program files (x86)\\codesourcery\\sourcery_codebench_lite_for_arm_eabi\\bin\\../lib/
ARM GAS  C:\Users\LAB_ME~1\AppData\Local\Temp\ccyCO8eO.s 			page 9


 447              		.file 3 "c:\\program files (x86)\\codesourcery\\sourcery_codebench_lite_for_arm_eabi\\bin\\../lib/
 448              		.file 4 "../../os/ports/GCC/ARMCMx/chtypes.h"
 449              		.file 5 "../../os/kernel/include/chlists.h"
 450              		.file 6 "../../os/kernel/include/chthreads.h"
 451              		.file 7 "../../os/ports/GCC/ARMCMx/chcore_v7m.h"
 452              		.file 8 "../../os/kernel/include/chmtx.h"
 453              		.file 9 "../../os/kernel/include/chmemcore.h"
 454              		.file 10 "../../os/kernel/include/chheap.h"
 455              		.section	.debug_info,"",%progbits
 456              	.Ldebug_info0:
 457 0000 2E070000 		.4byte	0x72e
 458 0004 0200     		.2byte	0x2
 459 0006 00000000 		.4byte	.Ldebug_abbrev0
 460 000a 04       		.byte	0x4
 461 000b 01       		.uleb128 0x1
 462 000c A3010000 		.4byte	.LASF78
 463 0010 01       		.byte	0x1
 464 0011 C8000000 		.4byte	.LASF79
 465 0015 FA020000 		.4byte	.LASF80
 466 0019 00000000 		.4byte	.Ldebug_ranges0+0
 467 001d 00000000 		.4byte	0
 468 0021 00000000 		.4byte	0
 469 0025 00000000 		.4byte	.Ldebug_line0
 470 0029 02       		.uleb128 0x2
 471 002a 04       		.byte	0x4
 472 002b 05       		.byte	0x5
 473 002c 696E7400 		.ascii	"int\000"
 474 0030 03       		.uleb128 0x3
 475 0031 06000000 		.4byte	.LASF2
 476 0035 02       		.byte	0x2
 477 0036 D5       		.byte	0xd5
 478 0037 3B000000 		.4byte	0x3b
 479 003b 04       		.uleb128 0x4
 480 003c 04       		.byte	0x4
 481 003d 07       		.byte	0x7
 482 003e 05010000 		.4byte	.LASF0
 483 0042 04       		.uleb128 0x4
 484 0043 01       		.byte	0x1
 485 0044 06       		.byte	0x6
 486 0045 88000000 		.4byte	.LASF1
 487 0049 03       		.uleb128 0x3
 488 004a CB020000 		.4byte	.LASF3
 489 004e 03       		.byte	0x3
 490 004f 2A       		.byte	0x2a
 491 0050 54000000 		.4byte	0x54
 492 0054 04       		.uleb128 0x4
 493 0055 01       		.byte	0x1
 494 0056 08       		.byte	0x8
 495 0057 D9010000 		.4byte	.LASF4
 496 005b 04       		.uleb128 0x4
 497 005c 02       		.byte	0x2
 498 005d 05       		.byte	0x5
 499 005e FC010000 		.4byte	.LASF5
 500 0062 04       		.uleb128 0x4
 501 0063 02       		.byte	0x2
 502 0064 07       		.byte	0x7
 503 0065 31010000 		.4byte	.LASF6
ARM GAS  C:\Users\LAB_ME~1\AppData\Local\Temp\ccyCO8eO.s 			page 10


 504 0069 03       		.uleb128 0x3
 505 006a D1010000 		.4byte	.LASF7
 506 006e 03       		.byte	0x3
 507 006f 4F       		.byte	0x4f
 508 0070 74000000 		.4byte	0x74
 509 0074 04       		.uleb128 0x4
 510 0075 04       		.byte	0x4
 511 0076 05       		.byte	0x5
 512 0077 BF000000 		.4byte	.LASF8
 513 007b 03       		.uleb128 0x3
 514 007c 58020000 		.4byte	.LASF9
 515 0080 03       		.byte	0x3
 516 0081 50       		.byte	0x50
 517 0082 86000000 		.4byte	0x86
 518 0086 04       		.uleb128 0x4
 519 0087 04       		.byte	0x4
 520 0088 07       		.byte	0x7
 521 0089 12010000 		.4byte	.LASF10
 522 008d 04       		.uleb128 0x4
 523 008e 08       		.byte	0x8
 524 008f 05       		.byte	0x5
 525 0090 7A000000 		.4byte	.LASF11
 526 0094 03       		.uleb128 0x3
 527 0095 14000000 		.4byte	.LASF12
 528 0099 03       		.byte	0x3
 529 009a 78       		.byte	0x78
 530 009b 9F000000 		.4byte	0x9f
 531 009f 04       		.uleb128 0x4
 532 00a0 08       		.byte	0x8
 533 00a1 07       		.byte	0x7
 534 00a2 2A000000 		.4byte	.LASF13
 535 00a6 03       		.uleb128 0x3
 536 00a7 4A010000 		.4byte	.LASF14
 537 00ab 04       		.byte	0x4
 538 00ac 28       		.byte	0x28
 539 00ad 49000000 		.4byte	0x49
 540 00b1 03       		.uleb128 0x3
 541 00b2 E5000000 		.4byte	.LASF15
 542 00b6 04       		.byte	0x4
 543 00b7 29       		.byte	0x29
 544 00b8 49000000 		.4byte	0x49
 545 00bc 03       		.uleb128 0x3
 546 00bd BA010000 		.4byte	.LASF16
 547 00c1 04       		.byte	0x4
 548 00c2 2A       		.byte	0x2a
 549 00c3 49000000 		.4byte	0x49
 550 00c7 03       		.uleb128 0x3
 551 00c8 B5000000 		.4byte	.LASF17
 552 00cc 04       		.byte	0x4
 553 00cd 2B       		.byte	0x2b
 554 00ce 49000000 		.4byte	0x49
 555 00d2 03       		.uleb128 0x3
 556 00d3 C9010000 		.4byte	.LASF18
 557 00d7 04       		.byte	0x4
 558 00d8 2C       		.byte	0x2c
 559 00d9 7B000000 		.4byte	0x7b
 560 00dd 03       		.uleb128 0x3
ARM GAS  C:\Users\LAB_ME~1\AppData\Local\Temp\ccyCO8eO.s 			page 11


 561 00de 44010000 		.4byte	.LASF19
 562 00e2 04       		.byte	0x4
 563 00e3 2D       		.byte	0x2d
 564 00e4 69000000 		.4byte	0x69
 565 00e8 03       		.uleb128 0x3
 566 00e9 5E010000 		.4byte	.LASF20
 567 00ed 04       		.byte	0x4
 568 00ee 2F       		.byte	0x2f
 569 00ef 7B000000 		.4byte	0x7b
 570 00f3 03       		.uleb128 0x3
 571 00f4 8C020000 		.4byte	.LASF21
 572 00f8 04       		.byte	0x4
 573 00f9 31       		.byte	0x31
 574 00fa 7B000000 		.4byte	0x7b
 575 00fe 03       		.uleb128 0x3
 576 00ff 3A020000 		.4byte	.LASF22
 577 0103 05       		.byte	0x5
 578 0104 23       		.byte	0x23
 579 0105 09010000 		.4byte	0x109
 580 0109 05       		.uleb128 0x5
 581 010a 3A020000 		.4byte	.LASF22
 582 010e 48       		.byte	0x48
 583 010f 06       		.byte	0x6
 584 0110 57       		.byte	0x57
 585 0111 2E020000 		.4byte	0x22e
 586 0115 06       		.uleb128 0x6
 587 0116 2B020000 		.4byte	.LASF23
 588 011a 06       		.byte	0x6
 589 011b 58       		.byte	0x58
 590 011c 53020000 		.4byte	0x253
 591 0120 02       		.byte	0x2
 592 0121 23       		.byte	0x23
 593 0122 00       		.uleb128 0
 594 0123 06       		.uleb128 0x6
 595 0124 C2010000 		.4byte	.LASF24
 596 0128 06       		.byte	0x6
 597 0129 5A       		.byte	0x5a
 598 012a 53020000 		.4byte	0x253
 599 012e 02       		.byte	0x2
 600 012f 23       		.byte	0x23
 601 0130 04       		.uleb128 0x4
 602 0131 06       		.uleb128 0x6
 603 0132 73000000 		.4byte	.LASF25
 604 0136 06       		.byte	0x6
 605 0137 5C       		.byte	0x5c
 606 0138 D2000000 		.4byte	0xd2
 607 013c 02       		.byte	0x2
 608 013d 23       		.byte	0x23
 609 013e 08       		.uleb128 0x8
 610 013f 06       		.uleb128 0x6
 611 0140 16030000 		.4byte	.LASF26
 612 0144 06       		.byte	0x6
 613 0145 5D       		.byte	0x5d
 614 0146 2C030000 		.4byte	0x32c
 615 014a 02       		.byte	0x2
 616 014b 23       		.byte	0x23
 617 014c 0C       		.uleb128 0xc
ARM GAS  C:\Users\LAB_ME~1\AppData\Local\Temp\ccyCO8eO.s 			page 12


 618 014d 06       		.uleb128 0x6
 619 014e EE000000 		.4byte	.LASF27
 620 0152 06       		.byte	0x6
 621 0153 5F       		.byte	0x5f
 622 0154 53020000 		.4byte	0x253
 623 0158 02       		.byte	0x2
 624 0159 23       		.byte	0x23
 625 015a 10       		.uleb128 0x10
 626 015b 06       		.uleb128 0x6
 627 015c 8E010000 		.4byte	.LASF28
 628 0160 06       		.byte	0x6
 629 0161 60       		.byte	0x60
 630 0162 53020000 		.4byte	0x253
 631 0166 02       		.byte	0x2
 632 0167 23       		.byte	0x23
 633 0168 14       		.uleb128 0x14
 634 0169 06       		.uleb128 0x6
 635 016a E0020000 		.4byte	.LASF29
 636 016e 06       		.byte	0x6
 637 016f 67       		.byte	0x67
 638 0170 AA040000 		.4byte	0x4aa
 639 0174 02       		.byte	0x2
 640 0175 23       		.byte	0x23
 641 0176 18       		.uleb128 0x18
 642 0177 06       		.uleb128 0x6
 643 0178 06020000 		.4byte	.LASF30
 644 017c 06       		.byte	0x6
 645 017d 72       		.byte	0x72
 646 017e B1000000 		.4byte	0xb1
 647 0182 02       		.byte	0x2
 648 0183 23       		.byte	0x23
 649 0184 1C       		.uleb128 0x1c
 650 0185 06       		.uleb128 0x6
 651 0186 32020000 		.4byte	.LASF31
 652 018a 06       		.byte	0x6
 653 018b 76       		.byte	0x76
 654 018c A6000000 		.4byte	0xa6
 655 0190 02       		.byte	0x2
 656 0191 23       		.byte	0x23
 657 0192 1D       		.uleb128 0x1d
 658 0193 06       		.uleb128 0x6
 659 0194 C4020000 		.4byte	.LASF32
 660 0198 06       		.byte	0x6
 661 0199 7B       		.byte	0x7b
 662 019a BC000000 		.4byte	0xbc
 663 019e 02       		.byte	0x2
 664 019f 23       		.byte	0x23
 665 01a0 1E       		.uleb128 0x1e
 666 01a1 06       		.uleb128 0x6
 667 01a2 0E020000 		.4byte	.LASF33
 668 01a6 06       		.byte	0x6
 669 01a7 81       		.byte	0x81
 670 01a8 C7000000 		.4byte	0xc7
 671 01ac 02       		.byte	0x2
 672 01ad 23       		.byte	0x23
 673 01ae 1F       		.uleb128 0x1f
 674 01af 06       		.uleb128 0x6
ARM GAS  C:\Users\LAB_ME~1\AppData\Local\Temp\ccyCO8eO.s 			page 13


 675 01b0 A1020000 		.4byte	.LASF34
 676 01b4 06       		.byte	0x6
 677 01b5 88       		.byte	0x88
 678 01b6 56030000 		.4byte	0x356
 679 01ba 02       		.byte	0x2
 680 01bb 23       		.byte	0x23
 681 01bc 20       		.uleb128 0x20
 682 01bd 07       		.uleb128 0x7
 683 01be 705F7500 		.ascii	"p_u\000"
 684 01c2 06       		.byte	0x6
 685 01c3 AD       		.byte	0xad
 686 01c4 75040000 		.4byte	0x475
 687 01c8 02       		.byte	0x2
 688 01c9 23       		.byte	0x23
 689 01ca 24       		.uleb128 0x24
 690 01cb 06       		.uleb128 0x6
 691 01cc 1C030000 		.4byte	.LASF35
 692 01d0 06       		.byte	0x6
 693 01d1 B2       		.byte	0xb2
 694 01d2 7B020000 		.4byte	0x27b
 695 01d6 02       		.byte	0x2
 696 01d7 23       		.byte	0x23
 697 01d8 28       		.uleb128 0x28
 698 01d9 06       		.uleb128 0x6
 699 01da AF020000 		.4byte	.LASF36
 700 01de 06       		.byte	0x6
 701 01df B8       		.byte	0xb8
 702 01e0 59020000 		.4byte	0x259
 703 01e4 02       		.byte	0x2
 704 01e5 23       		.byte	0x23
 705 01e6 2C       		.uleb128 0x2c
 706 01e7 06       		.uleb128 0x6
 707 01e8 00000000 		.4byte	.LASF37
 708 01ec 06       		.byte	0x6
 709 01ed BC       		.byte	0xbc
 710 01ee DD000000 		.4byte	0xdd
 711 01f2 02       		.byte	0x2
 712 01f3 23       		.byte	0x23
 713 01f4 34       		.uleb128 0x34
 714 01f5 06       		.uleb128 0x6
 715 01f6 4D020000 		.4byte	.LASF38
 716 01fa 06       		.byte	0x6
 717 01fb C2       		.byte	0xc2
 718 01fc E8000000 		.4byte	0xe8
 719 0200 02       		.byte	0x2
 720 0201 23       		.byte	0x23
 721 0202 38       		.uleb128 0x38
 722 0203 06       		.uleb128 0x6
 723 0204 F2010000 		.4byte	.LASF39
 724 0208 06       		.byte	0x6
 725 0209 C9       		.byte	0xc9
 726 020a BC040000 		.4byte	0x4bc
 727 020e 02       		.byte	0x2
 728 020f 23       		.byte	0x23
 729 0210 3C       		.uleb128 0x3c
 730 0211 06       		.uleb128 0x6
 731 0212 96020000 		.4byte	.LASF40
ARM GAS  C:\Users\LAB_ME~1\AppData\Local\Temp\ccyCO8eO.s 			page 14


 732 0216 06       		.byte	0x6
 733 0217 CD       		.byte	0xcd
 734 0218 D2000000 		.4byte	0xd2
 735 021c 02       		.byte	0x2
 736 021d 23       		.byte	0x23
 737 021e 40       		.uleb128 0x40
 738 021f 06       		.uleb128 0x6
 739 0220 9A000000 		.4byte	.LASF41
 740 0224 06       		.byte	0x6
 741 0225 D3       		.byte	0xd3
 742 0226 91020000 		.4byte	0x291
 743 022a 02       		.byte	0x2
 744 022b 23       		.byte	0x23
 745 022c 44       		.uleb128 0x44
 746 022d 00       		.byte	0
 747 022e 08       		.uleb128 0x8
 748 022f 08       		.byte	0x8
 749 0230 05       		.byte	0x5
 750 0231 5A       		.byte	0x5a
 751 0232 53020000 		.4byte	0x253
 752 0236 06       		.uleb128 0x6
 753 0237 2B020000 		.4byte	.LASF23
 754 023b 05       		.byte	0x5
 755 023c 5B       		.byte	0x5b
 756 023d 53020000 		.4byte	0x253
 757 0241 02       		.byte	0x2
 758 0242 23       		.byte	0x23
 759 0243 00       		.uleb128 0
 760 0244 06       		.uleb128 0x6
 761 0245 C2010000 		.4byte	.LASF24
 762 0249 05       		.byte	0x5
 763 024a 5D       		.byte	0x5d
 764 024b 53020000 		.4byte	0x253
 765 024f 02       		.byte	0x2
 766 0250 23       		.byte	0x23
 767 0251 04       		.uleb128 0x4
 768 0252 00       		.byte	0
 769 0253 09       		.uleb128 0x9
 770 0254 04       		.byte	0x4
 771 0255 FE000000 		.4byte	0xfe
 772 0259 03       		.uleb128 0x3
 773 025a 96010000 		.4byte	.LASF42
 774 025e 05       		.byte	0x5
 775 025f 5F       		.byte	0x5f
 776 0260 2E020000 		.4byte	0x22e
 777 0264 08       		.uleb128 0x8
 778 0265 04       		.byte	0x4
 779 0266 05       		.byte	0x5
 780 0267 64       		.byte	0x64
 781 0268 7B020000 		.4byte	0x27b
 782 026c 06       		.uleb128 0x6
 783 026d 2B020000 		.4byte	.LASF23
 784 0271 05       		.byte	0x5
 785 0272 66       		.byte	0x66
 786 0273 53020000 		.4byte	0x253
 787 0277 02       		.byte	0x2
 788 0278 23       		.byte	0x23
ARM GAS  C:\Users\LAB_ME~1\AppData\Local\Temp\ccyCO8eO.s 			page 15


 789 0279 00       		.uleb128 0
 790 027a 00       		.byte	0
 791 027b 03       		.uleb128 0x3
 792 027c 52010000 		.4byte	.LASF43
 793 0280 05       		.byte	0x5
 794 0281 69       		.byte	0x69
 795 0282 64020000 		.4byte	0x264
 796 0286 03       		.uleb128 0x3
 797 0287 F6000000 		.4byte	.LASF44
 798 028b 07       		.byte	0x7
 799 028c DE       		.byte	0xde
 800 028d 91020000 		.4byte	0x291
 801 0291 0A       		.uleb128 0xa
 802 0292 04       		.byte	0x4
 803 0293 03       		.uleb128 0x3
 804 0294 70010000 		.4byte	.LASF45
 805 0298 07       		.byte	0x7
 806 0299 E4       		.byte	0xe4
 807 029a 94000000 		.4byte	0x94
 808 029e 0B       		.uleb128 0xb
 809 029f A8020000 		.4byte	.LASF46
 810 02a3 24       		.byte	0x24
 811 02a4 07       		.byte	0x7
 812 02a5 0501     		.2byte	0x105
 813 02a7 2C030000 		.4byte	0x32c
 814 02ab 0C       		.uleb128 0xc
 815 02ac 723400   		.ascii	"r4\000"
 816 02af 07       		.byte	0x7
 817 02b0 1801     		.2byte	0x118
 818 02b2 86020000 		.4byte	0x286
 819 02b6 02       		.byte	0x2
 820 02b7 23       		.byte	0x23
 821 02b8 00       		.uleb128 0
 822 02b9 0C       		.uleb128 0xc
 823 02ba 723500   		.ascii	"r5\000"
 824 02bd 07       		.byte	0x7
 825 02be 1901     		.2byte	0x119
 826 02c0 86020000 		.4byte	0x286
 827 02c4 02       		.byte	0x2
 828 02c5 23       		.byte	0x23
 829 02c6 04       		.uleb128 0x4
 830 02c7 0C       		.uleb128 0xc
 831 02c8 723600   		.ascii	"r6\000"
 832 02cb 07       		.byte	0x7
 833 02cc 1A01     		.2byte	0x11a
 834 02ce 86020000 		.4byte	0x286
 835 02d2 02       		.byte	0x2
 836 02d3 23       		.byte	0x23
 837 02d4 08       		.uleb128 0x8
 838 02d5 0C       		.uleb128 0xc
 839 02d6 723700   		.ascii	"r7\000"
 840 02d9 07       		.byte	0x7
 841 02da 1B01     		.2byte	0x11b
 842 02dc 86020000 		.4byte	0x286
 843 02e0 02       		.byte	0x2
 844 02e1 23       		.byte	0x23
 845 02e2 0C       		.uleb128 0xc
ARM GAS  C:\Users\LAB_ME~1\AppData\Local\Temp\ccyCO8eO.s 			page 16


 846 02e3 0C       		.uleb128 0xc
 847 02e4 723800   		.ascii	"r8\000"
 848 02e7 07       		.byte	0x7
 849 02e8 1C01     		.2byte	0x11c
 850 02ea 86020000 		.4byte	0x286
 851 02ee 02       		.byte	0x2
 852 02ef 23       		.byte	0x23
 853 02f0 10       		.uleb128 0x10
 854 02f1 0C       		.uleb128 0xc
 855 02f2 723900   		.ascii	"r9\000"
 856 02f5 07       		.byte	0x7
 857 02f6 1D01     		.2byte	0x11d
 858 02f8 86020000 		.4byte	0x286
 859 02fc 02       		.byte	0x2
 860 02fd 23       		.byte	0x23
 861 02fe 14       		.uleb128 0x14
 862 02ff 0C       		.uleb128 0xc
 863 0300 72313000 		.ascii	"r10\000"
 864 0304 07       		.byte	0x7
 865 0305 1E01     		.2byte	0x11e
 866 0307 86020000 		.4byte	0x286
 867 030b 02       		.byte	0x2
 868 030c 23       		.byte	0x23
 869 030d 18       		.uleb128 0x18
 870 030e 0C       		.uleb128 0xc
 871 030f 72313100 		.ascii	"r11\000"
 872 0313 07       		.byte	0x7
 873 0314 1F01     		.2byte	0x11f
 874 0316 86020000 		.4byte	0x286
 875 031a 02       		.byte	0x2
 876 031b 23       		.byte	0x23
 877 031c 1C       		.uleb128 0x1c
 878 031d 0C       		.uleb128 0xc
 879 031e 6C7200   		.ascii	"lr\000"
 880 0321 07       		.byte	0x7
 881 0322 2001     		.2byte	0x120
 882 0324 86020000 		.4byte	0x286
 883 0328 02       		.byte	0x2
 884 0329 23       		.byte	0x23
 885 032a 20       		.uleb128 0x20
 886 032b 00       		.byte	0
 887 032c 0B       		.uleb128 0xb
 888 032d 24010000 		.4byte	.LASF47
 889 0331 04       		.byte	0x4
 890 0332 07       		.byte	0x7
 891 0333 2A01     		.2byte	0x12a
 892 0335 49030000 		.4byte	0x349
 893 0339 0C       		.uleb128 0xc
 894 033a 72313300 		.ascii	"r13\000"
 895 033e 07       		.byte	0x7
 896 033f 2B01     		.2byte	0x12b
 897 0341 49030000 		.4byte	0x349
 898 0345 02       		.byte	0x2
 899 0346 23       		.byte	0x23
 900 0347 00       		.uleb128 0
 901 0348 00       		.byte	0
 902 0349 09       		.uleb128 0x9
ARM GAS  C:\Users\LAB_ME~1\AppData\Local\Temp\ccyCO8eO.s 			page 17


 903 034a 04       		.byte	0x4
 904 034b 9E020000 		.4byte	0x29e
 905 034f 04       		.uleb128 0x4
 906 0350 04       		.byte	0x4
 907 0351 07       		.byte	0x7
 908 0352 7B010000 		.4byte	.LASF48
 909 0356 0D       		.uleb128 0xd
 910 0357 F3000000 		.4byte	0xf3
 911 035b 05       		.uleb128 0x5
 912 035c 6A010000 		.4byte	.LASF49
 913 0360 10       		.byte	0x10
 914 0361 08       		.byte	0x8
 915 0362 25       		.byte	0x25
 916 0363 92030000 		.4byte	0x392
 917 0367 06       		.uleb128 0x6
 918 0368 A2000000 		.4byte	.LASF50
 919 036c 08       		.byte	0x8
 920 036d 26       		.byte	0x26
 921 036e 59020000 		.4byte	0x259
 922 0372 02       		.byte	0x2
 923 0373 23       		.byte	0x23
 924 0374 00       		.uleb128 0
 925 0375 06       		.uleb128 0x6
 926 0376 F2020000 		.4byte	.LASF51
 927 037a 08       		.byte	0x8
 928 037b 28       		.byte	0x28
 929 037c 53020000 		.4byte	0x253
 930 0380 02       		.byte	0x2
 931 0381 23       		.byte	0x23
 932 0382 08       		.uleb128 0x8
 933 0383 06       		.uleb128 0x6
 934 0384 85020000 		.4byte	.LASF52
 935 0388 08       		.byte	0x8
 936 0389 2A       		.byte	0x2a
 937 038a 92030000 		.4byte	0x392
 938 038e 02       		.byte	0x2
 939 038f 23       		.byte	0x23
 940 0390 0C       		.uleb128 0xc
 941 0391 00       		.byte	0
 942 0392 09       		.uleb128 0x9
 943 0393 04       		.byte	0x4
 944 0394 5B030000 		.4byte	0x35b
 945 0398 03       		.uleb128 0x3
 946 0399 6A010000 		.4byte	.LASF49
 947 039d 08       		.byte	0x8
 948 039e 2C       		.byte	0x2c
 949 039f 5B030000 		.4byte	0x35b
 950 03a3 03       		.uleb128 0x3
 951 03a4 1D000000 		.4byte	.LASF53
 952 03a8 09       		.byte	0x9
 953 03a9 25       		.byte	0x25
 954 03aa AE030000 		.4byte	0x3ae
 955 03ae 09       		.uleb128 0x9
 956 03af 04       		.byte	0x4
 957 03b0 B4030000 		.4byte	0x3b4
 958 03b4 0E       		.uleb128 0xe
 959 03b5 01       		.byte	0x1
ARM GAS  C:\Users\LAB_ME~1\AppData\Local\Temp\ccyCO8eO.s 			page 18


 960 03b6 91020000 		.4byte	0x291
 961 03ba C4030000 		.4byte	0x3c4
 962 03be 0F       		.uleb128 0xf
 963 03bf 30000000 		.4byte	0x30
 964 03c3 00       		.byte	0
 965 03c4 03       		.uleb128 0x3
 966 03c5 AF010000 		.4byte	.LASF54
 967 03c9 0A       		.byte	0xa
 968 03ca 2D       		.byte	0x2d
 969 03cb CF030000 		.4byte	0x3cf
 970 03cf 05       		.uleb128 0x5
 971 03d0 26030000 		.4byte	.LASF55
 972 03d4 20       		.byte	0x20
 973 03d5 0A       		.byte	0xa
 974 03d6 40       		.byte	0x40
 975 03d7 06040000 		.4byte	0x406
 976 03db 06       		.uleb128 0x6
 977 03dc E7010000 		.4byte	.LASF56
 978 03e0 0A       		.byte	0xa
 979 03e1 41       		.byte	0x41
 980 03e2 A3030000 		.4byte	0x3a3
 981 03e6 02       		.byte	0x2
 982 03e7 23       		.byte	0x23
 983 03e8 00       		.uleb128 0
 984 03e9 06       		.uleb128 0x6
 985 03ea 4A000000 		.4byte	.LASF57
 986 03ee 0A       		.byte	0xa
 987 03ef 43       		.byte	0x43
 988 03f0 25040000 		.4byte	0x425
 989 03f4 02       		.byte	0x2
 990 03f5 23       		.byte	0x23
 991 03f6 08       		.uleb128 0x8
 992 03f7 06       		.uleb128 0x6
 993 03f8 94000000 		.4byte	.LASF58
 994 03fc 0A       		.byte	0xa
 995 03fd 45       		.byte	0x45
 996 03fe 98030000 		.4byte	0x398
 997 0402 02       		.byte	0x2
 998 0403 23       		.byte	0x23
 999 0404 10       		.uleb128 0x10
 1000 0405 00       		.byte	0
 1001 0406 10       		.uleb128 0x10
 1002 0407 04       		.byte	0x4
 1003 0408 0A       		.byte	0xa
 1004 0409 35       		.byte	0x35
 1005 040a 25040000 		.4byte	0x425
 1006 040e 11       		.uleb128 0x11
 1007 040f 6E000000 		.4byte	.LASF59
 1008 0413 0A       		.byte	0xa
 1009 0414 36       		.byte	0x36
 1010 0415 46040000 		.4byte	0x446
 1011 0419 11       		.uleb128 0x11
 1012 041a 61020000 		.4byte	.LASF60
 1013 041e 0A       		.byte	0xa
 1014 041f 37       		.byte	0x37
 1015 0420 4C040000 		.4byte	0x44c
 1016 0424 00       		.byte	0
ARM GAS  C:\Users\LAB_ME~1\AppData\Local\Temp\ccyCO8eO.s 			page 19


 1017 0425 12       		.uleb128 0x12
 1018 0426 18020000 		.4byte	.LASF81
 1019 042a 08       		.byte	0x8
 1020 042b 0A       		.byte	0xa
 1021 042c 32       		.byte	0x32
 1022 042d 46040000 		.4byte	0x446
 1023 0431 11       		.uleb128 0x11
 1024 0432 FF000000 		.4byte	.LASF61
 1025 0436 0A       		.byte	0xa
 1026 0437 33       		.byte	0x33
 1027 0438 93020000 		.4byte	0x293
 1028 043c 13       		.uleb128 0x13
 1029 043d 6800     		.ascii	"h\000"
 1030 043f 0A       		.byte	0xa
 1031 0440 3A       		.byte	0x3a
 1032 0441 52040000 		.4byte	0x452
 1033 0445 00       		.byte	0
 1034 0446 09       		.uleb128 0x9
 1035 0447 04       		.byte	0x4
 1036 0448 25040000 		.4byte	0x425
 1037 044c 09       		.uleb128 0x9
 1038 044d 04       		.byte	0x4
 1039 044e C4030000 		.4byte	0x3c4
 1040 0452 08       		.uleb128 0x8
 1041 0453 08       		.byte	0x8
 1042 0454 0A       		.byte	0xa
 1043 0455 34       		.byte	0x34
 1044 0456 75040000 		.4byte	0x475
 1045 045a 07       		.uleb128 0x7
 1046 045b 7500     		.ascii	"u\000"
 1047 045d 0A       		.byte	0xa
 1048 045e 38       		.byte	0x38
 1049 045f 06040000 		.4byte	0x406
 1050 0463 02       		.byte	0x2
 1051 0464 23       		.byte	0x23
 1052 0465 00       		.uleb128 0
 1053 0466 06       		.uleb128 0x6
 1054 0467 2C010000 		.4byte	.LASF62
 1055 046b 0A       		.byte	0xa
 1056 046c 39       		.byte	0x39
 1057 046d 30000000 		.4byte	0x30
 1058 0471 02       		.byte	0x2
 1059 0472 23       		.byte	0x23
 1060 0473 04       		.uleb128 0x4
 1061 0474 00       		.byte	0
 1062 0475 10       		.uleb128 0x10
 1063 0476 04       		.byte	0x4
 1064 0477 06       		.byte	0x6
 1065 0478 8F       		.byte	0x8f
 1066 0479 AA040000 		.4byte	0x4aa
 1067 047d 11       		.uleb128 0x11
 1068 047e 0D000000 		.4byte	.LASF63
 1069 0482 06       		.byte	0x6
 1070 0483 96       		.byte	0x96
 1071 0484 DD000000 		.4byte	0xdd
 1072 0488 11       		.uleb128 0x11
 1073 0489 41000000 		.4byte	.LASF64
ARM GAS  C:\Users\LAB_ME~1\AppData\Local\Temp\ccyCO8eO.s 			page 20


 1074 048d 06       		.byte	0x6
 1075 048e 9D       		.byte	0x9d
 1076 048f DD000000 		.4byte	0xdd
 1077 0493 11       		.uleb128 0x11
 1078 0494 D3020000 		.4byte	.LASF65
 1079 0498 06       		.byte	0x6
 1080 0499 A4       		.byte	0xa4
 1081 049a 91020000 		.4byte	0x291
 1082 049e 11       		.uleb128 0x11
 1083 049f 24020000 		.4byte	.LASF66
 1084 04a3 06       		.byte	0x6
 1085 04a4 AB       		.byte	0xab
 1086 04a5 E8000000 		.4byte	0xe8
 1087 04a9 00       		.byte	0
 1088 04aa 09       		.uleb128 0x9
 1089 04ab 04       		.byte	0x4
 1090 04ac B0040000 		.4byte	0x4b0
 1091 04b0 14       		.uleb128 0x14
 1092 04b1 B5040000 		.4byte	0x4b5
 1093 04b5 04       		.uleb128 0x4
 1094 04b6 01       		.byte	0x1
 1095 04b7 08       		.byte	0x8
 1096 04b8 73020000 		.4byte	.LASF67
 1097 04bc 09       		.uleb128 0x9
 1098 04bd 04       		.byte	0x4
 1099 04be 98030000 		.4byte	0x398
 1100 04c2 15       		.uleb128 0x15
 1101 04c3 01       		.byte	0x1
 1102 04c4 E7020000 		.4byte	.LASF68
 1103 04c8 01       		.byte	0x1
 1104 04c9 44       		.byte	0x44
 1105 04ca 01       		.byte	0x1
 1106 04cb 00000000 		.4byte	.LFB7
 1107 04cf 1C000000 		.4byte	.LFE7
 1108 04d3 02       		.byte	0x2
 1109 04d4 7D       		.byte	0x7d
 1110 04d5 00       		.sleb128 0
 1111 04d6 01       		.byte	0x1
 1112 04d7 F0040000 		.4byte	0x4f0
 1113 04db 16       		.uleb128 0x16
 1114 04dc 14000000 		.4byte	.LVL0
 1115 04e0 01       		.byte	0x1
 1116 04e1 FB060000 		.4byte	0x6fb
 1117 04e5 17       		.uleb128 0x17
 1118 04e6 01       		.byte	0x1
 1119 04e7 50       		.byte	0x50
 1120 04e8 05       		.byte	0x5
 1121 04e9 03       		.byte	0x3
 1122 04ea 10000000 		.4byte	.LANCHOR0+16
 1123 04ee 00       		.byte	0
 1124 04ef 00       		.byte	0
 1125 04f0 15       		.uleb128 0x15
 1126 04f1 01       		.byte	0x1
 1127 04f2 63000000 		.4byte	.LASF69
 1128 04f6 01       		.byte	0x1
 1129 04f7 5C       		.byte	0x5c
 1130 04f8 01       		.byte	0x1
ARM GAS  C:\Users\LAB_ME~1\AppData\Local\Temp\ccyCO8eO.s 			page 21


 1131 04f9 00000000 		.4byte	.LFB8
 1132 04fd 14000000 		.4byte	.LFE8
 1133 0501 02       		.byte	0x2
 1134 0502 7D       		.byte	0x7d
 1135 0503 00       		.sleb128 0
 1136 0504 01       		.byte	0x1
 1137 0505 59050000 		.4byte	0x559
 1138 0509 18       		.uleb128 0x18
 1139 050a 51000000 		.4byte	.LASF70
 1140 050e 01       		.byte	0x1
 1141 050f 5C       		.byte	0x5c
 1142 0510 4C040000 		.4byte	0x44c
 1143 0514 00000000 		.4byte	.LLST0
 1144 0518 19       		.uleb128 0x19
 1145 0519 62756600 		.ascii	"buf\000"
 1146 051d 01       		.byte	0x1
 1147 051e 5C       		.byte	0x5c
 1148 051f 91020000 		.4byte	0x291
 1149 0523 2E000000 		.4byte	.LLST1
 1150 0527 18       		.uleb128 0x18
 1151 0528 2C010000 		.4byte	.LASF62
 1152 052c 01       		.byte	0x1
 1153 052d 5C       		.byte	0x5c
 1154 052e 30000000 		.4byte	0x30
 1155 0532 4F000000 		.4byte	.LLST2
 1156 0536 1A       		.uleb128 0x1a
 1157 0537 687000   		.ascii	"hp\000"
 1158 053a 01       		.byte	0x1
 1159 053b 5D       		.byte	0x5d
 1160 053c 46040000 		.4byte	0x446
 1161 0540 7D000000 		.4byte	.LLST3
 1162 0544 16       		.uleb128 0x16
 1163 0545 14000000 		.4byte	.LVL5
 1164 0549 01       		.byte	0x1
 1165 054a FB060000 		.4byte	0x6fb
 1166 054e 17       		.uleb128 0x17
 1167 054f 01       		.byte	0x1
 1168 0550 50       		.byte	0x50
 1169 0551 05       		.byte	0x5
 1170 0552 F3       		.byte	0xf3
 1171 0553 01       		.uleb128 0x1
 1172 0554 50       		.byte	0x50
 1173 0555 23       		.byte	0x23
 1174 0556 10       		.uleb128 0x10
 1175 0557 00       		.byte	0
 1176 0558 00       		.byte	0
 1177 0559 1B       		.uleb128 0x1b
 1178 055a 01       		.byte	0x1
 1179 055b 41020000 		.4byte	.LASF72
 1180 055f 01       		.byte	0x1
 1181 0560 7D       		.byte	0x7d
 1182 0561 01       		.byte	0x1
 1183 0562 91020000 		.4byte	0x291
 1184 0566 00000000 		.4byte	.LFB9
 1185 056a 84000000 		.4byte	.LFE9
 1186 056e 9E000000 		.4byte	.LLST4
 1187 0572 01       		.byte	0x1
ARM GAS  C:\Users\LAB_ME~1\AppData\Local\Temp\ccyCO8eO.s 			page 22


 1188 0573 F2050000 		.4byte	0x5f2
 1189 0577 18       		.uleb128 0x18
 1190 0578 51000000 		.4byte	.LASF70
 1191 057c 01       		.byte	0x1
 1192 057d 7D       		.byte	0x7d
 1193 057e 4C040000 		.4byte	0x44c
 1194 0582 BE000000 		.4byte	.LLST5
 1195 0586 18       		.uleb128 0x18
 1196 0587 2C010000 		.4byte	.LASF62
 1197 058b 01       		.byte	0x1
 1198 058c 7D       		.byte	0x7d
 1199 058d 30000000 		.4byte	0x30
 1200 0591 DC000000 		.4byte	.LLST6
 1201 0595 1A       		.uleb128 0x1a
 1202 0596 717000   		.ascii	"qp\000"
 1203 0599 01       		.byte	0x1
 1204 059a 7E       		.byte	0x7e
 1205 059b 46040000 		.4byte	0x446
 1206 059f 07010000 		.4byte	.LLST7
 1207 05a3 1A       		.uleb128 0x1a
 1208 05a4 687000   		.ascii	"hp\000"
 1209 05a7 01       		.byte	0x1
 1210 05a8 7E       		.byte	0x7e
 1211 05a9 46040000 		.4byte	0x446
 1212 05ad 30010000 		.4byte	.LLST8
 1213 05b1 1A       		.uleb128 0x1a
 1214 05b2 667000   		.ascii	"fp\000"
 1215 05b5 01       		.byte	0x1
 1216 05b6 7E       		.byte	0x7e
 1217 05b7 46040000 		.4byte	0x446
 1218 05bb 89010000 		.4byte	.LLST9
 1219 05bf 1C       		.uleb128 0x1c
 1220 05c0 1C000000 		.4byte	.LVL11
 1221 05c4 0F070000 		.4byte	0x70f
 1222 05c8 D3050000 		.4byte	0x5d3
 1223 05cc 17       		.uleb128 0x17
 1224 05cd 01       		.byte	0x1
 1225 05ce 50       		.byte	0x50
 1226 05cf 02       		.byte	0x2
 1227 05d0 76       		.byte	0x76
 1228 05d1 10       		.sleb128 16
 1229 05d2 00       		.byte	0
 1230 05d3 1D       		.uleb128 0x1d
 1231 05d4 56000000 		.4byte	.LVL18
 1232 05d8 23070000 		.4byte	0x723
 1233 05dc 1D       		.uleb128 0x1d
 1234 05dd 64000000 		.4byte	.LVL20
 1235 05e1 23070000 		.4byte	0x723
 1236 05e5 1E       		.uleb128 0x1e
 1237 05e6 6E000000 		.4byte	.LVL21
 1238 05ea 17       		.uleb128 0x17
 1239 05eb 01       		.byte	0x1
 1240 05ec 50       		.byte	0x50
 1241 05ed 02       		.byte	0x2
 1242 05ee 75       		.byte	0x75
 1243 05ef 08       		.sleb128 8
 1244 05f0 00       		.byte	0
ARM GAS  C:\Users\LAB_ME~1\AppData\Local\Temp\ccyCO8eO.s 			page 23


 1245 05f1 00       		.byte	0
 1246 05f2 1F       		.uleb128 0x1f
 1247 05f3 01       		.byte	0x1
 1248 05f4 AA000000 		.4byte	.LASF71
 1249 05f8 01       		.byte	0x1
 1250 05f9 BB       		.byte	0xbb
 1251 05fa 01       		.byte	0x1
 1252 05fb 00000000 		.4byte	.LFB10
 1253 05ff 86000000 		.4byte	.LFE10
 1254 0603 9C010000 		.4byte	.LLST10
 1255 0607 01       		.byte	0x1
 1256 0608 61060000 		.4byte	0x661
 1257 060c 19       		.uleb128 0x19
 1258 060d 7000     		.ascii	"p\000"
 1259 060f 01       		.byte	0x1
 1260 0610 BB       		.byte	0xbb
 1261 0611 91020000 		.4byte	0x291
 1262 0615 BC010000 		.4byte	.LLST11
 1263 0619 1A       		.uleb128 0x1a
 1264 061a 717000   		.ascii	"qp\000"
 1265 061d 01       		.byte	0x1
 1266 061e BC       		.byte	0xbc
 1267 061f 46040000 		.4byte	0x446
 1268 0623 DA010000 		.4byte	.LLST12
 1269 0627 20       		.uleb128 0x20
 1270 0628 687000   		.ascii	"hp\000"
 1271 062b 01       		.byte	0x1
 1272 062c BC       		.byte	0xbc
 1273 062d 46040000 		.4byte	0x446
 1274 0631 01       		.byte	0x1
 1275 0632 54       		.byte	0x54
 1276 0633 21       		.uleb128 0x21
 1277 0634 51000000 		.4byte	.LASF70
 1278 0638 01       		.byte	0x1
 1279 0639 BD       		.byte	0xbd
 1280 063a 4C040000 		.4byte	0x44c
 1281 063e 19020000 		.4byte	.LLST13
 1282 0642 1C       		.uleb128 0x1c
 1283 0643 16000000 		.4byte	.LVL32
 1284 0647 0F070000 		.4byte	0x70f
 1285 064b 56060000 		.4byte	0x656
 1286 064f 17       		.uleb128 0x17
 1287 0650 01       		.byte	0x1
 1288 0651 50       		.byte	0x50
 1289 0652 02       		.byte	0x2
 1290 0653 75       		.byte	0x75
 1291 0654 08       		.sleb128 8
 1292 0655 00       		.byte	0
 1293 0656 22       		.uleb128 0x22
 1294 0657 58000000 		.4byte	.LVL37
 1295 065b 01       		.byte	0x1
 1296 065c 23070000 		.4byte	0x723
 1297 0660 00       		.byte	0
 1298 0661 1B       		.uleb128 0x1b
 1299 0662 01       		.byte	0x1
 1300 0663 78020000 		.4byte	.LASF73
 1301 0667 01       		.byte	0x1
ARM GAS  C:\Users\LAB_ME~1\AppData\Local\Temp\ccyCO8eO.s 			page 24


 1302 0668 F3       		.byte	0xf3
 1303 0669 01       		.byte	0x1
 1304 066a 30000000 		.4byte	0x30
 1305 066e 00000000 		.4byte	.LFB11
 1306 0672 40000000 		.4byte	.LFE11
 1307 0676 45020000 		.4byte	.LLST14
 1308 067a 01       		.byte	0x1
 1309 067b E4060000 		.4byte	0x6e4
 1310 067f 18       		.uleb128 0x18
 1311 0680 51000000 		.4byte	.LASF70
 1312 0684 01       		.byte	0x1
 1313 0685 F3       		.byte	0xf3
 1314 0686 4C040000 		.4byte	0x44c
 1315 068a 65020000 		.4byte	.LLST15
 1316 068e 18       		.uleb128 0x18
 1317 068f DA020000 		.4byte	.LASF74
 1318 0693 01       		.byte	0x1
 1319 0694 F3       		.byte	0xf3
 1320 0695 E4060000 		.4byte	0x6e4
 1321 0699 C8020000 		.4byte	.LLST16
 1322 069d 1A       		.uleb128 0x1a
 1323 069e 717000   		.ascii	"qp\000"
 1324 06a1 01       		.byte	0x1
 1325 06a2 F4       		.byte	0xf4
 1326 06a3 46040000 		.4byte	0x446
 1327 06a7 E6020000 		.4byte	.LLST17
 1328 06ab 1A       		.uleb128 0x1a
 1329 06ac 6E00     		.ascii	"n\000"
 1330 06ae 01       		.byte	0x1
 1331 06af F5       		.byte	0xf5
 1332 06b0 30000000 		.4byte	0x30
 1333 06b4 27030000 		.4byte	.LLST18
 1334 06b8 1A       		.uleb128 0x1a
 1335 06b9 737A00   		.ascii	"sz\000"
 1336 06bc 01       		.byte	0x1
 1337 06bd F5       		.byte	0xf5
 1338 06be 30000000 		.4byte	0x30
 1339 06c2 52030000 		.4byte	.LLST19
 1340 06c6 1C       		.uleb128 0x1c
 1341 06c7 14000000 		.4byte	.LVL40
 1342 06cb 0F070000 		.4byte	0x70f
 1343 06cf DA060000 		.4byte	0x6da
 1344 06d3 17       		.uleb128 0x17
 1345 06d4 01       		.byte	0x1
 1346 06d5 50       		.byte	0x50
 1347 06d6 02       		.byte	0x2
 1348 06d7 74       		.byte	0x74
 1349 06d8 10       		.sleb128 16
 1350 06d9 00       		.byte	0
 1351 06da 1D       		.uleb128 0x1d
 1352 06db 30000000 		.4byte	.LVL45
 1353 06df 23070000 		.4byte	0x723
 1354 06e3 00       		.byte	0
 1355 06e4 09       		.uleb128 0x9
 1356 06e5 04       		.byte	0x4
 1357 06e6 30000000 		.4byte	0x30
 1358 06ea 23       		.uleb128 0x23
ARM GAS  C:\Users\LAB_ME~1\AppData\Local\Temp\ccyCO8eO.s 			page 25


 1359 06eb 66020000 		.4byte	.LASF75
 1360 06ef 01       		.byte	0x1
 1361 06f0 3D       		.byte	0x3d
 1362 06f1 C4030000 		.4byte	0x3c4
 1363 06f5 05       		.byte	0x5
 1364 06f6 03       		.byte	0x3
 1365 06f7 00000000 		.4byte	default_heap
 1366 06fb 24       		.uleb128 0x24
 1367 06fc 01       		.byte	0x1
 1368 06fd BA020000 		.4byte	.LASF76
 1369 0701 08       		.byte	0x8
 1370 0702 31       		.byte	0x31
 1371 0703 01       		.byte	0x1
 1372 0704 01       		.byte	0x1
 1373 0705 0F070000 		.4byte	0x70f
 1374 0709 0F       		.uleb128 0xf
 1375 070a BC040000 		.4byte	0x4bc
 1376 070e 00       		.byte	0
 1377 070f 24       		.uleb128 0x24
 1378 0710 01       		.byte	0x1
 1379 0711 84010000 		.4byte	.LASF77
 1380 0715 08       		.byte	0x8
 1381 0716 32       		.byte	0x32
 1382 0717 01       		.byte	0x1
 1383 0718 01       		.byte	0x1
 1384 0719 23070000 		.4byte	0x723
 1385 071d 0F       		.uleb128 0xf
 1386 071e BC040000 		.4byte	0x4bc
 1387 0722 00       		.byte	0
 1388 0723 25       		.uleb128 0x25
 1389 0724 01       		.byte	0x1
 1390 0725 57000000 		.4byte	.LASF82
 1391 0729 08       		.byte	0x8
 1392 072a 36       		.byte	0x36
 1393 072b 01       		.byte	0x1
 1394 072c BC040000 		.4byte	0x4bc
 1395 0730 01       		.byte	0x1
 1396 0731 00       		.byte	0
 1397              		.section	.debug_abbrev,"",%progbits
 1398              	.Ldebug_abbrev0:
 1399 0000 01       		.uleb128 0x1
 1400 0001 11       		.uleb128 0x11
 1401 0002 01       		.byte	0x1
 1402 0003 25       		.uleb128 0x25
 1403 0004 0E       		.uleb128 0xe
 1404 0005 13       		.uleb128 0x13
 1405 0006 0B       		.uleb128 0xb
 1406 0007 03       		.uleb128 0x3
 1407 0008 0E       		.uleb128 0xe
 1408 0009 1B       		.uleb128 0x1b
 1409 000a 0E       		.uleb128 0xe
 1410 000b 55       		.uleb128 0x55
 1411 000c 06       		.uleb128 0x6
 1412 000d 11       		.uleb128 0x11
 1413 000e 01       		.uleb128 0x1
 1414 000f 52       		.uleb128 0x52
 1415 0010 01       		.uleb128 0x1
ARM GAS  C:\Users\LAB_ME~1\AppData\Local\Temp\ccyCO8eO.s 			page 26


 1416 0011 10       		.uleb128 0x10
 1417 0012 06       		.uleb128 0x6
 1418 0013 00       		.byte	0
 1419 0014 00       		.byte	0
 1420 0015 02       		.uleb128 0x2
 1421 0016 24       		.uleb128 0x24
 1422 0017 00       		.byte	0
 1423 0018 0B       		.uleb128 0xb
 1424 0019 0B       		.uleb128 0xb
 1425 001a 3E       		.uleb128 0x3e
 1426 001b 0B       		.uleb128 0xb
 1427 001c 03       		.uleb128 0x3
 1428 001d 08       		.uleb128 0x8
 1429 001e 00       		.byte	0
 1430 001f 00       		.byte	0
 1431 0020 03       		.uleb128 0x3
 1432 0021 16       		.uleb128 0x16
 1433 0022 00       		.byte	0
 1434 0023 03       		.uleb128 0x3
 1435 0024 0E       		.uleb128 0xe
 1436 0025 3A       		.uleb128 0x3a
 1437 0026 0B       		.uleb128 0xb
 1438 0027 3B       		.uleb128 0x3b
 1439 0028 0B       		.uleb128 0xb
 1440 0029 49       		.uleb128 0x49
 1441 002a 13       		.uleb128 0x13
 1442 002b 00       		.byte	0
 1443 002c 00       		.byte	0
 1444 002d 04       		.uleb128 0x4
 1445 002e 24       		.uleb128 0x24
 1446 002f 00       		.byte	0
 1447 0030 0B       		.uleb128 0xb
 1448 0031 0B       		.uleb128 0xb
 1449 0032 3E       		.uleb128 0x3e
 1450 0033 0B       		.uleb128 0xb
 1451 0034 03       		.uleb128 0x3
 1452 0035 0E       		.uleb128 0xe
 1453 0036 00       		.byte	0
 1454 0037 00       		.byte	0
 1455 0038 05       		.uleb128 0x5
 1456 0039 13       		.uleb128 0x13
 1457 003a 01       		.byte	0x1
 1458 003b 03       		.uleb128 0x3
 1459 003c 0E       		.uleb128 0xe
 1460 003d 0B       		.uleb128 0xb
 1461 003e 0B       		.uleb128 0xb
 1462 003f 3A       		.uleb128 0x3a
 1463 0040 0B       		.uleb128 0xb
 1464 0041 3B       		.uleb128 0x3b
 1465 0042 0B       		.uleb128 0xb
 1466 0043 01       		.uleb128 0x1
 1467 0044 13       		.uleb128 0x13
 1468 0045 00       		.byte	0
 1469 0046 00       		.byte	0
 1470 0047 06       		.uleb128 0x6
 1471 0048 0D       		.uleb128 0xd
 1472 0049 00       		.byte	0
ARM GAS  C:\Users\LAB_ME~1\AppData\Local\Temp\ccyCO8eO.s 			page 27


 1473 004a 03       		.uleb128 0x3
 1474 004b 0E       		.uleb128 0xe
 1475 004c 3A       		.uleb128 0x3a
 1476 004d 0B       		.uleb128 0xb
 1477 004e 3B       		.uleb128 0x3b
 1478 004f 0B       		.uleb128 0xb
 1479 0050 49       		.uleb128 0x49
 1480 0051 13       		.uleb128 0x13
 1481 0052 38       		.uleb128 0x38
 1482 0053 0A       		.uleb128 0xa
 1483 0054 00       		.byte	0
 1484 0055 00       		.byte	0
 1485 0056 07       		.uleb128 0x7
 1486 0057 0D       		.uleb128 0xd
 1487 0058 00       		.byte	0
 1488 0059 03       		.uleb128 0x3
 1489 005a 08       		.uleb128 0x8
 1490 005b 3A       		.uleb128 0x3a
 1491 005c 0B       		.uleb128 0xb
 1492 005d 3B       		.uleb128 0x3b
 1493 005e 0B       		.uleb128 0xb
 1494 005f 49       		.uleb128 0x49
 1495 0060 13       		.uleb128 0x13
 1496 0061 38       		.uleb128 0x38
 1497 0062 0A       		.uleb128 0xa
 1498 0063 00       		.byte	0
 1499 0064 00       		.byte	0
 1500 0065 08       		.uleb128 0x8
 1501 0066 13       		.uleb128 0x13
 1502 0067 01       		.byte	0x1
 1503 0068 0B       		.uleb128 0xb
 1504 0069 0B       		.uleb128 0xb
 1505 006a 3A       		.uleb128 0x3a
 1506 006b 0B       		.uleb128 0xb
 1507 006c 3B       		.uleb128 0x3b
 1508 006d 0B       		.uleb128 0xb
 1509 006e 01       		.uleb128 0x1
 1510 006f 13       		.uleb128 0x13
 1511 0070 00       		.byte	0
 1512 0071 00       		.byte	0
 1513 0072 09       		.uleb128 0x9
 1514 0073 0F       		.uleb128 0xf
 1515 0074 00       		.byte	0
 1516 0075 0B       		.uleb128 0xb
 1517 0076 0B       		.uleb128 0xb
 1518 0077 49       		.uleb128 0x49
 1519 0078 13       		.uleb128 0x13
 1520 0079 00       		.byte	0
 1521 007a 00       		.byte	0
 1522 007b 0A       		.uleb128 0xa
 1523 007c 0F       		.uleb128 0xf
 1524 007d 00       		.byte	0
 1525 007e 0B       		.uleb128 0xb
 1526 007f 0B       		.uleb128 0xb
 1527 0080 00       		.byte	0
 1528 0081 00       		.byte	0
 1529 0082 0B       		.uleb128 0xb
ARM GAS  C:\Users\LAB_ME~1\AppData\Local\Temp\ccyCO8eO.s 			page 28


 1530 0083 13       		.uleb128 0x13
 1531 0084 01       		.byte	0x1
 1532 0085 03       		.uleb128 0x3
 1533 0086 0E       		.uleb128 0xe
 1534 0087 0B       		.uleb128 0xb
 1535 0088 0B       		.uleb128 0xb
 1536 0089 3A       		.uleb128 0x3a
 1537 008a 0B       		.uleb128 0xb
 1538 008b 3B       		.uleb128 0x3b
 1539 008c 05       		.uleb128 0x5
 1540 008d 01       		.uleb128 0x1
 1541 008e 13       		.uleb128 0x13
 1542 008f 00       		.byte	0
 1543 0090 00       		.byte	0
 1544 0091 0C       		.uleb128 0xc
 1545 0092 0D       		.uleb128 0xd
 1546 0093 00       		.byte	0
 1547 0094 03       		.uleb128 0x3
 1548 0095 08       		.uleb128 0x8
 1549 0096 3A       		.uleb128 0x3a
 1550 0097 0B       		.uleb128 0xb
 1551 0098 3B       		.uleb128 0x3b
 1552 0099 05       		.uleb128 0x5
 1553 009a 49       		.uleb128 0x49
 1554 009b 13       		.uleb128 0x13
 1555 009c 38       		.uleb128 0x38
 1556 009d 0A       		.uleb128 0xa
 1557 009e 00       		.byte	0
 1558 009f 00       		.byte	0
 1559 00a0 0D       		.uleb128 0xd
 1560 00a1 35       		.uleb128 0x35
 1561 00a2 00       		.byte	0
 1562 00a3 49       		.uleb128 0x49
 1563 00a4 13       		.uleb128 0x13
 1564 00a5 00       		.byte	0
 1565 00a6 00       		.byte	0
 1566 00a7 0E       		.uleb128 0xe
 1567 00a8 15       		.uleb128 0x15
 1568 00a9 01       		.byte	0x1
 1569 00aa 27       		.uleb128 0x27
 1570 00ab 0C       		.uleb128 0xc
 1571 00ac 49       		.uleb128 0x49
 1572 00ad 13       		.uleb128 0x13
 1573 00ae 01       		.uleb128 0x1
 1574 00af 13       		.uleb128 0x13
 1575 00b0 00       		.byte	0
 1576 00b1 00       		.byte	0
 1577 00b2 0F       		.uleb128 0xf
 1578 00b3 05       		.uleb128 0x5
 1579 00b4 00       		.byte	0
 1580 00b5 49       		.uleb128 0x49
 1581 00b6 13       		.uleb128 0x13
 1582 00b7 00       		.byte	0
 1583 00b8 00       		.byte	0
 1584 00b9 10       		.uleb128 0x10
 1585 00ba 17       		.uleb128 0x17
 1586 00bb 01       		.byte	0x1
ARM GAS  C:\Users\LAB_ME~1\AppData\Local\Temp\ccyCO8eO.s 			page 29


 1587 00bc 0B       		.uleb128 0xb
 1588 00bd 0B       		.uleb128 0xb
 1589 00be 3A       		.uleb128 0x3a
 1590 00bf 0B       		.uleb128 0xb
 1591 00c0 3B       		.uleb128 0x3b
 1592 00c1 0B       		.uleb128 0xb
 1593 00c2 01       		.uleb128 0x1
 1594 00c3 13       		.uleb128 0x13
 1595 00c4 00       		.byte	0
 1596 00c5 00       		.byte	0
 1597 00c6 11       		.uleb128 0x11
 1598 00c7 0D       		.uleb128 0xd
 1599 00c8 00       		.byte	0
 1600 00c9 03       		.uleb128 0x3
 1601 00ca 0E       		.uleb128 0xe
 1602 00cb 3A       		.uleb128 0x3a
 1603 00cc 0B       		.uleb128 0xb
 1604 00cd 3B       		.uleb128 0x3b
 1605 00ce 0B       		.uleb128 0xb
 1606 00cf 49       		.uleb128 0x49
 1607 00d0 13       		.uleb128 0x13
 1608 00d1 00       		.byte	0
 1609 00d2 00       		.byte	0
 1610 00d3 12       		.uleb128 0x12
 1611 00d4 17       		.uleb128 0x17
 1612 00d5 01       		.byte	0x1
 1613 00d6 03       		.uleb128 0x3
 1614 00d7 0E       		.uleb128 0xe
 1615 00d8 0B       		.uleb128 0xb
 1616 00d9 0B       		.uleb128 0xb
 1617 00da 3A       		.uleb128 0x3a
 1618 00db 0B       		.uleb128 0xb
 1619 00dc 3B       		.uleb128 0x3b
 1620 00dd 0B       		.uleb128 0xb
 1621 00de 01       		.uleb128 0x1
 1622 00df 13       		.uleb128 0x13
 1623 00e0 00       		.byte	0
 1624 00e1 00       		.byte	0
 1625 00e2 13       		.uleb128 0x13
 1626 00e3 0D       		.uleb128 0xd
 1627 00e4 00       		.byte	0
 1628 00e5 03       		.uleb128 0x3
 1629 00e6 08       		.uleb128 0x8
 1630 00e7 3A       		.uleb128 0x3a
 1631 00e8 0B       		.uleb128 0xb
 1632 00e9 3B       		.uleb128 0x3b
 1633 00ea 0B       		.uleb128 0xb
 1634 00eb 49       		.uleb128 0x49
 1635 00ec 13       		.uleb128 0x13
 1636 00ed 00       		.byte	0
 1637 00ee 00       		.byte	0
 1638 00ef 14       		.uleb128 0x14
 1639 00f0 26       		.uleb128 0x26
 1640 00f1 00       		.byte	0
 1641 00f2 49       		.uleb128 0x49
 1642 00f3 13       		.uleb128 0x13
 1643 00f4 00       		.byte	0
ARM GAS  C:\Users\LAB_ME~1\AppData\Local\Temp\ccyCO8eO.s 			page 30


 1644 00f5 00       		.byte	0
 1645 00f6 15       		.uleb128 0x15
 1646 00f7 2E       		.uleb128 0x2e
 1647 00f8 01       		.byte	0x1
 1648 00f9 3F       		.uleb128 0x3f
 1649 00fa 0C       		.uleb128 0xc
 1650 00fb 03       		.uleb128 0x3
 1651 00fc 0E       		.uleb128 0xe
 1652 00fd 3A       		.uleb128 0x3a
 1653 00fe 0B       		.uleb128 0xb
 1654 00ff 3B       		.uleb128 0x3b
 1655 0100 0B       		.uleb128 0xb
 1656 0101 27       		.uleb128 0x27
 1657 0102 0C       		.uleb128 0xc
 1658 0103 11       		.uleb128 0x11
 1659 0104 01       		.uleb128 0x1
 1660 0105 12       		.uleb128 0x12
 1661 0106 01       		.uleb128 0x1
 1662 0107 40       		.uleb128 0x40
 1663 0108 0A       		.uleb128 0xa
 1664 0109 9742     		.uleb128 0x2117
 1665 010b 0C       		.uleb128 0xc
 1666 010c 01       		.uleb128 0x1
 1667 010d 13       		.uleb128 0x13
 1668 010e 00       		.byte	0
 1669 010f 00       		.byte	0
 1670 0110 16       		.uleb128 0x16
 1671 0111 898201   		.uleb128 0x4109
 1672 0114 01       		.byte	0x1
 1673 0115 11       		.uleb128 0x11
 1674 0116 01       		.uleb128 0x1
 1675 0117 9542     		.uleb128 0x2115
 1676 0119 0C       		.uleb128 0xc
 1677 011a 31       		.uleb128 0x31
 1678 011b 13       		.uleb128 0x13
 1679 011c 00       		.byte	0
 1680 011d 00       		.byte	0
 1681 011e 17       		.uleb128 0x17
 1682 011f 8A8201   		.uleb128 0x410a
 1683 0122 00       		.byte	0
 1684 0123 02       		.uleb128 0x2
 1685 0124 0A       		.uleb128 0xa
 1686 0125 9142     		.uleb128 0x2111
 1687 0127 0A       		.uleb128 0xa
 1688 0128 00       		.byte	0
 1689 0129 00       		.byte	0
 1690 012a 18       		.uleb128 0x18
 1691 012b 05       		.uleb128 0x5
 1692 012c 00       		.byte	0
 1693 012d 03       		.uleb128 0x3
 1694 012e 0E       		.uleb128 0xe
 1695 012f 3A       		.uleb128 0x3a
 1696 0130 0B       		.uleb128 0xb
 1697 0131 3B       		.uleb128 0x3b
 1698 0132 0B       		.uleb128 0xb
 1699 0133 49       		.uleb128 0x49
 1700 0134 13       		.uleb128 0x13
ARM GAS  C:\Users\LAB_ME~1\AppData\Local\Temp\ccyCO8eO.s 			page 31


 1701 0135 02       		.uleb128 0x2
 1702 0136 06       		.uleb128 0x6
 1703 0137 00       		.byte	0
 1704 0138 00       		.byte	0
 1705 0139 19       		.uleb128 0x19
 1706 013a 05       		.uleb128 0x5
 1707 013b 00       		.byte	0
 1708 013c 03       		.uleb128 0x3
 1709 013d 08       		.uleb128 0x8
 1710 013e 3A       		.uleb128 0x3a
 1711 013f 0B       		.uleb128 0xb
 1712 0140 3B       		.uleb128 0x3b
 1713 0141 0B       		.uleb128 0xb
 1714 0142 49       		.uleb128 0x49
 1715 0143 13       		.uleb128 0x13
 1716 0144 02       		.uleb128 0x2
 1717 0145 06       		.uleb128 0x6
 1718 0146 00       		.byte	0
 1719 0147 00       		.byte	0
 1720 0148 1A       		.uleb128 0x1a
 1721 0149 34       		.uleb128 0x34
 1722 014a 00       		.byte	0
 1723 014b 03       		.uleb128 0x3
 1724 014c 08       		.uleb128 0x8
 1725 014d 3A       		.uleb128 0x3a
 1726 014e 0B       		.uleb128 0xb
 1727 014f 3B       		.uleb128 0x3b
 1728 0150 0B       		.uleb128 0xb
 1729 0151 49       		.uleb128 0x49
 1730 0152 13       		.uleb128 0x13
 1731 0153 02       		.uleb128 0x2
 1732 0154 06       		.uleb128 0x6
 1733 0155 00       		.byte	0
 1734 0156 00       		.byte	0
 1735 0157 1B       		.uleb128 0x1b
 1736 0158 2E       		.uleb128 0x2e
 1737 0159 01       		.byte	0x1
 1738 015a 3F       		.uleb128 0x3f
 1739 015b 0C       		.uleb128 0xc
 1740 015c 03       		.uleb128 0x3
 1741 015d 0E       		.uleb128 0xe
 1742 015e 3A       		.uleb128 0x3a
 1743 015f 0B       		.uleb128 0xb
 1744 0160 3B       		.uleb128 0x3b
 1745 0161 0B       		.uleb128 0xb
 1746 0162 27       		.uleb128 0x27
 1747 0163 0C       		.uleb128 0xc
 1748 0164 49       		.uleb128 0x49
 1749 0165 13       		.uleb128 0x13
 1750 0166 11       		.uleb128 0x11
 1751 0167 01       		.uleb128 0x1
 1752 0168 12       		.uleb128 0x12
 1753 0169 01       		.uleb128 0x1
 1754 016a 40       		.uleb128 0x40
 1755 016b 06       		.uleb128 0x6
 1756 016c 9742     		.uleb128 0x2117
 1757 016e 0C       		.uleb128 0xc
ARM GAS  C:\Users\LAB_ME~1\AppData\Local\Temp\ccyCO8eO.s 			page 32


 1758 016f 01       		.uleb128 0x1
 1759 0170 13       		.uleb128 0x13
 1760 0171 00       		.byte	0
 1761 0172 00       		.byte	0
 1762 0173 1C       		.uleb128 0x1c
 1763 0174 898201   		.uleb128 0x4109
 1764 0177 01       		.byte	0x1
 1765 0178 11       		.uleb128 0x11
 1766 0179 01       		.uleb128 0x1
 1767 017a 31       		.uleb128 0x31
 1768 017b 13       		.uleb128 0x13
 1769 017c 01       		.uleb128 0x1
 1770 017d 13       		.uleb128 0x13
 1771 017e 00       		.byte	0
 1772 017f 00       		.byte	0
 1773 0180 1D       		.uleb128 0x1d
 1774 0181 898201   		.uleb128 0x4109
 1775 0184 00       		.byte	0
 1776 0185 11       		.uleb128 0x11
 1777 0186 01       		.uleb128 0x1
 1778 0187 31       		.uleb128 0x31
 1779 0188 13       		.uleb128 0x13
 1780 0189 00       		.byte	0
 1781 018a 00       		.byte	0
 1782 018b 1E       		.uleb128 0x1e
 1783 018c 898201   		.uleb128 0x4109
 1784 018f 01       		.byte	0x1
 1785 0190 11       		.uleb128 0x11
 1786 0191 01       		.uleb128 0x1
 1787 0192 00       		.byte	0
 1788 0193 00       		.byte	0
 1789 0194 1F       		.uleb128 0x1f
 1790 0195 2E       		.uleb128 0x2e
 1791 0196 01       		.byte	0x1
 1792 0197 3F       		.uleb128 0x3f
 1793 0198 0C       		.uleb128 0xc
 1794 0199 03       		.uleb128 0x3
 1795 019a 0E       		.uleb128 0xe
 1796 019b 3A       		.uleb128 0x3a
 1797 019c 0B       		.uleb128 0xb
 1798 019d 3B       		.uleb128 0x3b
 1799 019e 0B       		.uleb128 0xb
 1800 019f 27       		.uleb128 0x27
 1801 01a0 0C       		.uleb128 0xc
 1802 01a1 11       		.uleb128 0x11
 1803 01a2 01       		.uleb128 0x1
 1804 01a3 12       		.uleb128 0x12
 1805 01a4 01       		.uleb128 0x1
 1806 01a5 40       		.uleb128 0x40
 1807 01a6 06       		.uleb128 0x6
 1808 01a7 9742     		.uleb128 0x2117
 1809 01a9 0C       		.uleb128 0xc
 1810 01aa 01       		.uleb128 0x1
 1811 01ab 13       		.uleb128 0x13
 1812 01ac 00       		.byte	0
 1813 01ad 00       		.byte	0
 1814 01ae 20       		.uleb128 0x20
ARM GAS  C:\Users\LAB_ME~1\AppData\Local\Temp\ccyCO8eO.s 			page 33


 1815 01af 34       		.uleb128 0x34
 1816 01b0 00       		.byte	0
 1817 01b1 03       		.uleb128 0x3
 1818 01b2 08       		.uleb128 0x8
 1819 01b3 3A       		.uleb128 0x3a
 1820 01b4 0B       		.uleb128 0xb
 1821 01b5 3B       		.uleb128 0x3b
 1822 01b6 0B       		.uleb128 0xb
 1823 01b7 49       		.uleb128 0x49
 1824 01b8 13       		.uleb128 0x13
 1825 01b9 02       		.uleb128 0x2
 1826 01ba 0A       		.uleb128 0xa
 1827 01bb 00       		.byte	0
 1828 01bc 00       		.byte	0
 1829 01bd 21       		.uleb128 0x21
 1830 01be 34       		.uleb128 0x34
 1831 01bf 00       		.byte	0
 1832 01c0 03       		.uleb128 0x3
 1833 01c1 0E       		.uleb128 0xe
 1834 01c2 3A       		.uleb128 0x3a
 1835 01c3 0B       		.uleb128 0xb
 1836 01c4 3B       		.uleb128 0x3b
 1837 01c5 0B       		.uleb128 0xb
 1838 01c6 49       		.uleb128 0x49
 1839 01c7 13       		.uleb128 0x13
 1840 01c8 02       		.uleb128 0x2
 1841 01c9 06       		.uleb128 0x6
 1842 01ca 00       		.byte	0
 1843 01cb 00       		.byte	0
 1844 01cc 22       		.uleb128 0x22
 1845 01cd 898201   		.uleb128 0x4109
 1846 01d0 00       		.byte	0
 1847 01d1 11       		.uleb128 0x11
 1848 01d2 01       		.uleb128 0x1
 1849 01d3 9542     		.uleb128 0x2115
 1850 01d5 0C       		.uleb128 0xc
 1851 01d6 31       		.uleb128 0x31
 1852 01d7 13       		.uleb128 0x13
 1853 01d8 00       		.byte	0
 1854 01d9 00       		.byte	0
 1855 01da 23       		.uleb128 0x23
 1856 01db 34       		.uleb128 0x34
 1857 01dc 00       		.byte	0
 1858 01dd 03       		.uleb128 0x3
 1859 01de 0E       		.uleb128 0xe
 1860 01df 3A       		.uleb128 0x3a
 1861 01e0 0B       		.uleb128 0xb
 1862 01e1 3B       		.uleb128 0x3b
 1863 01e2 0B       		.uleb128 0xb
 1864 01e3 49       		.uleb128 0x49
 1865 01e4 13       		.uleb128 0x13
 1866 01e5 02       		.uleb128 0x2
 1867 01e6 0A       		.uleb128 0xa
 1868 01e7 00       		.byte	0
 1869 01e8 00       		.byte	0
 1870 01e9 24       		.uleb128 0x24
 1871 01ea 2E       		.uleb128 0x2e
ARM GAS  C:\Users\LAB_ME~1\AppData\Local\Temp\ccyCO8eO.s 			page 34


 1872 01eb 01       		.byte	0x1
 1873 01ec 3F       		.uleb128 0x3f
 1874 01ed 0C       		.uleb128 0xc
 1875 01ee 03       		.uleb128 0x3
 1876 01ef 0E       		.uleb128 0xe
 1877 01f0 3A       		.uleb128 0x3a
 1878 01f1 0B       		.uleb128 0xb
 1879 01f2 3B       		.uleb128 0x3b
 1880 01f3 0B       		.uleb128 0xb
 1881 01f4 27       		.uleb128 0x27
 1882 01f5 0C       		.uleb128 0xc
 1883 01f6 3C       		.uleb128 0x3c
 1884 01f7 0C       		.uleb128 0xc
 1885 01f8 01       		.uleb128 0x1
 1886 01f9 13       		.uleb128 0x13
 1887 01fa 00       		.byte	0
 1888 01fb 00       		.byte	0
 1889 01fc 25       		.uleb128 0x25
 1890 01fd 2E       		.uleb128 0x2e
 1891 01fe 00       		.byte	0
 1892 01ff 3F       		.uleb128 0x3f
 1893 0200 0C       		.uleb128 0xc
 1894 0201 03       		.uleb128 0x3
 1895 0202 0E       		.uleb128 0xe
 1896 0203 3A       		.uleb128 0x3a
 1897 0204 0B       		.uleb128 0xb
 1898 0205 3B       		.uleb128 0x3b
 1899 0206 0B       		.uleb128 0xb
 1900 0207 27       		.uleb128 0x27
 1901 0208 0C       		.uleb128 0xc
 1902 0209 49       		.uleb128 0x49
 1903 020a 13       		.uleb128 0x13
 1904 020b 3C       		.uleb128 0x3c
 1905 020c 0C       		.uleb128 0xc
 1906 020d 00       		.byte	0
 1907 020e 00       		.byte	0
 1908 020f 00       		.byte	0
 1909              		.section	.debug_loc,"",%progbits
 1910              	.Ldebug_loc0:
 1911              	.LLST0:
 1912 0000 00000000 		.4byte	.LVL1
 1913 0004 0C000000 		.4byte	.LVL4
 1914 0008 0100     		.2byte	0x1
 1915 000a 50       		.byte	0x50
 1916 000b 0C000000 		.4byte	.LVL4
 1917 000f 13000000 		.4byte	.LVL5-1
 1918 0013 0300     		.2byte	0x3
 1919 0015 70       		.byte	0x70
 1920 0016 70       		.sleb128 -16
 1921 0017 9F       		.byte	0x9f
 1922 0018 13000000 		.4byte	.LVL5-1
 1923 001c 14000000 		.4byte	.LFE8
 1924 0020 0400     		.2byte	0x4
 1925 0022 F3       		.byte	0xf3
 1926 0023 01       		.uleb128 0x1
 1927 0024 50       		.byte	0x50
 1928 0025 9F       		.byte	0x9f
ARM GAS  C:\Users\LAB_ME~1\AppData\Local\Temp\ccyCO8eO.s 			page 35


 1929 0026 00000000 		.4byte	0
 1930 002a 00000000 		.4byte	0
 1931              	.LLST1:
 1932 002e 00000000 		.4byte	.LVL1
 1933 0032 13000000 		.4byte	.LVL5-1
 1934 0036 0100     		.2byte	0x1
 1935 0038 51       		.byte	0x51
 1936 0039 13000000 		.4byte	.LVL5-1
 1937 003d 14000000 		.4byte	.LFE8
 1938 0041 0400     		.2byte	0x4
 1939 0043 F3       		.byte	0xf3
 1940 0044 01       		.uleb128 0x1
 1941 0045 51       		.byte	0x51
 1942 0046 9F       		.byte	0x9f
 1943 0047 00000000 		.4byte	0
 1944 004b 00000000 		.4byte	0
 1945              	.LLST2:
 1946 004f 00000000 		.4byte	.LVL1
 1947 0053 0A000000 		.4byte	.LVL3
 1948 0057 0100     		.2byte	0x1
 1949 0059 52       		.byte	0x52
 1950 005a 0A000000 		.4byte	.LVL3
 1951 005e 13000000 		.4byte	.LVL5-1
 1952 0062 0300     		.2byte	0x3
 1953 0064 72       		.byte	0x72
 1954 0065 08       		.sleb128 8
 1955 0066 9F       		.byte	0x9f
 1956 0067 13000000 		.4byte	.LVL5-1
 1957 006b 14000000 		.4byte	.LFE8
 1958 006f 0400     		.2byte	0x4
 1959 0071 F3       		.byte	0xf3
 1960 0072 01       		.uleb128 0x1
 1961 0073 52       		.byte	0x52
 1962 0074 9F       		.byte	0x9f
 1963 0075 00000000 		.4byte	0
 1964 0079 00000000 		.4byte	0
 1965              	.LLST3:
 1966 007d 04000000 		.4byte	.LVL2
 1967 0081 13000000 		.4byte	.LVL5-1
 1968 0085 0100     		.2byte	0x1
 1969 0087 51       		.byte	0x51
 1970 0088 13000000 		.4byte	.LVL5-1
 1971 008c 14000000 		.4byte	.LFE8
 1972 0090 0400     		.2byte	0x4
 1973 0092 F3       		.byte	0xf3
 1974 0093 01       		.uleb128 0x1
 1975 0094 51       		.byte	0x51
 1976 0095 9F       		.byte	0x9f
 1977 0096 00000000 		.4byte	0
 1978 009a 00000000 		.4byte	0
 1979              	.LLST4:
 1980 009e 00000000 		.4byte	.LFB9
 1981 00a2 02000000 		.4byte	.LCFI0
 1982 00a6 0200     		.2byte	0x2
 1983 00a8 7D       		.byte	0x7d
 1984 00a9 00       		.sleb128 0
 1985 00aa 02000000 		.4byte	.LCFI0
ARM GAS  C:\Users\LAB_ME~1\AppData\Local\Temp\ccyCO8eO.s 			page 36


 1986 00ae 84000000 		.4byte	.LFE9
 1987 00b2 0200     		.2byte	0x2
 1988 00b4 7D       		.byte	0x7d
 1989 00b5 18       		.sleb128 24
 1990 00b6 00000000 		.4byte	0
 1991 00ba 00000000 		.4byte	0
 1992              	.LLST5:
 1993 00be 00000000 		.4byte	.LVL6
 1994 00c2 0A000000 		.4byte	.LVL7
 1995 00c6 0100     		.2byte	0x1
 1996 00c8 50       		.byte	0x50
 1997 00c9 0A000000 		.4byte	.LVL7
 1998 00cd 84000000 		.4byte	.LFE9
 1999 00d1 0100     		.2byte	0x1
 2000 00d3 56       		.byte	0x56
 2001 00d4 00000000 		.4byte	0
 2002 00d8 00000000 		.4byte	0
 2003              	.LLST6:
 2004 00dc 00000000 		.4byte	.LVL6
 2005 00e0 0C000000 		.4byte	.LVL8
 2006 00e4 0100     		.2byte	0x1
 2007 00e6 51       		.byte	0x51
 2008 00e7 0C000000 		.4byte	.LVL8
 2009 00eb 14000000 		.4byte	.LVL9
 2010 00ef 0300     		.2byte	0x3
 2011 00f1 71       		.byte	0x71
 2012 00f2 79       		.sleb128 -7
 2013 00f3 9F       		.byte	0x9f
 2014 00f4 14000000 		.4byte	.LVL9
 2015 00f8 84000000 		.4byte	.LFE9
 2016 00fc 0100     		.2byte	0x1
 2017 00fe 55       		.byte	0x55
 2018 00ff 00000000 		.4byte	0
 2019 0103 00000000 		.4byte	0
 2020              	.LLST7:
 2021 0107 18000000 		.4byte	.LVL10
 2022 010b 4E000000 		.4byte	.LVL17
 2023 010f 0100     		.2byte	0x1
 2024 0111 54       		.byte	0x54
 2025 0112 5A000000 		.4byte	.LVL19
 2026 0116 74000000 		.4byte	.LVL22
 2027 011a 0100     		.2byte	0x1
 2028 011c 54       		.byte	0x54
 2029 011d 7C000000 		.4byte	.LVL25
 2030 0121 7E000000 		.4byte	.LVL26
 2031 0125 0100     		.2byte	0x1
 2032 0127 54       		.byte	0x54
 2033 0128 00000000 		.4byte	0
 2034 012c 00000000 		.4byte	0
 2035              	.LLST8:
 2036 0130 1E000000 		.4byte	.LVL12
 2037 0134 20000000 		.4byte	.LVL13
 2038 0138 0100     		.2byte	0x1
 2039 013a 53       		.byte	0x53
 2040 013b 22000000 		.4byte	.LVL14
 2041 013f 55000000 		.4byte	.LVL18-1
 2042 0143 0100     		.2byte	0x1
ARM GAS  C:\Users\LAB_ME~1\AppData\Local\Temp\ccyCO8eO.s 			page 37


 2043 0145 53       		.byte	0x53
 2044 0146 55000000 		.4byte	.LVL18-1
 2045 014a 56000000 		.4byte	.LVL18
 2046 014e 0300     		.2byte	0x3
 2047 0150 74       		.byte	0x74
 2048 0151 78       		.sleb128 -8
 2049 0152 9F       		.byte	0x9f
 2050 0153 5A000000 		.4byte	.LVL19
 2051 0157 63000000 		.4byte	.LVL20-1
 2052 015b 0100     		.2byte	0x1
 2053 015d 53       		.byte	0x53
 2054 015e 6E000000 		.4byte	.LVL21
 2055 0162 78000000 		.4byte	.LVL23
 2056 0166 0100     		.2byte	0x1
 2057 0168 50       		.byte	0x50
 2058 0169 78000000 		.4byte	.LVL23
 2059 016d 7A000000 		.4byte	.LVL24
 2060 0171 0300     		.2byte	0x3
 2061 0173 70       		.byte	0x70
 2062 0174 08       		.sleb128 8
 2063 0175 9F       		.byte	0x9f
 2064 0176 7A000000 		.4byte	.LVL24
 2065 017a 7C000000 		.4byte	.LVL25
 2066 017e 0100     		.2byte	0x1
 2067 0180 50       		.byte	0x50
 2068 0181 00000000 		.4byte	0
 2069 0185 00000000 		.4byte	0
 2070              	.LLST9:
 2071 0189 3C000000 		.4byte	.LVL15
 2072 018d 4C000000 		.4byte	.LVL16
 2073 0191 0100     		.2byte	0x1
 2074 0193 5E       		.byte	0x5e
 2075 0194 00000000 		.4byte	0
 2076 0198 00000000 		.4byte	0
 2077              	.LLST10:
 2078 019c 00000000 		.4byte	.LFB10
 2079 01a0 02000000 		.4byte	.LCFI1
 2080 01a4 0200     		.2byte	0x2
 2081 01a6 7D       		.byte	0x7d
 2082 01a7 00       		.sleb128 0
 2083 01a8 02000000 		.4byte	.LCFI1
 2084 01ac 86000000 		.4byte	.LFE10
 2085 01b0 0200     		.2byte	0x2
 2086 01b2 7D       		.byte	0x7d
 2087 01b3 10       		.sleb128 16
 2088 01b4 00000000 		.4byte	0
 2089 01b8 00000000 		.4byte	0
 2090              	.LLST11:
 2091 01bc 00000000 		.4byte	.LVL27
 2092 01c0 0C000000 		.4byte	.LVL29
 2093 01c4 0100     		.2byte	0x1
 2094 01c6 50       		.byte	0x50
 2095 01c7 0C000000 		.4byte	.LVL29
 2096 01cb 86000000 		.4byte	.LFE10
 2097 01cf 0100     		.2byte	0x1
 2098 01d1 56       		.byte	0x56
 2099 01d2 00000000 		.4byte	0
ARM GAS  C:\Users\LAB_ME~1\AppData\Local\Temp\ccyCO8eO.s 			page 38


 2100 01d6 00000000 		.4byte	0
 2101              	.LLST12:
 2102 01da 10000000 		.4byte	.LVL30
 2103 01de 18000000 		.4byte	.LVL33
 2104 01e2 0100     		.2byte	0x1
 2105 01e4 55       		.byte	0x55
 2106 01e5 18000000 		.4byte	.LVL33
 2107 01e9 28000000 		.4byte	.LVL34
 2108 01ed 0100     		.2byte	0x1
 2109 01ef 53       		.byte	0x53
 2110 01f0 28000000 		.4byte	.LVL34
 2111 01f4 2C000000 		.4byte	.LVL35
 2112 01f8 0100     		.2byte	0x1
 2113 01fa 52       		.byte	0x52
 2114 01fb 2C000000 		.4byte	.LVL35
 2115 01ff 57000000 		.4byte	.LVL37-1
 2116 0203 0100     		.2byte	0x1
 2117 0205 53       		.byte	0x53
 2118 0206 58000000 		.4byte	.LVL37
 2119 020a 86000000 		.4byte	.LFE10
 2120 020e 0100     		.2byte	0x1
 2121 0210 53       		.byte	0x53
 2122 0211 00000000 		.4byte	0
 2123 0215 00000000 		.4byte	0
 2124              	.LLST13:
 2125 0219 0C000000 		.4byte	.LVL29
 2126 021d 12000000 		.4byte	.LVL31
 2127 0221 0100     		.2byte	0x1
 2128 0223 50       		.byte	0x50
 2129 0224 12000000 		.4byte	.LVL31
 2130 0228 15000000 		.4byte	.LVL32-1
 2131 022c 0200     		.2byte	0x2
 2132 022e 74       		.byte	0x74
 2133 022f 00       		.sleb128 0
 2134 0230 15000000 		.4byte	.LVL32-1
 2135 0234 3E000000 		.4byte	.LVL36
 2136 0238 0300     		.2byte	0x3
 2137 023a 75       		.byte	0x75
 2138 023b 78       		.sleb128 -8
 2139 023c 9F       		.byte	0x9f
 2140 023d 00000000 		.4byte	0
 2141 0241 00000000 		.4byte	0
 2142              	.LLST14:
 2143 0245 00000000 		.4byte	.LFB11
 2144 0249 02000000 		.4byte	.LCFI2
 2145 024d 0200     		.2byte	0x2
 2146 024f 7D       		.byte	0x7d
 2147 0250 00       		.sleb128 0
 2148 0251 02000000 		.4byte	.LCFI2
 2149 0255 40000000 		.4byte	.LFE11
 2150 0259 0200     		.2byte	0x2
 2151 025b 7D       		.byte	0x7d
 2152 025c 10       		.sleb128 16
 2153 025d 00000000 		.4byte	0
 2154 0261 00000000 		.4byte	0
 2155              	.LLST15:
 2156 0265 00000000 		.4byte	.LVL38
ARM GAS  C:\Users\LAB_ME~1\AppData\Local\Temp\ccyCO8eO.s 			page 39


 2157 0269 0A000000 		.4byte	.LVL39
 2158 026d 0100     		.2byte	0x1
 2159 026f 50       		.byte	0x50
 2160 0270 0A000000 		.4byte	.LVL39
 2161 0274 1C000000 		.4byte	.LVL41
 2162 0278 0100     		.2byte	0x1
 2163 027a 54       		.byte	0x54
 2164 027b 1C000000 		.4byte	.LVL41
 2165 027f 34000000 		.4byte	.LVL46
 2166 0283 1300     		.2byte	0x13
 2167 0285 F3       		.byte	0xf3
 2168 0286 01       		.uleb128 0x1
 2169 0287 50       		.byte	0x50
 2170 0288 03       		.byte	0x3
 2171 0289 00000000 		.4byte	.LANCHOR0
 2172 028d F3       		.byte	0xf3
 2173 028e 01       		.uleb128 0x1
 2174 028f 50       		.byte	0x50
 2175 0290 30       		.byte	0x30
 2176 0291 2E       		.byte	0x2e
 2177 0292 28       		.byte	0x28
 2178 0293 0100     		.2byte	0x1
 2179 0295 16       		.byte	0x16
 2180 0296 13       		.byte	0x13
 2181 0297 9F       		.byte	0x9f
 2182 0298 34000000 		.4byte	.LVL46
 2183 029c 38000000 		.4byte	.LVL47
 2184 02a0 0100     		.2byte	0x1
 2185 02a2 54       		.byte	0x54
 2186 02a3 38000000 		.4byte	.LVL47
 2187 02a7 40000000 		.4byte	.LFE11
 2188 02ab 1300     		.2byte	0x13
 2189 02ad F3       		.byte	0xf3
 2190 02ae 01       		.uleb128 0x1
 2191 02af 50       		.byte	0x50
 2192 02b0 03       		.byte	0x3
 2193 02b1 00000000 		.4byte	.LANCHOR0
 2194 02b5 F3       		.byte	0xf3
 2195 02b6 01       		.uleb128 0x1
 2196 02b7 50       		.byte	0x50
 2197 02b8 30       		.byte	0x30
 2198 02b9 2E       		.byte	0x2e
 2199 02ba 28       		.byte	0x28
 2200 02bb 0100     		.2byte	0x1
 2201 02bd 16       		.byte	0x16
 2202 02be 13       		.byte	0x13
 2203 02bf 9F       		.byte	0x9f
 2204 02c0 00000000 		.4byte	0
 2205 02c4 00000000 		.4byte	0
 2206              	.LLST16:
 2207 02c8 00000000 		.4byte	.LVL38
 2208 02cc 13000000 		.4byte	.LVL40-1
 2209 02d0 0100     		.2byte	0x1
 2210 02d2 51       		.byte	0x51
 2211 02d3 13000000 		.4byte	.LVL40-1
 2212 02d7 40000000 		.4byte	.LFE11
 2213 02db 0100     		.2byte	0x1
ARM GAS  C:\Users\LAB_ME~1\AppData\Local\Temp\ccyCO8eO.s 			page 40


 2214 02dd 55       		.byte	0x55
 2215 02de 00000000 		.4byte	0
 2216 02e2 00000000 		.4byte	0
 2217              	.LLST17:
 2218 02e6 14000000 		.4byte	.LVL40
 2219 02ea 1C000000 		.4byte	.LVL41
 2220 02ee 0300     		.2byte	0x3
 2221 02f0 74       		.byte	0x74
 2222 02f1 08       		.sleb128 8
 2223 02f2 9F       		.byte	0x9f
 2224 02f3 34000000 		.4byte	.LVL46
 2225 02f7 38000000 		.4byte	.LVL47
 2226 02fb 0300     		.2byte	0x3
 2227 02fd 74       		.byte	0x74
 2228 02fe 08       		.sleb128 8
 2229 02ff 9F       		.byte	0x9f
 2230 0300 38000000 		.4byte	.LVL47
 2231 0304 40000000 		.4byte	.LFE11
 2232 0308 1500     		.2byte	0x15
 2233 030a F3       		.byte	0xf3
 2234 030b 01       		.uleb128 0x1
 2235 030c 50       		.byte	0x50
 2236 030d 03       		.byte	0x3
 2237 030e 00000000 		.4byte	.LANCHOR0
 2238 0312 F3       		.byte	0xf3
 2239 0313 01       		.uleb128 0x1
 2240 0314 50       		.byte	0x50
 2241 0315 30       		.byte	0x30
 2242 0316 2E       		.byte	0x2e
 2243 0317 28       		.byte	0x28
 2244 0318 0100     		.2byte	0x1
 2245 031a 16       		.byte	0x16
 2246 031b 13       		.byte	0x13
 2247 031c 23       		.byte	0x23
 2248 031d 08       		.uleb128 0x8
 2249 031e 9F       		.byte	0x9f
 2250 031f 00000000 		.4byte	0
 2251 0323 00000000 		.4byte	0
 2252              	.LLST18:
 2253 0327 14000000 		.4byte	.LVL40
 2254 032b 1C000000 		.4byte	.LVL41
 2255 032f 0200     		.2byte	0x2
 2256 0331 30       		.byte	0x30
 2257 0332 9F       		.byte	0x9f
 2258 0333 24000000 		.4byte	.LVL43
 2259 0337 28000000 		.4byte	.LVL44
 2260 033b 0100     		.2byte	0x1
 2261 033d 54       		.byte	0x54
 2262 033e 34000000 		.4byte	.LVL46
 2263 0342 40000000 		.4byte	.LFE11
 2264 0346 0200     		.2byte	0x2
 2265 0348 30       		.byte	0x30
 2266 0349 9F       		.byte	0x9f
 2267 034a 00000000 		.4byte	0
 2268 034e 00000000 		.4byte	0
 2269              	.LLST19:
 2270 0352 14000000 		.4byte	.LVL40
ARM GAS  C:\Users\LAB_ME~1\AppData\Local\Temp\ccyCO8eO.s 			page 41


 2271 0356 1C000000 		.4byte	.LVL41
 2272 035a 0200     		.2byte	0x2
 2273 035c 30       		.byte	0x30
 2274 035d 9F       		.byte	0x9f
 2275 035e 22000000 		.4byte	.LVL42
 2276 0362 28000000 		.4byte	.LVL44
 2277 0366 0100     		.2byte	0x1
 2278 0368 52       		.byte	0x52
 2279 0369 34000000 		.4byte	.LVL46
 2280 036d 40000000 		.4byte	.LFE11
 2281 0371 0200     		.2byte	0x2
 2282 0373 30       		.byte	0x30
 2283 0374 9F       		.byte	0x9f
 2284 0375 00000000 		.4byte	0
 2285 0379 00000000 		.4byte	0
 2286              		.section	.debug_aranges,"",%progbits
 2287 0000 3C000000 		.4byte	0x3c
 2288 0004 0200     		.2byte	0x2
 2289 0006 00000000 		.4byte	.Ldebug_info0
 2290 000a 04       		.byte	0x4
 2291 000b 00       		.byte	0
 2292 000c 0000     		.2byte	0
 2293 000e 0000     		.2byte	0
 2294 0010 00000000 		.4byte	.LFB7
 2295 0014 1C000000 		.4byte	.LFE7-.LFB7
 2296 0018 00000000 		.4byte	.LFB8
 2297 001c 14000000 		.4byte	.LFE8-.LFB8
 2298 0020 00000000 		.4byte	.LFB9
 2299 0024 84000000 		.4byte	.LFE9-.LFB9
 2300 0028 00000000 		.4byte	.LFB10
 2301 002c 86000000 		.4byte	.LFE10-.LFB10
 2302 0030 00000000 		.4byte	.LFB11
 2303 0034 40000000 		.4byte	.LFE11-.LFB11
 2304 0038 00000000 		.4byte	0
 2305 003c 00000000 		.4byte	0
 2306              		.section	.debug_ranges,"",%progbits
 2307              	.Ldebug_ranges0:
 2308 0000 00000000 		.4byte	.LFB7
 2309 0004 1C000000 		.4byte	.LFE7
 2310 0008 00000000 		.4byte	.LFB8
 2311 000c 14000000 		.4byte	.LFE8
 2312 0010 00000000 		.4byte	.LFB9
 2313 0014 84000000 		.4byte	.LFE9
 2314 0018 00000000 		.4byte	.LFB10
 2315 001c 86000000 		.4byte	.LFE10
 2316 0020 00000000 		.4byte	.LFB11
 2317 0024 40000000 		.4byte	.LFE11
 2318 0028 00000000 		.4byte	0
 2319 002c 00000000 		.4byte	0
 2320              		.section	.debug_line,"",%progbits
 2321              	.Ldebug_line0:
 2322 0000 C4020000 		.section	.debug_str,"MS",%progbits,1
 2322      0200DE01 
 2322      00000201 
 2322      FB0E0D00 
 2322      01010101 
 2323              	.LASF37:
ARM GAS  C:\Users\LAB_ME~1\AppData\Local\Temp\ccyCO8eO.s 			page 42


 2324 0000 705F6D73 		.ascii	"p_msg\000"
 2324      6700
 2325              	.LASF2:
 2326 0006 73697A65 		.ascii	"size_t\000"
 2326      5F7400
 2327              	.LASF63:
 2328 000d 7264796D 		.ascii	"rdymsg\000"
 2328      736700
 2329              	.LASF12:
 2330 0014 75696E74 		.ascii	"uint64_t\000"
 2330      36345F74 
 2330      00
 2331              	.LASF53:
 2332 001d 6D656D67 		.ascii	"memgetfunc_t\000"
 2332      65746675 
 2332      6E635F74 
 2332      00
 2333              	.LASF13:
 2334 002a 6C6F6E67 		.ascii	"long long unsigned int\000"
 2334      206C6F6E 
 2334      6720756E 
 2334      7369676E 
 2334      65642069 
 2335              	.LASF64:
 2336 0041 65786974 		.ascii	"exitcode\000"
 2336      636F6465 
 2336      00
 2337              	.LASF57:
 2338 004a 685F6672 		.ascii	"h_free\000"
 2338      656500
 2339              	.LASF70:
 2340 0051 68656170 		.ascii	"heapp\000"
 2340      7000
 2341              	.LASF82:
 2342 0057 63684D74 		.ascii	"chMtxUnlock\000"
 2342      78556E6C 
 2342      6F636B00 
 2343              	.LASF69:
 2344 0063 63684865 		.ascii	"chHeapInit\000"
 2344      6170496E 
 2344      697400
 2345              	.LASF59:
 2346 006e 6E657874 		.ascii	"next\000"
 2346      00
 2347              	.LASF25:
 2348 0073 705F7072 		.ascii	"p_prio\000"
 2348      696F00
 2349              	.LASF11:
 2350 007a 6C6F6E67 		.ascii	"long long int\000"
 2350      206C6F6E 
 2350      6720696E 
 2350      7400
 2351              	.LASF1:
 2352 0088 7369676E 		.ascii	"signed char\000"
 2352      65642063 
 2352      68617200 
 2353              	.LASF58:
ARM GAS  C:\Users\LAB_ME~1\AppData\Local\Temp\ccyCO8eO.s 			page 43


 2354 0094 685F6D74 		.ascii	"h_mtx\000"
 2354      7800
 2355              	.LASF41:
 2356 009a 705F6D70 		.ascii	"p_mpool\000"
 2356      6F6F6C00 
 2357              	.LASF50:
 2358 00a2 6D5F7175 		.ascii	"m_queue\000"
 2358      65756500 
 2359              	.LASF71:
 2360 00aa 63684865 		.ascii	"chHeapFree\000"
 2360      61704672 
 2360      656500
 2361              	.LASF17:
 2362 00b5 74736C69 		.ascii	"tslices_t\000"
 2362      6365735F 
 2362      7400
 2363              	.LASF8:
 2364 00bf 6C6F6E67 		.ascii	"long int\000"
 2364      20696E74 
 2364      00
 2365              	.LASF79:
 2366 00c8 2E2E2F2E 		.ascii	"../../os/kernel/src/chheap.c\000"
 2366      2E2F6F73 
 2366      2F6B6572 
 2366      6E656C2F 
 2366      7372632F 
 2367              	.LASF15:
 2368 00e5 74737461 		.ascii	"tstate_t\000"
 2368      74655F74 
 2368      00
 2369              	.LASF27:
 2370 00ee 705F6E65 		.ascii	"p_newer\000"
 2370      77657200 
 2371              	.LASF44:
 2372 00f6 72656761 		.ascii	"regarm_t\000"
 2372      726D5F74 
 2372      00
 2373              	.LASF61:
 2374 00ff 616C6967 		.ascii	"align\000"
 2374      6E00
 2375              	.LASF0:
 2376 0105 756E7369 		.ascii	"unsigned int\000"
 2376      676E6564 
 2376      20696E74 
 2376      00
 2377              	.LASF10:
 2378 0112 6C6F6E67 		.ascii	"long unsigned int\000"
 2378      20756E73 
 2378      69676E65 
 2378      6420696E 
 2378      7400
 2379              	.LASF47:
 2380 0124 636F6E74 		.ascii	"context\000"
 2380      65787400 
 2381              	.LASF62:
 2382 012c 73697A65 		.ascii	"size\000"
 2382      00
ARM GAS  C:\Users\LAB_ME~1\AppData\Local\Temp\ccyCO8eO.s 			page 44


 2383              	.LASF6:
 2384 0131 73686F72 		.ascii	"short unsigned int\000"
 2384      7420756E 
 2384      7369676E 
 2384      65642069 
 2384      6E7400
 2385              	.LASF19:
 2386 0144 6D73675F 		.ascii	"msg_t\000"
 2386      7400
 2387              	.LASF14:
 2388 014a 746D6F64 		.ascii	"tmode_t\000"
 2388      655F7400 
 2389              	.LASF43:
 2390 0152 54687265 		.ascii	"ThreadsList\000"
 2390      6164734C 
 2390      69737400 
 2391              	.LASF20:
 2392 015e 6576656E 		.ascii	"eventmask_t\000"
 2392      746D6173 
 2392      6B5F7400 
 2393              	.LASF49:
 2394 016a 4D757465 		.ascii	"Mutex\000"
 2394      7800
 2395              	.LASF45:
 2396 0170 73746B61 		.ascii	"stkalign_t\000"
 2396      6C69676E 
 2396      5F7400
 2397              	.LASF48:
 2398 017b 73697A65 		.ascii	"sizetype\000"
 2398      74797065 
 2398      00
 2399              	.LASF77:
 2400 0184 63684D74 		.ascii	"chMtxLock\000"
 2400      784C6F63 
 2400      6B00
 2401              	.LASF28:
 2402 018e 705F6F6C 		.ascii	"p_older\000"
 2402      64657200 
 2403              	.LASF42:
 2404 0196 54687265 		.ascii	"ThreadsQueue\000"
 2404      61647351 
 2404      75657565 
 2404      00
 2405              	.LASF78:
 2406 01a3 474E5520 		.ascii	"GNU C 4.7.2\000"
 2406      4320342E 
 2406      372E3200 
 2407              	.LASF54:
 2408 01af 4D656D6F 		.ascii	"MemoryHeap\000"
 2408      72794865 
 2408      617000
 2409              	.LASF16:
 2410 01ba 74726566 		.ascii	"trefs_t\000"
 2410      735F7400 
 2411              	.LASF24:
 2412 01c2 705F7072 		.ascii	"p_prev\000"
 2412      657600
ARM GAS  C:\Users\LAB_ME~1\AppData\Local\Temp\ccyCO8eO.s 			page 45


 2413              	.LASF18:
 2414 01c9 74707269 		.ascii	"tprio_t\000"
 2414      6F5F7400 
 2415              	.LASF7:
 2416 01d1 696E7433 		.ascii	"int32_t\000"
 2416      325F7400 
 2417              	.LASF4:
 2418 01d9 756E7369 		.ascii	"unsigned char\000"
 2418      676E6564 
 2418      20636861 
 2418      7200
 2419              	.LASF56:
 2420 01e7 685F7072 		.ascii	"h_provider\000"
 2420      6F766964 
 2420      657200
 2421              	.LASF39:
 2422 01f2 705F6D74 		.ascii	"p_mtxlist\000"
 2422      786C6973 
 2422      7400
 2423              	.LASF5:
 2424 01fc 73686F72 		.ascii	"short int\000"
 2424      7420696E 
 2424      7400
 2425              	.LASF30:
 2426 0206 705F7374 		.ascii	"p_state\000"
 2426      61746500 
 2427              	.LASF33:
 2428 020e 705F7072 		.ascii	"p_preempt\000"
 2428      65656D70 
 2428      7400
 2429              	.LASF81:
 2430 0218 68656170 		.ascii	"heap_header\000"
 2430      5F686561 
 2430      64657200 
 2431              	.LASF66:
 2432 0224 65776D61 		.ascii	"ewmask\000"
 2432      736B00
 2433              	.LASF23:
 2434 022b 705F6E65 		.ascii	"p_next\000"
 2434      787400
 2435              	.LASF31:
 2436 0232 705F666C 		.ascii	"p_flags\000"
 2436      61677300 
 2437              	.LASF22:
 2438 023a 54687265 		.ascii	"Thread\000"
 2438      616400
 2439              	.LASF72:
 2440 0241 63684865 		.ascii	"chHeapAlloc\000"
 2440      6170416C 
 2440      6C6F6300 
 2441              	.LASF38:
 2442 024d 705F6570 		.ascii	"p_epending\000"
 2442      656E6469 
 2442      6E6700
 2443              	.LASF9:
 2444 0258 75696E74 		.ascii	"uint32_t\000"
 2444      33325F74 
ARM GAS  C:\Users\LAB_ME~1\AppData\Local\Temp\ccyCO8eO.s 			page 46


 2444      00
 2445              	.LASF60:
 2446 0261 68656170 		.ascii	"heap\000"
 2446      00
 2447              	.LASF75:
 2448 0266 64656661 		.ascii	"default_heap\000"
 2448      756C745F 
 2448      68656170 
 2448      00
 2449              	.LASF67:
 2450 0273 63686172 		.ascii	"char\000"
 2450      00
 2451              	.LASF73:
 2452 0278 63684865 		.ascii	"chHeapStatus\000"
 2452      61705374 
 2452      61747573 
 2452      00
 2453              	.LASF52:
 2454 0285 6D5F6E65 		.ascii	"m_next\000"
 2454      787400
 2455              	.LASF21:
 2456 028c 73797374 		.ascii	"systime_t\000"
 2456      696D655F 
 2456      7400
 2457              	.LASF40:
 2458 0296 705F7265 		.ascii	"p_realprio\000"
 2458      616C7072 
 2458      696F00
 2459              	.LASF34:
 2460 02a1 705F7469 		.ascii	"p_time\000"
 2460      6D6500
 2461              	.LASF46:
 2462 02a8 696E7463 		.ascii	"intctx\000"
 2462      747800
 2463              	.LASF36:
 2464 02af 705F6D73 		.ascii	"p_msgqueue\000"
 2464      67717565 
 2464      756500
 2465              	.LASF76:
 2466 02ba 63684D74 		.ascii	"chMtxInit\000"
 2466      78496E69 
 2466      7400
 2467              	.LASF32:
 2468 02c4 705F7265 		.ascii	"p_refs\000"
 2468      667300
 2469              	.LASF3:
 2470 02cb 75696E74 		.ascii	"uint8_t\000"
 2470      385F7400 
 2471              	.LASF65:
 2472 02d3 77746F62 		.ascii	"wtobjp\000"
 2472      6A7000
 2473              	.LASF74:
 2474 02da 73697A65 		.ascii	"sizep\000"
 2474      7000
 2475              	.LASF29:
 2476 02e0 705F6E61 		.ascii	"p_name\000"
 2476      6D6500
ARM GAS  C:\Users\LAB_ME~1\AppData\Local\Temp\ccyCO8eO.s 			page 47


 2477              	.LASF68:
 2478 02e7 5F686561 		.ascii	"_heap_init\000"
 2478      705F696E 
 2478      697400
 2479              	.LASF51:
 2480 02f2 6D5F6F77 		.ascii	"m_owner\000"
 2480      6E657200 
 2481              	.LASF80:
 2482 02fa 433A5C43 		.ascii	"C:\\Chibios\\demos\\FirmwareV2\000"
 2482      68696269 
 2482      6F735C64 
 2482      656D6F73 
 2482      5C466972 
 2483              	.LASF26:
 2484 0316 705F6374 		.ascii	"p_ctx\000"
 2484      7800
 2485              	.LASF35:
 2486 031c 705F7761 		.ascii	"p_waiting\000"
 2486      6974696E 
 2486      6700
 2487              	.LASF55:
 2488 0326 6D656D6F 		.ascii	"memory_heap\000"
 2488      72795F68 
 2488      65617000 
 2489              		.ident	"GCC: (Sourcery CodeBench Lite 2012.09-63) 4.7.2"
ARM GAS  C:\Users\LAB_ME~1\AppData\Local\Temp\ccyCO8eO.s 			page 48


DEFINED SYMBOLS
                            *ABS*:00000000 chheap.c
C:\Users\LAB_ME~1\AppData\Local\Temp\ccyCO8eO.s:19     .text._heap_init:00000000 $t
C:\Users\LAB_ME~1\AppData\Local\Temp\ccyCO8eO.s:25     .text._heap_init:00000000 _heap_init
C:\Users\LAB_ME~1\AppData\Local\Temp\ccyCO8eO.s:53     .text._heap_init:00000014 $d
C:\Users\LAB_ME~1\AppData\Local\Temp\ccyCO8eO.s:59     .text.chHeapInit:00000000 $t
C:\Users\LAB_ME~1\AppData\Local\Temp\ccyCO8eO.s:65     .text.chHeapInit:00000000 chHeapInit
C:\Users\LAB_ME~1\AppData\Local\Temp\ccyCO8eO.s:99     .text.chHeapAlloc:00000000 $t
C:\Users\LAB_ME~1\AppData\Local\Temp\ccyCO8eO.s:105    .text.chHeapAlloc:00000000 chHeapAlloc
C:\Users\LAB_ME~1\AppData\Local\Temp\ccyCO8eO.s:232    .text.chHeapAlloc:00000080 $d
C:\Users\LAB_ME~1\AppData\Local\Temp\ccyCO8eO.s:237    .text.chHeapFree:00000000 $t
C:\Users\LAB_ME~1\AppData\Local\Temp\ccyCO8eO.s:243    .text.chHeapFree:00000000 chHeapFree
C:\Users\LAB_ME~1\AppData\Local\Temp\ccyCO8eO.s:357    .text.chHeapStatus:00000000 $t
C:\Users\LAB_ME~1\AppData\Local\Temp\ccyCO8eO.s:363    .text.chHeapStatus:00000000 chHeapStatus
C:\Users\LAB_ME~1\AppData\Local\Temp\ccyCO8eO.s:433    .text.chHeapStatus:0000003c $d
C:\Users\LAB_ME~1\AppData\Local\Temp\ccyCO8eO.s:438    .bss.default_heap:00000000 $d
C:\Users\LAB_ME~1\AppData\Local\Temp\ccyCO8eO.s:442    .bss.default_heap:00000000 default_heap
                     .debug_frame:00000010 $d
C:\Users\LAB_ME~1\AppData\Local\Temp\ccyCO8eO.s:58     .text._heap_init:0000001c $t
C:\Users\LAB_ME~1\AppData\Local\Temp\ccyCO8eO.s:236    .text.chHeapAlloc:00000084 $t

UNDEFINED SYMBOLS
chMtxInit
chCoreAlloc
chMtxLock
chMtxUnlock
