ARM GAS  C:\Users\LAB_ME~1\AppData\Local\Temp\ccpxgmH1.s 			page 1


   1              		.syntax unified
   2              		.cpu cortex-m4
   3              		.fpu softvfp
   4              		.eabi_attribute 20, 1
   5              		.eabi_attribute 21, 1
   6              		.eabi_attribute 23, 3
   7              		.eabi_attribute 24, 1
   8              		.eabi_attribute 25, 1
   9              		.eabi_attribute 26, 1
  10              		.eabi_attribute 30, 2
  11              		.eabi_attribute 34, 1
  12              		.eabi_attribute 18, 4
  13              		.thumb
  14              		.file	"hal_lld.c"
  15              		.text
  16              	.Ltext0:
  17              		.cfi_sections	.debug_frame
  18              		.section	.text.hal_lld_init,"ax",%progbits
  19              		.align	2
  20              		.p2align 4,,15
  21              		.global	hal_lld_init
  22              		.thumb
  23              		.thumb_func
  24              		.type	hal_lld_init, %function
  25              	hal_lld_init:
  26              	.LFB119:
  27              		.file 1 "../../os/hal/platforms/STM32F4xx/hal_lld.c"
  28              		.loc 1 94 0
  29              		.cfi_startproc
  30              		@ args = 0, pretend = 0, frame = 0
  31              		@ frame_needed = 0, uses_anonymous_args = 0
  32              		@ link register save eliminated.
  33              		.loc 1 98 0
  34 0000 254B     		ldr	r3, .L8
  35              		.loc 1 105 0
  36 0002 2649     		ldr	r1, .L8+4
  37              	.LBB4:
  38              	.LBB5:
  39              		.loc 1 52 0
  40 0004 2648     		ldr	r0, .L8+8
  41              	.LBE5:
  42              	.LBE4:
  43              		.loc 1 94 0
  44 0006 70B4     		push	{r4, r5, r6}
  45              	.LCFI0:
  46              		.cfi_def_cfa_offset 12
  47              		.cfi_offset 4, -12
  48              		.cfi_offset 5, -8
  49              		.cfi_offset 6, -4
  50              		.loc 1 98 0
  51 0008 1E69     		ldr	r6, [r3, #16]
  52              		.loc 1 112 0
  53 000a 264D     		ldr	r5, .L8+12
  54              		.loc 1 113 0
  55 000c 264C     		ldr	r4, .L8+16
  56              		.loc 1 98 0
  57 000e 0022     		movs	r2, #0
ARM GAS  C:\Users\LAB_ME~1\AppData\Local\Temp\ccpxgmH1.s 			page 2


  58 0010 46F00106 		orr	r6, r6, #1
  59 0014 1E61     		str	r6, [r3, #16]
  60 0016 1A61     		str	r2, [r3, #16]
  61              		.loc 1 99 0
  62 0018 5E69     		ldr	r6, [r3, #20]
  63 001a 46F00106 		orr	r6, r6, #1
  64 001e 5E61     		str	r6, [r3, #20]
  65 0020 5A61     		str	r2, [r3, #20]
  66              		.loc 1 100 0
  67 0022 9E69     		ldr	r6, [r3, #24]
  68 0024 46F00106 		orr	r6, r6, #1
  69 0028 9E61     		str	r6, [r3, #24]
  70 002a 9A61     		str	r2, [r3, #24]
  71              		.loc 1 101 0
  72 002c 1E6A     		ldr	r6, [r3, #32]
  73 002e 1E62     		str	r6, [r3, #32]
  74 0030 1A62     		str	r2, [r3, #32]
  75              		.loc 1 102 0
  76 0032 5E6A     		ldr	r6, [r3, #36]
  77 0034 46F00106 		orr	r6, r6, #1
  78 0038 5E62     		str	r6, [r3, #36]
  79              		.loc 1 105 0
  80 003a 1C4E     		ldr	r6, .L8+20
  81              		.loc 1 102 0
  82 003c 5A62     		str	r2, [r3, #36]
  83              		.loc 1 105 0
  84 003e 4E60     		str	r6, [r1, #4]
  85              		.loc 1 107 0
  86 0040 0726     		movs	r6, #7
  87              		.loc 1 106 0
  88 0042 8A60     		str	r2, [r1, #8]
  89              		.loc 1 107 0
  90 0044 0E60     		str	r6, [r1, #0]
  91              		.loc 1 112 0
  92 0046 E968     		ldr	r1, [r5, #12]
  93 0048 41F08071 		orr	r1, r1, #16777216
  94 004c E960     		str	r1, [r5, #12]
  95              		.loc 1 113 0
  96 004e 2168     		ldr	r1, [r4, #0]
  97 0050 41F00101 		orr	r1, r1, #1
  98 0054 2160     		str	r1, [r4, #0]
  99              		.loc 1 116 0
 100 0056 196C     		ldr	r1, [r3, #64]
 101 0058 41F08051 		orr	r1, r1, #268435456
 102 005c 1964     		str	r1, [r3, #64]
 103              	.LBB7:
 104              	.LBB6:
 105              		.loc 1 52 0
 106 005e 0168     		ldr	r1, [r0, #0]
 107 0060 41F48071 		orr	r1, r1, #256
 108 0064 0160     		str	r1, [r0, #0]
 109              		.loc 1 55 0
 110 0066 196F     		ldr	r1, [r3, #112]
 111 0068 01F44071 		and	r1, r1, #768
 112 006c B1F5007F 		cmp	r1, #512
 113 0070 03D0     		beq	.L2
 114              		.loc 1 57 0
ARM GAS  C:\Users\LAB_ME~1\AppData\Local\Temp\ccpxgmH1.s 			page 3


 115 0072 4FF48031 		mov	r1, #65536
 116 0076 1967     		str	r1, [r3, #112]
 117              		.loc 1 58 0
 118 0078 1A67     		str	r2, [r3, #112]
 119              	.L2:
 120              		.loc 1 71 0
 121 007a 074B     		ldr	r3, .L8
 122 007c 1A6F     		ldr	r2, [r3, #112]
 123 007e 1204     		lsls	r2, r2, #16
 124 0080 07D4     		bmi	.L3
 125              		.loc 1 73 0
 126 0082 1A6F     		ldr	r2, [r3, #112]
 127 0084 42F40072 		orr	r2, r2, #512
 128 0088 1A67     		str	r2, [r3, #112]
 129              		.loc 1 76 0
 130 008a 1A6F     		ldr	r2, [r3, #112]
 131 008c 42F40042 		orr	r2, r2, #32768
 132 0090 1A67     		str	r2, [r3, #112]
 133              	.L3:
 134              	.LBE6:
 135              	.LBE7:
 136              		.loc 1 129 0
 137 0092 70BC     		pop	{r4, r5, r6}
 138              		.loc 1 122 0
 139 0094 FFF7FEBF 		b	dmaInit
 140              	.LVL0:
 141              	.L9:
 142              		.align	2
 143              	.L8:
 144 0098 00380240 		.word	1073887232
 145 009c 10E000E0 		.word	-536813552
 146 00a0 00700040 		.word	1073770496
 147 00a4 F0ED00E0 		.word	-536810000
 148 00a8 001000E0 		.word	-536866816
 149 00ac 3F900200 		.word	167999
 150              		.cfi_endproc
 151              	.LFE119:
 152              		.size	hal_lld_init, .-hal_lld_init
 153              		.section	.text.stm32_clock_init,"ax",%progbits
 154              		.align	2
 155              		.p2align 4,,15
 156              		.global	stm32_clock_init
 157              		.thumb
 158              		.thumb_func
 159              		.type	stm32_clock_init, %function
 160              	stm32_clock_init:
 161              	.LFB120:
 162              		.loc 1 138 0
 163              		.cfi_startproc
 164              		@ args = 0, pretend = 0, frame = 0
 165              		@ frame_needed = 0, uses_anonymous_args = 0
 166              		@ link register save eliminated.
 167              		.loc 1 142 0
 168 0000 264A     		ldr	r2, .L38
 169              		.loc 1 146 0
 170 0002 274B     		ldr	r3, .L38+4
 171              		.loc 1 142 0
ARM GAS  C:\Users\LAB_ME~1\AppData\Local\Temp\ccpxgmH1.s 			page 4


 172 0004 4FF08051 		mov	r1, #268435456
 173 0008 1164     		str	r1, [r2, #64]
 174              		.loc 1 146 0
 175 000a 4FF48041 		mov	r1, #16384
 176              		.loc 1 147 0
 177 000e 1A46     		mov	r2, r3
 178              		.loc 1 146 0
 179 0010 1960     		str	r1, [r3, #0]
 180              	.L11:
 181              		.loc 1 147 0 discriminator 1
 182 0012 5368     		ldr	r3, [r2, #4]
 183 0014 5904     		lsls	r1, r3, #17
 184 0016 FCD5     		bpl	.L11
 185              		.loc 1 155 0
 186 0018 2049     		ldr	r1, .L38
 187 001a 0B68     		ldr	r3, [r1, #0]
 188 001c 43F00103 		orr	r3, r3, #1
 189 0020 0B60     		str	r3, [r1, #0]
 190              	.L12:
 191              		.loc 1 156 0 discriminator 1
 192 0022 0B68     		ldr	r3, [r1, #0]
 193 0024 1D4A     		ldr	r2, .L38
 194 0026 9B07     		lsls	r3, r3, #30
 195 0028 FBD5     		bpl	.L12
 196              		.loc 1 166 0
 197 002a 1368     		ldr	r3, [r2, #0]
 198 002c 43F48033 		orr	r3, r3, #65536
 199 0030 1360     		str	r3, [r2, #0]
 200              		.loc 1 168 0
 201 0032 1146     		mov	r1, r2
 202              	.L13:
 203              		.loc 1 168 0 is_stmt 0 discriminator 1
 204 0034 0B68     		ldr	r3, [r1, #0]
 205 0036 194A     		ldr	r2, .L38
 206 0038 9803     		lsls	r0, r3, #14
 207 003a FBD5     		bpl	.L13
 208              		.loc 1 174 0 is_stmt 1
 209 003c 536F     		ldr	r3, [r2, #116]
 210 003e 43F00103 		orr	r3, r3, #1
 211 0042 5367     		str	r3, [r2, #116]
 212              		.loc 1 175 0
 213 0044 1146     		mov	r1, r2
 214              	.L14:
 215              		.loc 1 175 0 is_stmt 0 discriminator 1
 216 0046 4B6F     		ldr	r3, [r1, #116]
 217 0048 144A     		ldr	r2, .L38
 218 004a 9B07     		lsls	r3, r3, #30
 219 004c FBD5     		bpl	.L14
 220              		.loc 1 192 0 is_stmt 1
 221 004e 154B     		ldr	r3, .L38+8
 222 0050 5360     		str	r3, [r2, #4]
 223              		.loc 1 194 0
 224 0052 1368     		ldr	r3, [r2, #0]
 225 0054 43F08073 		orr	r3, r3, #16777216
 226 0058 1360     		str	r3, [r2, #0]
 227              		.loc 1 195 0
 228 005a 1146     		mov	r1, r2
ARM GAS  C:\Users\LAB_ME~1\AppData\Local\Temp\ccpxgmH1.s 			page 5


 229              	.L15:
 230              		.loc 1 195 0 is_stmt 0 discriminator 1
 231 005c 0B68     		ldr	r3, [r1, #0]
 232 005e 0F4A     		ldr	r2, .L38
 233 0060 9801     		lsls	r0, r3, #6
 234 0062 FBD5     		bpl	.L15
 235              		.loc 1 208 0 is_stmt 1
 236 0064 9168     		ldr	r1, [r2, #8]
 237 0066 104B     		ldr	r3, .L38+12
 238 0068 0B43     		orrs	r3, r3, r1
 239 006a 9360     		str	r3, [r2, #8]
 240              		.loc 1 221 0
 241 006c 0F4B     		ldr	r3, .L38+16
 242 006e 40F20571 		movw	r1, #1797
 243 0072 1960     		str	r1, [r3, #0]
 244              		.loc 1 227 0
 245 0074 9368     		ldr	r3, [r2, #8]
 246 0076 43F00203 		orr	r3, r3, #2
 247 007a 9360     		str	r3, [r2, #8]
 248              	.L16:
 249              		.loc 1 228 0 discriminator 1
 250 007c 9368     		ldr	r3, [r2, #8]
 251 007e 0749     		ldr	r1, .L38
 252 0080 03F00C03 		and	r3, r3, #12
 253 0084 082B     		cmp	r3, #8
 254 0086 F9D1     		bne	.L16
 255              		.loc 1 235 0
 256 0088 4B6C     		ldr	r3, [r1, #68]
 257 008a 43F48043 		orr	r3, r3, #16384
 258 008e 4B64     		str	r3, [r1, #68]
 259 0090 4B6E     		ldr	r3, [r1, #100]
 260 0092 43F48043 		orr	r3, r3, #16384
 261 0096 4B66     		str	r3, [r1, #100]
 262 0098 7047     		bx	lr
 263              	.L39:
 264 009a 00BF     		.align	2
 265              	.L38:
 266 009c 00380240 		.word	1073887232
 267 00a0 00700040 		.word	1073770496
 268 00a4 08544007 		.word	121656328
 269 00a8 00940838 		.word	940086272
 270 00ac 003C0240 		.word	1073888256
 271              		.cfi_endproc
 272              	.LFE120:
 273              		.size	stm32_clock_init, .-stm32_clock_init
 274              		.text
 275              	.Letext0:
 276              		.file 2 "c:\\program files (x86)\\codesourcery\\sourcery_codebench_lite_for_arm_eabi\\bin\\../lib/
 277              		.file 3 "../../os/ports/common/ARMCMx/nvic.h"
 278              		.file 4 "../../os/ports/common/ARMCMx/CMSIS/include/core_cm4.h"
 279              		.file 5 "../../os/hal/platforms/STM32F4xx/stm32f4xx.h"
 280              		.file 6 "../../os/hal/platforms/STM32F4xx/stm32_dma.h"
 281              		.section	.debug_info,"",%progbits
 282              	.Ldebug_info0:
 283 0000 D5040000 		.4byte	0x4d5
 284 0004 0200     		.2byte	0x2
 285 0006 00000000 		.4byte	.Ldebug_abbrev0
ARM GAS  C:\Users\LAB_ME~1\AppData\Local\Temp\ccpxgmH1.s 			page 6


 286 000a 04       		.byte	0x4
 287 000b 01       		.uleb128 0x1
 288 000c A6010000 		.4byte	.LASF65
 289 0010 01       		.byte	0x1
 290 0011 79020000 		.4byte	.LASF66
 291 0015 21000000 		.4byte	.LASF67
 292 0019 18000000 		.4byte	.Ldebug_ranges0+0x18
 293 001d 00000000 		.4byte	0
 294 0021 00000000 		.4byte	0
 295 0025 00000000 		.4byte	.Ldebug_line0
 296 0029 02       		.uleb128 0x2
 297 002a 04       		.byte	0x4
 298 002b 05       		.byte	0x5
 299 002c 696E7400 		.ascii	"int\000"
 300 0030 03       		.uleb128 0x3
 301 0031 04       		.byte	0x4
 302 0032 07       		.byte	0x7
 303 0033 87010000 		.4byte	.LASF0
 304 0037 03       		.uleb128 0x3
 305 0038 01       		.byte	0x1
 306 0039 06       		.byte	0x6
 307 003a 5B010000 		.4byte	.LASF1
 308 003e 03       		.uleb128 0x3
 309 003f 01       		.byte	0x1
 310 0040 08       		.byte	0x8
 311 0041 45010000 		.4byte	.LASF2
 312 0045 03       		.uleb128 0x3
 313 0046 02       		.byte	0x2
 314 0047 05       		.byte	0x5
 315 0048 3D000000 		.4byte	.LASF3
 316 004c 04       		.uleb128 0x4
 317 004d 9D010000 		.4byte	.LASF5
 318 0051 02       		.byte	0x2
 319 0052 36       		.byte	0x36
 320 0053 57000000 		.4byte	0x57
 321 0057 03       		.uleb128 0x3
 322 0058 02       		.byte	0x2
 323 0059 07       		.byte	0x7
 324 005a E6010000 		.4byte	.LASF4
 325 005e 04       		.uleb128 0x4
 326 005f 10020000 		.4byte	.LASF6
 327 0063 02       		.byte	0x2
 328 0064 4F       		.byte	0x4f
 329 0065 69000000 		.4byte	0x69
 330 0069 03       		.uleb128 0x3
 331 006a 04       		.byte	0x4
 332 006b 05       		.byte	0x5
 333 006c 02010000 		.4byte	.LASF7
 334 0070 04       		.uleb128 0x4
 335 0071 7E010000 		.4byte	.LASF8
 336 0075 02       		.byte	0x2
 337 0076 50       		.byte	0x50
 338 0077 7B000000 		.4byte	0x7b
 339 007b 03       		.uleb128 0x3
 340 007c 04       		.byte	0x4
 341 007d 07       		.byte	0x7
 342 007e B2010000 		.4byte	.LASF9
ARM GAS  C:\Users\LAB_ME~1\AppData\Local\Temp\ccpxgmH1.s 			page 7


 343 0082 03       		.uleb128 0x3
 344 0083 08       		.byte	0x8
 345 0084 05       		.byte	0x5
 346 0085 E1000000 		.4byte	.LASF10
 347 0089 03       		.uleb128 0x3
 348 008a 08       		.byte	0x8
 349 008b 07       		.byte	0x7
 350 008c 67010000 		.4byte	.LASF11
 351 0090 04       		.uleb128 0x4
 352 0091 D1000000 		.4byte	.LASF12
 353 0095 03       		.byte	0x3
 354 0096 33       		.byte	0x33
 355 0097 9B000000 		.4byte	0x9b
 356 009b 05       		.uleb128 0x5
 357 009c 70000000 		.4byte	0x70
 358 00a0 03       		.uleb128 0x3
 359 00a1 04       		.byte	0x4
 360 00a2 07       		.byte	0x7
 361 00a3 47000000 		.4byte	.LASF13
 362 00a7 06       		.uleb128 0x6
 363 00a8 10       		.byte	0x10
 364 00a9 03       		.byte	0x3
 365 00aa EA       		.byte	0xea
 366 00ab E8000000 		.4byte	0xe8
 367 00af 07       		.uleb128 0x7
 368 00b0 FC000000 		.4byte	.LASF14
 369 00b4 03       		.byte	0x3
 370 00b5 EB       		.byte	0xeb
 371 00b6 90000000 		.4byte	0x90
 372 00ba 02       		.byte	0x2
 373 00bb 23       		.byte	0x23
 374 00bc 00       		.uleb128 0
 375 00bd 07       		.uleb128 0x7
 376 00be AA000000 		.4byte	.LASF15
 377 00c2 03       		.byte	0x3
 378 00c3 EC       		.byte	0xec
 379 00c4 90000000 		.4byte	0x90
 380 00c8 02       		.byte	0x2
 381 00c9 23       		.byte	0x23
 382 00ca 04       		.uleb128 0x4
 383 00cb 07       		.uleb128 0x7
 384 00cc CB000000 		.4byte	.LASF16
 385 00d0 03       		.byte	0x3
 386 00d1 ED       		.byte	0xed
 387 00d2 90000000 		.4byte	0x90
 388 00d6 02       		.byte	0x2
 389 00d7 23       		.byte	0x23
 390 00d8 08       		.uleb128 0x8
 391 00d9 07       		.uleb128 0x7
 392 00da 1B000000 		.4byte	.LASF17
 393 00de 03       		.byte	0x3
 394 00df EE       		.byte	0xee
 395 00e0 90000000 		.4byte	0x90
 396 00e4 02       		.byte	0x2
 397 00e5 23       		.byte	0x23
 398 00e6 0C       		.uleb128 0xc
 399 00e7 00       		.byte	0
ARM GAS  C:\Users\LAB_ME~1\AppData\Local\Temp\ccpxgmH1.s 			page 8


 400 00e8 04       		.uleb128 0x4
 401 00e9 08020000 		.4byte	.LASF18
 402 00ed 03       		.byte	0x3
 403 00ee EF       		.byte	0xef
 404 00ef A7000000 		.4byte	0xa7
 405 00f3 06       		.uleb128 0x6
 406 00f4 20       		.byte	0x20
 407 00f5 03       		.byte	0x3
 408 00f6 FF       		.byte	0xff
 409 00f7 74010000 		.4byte	0x174
 410 00fb 08       		.uleb128 0x8
 411 00fc 87000000 		.4byte	.LASF19
 412 0100 03       		.byte	0x3
 413 0101 0001     		.2byte	0x100
 414 0103 90000000 		.4byte	0x90
 415 0107 02       		.byte	0x2
 416 0108 23       		.byte	0x23
 417 0109 00       		.uleb128 0
 418 010a 08       		.uleb128 0x8
 419 010b EF000000 		.4byte	.LASF20
 420 010f 03       		.byte	0x3
 421 0110 0101     		.2byte	0x101
 422 0112 90000000 		.4byte	0x90
 423 0116 02       		.byte	0x2
 424 0117 23       		.byte	0x23
 425 0118 04       		.uleb128 0x4
 426 0119 08       		.uleb128 0x8
 427 011a 9B000000 		.4byte	.LASF21
 428 011e 03       		.byte	0x3
 429 011f 0201     		.2byte	0x102
 430 0121 90000000 		.4byte	0x90
 431 0125 02       		.byte	0x2
 432 0126 23       		.byte	0x23
 433 0127 08       		.uleb128 0x8
 434 0128 08       		.uleb128 0x8
 435 0129 3E010000 		.4byte	.LASF22
 436 012d 03       		.byte	0x3
 437 012e 0301     		.2byte	0x103
 438 0130 90000000 		.4byte	0x90
 439 0134 02       		.byte	0x2
 440 0135 23       		.byte	0x23
 441 0136 0C       		.uleb128 0xc
 442 0137 08       		.uleb128 0x8
 443 0138 70020000 		.4byte	.LASF23
 444 013c 03       		.byte	0x3
 445 013d 0401     		.2byte	0x104
 446 013f 90000000 		.4byte	0x90
 447 0143 02       		.byte	0x2
 448 0144 23       		.byte	0x23
 449 0145 10       		.uleb128 0x10
 450 0146 08       		.uleb128 0x8
 451 0147 A4020000 		.4byte	.LASF24
 452 014b 03       		.byte	0x3
 453 014c 0501     		.2byte	0x105
 454 014e 90000000 		.4byte	0x90
 455 0152 02       		.byte	0x2
 456 0153 23       		.byte	0x23
ARM GAS  C:\Users\LAB_ME~1\AppData\Local\Temp\ccpxgmH1.s 			page 9


 457 0154 14       		.uleb128 0x14
 458 0155 08       		.uleb128 0x8
 459 0156 5A000000 		.4byte	.LASF25
 460 015a 03       		.byte	0x3
 461 015b 0601     		.2byte	0x106
 462 015d 90000000 		.4byte	0x90
 463 0161 02       		.byte	0x2
 464 0162 23       		.byte	0x23
 465 0163 18       		.uleb128 0x18
 466 0164 08       		.uleb128 0x8
 467 0165 55000000 		.4byte	.LASF26
 468 0169 03       		.byte	0x3
 469 016a 0701     		.2byte	0x107
 470 016c 90000000 		.4byte	0x90
 471 0170 02       		.byte	0x2
 472 0171 23       		.byte	0x23
 473 0172 1C       		.uleb128 0x1c
 474 0173 00       		.byte	0
 475 0174 09       		.uleb128 0x9
 476 0175 79000000 		.4byte	.LASF27
 477 0179 03       		.byte	0x3
 478 017a 0801     		.2byte	0x108
 479 017c F3000000 		.4byte	0xf3
 480 0180 03       		.uleb128 0x3
 481 0181 01       		.byte	0x1
 482 0182 08       		.byte	0x8
 483 0183 03020000 		.4byte	.LASF28
 484 0187 0A       		.uleb128 0xa
 485 0188 9B000000 		.4byte	0x9b
 486 018c 0B       		.uleb128 0xb
 487 018d 70000000 		.4byte	0x70
 488 0191 9C010000 		.4byte	0x19c
 489 0195 0C       		.uleb128 0xc
 490 0196 A0000000 		.4byte	0xa0
 491 019a 01       		.byte	0x1
 492 019b 00       		.byte	0
 493 019c 0D       		.uleb128 0xd
 494 019d 10       		.byte	0x10
 495 019e 04       		.byte	0x4
 496 019f 6002     		.2byte	0x260
 497 01a1 E2010000 		.4byte	0x1e2
 498 01a5 08       		.uleb128 0x8
 499 01a6 87000000 		.4byte	.LASF19
 500 01aa 04       		.byte	0x4
 501 01ab 6202     		.2byte	0x262
 502 01ad 9B000000 		.4byte	0x9b
 503 01b1 02       		.byte	0x2
 504 01b2 23       		.byte	0x23
 505 01b3 00       		.uleb128 0
 506 01b4 08       		.uleb128 0x8
 507 01b5 AB020000 		.4byte	.LASF29
 508 01b9 04       		.byte	0x4
 509 01ba 6302     		.2byte	0x263
 510 01bc 9B000000 		.4byte	0x9b
 511 01c0 02       		.byte	0x2
 512 01c1 23       		.byte	0x23
 513 01c2 04       		.uleb128 0x4
ARM GAS  C:\Users\LAB_ME~1\AppData\Local\Temp\ccpxgmH1.s 			page 10


 514 01c3 0E       		.uleb128 0xe
 515 01c4 56414C00 		.ascii	"VAL\000"
 516 01c8 04       		.byte	0x4
 517 01c9 6402     		.2byte	0x264
 518 01cb 9B000000 		.4byte	0x9b
 519 01cf 02       		.byte	0x2
 520 01d0 23       		.byte	0x23
 521 01d1 08       		.uleb128 0x8
 522 01d2 08       		.uleb128 0x8
 523 01d3 F6000000 		.4byte	.LASF30
 524 01d7 04       		.byte	0x4
 525 01d8 6502     		.2byte	0x265
 526 01da 87010000 		.4byte	0x187
 527 01de 02       		.byte	0x2
 528 01df 23       		.byte	0x23
 529 01e0 0C       		.uleb128 0xc
 530 01e1 00       		.byte	0
 531 01e2 09       		.uleb128 0x9
 532 01e3 D9010000 		.4byte	.LASF31
 533 01e7 04       		.byte	0x4
 534 01e8 6602     		.2byte	0x266
 535 01ea 9C010000 		.4byte	0x19c
 536 01ee 05       		.uleb128 0x5
 537 01ef 5E000000 		.4byte	0x5e
 538 01f3 0D       		.uleb128 0xd
 539 01f4 18       		.byte	0x18
 540 01f5 05       		.byte	0x5
 541 01f6 4102     		.2byte	0x241
 542 01f8 55020000 		.4byte	0x255
 543 01fc 0E       		.uleb128 0xe
 544 01fd 41435200 		.ascii	"ACR\000"
 545 0201 05       		.byte	0x5
 546 0202 4302     		.2byte	0x243
 547 0204 9B000000 		.4byte	0x9b
 548 0208 02       		.byte	0x2
 549 0209 23       		.byte	0x23
 550 020a 00       		.uleb128 0
 551 020b 08       		.uleb128 0x8
 552 020c 39010000 		.4byte	.LASF32
 553 0210 05       		.byte	0x5
 554 0211 4402     		.2byte	0x244
 555 0213 9B000000 		.4byte	0x9b
 556 0217 02       		.byte	0x2
 557 0218 23       		.byte	0x23
 558 0219 04       		.uleb128 0x4
 559 021a 08       		.uleb128 0x8
 560 021b D9000000 		.4byte	.LASF33
 561 021f 05       		.byte	0x5
 562 0220 4502     		.2byte	0x245
 563 0222 9B000000 		.4byte	0x9b
 564 0226 02       		.byte	0x2
 565 0227 23       		.byte	0x23
 566 0228 08       		.uleb128 0x8
 567 0229 0E       		.uleb128 0xe
 568 022a 535200   		.ascii	"SR\000"
 569 022d 05       		.byte	0x5
 570 022e 4602     		.2byte	0x246
ARM GAS  C:\Users\LAB_ME~1\AppData\Local\Temp\ccpxgmH1.s 			page 11


 571 0230 9B000000 		.4byte	0x9b
 572 0234 02       		.byte	0x2
 573 0235 23       		.byte	0x23
 574 0236 0C       		.uleb128 0xc
 575 0237 0E       		.uleb128 0xe
 576 0238 435200   		.ascii	"CR\000"
 577 023b 05       		.byte	0x5
 578 023c 4702     		.2byte	0x247
 579 023e 9B000000 		.4byte	0x9b
 580 0242 02       		.byte	0x2
 581 0243 23       		.byte	0x23
 582 0244 10       		.uleb128 0x10
 583 0245 08       		.uleb128 0x8
 584 0246 EF020000 		.4byte	.LASF34
 585 024a 05       		.byte	0x5
 586 024b 4802     		.2byte	0x248
 587 024d 9B000000 		.4byte	0x9b
 588 0251 02       		.byte	0x2
 589 0252 23       		.byte	0x23
 590 0253 14       		.uleb128 0x14
 591 0254 00       		.byte	0
 592 0255 09       		.uleb128 0x9
 593 0256 CA020000 		.4byte	.LASF35
 594 025a 05       		.byte	0x5
 595 025b 4902     		.2byte	0x249
 596 025d F3010000 		.4byte	0x1f3
 597 0261 0D       		.uleb128 0xd
 598 0262 08       		.byte	0x8
 599 0263 05       		.byte	0x5
 600 0264 D102     		.2byte	0x2d1
 601 0266 88020000 		.4byte	0x288
 602 026a 0E       		.uleb128 0xe
 603 026b 435200   		.ascii	"CR\000"
 604 026e 05       		.byte	0x5
 605 026f D302     		.2byte	0x2d3
 606 0271 9B000000 		.4byte	0x9b
 607 0275 02       		.byte	0x2
 608 0276 23       		.byte	0x23
 609 0277 00       		.uleb128 0
 610 0278 0E       		.uleb128 0xe
 611 0279 43535200 		.ascii	"CSR\000"
 612 027d 05       		.byte	0x5
 613 027e D402     		.2byte	0x2d4
 614 0280 9B000000 		.4byte	0x9b
 615 0284 02       		.byte	0x2
 616 0285 23       		.byte	0x23
 617 0286 04       		.uleb128 0x4
 618 0287 00       		.byte	0
 619 0288 09       		.uleb128 0x9
 620 0289 6D000000 		.4byte	.LASF36
 621 028d 05       		.byte	0x5
 622 028e D502     		.2byte	0x2d5
 623 0290 61020000 		.4byte	0x261
 624 0294 0D       		.uleb128 0xd
 625 0295 88       		.byte	0x88
 626 0296 05       		.byte	0x5
 627 0297 DB02     		.2byte	0x2db
ARM GAS  C:\Users\LAB_ME~1\AppData\Local\Temp\ccpxgmH1.s 			page 12


 628 0299 61040000 		.4byte	0x461
 629 029d 0E       		.uleb128 0xe
 630 029e 435200   		.ascii	"CR\000"
 631 02a1 05       		.byte	0x5
 632 02a2 DD02     		.2byte	0x2dd
 633 02a4 9B000000 		.4byte	0x9b
 634 02a8 02       		.byte	0x2
 635 02a9 23       		.byte	0x23
 636 02aa 00       		.uleb128 0
 637 02ab 08       		.uleb128 0x8
 638 02ac D1010000 		.4byte	.LASF37
 639 02b0 05       		.byte	0x5
 640 02b1 DE02     		.2byte	0x2de
 641 02b3 9B000000 		.4byte	0x9b
 642 02b7 02       		.byte	0x2
 643 02b8 23       		.byte	0x23
 644 02b9 04       		.uleb128 0x4
 645 02ba 08       		.uleb128 0x8
 646 02bb 96000000 		.4byte	.LASF38
 647 02bf 05       		.byte	0x5
 648 02c0 DF02     		.2byte	0x2df
 649 02c2 9B000000 		.4byte	0x9b
 650 02c6 02       		.byte	0x2
 651 02c7 23       		.byte	0x23
 652 02c8 08       		.uleb128 0x8
 653 02c9 0E       		.uleb128 0xe
 654 02ca 43495200 		.ascii	"CIR\000"
 655 02ce 05       		.byte	0x5
 656 02cf E002     		.2byte	0x2e0
 657 02d1 9B000000 		.4byte	0x9b
 658 02d5 02       		.byte	0x2
 659 02d6 23       		.byte	0x23
 660 02d7 0C       		.uleb128 0xc
 661 02d8 08       		.uleb128 0x8
 662 02d9 B0020000 		.4byte	.LASF39
 663 02dd 05       		.byte	0x5
 664 02de E102     		.2byte	0x2e1
 665 02e0 9B000000 		.4byte	0x9b
 666 02e4 02       		.byte	0x2
 667 02e5 23       		.byte	0x23
 668 02e6 10       		.uleb128 0x10
 669 02e7 08       		.uleb128 0x8
 670 02e8 94010000 		.4byte	.LASF40
 671 02ec 05       		.byte	0x5
 672 02ed E202     		.2byte	0x2e2
 673 02ef 9B000000 		.4byte	0x9b
 674 02f3 02       		.byte	0x2
 675 02f4 23       		.byte	0x23
 676 02f5 14       		.uleb128 0x14
 677 02f6 08       		.uleb128 0x8
 678 02f7 C1020000 		.4byte	.LASF41
 679 02fb 05       		.byte	0x5
 680 02fc E302     		.2byte	0x2e3
 681 02fe 9B000000 		.4byte	0x9b
 682 0302 02       		.byte	0x2
 683 0303 23       		.byte	0x23
 684 0304 18       		.uleb128 0x18
ARM GAS  C:\Users\LAB_ME~1\AppData\Local\Temp\ccpxgmH1.s 			page 13


 685 0305 08       		.uleb128 0x8
 686 0306 2A020000 		.4byte	.LASF42
 687 030a 05       		.byte	0x5
 688 030b E402     		.2byte	0x2e4
 689 030d 70000000 		.4byte	0x70
 690 0311 02       		.byte	0x2
 691 0312 23       		.byte	0x23
 692 0313 1C       		.uleb128 0x1c
 693 0314 08       		.uleb128 0x8
 694 0315 0A000000 		.4byte	.LASF43
 695 0319 05       		.byte	0x5
 696 031a E502     		.2byte	0x2e5
 697 031c 9B000000 		.4byte	0x9b
 698 0320 02       		.byte	0x2
 699 0321 23       		.byte	0x23
 700 0322 20       		.uleb128 0x20
 701 0323 08       		.uleb128 0x8
 702 0324 17010000 		.4byte	.LASF44
 703 0328 05       		.byte	0x5
 704 0329 E602     		.2byte	0x2e6
 705 032b 9B000000 		.4byte	0x9b
 706 032f 02       		.byte	0x2
 707 0330 23       		.byte	0x23
 708 0331 24       		.uleb128 0x24
 709 0332 08       		.uleb128 0x8
 710 0333 34020000 		.4byte	.LASF45
 711 0337 05       		.byte	0x5
 712 0338 E702     		.2byte	0x2e7
 713 033a 8C010000 		.4byte	0x18c
 714 033e 02       		.byte	0x2
 715 033f 23       		.byte	0x23
 716 0340 28       		.uleb128 0x28
 717 0341 08       		.uleb128 0x8
 718 0342 B9020000 		.4byte	.LASF46
 719 0346 05       		.byte	0x5
 720 0347 E802     		.2byte	0x2e8
 721 0349 9B000000 		.4byte	0x9b
 722 034d 02       		.byte	0x2
 723 034e 23       		.byte	0x23
 724 034f 30       		.uleb128 0x30
 725 0350 08       		.uleb128 0x8
 726 0351 13000000 		.4byte	.LASF47
 727 0355 05       		.byte	0x5
 728 0356 E902     		.2byte	0x2e9
 729 0358 9B000000 		.4byte	0x9b
 730 035c 02       		.byte	0x2
 731 035d 23       		.byte	0x23
 732 035e 34       		.uleb128 0x34
 733 035f 08       		.uleb128 0x8
 734 0360 31010000 		.4byte	.LASF48
 735 0364 05       		.byte	0x5
 736 0365 EA02     		.2byte	0x2ea
 737 0367 9B000000 		.4byte	0x9b
 738 036b 02       		.byte	0x2
 739 036c 23       		.byte	0x23
 740 036d 38       		.uleb128 0x38
 741 036e 08       		.uleb128 0x8
ARM GAS  C:\Users\LAB_ME~1\AppData\Local\Temp\ccpxgmH1.s 			page 14


 742 036f 3E020000 		.4byte	.LASF49
 743 0373 05       		.byte	0x5
 744 0374 EB02     		.2byte	0x2eb
 745 0376 70000000 		.4byte	0x70
 746 037a 02       		.byte	0x2
 747 037b 23       		.byte	0x23
 748 037c 3C       		.uleb128 0x3c
 749 037d 08       		.uleb128 0x8
 750 037e A2000000 		.4byte	.LASF50
 751 0382 05       		.byte	0x5
 752 0383 EC02     		.2byte	0x2ec
 753 0385 9B000000 		.4byte	0x9b
 754 0389 02       		.byte	0x2
 755 038a 23       		.byte	0x23
 756 038b 40       		.uleb128 0x40
 757 038c 08       		.uleb128 0x8
 758 038d 53010000 		.4byte	.LASF51
 759 0391 05       		.byte	0x5
 760 0392 ED02     		.2byte	0x2ed
 761 0394 9B000000 		.4byte	0x9b
 762 0398 02       		.byte	0x2
 763 0399 23       		.byte	0x23
 764 039a 44       		.uleb128 0x44
 765 039b 08       		.uleb128 0x8
 766 039c 48020000 		.4byte	.LASF52
 767 03a0 05       		.byte	0x5
 768 03a1 EE02     		.2byte	0x2ee
 769 03a3 8C010000 		.4byte	0x18c
 770 03a7 02       		.byte	0x2
 771 03a8 23       		.byte	0x23
 772 03a9 48       		.uleb128 0x48
 773 03aa 08       		.uleb128 0x8
 774 03ab 00000000 		.4byte	.LASF53
 775 03af 05       		.byte	0x5
 776 03b0 EF02     		.2byte	0x2ef
 777 03b2 9B000000 		.4byte	0x9b
 778 03b6 02       		.byte	0x2
 779 03b7 23       		.byte	0x23
 780 03b8 50       		.uleb128 0x50
 781 03b9 08       		.uleb128 0x8
 782 03ba 18020000 		.4byte	.LASF54
 783 03be 05       		.byte	0x5
 784 03bf F002     		.2byte	0x2f0
 785 03c1 9B000000 		.4byte	0x9b
 786 03c5 02       		.byte	0x2
 787 03c6 23       		.byte	0x23
 788 03c7 54       		.uleb128 0x54
 789 03c8 08       		.uleb128 0x8
 790 03c9 8C000000 		.4byte	.LASF55
 791 03cd 05       		.byte	0x5
 792 03ce F102     		.2byte	0x2f1
 793 03d0 9B000000 		.4byte	0x9b
 794 03d4 02       		.byte	0x2
 795 03d5 23       		.byte	0x23
 796 03d6 58       		.uleb128 0x58
 797 03d7 08       		.uleb128 0x8
 798 03d8 52020000 		.4byte	.LASF56
ARM GAS  C:\Users\LAB_ME~1\AppData\Local\Temp\ccpxgmH1.s 			page 15


 799 03dc 05       		.byte	0x5
 800 03dd F202     		.2byte	0x2f2
 801 03df 70000000 		.4byte	0x70
 802 03e3 02       		.byte	0x2
 803 03e4 23       		.byte	0x23
 804 03e5 5C       		.uleb128 0x5c
 805 03e6 08       		.uleb128 0x8
 806 03e7 F9010000 		.4byte	.LASF57
 807 03eb 05       		.byte	0x5
 808 03ec F302     		.2byte	0x2f3
 809 03ee 9B000000 		.4byte	0x9b
 810 03f2 02       		.byte	0x2
 811 03f3 23       		.byte	0x23
 812 03f4 60       		.uleb128 0x60
 813 03f5 08       		.uleb128 0x8
 814 03f6 E5020000 		.4byte	.LASF58
 815 03fa 05       		.byte	0x5
 816 03fb F402     		.2byte	0x2f4
 817 03fd 9B000000 		.4byte	0x9b
 818 0401 02       		.byte	0x2
 819 0402 23       		.byte	0x23
 820 0403 64       		.uleb128 0x64
 821 0404 08       		.uleb128 0x8
 822 0405 5C020000 		.4byte	.LASF59
 823 0409 05       		.byte	0x5
 824 040a F502     		.2byte	0x2f5
 825 040c 8C010000 		.4byte	0x18c
 826 0410 02       		.byte	0x2
 827 0411 23       		.byte	0x23
 828 0412 68       		.uleb128 0x68
 829 0413 08       		.uleb128 0x8
 830 0414 50000000 		.4byte	.LASF60
 831 0418 05       		.byte	0x5
 832 0419 F602     		.2byte	0x2f6
 833 041b 9B000000 		.4byte	0x9b
 834 041f 02       		.byte	0x2
 835 0420 23       		.byte	0x23
 836 0421 70       		.uleb128 0x70
 837 0422 0E       		.uleb128 0xe
 838 0423 43535200 		.ascii	"CSR\000"
 839 0427 05       		.byte	0x5
 840 0428 F702     		.2byte	0x2f7
 841 042a 9B000000 		.4byte	0x9b
 842 042e 02       		.byte	0x2
 843 042f 23       		.byte	0x23
 844 0430 74       		.uleb128 0x74
 845 0431 08       		.uleb128 0x8
 846 0432 66020000 		.4byte	.LASF61
 847 0436 05       		.byte	0x5
 848 0437 F802     		.2byte	0x2f8
 849 0439 8C010000 		.4byte	0x18c
 850 043d 02       		.byte	0x2
 851 043e 23       		.byte	0x23
 852 043f 78       		.uleb128 0x78
 853 0440 08       		.uleb128 0x8
 854 0441 81000000 		.4byte	.LASF62
 855 0445 05       		.byte	0x5
ARM GAS  C:\Users\LAB_ME~1\AppData\Local\Temp\ccpxgmH1.s 			page 16


 856 0446 F902     		.2byte	0x2f9
 857 0448 9B000000 		.4byte	0x9b
 858 044c 03       		.byte	0x3
 859 044d 23       		.byte	0x23
 860 044e 8001     		.uleb128 0x80
 861 0450 08       		.uleb128 0x8
 862 0451 62000000 		.4byte	.LASF63
 863 0455 05       		.byte	0x5
 864 0456 FA02     		.2byte	0x2fa
 865 0458 9B000000 		.4byte	0x9b
 866 045c 03       		.byte	0x3
 867 045d 23       		.byte	0x23
 868 045e 8401     		.uleb128 0x84
 869 0460 00       		.byte	0
 870 0461 09       		.uleb128 0x9
 871 0462 0B010000 		.4byte	.LASF64
 872 0466 05       		.byte	0x5
 873 0467 FB02     		.2byte	0x2fb
 874 0469 94020000 		.4byte	0x294
 875 046d 0F       		.uleb128 0xf
 876 046e B0000000 		.4byte	.LASF68
 877 0472 01       		.byte	0x1
 878 0473 31       		.byte	0x31
 879 0474 01       		.byte	0x1
 880 0475 01       		.byte	0x1
 881 0476 10       		.uleb128 0x10
 882 0477 01       		.byte	0x1
 883 0478 C4010000 		.4byte	.LASF69
 884 047c 01       		.byte	0x1
 885 047d 5E       		.byte	0x5e
 886 047e 01       		.byte	0x1
 887 047f 00000000 		.4byte	.LFB119
 888 0483 B0000000 		.4byte	.LFE119
 889 0487 00000000 		.4byte	.LLST0
 890 048b 01       		.byte	0x1
 891 048c AA040000 		.4byte	0x4aa
 892 0490 11       		.uleb128 0x11
 893 0491 6D040000 		.4byte	0x46d
 894 0495 04000000 		.4byte	.LBB4
 895 0499 00000000 		.4byte	.Ldebug_ranges0+0
 896 049d 01       		.byte	0x1
 897 049e 77       		.byte	0x77
 898 049f 12       		.uleb128 0x12
 899 04a0 98000000 		.4byte	.LVL0
 900 04a4 01       		.byte	0x1
 901 04a5 CD040000 		.4byte	0x4cd
 902 04a9 00       		.byte	0
 903 04aa 13       		.uleb128 0x13
 904 04ab 01       		.byte	0x1
 905 04ac 20010000 		.4byte	.LASF70
 906 04b0 01       		.byte	0x1
 907 04b1 8A       		.byte	0x8a
 908 04b2 01       		.byte	0x1
 909 04b3 00000000 		.4byte	.LFB120
 910 04b7 B0000000 		.4byte	.LFE120
 911 04bb 02       		.byte	0x2
 912 04bc 7D       		.byte	0x7d
ARM GAS  C:\Users\LAB_ME~1\AppData\Local\Temp\ccpxgmH1.s 			page 17


 913 04bd 00       		.sleb128 0
 914 04be 01       		.byte	0x1
 915 04bf 14       		.uleb128 0x14
 916 04c0 D8020000 		.4byte	.LASF71
 917 04c4 04       		.byte	0x4
 918 04c5 9806     		.2byte	0x698
 919 04c7 EE010000 		.4byte	0x1ee
 920 04cb 01       		.byte	0x1
 921 04cc 01       		.byte	0x1
 922 04cd 15       		.uleb128 0x15
 923 04ce 01       		.byte	0x1
 924 04cf 22020000 		.4byte	.LASF72
 925 04d3 06       		.byte	0x6
 926 04d4 C101     		.2byte	0x1c1
 927 04d6 01       		.byte	0x1
 928 04d7 01       		.byte	0x1
 929 04d8 00       		.byte	0
 930              		.section	.debug_abbrev,"",%progbits
 931              	.Ldebug_abbrev0:
 932 0000 01       		.uleb128 0x1
 933 0001 11       		.uleb128 0x11
 934 0002 01       		.byte	0x1
 935 0003 25       		.uleb128 0x25
 936 0004 0E       		.uleb128 0xe
 937 0005 13       		.uleb128 0x13
 938 0006 0B       		.uleb128 0xb
 939 0007 03       		.uleb128 0x3
 940 0008 0E       		.uleb128 0xe
 941 0009 1B       		.uleb128 0x1b
 942 000a 0E       		.uleb128 0xe
 943 000b 55       		.uleb128 0x55
 944 000c 06       		.uleb128 0x6
 945 000d 11       		.uleb128 0x11
 946 000e 01       		.uleb128 0x1
 947 000f 52       		.uleb128 0x52
 948 0010 01       		.uleb128 0x1
 949 0011 10       		.uleb128 0x10
 950 0012 06       		.uleb128 0x6
 951 0013 00       		.byte	0
 952 0014 00       		.byte	0
 953 0015 02       		.uleb128 0x2
 954 0016 24       		.uleb128 0x24
 955 0017 00       		.byte	0
 956 0018 0B       		.uleb128 0xb
 957 0019 0B       		.uleb128 0xb
 958 001a 3E       		.uleb128 0x3e
 959 001b 0B       		.uleb128 0xb
 960 001c 03       		.uleb128 0x3
 961 001d 08       		.uleb128 0x8
 962 001e 00       		.byte	0
 963 001f 00       		.byte	0
 964 0020 03       		.uleb128 0x3
 965 0021 24       		.uleb128 0x24
 966 0022 00       		.byte	0
 967 0023 0B       		.uleb128 0xb
 968 0024 0B       		.uleb128 0xb
 969 0025 3E       		.uleb128 0x3e
ARM GAS  C:\Users\LAB_ME~1\AppData\Local\Temp\ccpxgmH1.s 			page 18


 970 0026 0B       		.uleb128 0xb
 971 0027 03       		.uleb128 0x3
 972 0028 0E       		.uleb128 0xe
 973 0029 00       		.byte	0
 974 002a 00       		.byte	0
 975 002b 04       		.uleb128 0x4
 976 002c 16       		.uleb128 0x16
 977 002d 00       		.byte	0
 978 002e 03       		.uleb128 0x3
 979 002f 0E       		.uleb128 0xe
 980 0030 3A       		.uleb128 0x3a
 981 0031 0B       		.uleb128 0xb
 982 0032 3B       		.uleb128 0x3b
 983 0033 0B       		.uleb128 0xb
 984 0034 49       		.uleb128 0x49
 985 0035 13       		.uleb128 0x13
 986 0036 00       		.byte	0
 987 0037 00       		.byte	0
 988 0038 05       		.uleb128 0x5
 989 0039 35       		.uleb128 0x35
 990 003a 00       		.byte	0
 991 003b 49       		.uleb128 0x49
 992 003c 13       		.uleb128 0x13
 993 003d 00       		.byte	0
 994 003e 00       		.byte	0
 995 003f 06       		.uleb128 0x6
 996 0040 13       		.uleb128 0x13
 997 0041 01       		.byte	0x1
 998 0042 0B       		.uleb128 0xb
 999 0043 0B       		.uleb128 0xb
 1000 0044 3A       		.uleb128 0x3a
 1001 0045 0B       		.uleb128 0xb
 1002 0046 3B       		.uleb128 0x3b
 1003 0047 0B       		.uleb128 0xb
 1004 0048 01       		.uleb128 0x1
 1005 0049 13       		.uleb128 0x13
 1006 004a 00       		.byte	0
 1007 004b 00       		.byte	0
 1008 004c 07       		.uleb128 0x7
 1009 004d 0D       		.uleb128 0xd
 1010 004e 00       		.byte	0
 1011 004f 03       		.uleb128 0x3
 1012 0050 0E       		.uleb128 0xe
 1013 0051 3A       		.uleb128 0x3a
 1014 0052 0B       		.uleb128 0xb
 1015 0053 3B       		.uleb128 0x3b
 1016 0054 0B       		.uleb128 0xb
 1017 0055 49       		.uleb128 0x49
 1018 0056 13       		.uleb128 0x13
 1019 0057 38       		.uleb128 0x38
 1020 0058 0A       		.uleb128 0xa
 1021 0059 00       		.byte	0
 1022 005a 00       		.byte	0
 1023 005b 08       		.uleb128 0x8
 1024 005c 0D       		.uleb128 0xd
 1025 005d 00       		.byte	0
 1026 005e 03       		.uleb128 0x3
ARM GAS  C:\Users\LAB_ME~1\AppData\Local\Temp\ccpxgmH1.s 			page 19


 1027 005f 0E       		.uleb128 0xe
 1028 0060 3A       		.uleb128 0x3a
 1029 0061 0B       		.uleb128 0xb
 1030 0062 3B       		.uleb128 0x3b
 1031 0063 05       		.uleb128 0x5
 1032 0064 49       		.uleb128 0x49
 1033 0065 13       		.uleb128 0x13
 1034 0066 38       		.uleb128 0x38
 1035 0067 0A       		.uleb128 0xa
 1036 0068 00       		.byte	0
 1037 0069 00       		.byte	0
 1038 006a 09       		.uleb128 0x9
 1039 006b 16       		.uleb128 0x16
 1040 006c 00       		.byte	0
 1041 006d 03       		.uleb128 0x3
 1042 006e 0E       		.uleb128 0xe
 1043 006f 3A       		.uleb128 0x3a
 1044 0070 0B       		.uleb128 0xb
 1045 0071 3B       		.uleb128 0x3b
 1046 0072 05       		.uleb128 0x5
 1047 0073 49       		.uleb128 0x49
 1048 0074 13       		.uleb128 0x13
 1049 0075 00       		.byte	0
 1050 0076 00       		.byte	0
 1051 0077 0A       		.uleb128 0xa
 1052 0078 26       		.uleb128 0x26
 1053 0079 00       		.byte	0
 1054 007a 49       		.uleb128 0x49
 1055 007b 13       		.uleb128 0x13
 1056 007c 00       		.byte	0
 1057 007d 00       		.byte	0
 1058 007e 0B       		.uleb128 0xb
 1059 007f 01       		.uleb128 0x1
 1060 0080 01       		.byte	0x1
 1061 0081 49       		.uleb128 0x49
 1062 0082 13       		.uleb128 0x13
 1063 0083 01       		.uleb128 0x1
 1064 0084 13       		.uleb128 0x13
 1065 0085 00       		.byte	0
 1066 0086 00       		.byte	0
 1067 0087 0C       		.uleb128 0xc
 1068 0088 21       		.uleb128 0x21
 1069 0089 00       		.byte	0
 1070 008a 49       		.uleb128 0x49
 1071 008b 13       		.uleb128 0x13
 1072 008c 2F       		.uleb128 0x2f
 1073 008d 0B       		.uleb128 0xb
 1074 008e 00       		.byte	0
 1075 008f 00       		.byte	0
 1076 0090 0D       		.uleb128 0xd
 1077 0091 13       		.uleb128 0x13
 1078 0092 01       		.byte	0x1
 1079 0093 0B       		.uleb128 0xb
 1080 0094 0B       		.uleb128 0xb
 1081 0095 3A       		.uleb128 0x3a
 1082 0096 0B       		.uleb128 0xb
 1083 0097 3B       		.uleb128 0x3b
ARM GAS  C:\Users\LAB_ME~1\AppData\Local\Temp\ccpxgmH1.s 			page 20


 1084 0098 05       		.uleb128 0x5
 1085 0099 01       		.uleb128 0x1
 1086 009a 13       		.uleb128 0x13
 1087 009b 00       		.byte	0
 1088 009c 00       		.byte	0
 1089 009d 0E       		.uleb128 0xe
 1090 009e 0D       		.uleb128 0xd
 1091 009f 00       		.byte	0
 1092 00a0 03       		.uleb128 0x3
 1093 00a1 08       		.uleb128 0x8
 1094 00a2 3A       		.uleb128 0x3a
 1095 00a3 0B       		.uleb128 0xb
 1096 00a4 3B       		.uleb128 0x3b
 1097 00a5 05       		.uleb128 0x5
 1098 00a6 49       		.uleb128 0x49
 1099 00a7 13       		.uleb128 0x13
 1100 00a8 38       		.uleb128 0x38
 1101 00a9 0A       		.uleb128 0xa
 1102 00aa 00       		.byte	0
 1103 00ab 00       		.byte	0
 1104 00ac 0F       		.uleb128 0xf
 1105 00ad 2E       		.uleb128 0x2e
 1106 00ae 00       		.byte	0
 1107 00af 03       		.uleb128 0x3
 1108 00b0 0E       		.uleb128 0xe
 1109 00b1 3A       		.uleb128 0x3a
 1110 00b2 0B       		.uleb128 0xb
 1111 00b3 3B       		.uleb128 0x3b
 1112 00b4 0B       		.uleb128 0xb
 1113 00b5 27       		.uleb128 0x27
 1114 00b6 0C       		.uleb128 0xc
 1115 00b7 20       		.uleb128 0x20
 1116 00b8 0B       		.uleb128 0xb
 1117 00b9 00       		.byte	0
 1118 00ba 00       		.byte	0
 1119 00bb 10       		.uleb128 0x10
 1120 00bc 2E       		.uleb128 0x2e
 1121 00bd 01       		.byte	0x1
 1122 00be 3F       		.uleb128 0x3f
 1123 00bf 0C       		.uleb128 0xc
 1124 00c0 03       		.uleb128 0x3
 1125 00c1 0E       		.uleb128 0xe
 1126 00c2 3A       		.uleb128 0x3a
 1127 00c3 0B       		.uleb128 0xb
 1128 00c4 3B       		.uleb128 0x3b
 1129 00c5 0B       		.uleb128 0xb
 1130 00c6 27       		.uleb128 0x27
 1131 00c7 0C       		.uleb128 0xc
 1132 00c8 11       		.uleb128 0x11
 1133 00c9 01       		.uleb128 0x1
 1134 00ca 12       		.uleb128 0x12
 1135 00cb 01       		.uleb128 0x1
 1136 00cc 40       		.uleb128 0x40
 1137 00cd 06       		.uleb128 0x6
 1138 00ce 9742     		.uleb128 0x2117
 1139 00d0 0C       		.uleb128 0xc
 1140 00d1 01       		.uleb128 0x1
ARM GAS  C:\Users\LAB_ME~1\AppData\Local\Temp\ccpxgmH1.s 			page 21


 1141 00d2 13       		.uleb128 0x13
 1142 00d3 00       		.byte	0
 1143 00d4 00       		.byte	0
 1144 00d5 11       		.uleb128 0x11
 1145 00d6 1D       		.uleb128 0x1d
 1146 00d7 00       		.byte	0
 1147 00d8 31       		.uleb128 0x31
 1148 00d9 13       		.uleb128 0x13
 1149 00da 52       		.uleb128 0x52
 1150 00db 01       		.uleb128 0x1
 1151 00dc 55       		.uleb128 0x55
 1152 00dd 06       		.uleb128 0x6
 1153 00de 58       		.uleb128 0x58
 1154 00df 0B       		.uleb128 0xb
 1155 00e0 59       		.uleb128 0x59
 1156 00e1 0B       		.uleb128 0xb
 1157 00e2 00       		.byte	0
 1158 00e3 00       		.byte	0
 1159 00e4 12       		.uleb128 0x12
 1160 00e5 898201   		.uleb128 0x4109
 1161 00e8 00       		.byte	0
 1162 00e9 11       		.uleb128 0x11
 1163 00ea 01       		.uleb128 0x1
 1164 00eb 9542     		.uleb128 0x2115
 1165 00ed 0C       		.uleb128 0xc
 1166 00ee 31       		.uleb128 0x31
 1167 00ef 13       		.uleb128 0x13
 1168 00f0 00       		.byte	0
 1169 00f1 00       		.byte	0
 1170 00f2 13       		.uleb128 0x13
 1171 00f3 2E       		.uleb128 0x2e
 1172 00f4 00       		.byte	0
 1173 00f5 3F       		.uleb128 0x3f
 1174 00f6 0C       		.uleb128 0xc
 1175 00f7 03       		.uleb128 0x3
 1176 00f8 0E       		.uleb128 0xe
 1177 00f9 3A       		.uleb128 0x3a
 1178 00fa 0B       		.uleb128 0xb
 1179 00fb 3B       		.uleb128 0x3b
 1180 00fc 0B       		.uleb128 0xb
 1181 00fd 27       		.uleb128 0x27
 1182 00fe 0C       		.uleb128 0xc
 1183 00ff 11       		.uleb128 0x11
 1184 0100 01       		.uleb128 0x1
 1185 0101 12       		.uleb128 0x12
 1186 0102 01       		.uleb128 0x1
 1187 0103 40       		.uleb128 0x40
 1188 0104 0A       		.uleb128 0xa
 1189 0105 9742     		.uleb128 0x2117
 1190 0107 0C       		.uleb128 0xc
 1191 0108 00       		.byte	0
 1192 0109 00       		.byte	0
 1193 010a 14       		.uleb128 0x14
 1194 010b 34       		.uleb128 0x34
 1195 010c 00       		.byte	0
 1196 010d 03       		.uleb128 0x3
 1197 010e 0E       		.uleb128 0xe
ARM GAS  C:\Users\LAB_ME~1\AppData\Local\Temp\ccpxgmH1.s 			page 22


 1198 010f 3A       		.uleb128 0x3a
 1199 0110 0B       		.uleb128 0xb
 1200 0111 3B       		.uleb128 0x3b
 1201 0112 05       		.uleb128 0x5
 1202 0113 49       		.uleb128 0x49
 1203 0114 13       		.uleb128 0x13
 1204 0115 3F       		.uleb128 0x3f
 1205 0116 0C       		.uleb128 0xc
 1206 0117 3C       		.uleb128 0x3c
 1207 0118 0C       		.uleb128 0xc
 1208 0119 00       		.byte	0
 1209 011a 00       		.byte	0
 1210 011b 15       		.uleb128 0x15
 1211 011c 2E       		.uleb128 0x2e
 1212 011d 00       		.byte	0
 1213 011e 3F       		.uleb128 0x3f
 1214 011f 0C       		.uleb128 0xc
 1215 0120 03       		.uleb128 0x3
 1216 0121 0E       		.uleb128 0xe
 1217 0122 3A       		.uleb128 0x3a
 1218 0123 0B       		.uleb128 0xb
 1219 0124 3B       		.uleb128 0x3b
 1220 0125 05       		.uleb128 0x5
 1221 0126 27       		.uleb128 0x27
 1222 0127 0C       		.uleb128 0xc
 1223 0128 3C       		.uleb128 0x3c
 1224 0129 0C       		.uleb128 0xc
 1225 012a 00       		.byte	0
 1226 012b 00       		.byte	0
 1227 012c 00       		.byte	0
 1228              		.section	.debug_loc,"",%progbits
 1229              	.Ldebug_loc0:
 1230              	.LLST0:
 1231 0000 00000000 		.4byte	.LFB119
 1232 0004 08000000 		.4byte	.LCFI0
 1233 0008 0200     		.2byte	0x2
 1234 000a 7D       		.byte	0x7d
 1235 000b 00       		.sleb128 0
 1236 000c 08000000 		.4byte	.LCFI0
 1237 0010 B0000000 		.4byte	.LFE119
 1238 0014 0200     		.2byte	0x2
 1239 0016 7D       		.byte	0x7d
 1240 0017 0C       		.sleb128 12
 1241 0018 00000000 		.4byte	0
 1242 001c 00000000 		.4byte	0
 1243              		.section	.debug_aranges,"",%progbits
 1244 0000 24000000 		.4byte	0x24
 1245 0004 0200     		.2byte	0x2
 1246 0006 00000000 		.4byte	.Ldebug_info0
 1247 000a 04       		.byte	0x4
 1248 000b 00       		.byte	0
 1249 000c 0000     		.2byte	0
 1250 000e 0000     		.2byte	0
 1251 0010 00000000 		.4byte	.LFB119
 1252 0014 B0000000 		.4byte	.LFE119-.LFB119
 1253 0018 00000000 		.4byte	.LFB120
 1254 001c B0000000 		.4byte	.LFE120-.LFB120
ARM GAS  C:\Users\LAB_ME~1\AppData\Local\Temp\ccpxgmH1.s 			page 23


 1255 0020 00000000 		.4byte	0
 1256 0024 00000000 		.4byte	0
 1257              		.section	.debug_ranges,"",%progbits
 1258              	.Ldebug_ranges0:
 1259 0000 04000000 		.4byte	.LBB4
 1260 0004 06000000 		.4byte	.LBE4
 1261 0008 5E000000 		.4byte	.LBB7
 1262 000c 92000000 		.4byte	.LBE7
 1263 0010 00000000 		.4byte	0
 1264 0014 00000000 		.4byte	0
 1265 0018 00000000 		.4byte	.LFB119
 1266 001c B0000000 		.4byte	.LFE119
 1267 0020 00000000 		.4byte	.LFB120
 1268 0024 B0000000 		.4byte	.LFE120
 1269 0028 00000000 		.4byte	0
 1270 002c 00000000 		.4byte	0
 1271              		.section	.debug_line,"",%progbits
 1272              	.Ldebug_line0:
 1273 0000 EB010000 		.section	.debug_str,"MS",%progbits,1
 1273      02005901 
 1273      00000201 
 1273      FB0E0D00 
 1273      01010101 
 1274              	.LASF53:
 1275 0000 41484231 		.ascii	"AHB1LPENR\000"
 1275      4C50454E 
 1275      5200
 1276              	.LASF43:
 1277 000a 41504231 		.ascii	"APB1RSTR\000"
 1277      52535452 
 1277      00
 1278              	.LASF47:
 1279 0013 41484232 		.ascii	"AHB2ENR\000"
 1279      454E5200 
 1280              	.LASF17:
 1281 001b 44454D43 		.ascii	"DEMCR\000"
 1281      5200
 1282              	.LASF67:
 1283 0021 433A5C43 		.ascii	"C:\\Chibios\\demos\\FirmwareV2\000"
 1283      68696269 
 1283      6F735C64 
 1283      656D6F73 
 1283      5C466972 
 1284              	.LASF3:
 1285 003d 73686F72 		.ascii	"short int\000"
 1285      7420696E 
 1285      7400
 1286              	.LASF13:
 1287 0047 73697A65 		.ascii	"sizetype\000"
 1287      74797065 
 1287      00
 1288              	.LASF60:
 1289 0050 42444352 		.ascii	"BDCR\000"
 1289      00
 1290              	.LASF26:
 1291 0055 50435352 		.ascii	"PCSR\000"
 1291      00
ARM GAS  C:\Users\LAB_ME~1\AppData\Local\Temp\ccpxgmH1.s 			page 24


 1292              	.LASF25:
 1293 005a 464F4C44 		.ascii	"FOLDCNT\000"
 1293      434E5400 
 1294              	.LASF63:
 1295 0062 504C4C49 		.ascii	"PLLI2SCFGR\000"
 1295      32534346 
 1295      475200
 1296              	.LASF36:
 1297 006d 5057525F 		.ascii	"PWR_TypeDef\000"
 1297      54797065 
 1297      44656600 
 1298              	.LASF27:
 1299 0079 434D785F 		.ascii	"CMx_DWT\000"
 1299      44575400 
 1300              	.LASF62:
 1301 0081 53534347 		.ascii	"SSCGR\000"
 1301      5200
 1302              	.LASF19:
 1303 0087 4354524C 		.ascii	"CTRL\000"
 1303      00
 1304              	.LASF55:
 1305 008c 41484233 		.ascii	"AHB3LPENR\000"
 1305      4C50454E 
 1305      5200
 1306              	.LASF38:
 1307 0096 43464752 		.ascii	"CFGR\000"
 1307      00
 1308              	.LASF21:
 1309 009b 43504943 		.ascii	"CPICNT\000"
 1309      4E5400
 1310              	.LASF50:
 1311 00a2 41504231 		.ascii	"APB1ENR\000"
 1311      454E5200 
 1312              	.LASF15:
 1313 00aa 44435253 		.ascii	"DCRSR\000"
 1313      5200
 1314              	.LASF68:
 1315 00b0 68616C5F 		.ascii	"hal_lld_backup_domain_init\000"
 1315      6C6C645F 
 1315      6261636B 
 1315      75705F64 
 1315      6F6D6169 
 1316              	.LASF16:
 1317 00cb 44435244 		.ascii	"DCRDR\000"
 1317      5200
 1318              	.LASF12:
 1319 00d1 494F5245 		.ascii	"IOREG32\000"
 1319      47333200 
 1320              	.LASF33:
 1321 00d9 4F50544B 		.ascii	"OPTKEYR\000"
 1321      45595200 
 1322              	.LASF10:
 1323 00e1 6C6F6E67 		.ascii	"long long int\000"
 1323      206C6F6E 
 1323      6720696E 
 1323      7400
 1324              	.LASF20:
ARM GAS  C:\Users\LAB_ME~1\AppData\Local\Temp\ccpxgmH1.s 			page 25


 1325 00ef 43594343 		.ascii	"CYCCNT\000"
 1325      4E5400
 1326              	.LASF30:
 1327 00f6 43414C49 		.ascii	"CALIB\000"
 1327      4200
 1328              	.LASF14:
 1329 00fc 44484353 		.ascii	"DHCSR\000"
 1329      5200
 1330              	.LASF7:
 1331 0102 6C6F6E67 		.ascii	"long int\000"
 1331      20696E74 
 1331      00
 1332              	.LASF64:
 1333 010b 5243435F 		.ascii	"RCC_TypeDef\000"
 1333      54797065 
 1333      44656600 
 1334              	.LASF44:
 1335 0117 41504232 		.ascii	"APB2RSTR\000"
 1335      52535452 
 1335      00
 1336              	.LASF70:
 1337 0120 73746D33 		.ascii	"stm32_clock_init\000"
 1337      325F636C 
 1337      6F636B5F 
 1337      696E6974 
 1337      00
 1338              	.LASF48:
 1339 0131 41484233 		.ascii	"AHB3ENR\000"
 1339      454E5200 
 1340              	.LASF32:
 1341 0139 4B455952 		.ascii	"KEYR\000"
 1341      00
 1342              	.LASF22:
 1343 013e 45584343 		.ascii	"EXCCNT\000"
 1343      4E5400
 1344              	.LASF2:
 1345 0145 756E7369 		.ascii	"unsigned char\000"
 1345      676E6564 
 1345      20636861 
 1345      7200
 1346              	.LASF51:
 1347 0153 41504232 		.ascii	"APB2ENR\000"
 1347      454E5200 
 1348              	.LASF1:
 1349 015b 7369676E 		.ascii	"signed char\000"
 1349      65642063 
 1349      68617200 
 1350              	.LASF11:
 1351 0167 6C6F6E67 		.ascii	"long long unsigned int\000"
 1351      206C6F6E 
 1351      6720756E 
 1351      7369676E 
 1351      65642069 
 1352              	.LASF8:
 1353 017e 75696E74 		.ascii	"uint32_t\000"
 1353      33325F74 
 1353      00
ARM GAS  C:\Users\LAB_ME~1\AppData\Local\Temp\ccpxgmH1.s 			page 26


 1354              	.LASF0:
 1355 0187 756E7369 		.ascii	"unsigned int\000"
 1355      676E6564 
 1355      20696E74 
 1355      00
 1356              	.LASF40:
 1357 0194 41484232 		.ascii	"AHB2RSTR\000"
 1357      52535452 
 1357      00
 1358              	.LASF5:
 1359 019d 75696E74 		.ascii	"uint16_t\000"
 1359      31365F74 
 1359      00
 1360              	.LASF65:
 1361 01a6 474E5520 		.ascii	"GNU C 4.7.2\000"
 1361      4320342E 
 1361      372E3200 
 1362              	.LASF9:
 1363 01b2 6C6F6E67 		.ascii	"long unsigned int\000"
 1363      20756E73 
 1363      69676E65 
 1363      6420696E 
 1363      7400
 1364              	.LASF69:
 1365 01c4 68616C5F 		.ascii	"hal_lld_init\000"
 1365      6C6C645F 
 1365      696E6974 
 1365      00
 1366              	.LASF37:
 1367 01d1 504C4C43 		.ascii	"PLLCFGR\000"
 1367      46475200 
 1368              	.LASF31:
 1369 01d9 53797354 		.ascii	"SysTick_Type\000"
 1369      69636B5F 
 1369      54797065 
 1369      00
 1370              	.LASF4:
 1371 01e6 73686F72 		.ascii	"short unsigned int\000"
 1371      7420756E 
 1371      7369676E 
 1371      65642069 
 1371      6E7400
 1372              	.LASF57:
 1373 01f9 41504231 		.ascii	"APB1LPENR\000"
 1373      4C50454E 
 1373      5200
 1374              	.LASF28:
 1375 0203 63686172 		.ascii	"char\000"
 1375      00
 1376              	.LASF18:
 1377 0208 434D785F 		.ascii	"CMx_SCS\000"
 1377      53435300 
 1378              	.LASF6:
 1379 0210 696E7433 		.ascii	"int32_t\000"
 1379      325F7400 
 1380              	.LASF54:
 1381 0218 41484232 		.ascii	"AHB2LPENR\000"
ARM GAS  C:\Users\LAB_ME~1\AppData\Local\Temp\ccpxgmH1.s 			page 27


 1381      4C50454E 
 1381      5200
 1382              	.LASF72:
 1383 0222 646D6149 		.ascii	"dmaInit\000"
 1383      6E697400 
 1384              	.LASF42:
 1385 022a 52455345 		.ascii	"RESERVED0\000"
 1385      52564544 
 1385      3000
 1386              	.LASF45:
 1387 0234 52455345 		.ascii	"RESERVED1\000"
 1387      52564544 
 1387      3100
 1388              	.LASF49:
 1389 023e 52455345 		.ascii	"RESERVED2\000"
 1389      52564544 
 1389      3200
 1390              	.LASF52:
 1391 0248 52455345 		.ascii	"RESERVED3\000"
 1391      52564544 
 1391      3300
 1392              	.LASF56:
 1393 0252 52455345 		.ascii	"RESERVED4\000"
 1393      52564544 
 1393      3400
 1394              	.LASF59:
 1395 025c 52455345 		.ascii	"RESERVED5\000"
 1395      52564544 
 1395      3500
 1396              	.LASF61:
 1397 0266 52455345 		.ascii	"RESERVED6\000"
 1397      52564544 
 1397      3600
 1398              	.LASF23:
 1399 0270 534C4545 		.ascii	"SLEEPCNT\000"
 1399      50434E54 
 1399      00
 1400              	.LASF66:
 1401 0279 2E2E2F2E 		.ascii	"../../os/hal/platforms/STM32F4xx/hal_lld.c\000"
 1401      2E2F6F73 
 1401      2F68616C 
 1401      2F706C61 
 1401      74666F72 
 1402              	.LASF24:
 1403 02a4 4C535543 		.ascii	"LSUCNT\000"
 1403      4E5400
 1404              	.LASF29:
 1405 02ab 4C4F4144 		.ascii	"LOAD\000"
 1405      00
 1406              	.LASF39:
 1407 02b0 41484231 		.ascii	"AHB1RSTR\000"
 1407      52535452 
 1407      00
 1408              	.LASF46:
 1409 02b9 41484231 		.ascii	"AHB1ENR\000"
 1409      454E5200 
 1410              	.LASF41:
ARM GAS  C:\Users\LAB_ME~1\AppData\Local\Temp\ccpxgmH1.s 			page 28


 1411 02c1 41484233 		.ascii	"AHB3RSTR\000"
 1411      52535452 
 1411      00
 1412              	.LASF35:
 1413 02ca 464C4153 		.ascii	"FLASH_TypeDef\000"
 1413      485F5479 
 1413      70654465 
 1413      6600
 1414              	.LASF71:
 1415 02d8 49544D5F 		.ascii	"ITM_RxBuffer\000"
 1415      52784275 
 1415      66666572 
 1415      00
 1416              	.LASF58:
 1417 02e5 41504232 		.ascii	"APB2LPENR\000"
 1417      4C50454E 
 1417      5200
 1418              	.LASF34:
 1419 02ef 4F505443 		.ascii	"OPTCR\000"
 1419      5200
 1420              		.ident	"GCC: (Sourcery CodeBench Lite 2012.09-63) 4.7.2"
ARM GAS  C:\Users\LAB_ME~1\AppData\Local\Temp\ccpxgmH1.s 			page 29


DEFINED SYMBOLS
                            *ABS*:00000000 hal_lld.c
C:\Users\LAB_ME~1\AppData\Local\Temp\ccpxgmH1.s:19     .text.hal_lld_init:00000000 $t
C:\Users\LAB_ME~1\AppData\Local\Temp\ccpxgmH1.s:25     .text.hal_lld_init:00000000 hal_lld_init
C:\Users\LAB_ME~1\AppData\Local\Temp\ccpxgmH1.s:144    .text.hal_lld_init:00000098 $d
C:\Users\LAB_ME~1\AppData\Local\Temp\ccpxgmH1.s:154    .text.stm32_clock_init:00000000 $t
C:\Users\LAB_ME~1\AppData\Local\Temp\ccpxgmH1.s:160    .text.stm32_clock_init:00000000 stm32_clock_init
C:\Users\LAB_ME~1\AppData\Local\Temp\ccpxgmH1.s:266    .text.stm32_clock_init:0000009c $d
                     .debug_frame:00000010 $d

UNDEFINED SYMBOLS
dmaInit
